TN:
SF:src/constants.ts
FNF:0
FNH:0
DA:1,14
DA:2,14
LF:2
LH:2
BRF:0
BRH:0
end_of_record
TN:
SF:src/index.ts
FN:14,(anonymous_6)
FN:40,(anonymous_7)
FN:45,(anonymous_8)
FN:50,(anonymous_9)
FN:75,(anonymous_10)
FNF:5
FNH:2
FNDA:0,(anonymous_6)
FNDA:0,(anonymous_7)
FNDA:5,(anonymous_8)
FNDA:15,(anonymous_9)
FNDA:0,(anonymous_10)
DA:1,1
DA:2,1
DA:3,1
DA:4,1
DA:5,1
DA:6,1
DA:7,1
DA:8,1
DA:9,1
DA:10,1
DA:12,1
DA:14,1
DA:15,0
DA:17,0
DA:18,0
DA:20,0
DA:21,0
DA:23,0
DA:24,0
DA:26,0
DA:27,0
DA:29,0
DA:30,0
DA:32,0
DA:33,0
DA:35,0
DA:36,0
DA:40,1
DA:41,0
DA:42,0
DA:45,1
DA:46,5
DA:47,5
DA:48,5
DA:50,5
DA:51,15
DA:52,15
DA:54,15
DA:55,15
DA:56,15
DA:58,0
DA:60,15
DA:62,0
DA:63,0
DA:67,5
DA:75,1
DA:76,0
DA:77,0
DA:79,0
DA:80,0
DA:82,0
DA:83,0
DA:85,0
LF:53
LH:26
BRDA:15,0,0,0
BRDA:15,0,1,0
BRDA:15,0,2,0
BRDA:15,0,3,0
BRDA:15,0,4,0
BRDA:15,0,5,0
BRDA:15,0,6,0
BRDA:46,1,0,0
BRDA:46,1,1,5
BRDA:46,2,0,5
BRDA:46,2,1,5
BRDA:55,3,0,15
BRDA:55,3,1,0
BRDA:77,4,0,0
BRDA:77,4,1,0
BRDA:77,4,2,0
BRF:16
BRH:4
end_of_record
TN:
SF:src/supportedServices.ts
FNF:0
FNH:0
DA:1,4
LF:1
LH:1
BRF:0
BRH:0
end_of_record
TN:
SF:src/commands/geo/add.ts
FN:10,(anonymous_0)
FNF:1
FNH:1
FNDA:6,(anonymous_0)
DA:1,2
DA:2,2
DA:3,2
DA:5,2
DA:6,2
DA:8,2
DA:10,2
DA:11,6
DA:12,6
DA:13,6
DA:20,6
DA:21,0
DA:22,0
DA:25,6
DA:27,0
DA:28,0
DA:30,0
DA:31,0
DA:32,0
DA:34,0
DA:35,0
DA:36,0
DA:38,0
LF:23
LH:12
BRDA:20,0,0,0
BRDA:27,1,0,0
BRDA:31,2,0,0
BRF:3
BRH:0
end_of_record
TN:
SF:src/commands/geo/console.ts
FN:10,(anonymous_0)
FNF:1
FNH:0
FNDA:0,(anonymous_0)
DA:2,1
DA:3,1
DA:4,1
DA:5,1
DA:6,1
DA:8,1
DA:10,1
DA:11,0
DA:12,0
DA:14,0
DA:15,0
DA:16,0
DA:18,0
LF:13
LH:7
BRDA:14,0,0,0
BRF:1
BRH:0
end_of_record
TN:
SF:src/commands/geo/help.ts
FN:3,(anonymous_0)
FNF:1
FNH:0
FNDA:0,(anonymous_0)
DA:1,1
DA:3,1
DA:4,0
LF:3
LH:2
BRF:0
BRH:0
end_of_record
TN:
SF:src/commands/geo/import.ts
FN:7,(anonymous_0)
FNF:1
FNH:0
FNDA:0,(anonymous_0)
DA:2,1
DA:3,1
DA:5,1
DA:7,1
DA:8,0
DA:9,0
DA:11,0
DA:12,0
DA:14,0
DA:15,0
DA:16,0
DA:18,0
DA:19,0
DA:20,0
DA:22,0
LF:15
LH:4
BRDA:11,0,0,0
BRDA:15,1,0,0
BRF:2
BRH:0
end_of_record
TN:
SF:src/commands/geo/remove.ts
FN:10,(anonymous_0)
FNF:1
FNH:1
FNDA:3,(anonymous_0)
DA:1,2
DA:2,2
DA:3,2
DA:5,2
DA:6,2
DA:8,2
DA:10,2
DA:11,3
DA:12,3
DA:13,3
DA:20,3
DA:21,0
DA:22,0
DA:25,3
DA:27,0
DA:28,0
DA:30,0
DA:31,0
DA:32,0
DA:34,0
DA:35,0
DA:36,0
DA:38,0
LF:23
LH:12
BRDA:20,0,0,0
BRDA:27,1,0,0
BRDA:31,2,0,0
BRF:3
BRH:0
end_of_record
TN:
SF:src/commands/geo/update.ts
FN:10,(anonymous_0)
FNF:1
FNH:1
FNDA:6,(anonymous_0)
DA:1,2
DA:2,2
DA:3,2
DA:5,2
DA:6,2
DA:8,2
DA:10,2
DA:11,6
DA:12,6
DA:13,6
DA:20,6
DA:21,0
DA:22,0
DA:25,6
DA:27,0
DA:28,0
DA:30,0
DA:31,0
DA:32,0
DA:34,0
DA:35,0
DA:36,0
DA:38,0
LF:23
LH:12
BRDA:20,0,0,0
BRDA:27,1,0,0
BRDA:31,2,0,0
BRF:3
BRH:0
end_of_record
TN:
SF:src/provider-controllers/geofenceCollection.ts
FN:19,(anonymous_0)
FN:35,(anonymous_1)
FN:50,(anonymous_2)
FNF:3
FNH:1
FNDA:0,(anonymous_0)
FNDA:0,(anonymous_1)
FNDA:1,(anonymous_2)
DA:2,11
DA:3,11
DA:4,11
DA:5,11
DA:6,11
DA:11,11
DA:16,11
DA:17,11
DA:19,11
DA:21,0
DA:25,0
DA:26,0
DA:28,0
DA:30,0
DA:31,0
DA:32,0
DA:35,11
DA:36,0
DA:40,0
DA:41,0
DA:43,0
DA:45,0
DA:46,0
DA:47,0
DA:50,11
DA:51,1
DA:52,1
DA:53,1
DA:55,1
DA:57,1
DA:58,1
DA:60,1
DA:62,1
DA:64,1
DA:65,1
LF:35
LH:21
BRDA:53,0,0,0
BRDA:58,1,0,1
BRDA:58,2,0,1
BRDA:58,2,1,1
BRDA:58,3,0,0
BRDA:58,3,1,1
BRDA:58,4,0,1
BRDA:58,4,1,1
BRDA:60,5,0,0
BRDA:60,5,1,1
BRDA:60,6,0,1
BRDA:60,6,1,1
BRF:12
BRH:9
end_of_record
TN:
SF:src/provider-controllers/import.ts
FN:21,(anonymous_0)
FN:28,(anonymous_1)
FN:42,(anonymous_2)
FN:74,(anonymous_3)
FN:112,(anonymous_4)
FN:140,(anonymous_5)
FN:143,(anonymous_6)
FN:159,(anonymous_7)
FN:162,(anonymous_8)
FNF:9
FNH:0
FNDA:0,(anonymous_0)
FNDA:0,(anonymous_1)
FNDA:0,(anonymous_2)
FNDA:0,(anonymous_3)
FNDA:0,(anonymous_4)
FNDA:0,(anonymous_5)
FNDA:0,(anonymous_6)
FNDA:0,(anonymous_7)
FNDA:0,(anonymous_8)
DA:1,1
DA:3,1
DA:4,1
DA:5,1
DA:7,1
DA:8,1
DA:9,1
DA:17,1
DA:19,1
DA:21,1
DA:22,0
DA:23,0
DA:24,0
DA:25,0
DA:28,0
DA:29,0
DA:30,0
DA:31,0
DA:33,0
DA:35,0
DA:36,0
DA:39,0
DA:41,0
DA:42,0
DA:45,0
DA:46,0
DA:47,0
DA:48,0
DA:52,0
DA:59,0
DA:64,0
DA:65,0
DA:68,0
DA:69,0
DA:74,0
DA:82,0
DA:87,0
DA:88,0
DA:89,0
DA:90,0
DA:92,0
DA:93,0
DA:96,0
DA:97,0
DA:100,0
DA:112,1
DA:113,0
DA:114,0
DA:115,0
DA:122,0
DA:123,0
DA:124,0
DA:125,0
DA:126,0
DA:130,0
DA:132,0
DA:133,0
DA:135,0
DA:136,0
DA:140,1
DA:141,0
DA:142,0
DA:143,0
DA:151,0
DA:159,1
DA:160,0
DA:161,0
DA:162,0
DA:163,0
DA:165,0
DA:166,0
DA:169,0
DA:171,0
DA:173,0
LF:74
LH:13
BRDA:24,0,0,0
BRDA:30,1,0,0
BRDA:30,2,0,0
BRDA:30,2,1,0
BRDA:30,2,2,0
BRDA:35,3,0,0
BRDA:46,4,0,0
BRDA:47,5,0,0
BRDA:96,6,0,0
BRDA:145,7,0,0
BRDA:145,7,1,0
BRDA:161,8,0,0
BRDA:161,9,0,0
BRDA:161,9,1,0
BRDA:161,9,2,0
BRDA:165,10,0,0
BRDA:165,11,0,0
BRDA:165,11,1,0
BRDA:165,11,2,0
BRF:19
BRH:0
end_of_record
TN:
SF:src/provider-controllers/index.ts
FN:23,(anonymous_6)
FN:48,(anonymous_7)
FN:64,(anonymous_8)
FN:77,(anonymous_9)
FN:78,(anonymous_10)
FN:80,(anonymous_11)
FN:89,(anonymous_12)
FN:95,(anonymous_13)
FN:119,(anonymous_14)
FN:121,(anonymous_15)
FN:124,(anonymous_16)
FN:129,(anonymous_17)
FN:131,(anonymous_18)
FN:142,(anonymous_19)
FN:162,(anonymous_20)
FN:176,(anonymous_21)
FNF:16
FNH:3
FNDA:0,(anonymous_6)
FNDA:0,(anonymous_7)
FNDA:0,(anonymous_8)
FNDA:3,(anonymous_9)
FNDA:2,(anonymous_10)
FNDA:3,(anonymous_11)
FNDA:0,(anonymous_12)
FNDA:0,(anonymous_13)
FNDA:0,(anonymous_14)
FNDA:0,(anonymous_15)
FNDA:0,(anonymous_16)
FNDA:0,(anonymous_17)
FNDA:0,(anonymous_18)
FNDA:0,(anonymous_19)
FNDA:0,(anonymous_20)
FNDA:0,(anonymous_21)
DA:1,11
DA:10,11
DA:11,11
DA:13,11
DA:14,11
DA:15,11
DA:16,11
DA:17,11
DA:18,11
DA:23,11
DA:24,0
DA:25,0
DA:26,0
DA:28,0
DA:29,0
DA:33,0
DA:35,0
DA:37,0
DA:39,0
DA:41,0
DA:48,11
DA:49,0
DA:51,0
DA:53,0
DA:55,0
DA:57,0
DA:64,11
DA:65,0
DA:67,0
DA:69,0
DA:71,0
DA:73,0
DA:77,11
DA:78,3
DA:80,11
DA:81,3
DA:82,3
DA:83,3
DA:84,3
DA:89,11
DA:95,11
DA:96,0
DA:97,0
DA:99,0
DA:101,0
DA:102,0
DA:104,0
DA:105,0
DA:107,0
DA:108,0
DA:110,0
DA:112,0
DA:113,0
DA:114,0
DA:116,0
DA:119,11
DA:121,11
DA:122,0
DA:124,11
DA:125,0
DA:128,0
DA:129,0
DA:130,0
DA:131,0
DA:132,0
DA:136,0
DA:142,11
DA:143,0
DA:144,0
DA:146,0
DA:147,0
DA:148,0
DA:149,0
DA:151,0
DA:153,0
DA:155,0
DA:162,11
DA:163,0
DA:164,0
DA:165,0
DA:166,0
DA:168,0
DA:170,0
DA:172,0
DA:176,11
LF:85
LH:27
BRDA:24,0,0,0
BRDA:25,1,0,0
BRDA:25,1,1,0
BRDA:33,2,0,0
BRDA:33,2,1,0
BRDA:33,2,2,0
BRDA:33,2,3,0
BRDA:49,3,0,0
BRDA:49,3,1,0
BRDA:49,3,2,0
BRDA:49,3,3,0
BRDA:65,4,0,0
BRDA:65,4,1,0
BRDA:65,4,2,0
BRDA:65,4,3,0
BRDA:78,5,0,3
BRDA:78,5,1,1
BRDA:78,6,0,0
BRDA:78,6,1,3
BRDA:78,7,0,3
BRDA:78,7,1,3
BRDA:78,8,0,0
BRDA:78,8,1,2
BRDA:78,9,0,2
BRDA:78,9,1,2
BRDA:99,10,0,0
BRDA:99,10,1,0
BRDA:99,10,2,0
BRDA:99,10,3,0
BRDA:113,11,0,0
BRDA:143,12,0,0
BRDA:148,13,0,0
BRDA:151,14,0,0
BRDA:151,14,1,0
BRDA:165,15,0,0
BRDA:168,16,0,0
BRDA:168,16,1,0
BRF:37
BRH:8
end_of_record
TN:
SF:src/provider-controllers/map.ts
FN:14,(anonymous_0)
FN:24,(anonymous_1)
FN:34,(anonymous_2)
FN:53,(anonymous_3)
FN:66,(anonymous_4)
FN:78,(anonymous_5)
FN:86,(anonymous_6)
FNF:7
FNH:1
FNDA:0,(anonymous_0)
FNDA:0,(anonymous_1)
FNDA:1,(anonymous_2)
FNDA:0,(anonymous_3)
FNDA:0,(anonymous_4)
FNDA:0,(anonymous_5)
FNDA:0,(anonymous_6)
DA:2,11
DA:4,11
DA:5,11
DA:6,11
DA:7,11
DA:8,11
DA:9,11
DA:10,11
DA:11,11
DA:12,11
DA:14,11
DA:16,0
DA:20,0
DA:21,0
DA:24,11
DA:26,0
DA:30,0
DA:31,0
DA:34,11
DA:35,1
DA:36,1
DA:37,1
DA:39,1
DA:41,1
DA:42,1
DA:44,1
DA:47,1
DA:49,1
DA:50,1
DA:53,11
DA:55,0
DA:63,0
DA:66,11
DA:68,0
DA:74,0
DA:75,0
DA:78,11
DA:79,0
DA:80,0
DA:81,0
DA:82,0
DA:83,0
DA:86,11
DA:87,0
DA:89,0
DA:91,0
DA:92,0
DA:93,0
LF:48
LH:27
BRDA:37,0,0,0
BRDA:42,1,0,1
BRDA:42,2,0,1
BRDA:42,2,1,1
BRDA:42,3,0,0
BRDA:42,3,1,1
BRDA:42,4,0,1
BRDA:42,4,1,1
BRDA:44,5,0,0
BRDA:44,5,1,1
BRDA:44,6,0,1
BRDA:44,6,1,1
BRF:12
BRH:9
end_of_record
TN:
SF:src/provider-controllers/placeIndex.ts
FN:15,(anonymous_0)
FN:31,(anonymous_1)
FN:46,(anonymous_2)
FNF:3
FNH:1
FNDA:0,(anonymous_0)
FNDA:0,(anonymous_1)
FNDA:1,(anonymous_2)
DA:2,11
DA:3,11
DA:4,11
DA:5,11
DA:6,11
DA:7,11
DA:12,11
DA:13,11
DA:15,11
DA:17,0
DA:21,0
DA:22,0
DA:24,0
DA:26,0
DA:27,0
DA:28,0
DA:31,11
DA:32,0
DA:36,0
DA:38,0
DA:39,0
DA:41,0
DA:42,0
DA:43,0
DA:46,11
DA:47,1
DA:48,1
DA:50,1
DA:52,1
DA:53,1
DA:55,1
DA:58,1
DA:60,1
DA:61,1
LF:34
LH:20
BRDA:48,0,0,0
BRDA:53,1,0,1
BRDA:53,2,0,1
BRDA:53,2,1,1
BRDA:53,3,0,0
BRDA:53,3,1,1
BRDA:53,4,0,1
BRDA:53,4,1,1
BRDA:55,5,0,0
BRDA:55,5,1,1
BRDA:55,6,0,1
BRDA:55,6,1,1
BRF:12
BRH:9
end_of_record
TN:
SF:src/service-stacks/baseStack.ts
FN:20,(anonymous_6)
FN:47,(anonymous_7)
FN:32,(anonymous_8)
FN:34,(anonymous_9)
FNF:4
FNH:4
FNDA:6,(anonymous_6)
FNDA:6,(anonymous_7)
FNDA:6,(anonymous_8)
FNDA:43,(anonymous_9)
DA:2,13
DA:4,13
DA:5,13
DA:16,13
DA:21,6
DA:22,6
DA:24,6
DA:33,6
DA:34,6
DA:35,43
DA:36,43
DA:38,6
DA:47,6
DA:48,6
DA:49,6
DA:50,6
DA:51,6
DA:54,0
DA:55,0
LF:19
LH:17
BRDA:50,0,0,6
BRF:1
BRH:1
end_of_record
TN:
SF:src/service-stacks/geofenceCollectionStack.ts
FN:29,(anonymous_7)
FN:37,(anonymous_8)
FN:52,(anonymous_9)
FN:74,(anonymous_10)
FN:117,(anonymous_11)
FN:118,(anonymous_12)
FN:127,(anonymous_13)
FNF:7
FNH:7
FNDA:2,(anonymous_7)
FNDA:1,(anonymous_8)
FNDA:2,(anonymous_9)
FNDA:2,(anonymous_10)
FNDA:2,(anonymous_11)
FNDA:1,(anonymous_12)
FNDA:2,(anonymous_13)
DA:1,11
DA:2,11
DA:3,11
DA:4,11
DA:5,11
DA:6,11
DA:7,11
DA:8,11
DA:10,11
DA:11,11
DA:14,11
DA:22,11
DA:29,2
DA:30,2
DA:32,2
DA:33,2
DA:34,2
DA:36,2
DA:37,1
DA:39,2
DA:40,2
DA:42,2
DA:47,2
DA:48,2
DA:49,2
DA:54,2
DA:58,2
DA:62,2
DA:68,2
DA:75,2
DA:78,2
DA:79,2
DA:81,2
DA:87,2
DA:90,2
DA:91,2
DA:93,2
DA:94,2
DA:100,2
DA:101,2
DA:103,2
DA:113,2
DA:118,2
DA:120,1
DA:126,1
DA:127,2
DA:129,1
DA:140,1
LF:48
LH:48
BRF:0
BRH:0
end_of_record
TN:
SF:src/service-stacks/mapStack.ts
FN:27,(anonymous_6)
FN:35,(anonymous_7)
FN:53,(anonymous_8)
FN:72,(anonymous_9)
FN:118,(anonymous_10)
FN:138,(anonymous_11)
FNF:6
FNH:6
FNDA:2,(anonymous_6)
FNDA:2,(anonymous_7)
FNDA:2,(anonymous_8)
FNDA:2,(anonymous_9)
FNDA:2,(anonymous_10)
FNDA:2,(anonymous_11)
DA:1,12
DA:2,12
DA:3,12
DA:4,12
DA:5,12
DA:6,12
DA:8,12
DA:10,12
DA:11,12
DA:12,12
DA:19,12
DA:27,2
DA:28,2
DA:30,2
DA:31,2
DA:32,2
DA:33,2
DA:35,2
DA:36,2
DA:45,2
DA:47,2
DA:48,2
DA:49,2
DA:50,2
DA:55,2
DA:59,2
DA:63,2
DA:67,2
DA:73,2
DA:76,2
DA:77,2
DA:79,2
DA:85,2
DA:88,2
DA:89,2
DA:91,2
DA:93,2
DA:94,2
DA:100,2
DA:101,2
DA:103,2
DA:114,2
DA:119,2
DA:130,2
DA:131,2
DA:132,2
DA:134,2
DA:135,1
DA:137,2
DA:138,2
DA:139,2
DA:145,2
LF:52
LH:52
BRDA:35,0,0,2
BRDA:35,0,1,0
BRDA:131,1,0,2
BRDA:131,2,0,2
BRDA:131,2,1,1
BRDA:134,3,0,1
BRDA:137,4,0,2
BRDA:137,5,0,2
BRDA:137,5,1,2
BRF:9
BRH:8
end_of_record
TN:
SF:src/service-stacks/placeIndexStack.ts
FN:27,(anonymous_6)
FN:35,(anonymous_7)
FN:55,(anonymous_8)
FN:70,(anonymous_9)
FN:119,(anonymous_10)
FN:138,(anonymous_11)
FNF:6
FNH:6
FNDA:2,(anonymous_6)
FNDA:2,(anonymous_7)
FNDA:2,(anonymous_8)
FNDA:2,(anonymous_9)
FNDA:2,(anonymous_10)
FNDA:2,(anonymous_11)
DA:1,12
DA:2,12
DA:3,12
DA:4,12
DA:5,12
DA:6,12
DA:7,12
DA:10,12
DA:11,12
DA:12,12
DA:19,12
DA:27,2
DA:28,2
DA:30,2
DA:31,2
DA:32,2
DA:33,2
DA:35,2
DA:36,2
DA:46,2
DA:48,2
DA:50,2
DA:51,2
DA:52,2
DA:57,2
DA:61,2
DA:65,2
DA:71,2
DA:74,2
DA:75,2
DA:77,2
DA:83,2
DA:86,2
DA:87,2
DA:89,2
DA:91,2
DA:93,2
DA:94,2
DA:100,2
DA:101,2
DA:103,2
DA:115,2
DA:120,2
DA:130,2
DA:131,2
DA:132,2
DA:134,2
DA:135,1
DA:137,2
DA:138,2
DA:139,2
DA:145,2
LF:52
LH:52
BRDA:131,0,0,2
BRDA:131,1,0,2
BRDA:131,1,1,1
BRDA:134,2,0,1
BRDA:137,3,0,2
BRDA:137,4,0,2
BRDA:137,4,1,2
BRF:7
BRH:7
end_of_record
TN:
SF:src/service-utils/constants.ts
FN:23,(anonymous_6)
FNF:1
FNH:1
FNDA:16,(anonymous_6)
DA:1,16
DA:3,16
DA:10,16
DA:11,16
DA:12,16
DA:13,16
DA:14,16
DA:15,16
DA:16,16
DA:17,16
DA:18,16
DA:23,16
DA:24,16
DA:25,16
DA:26,16
DA:27,16
LF:16
LH:16
BRDA:23,0,0,16
BRDA:23,0,1,16
BRF:2
BRH:2
end_of_record
TN:
SF:src/service-utils/geofenceCollectionParams.ts
FN:14,(anonymous_1)
FN:18,(anonymous_2)
FN:22,(anonymous_3)
FNF:3
FNH:0
FNDA:0,(anonymous_1)
FNDA:0,(anonymous_2)
FNDA:0,(anonymous_3)
DA:2,11
DA:14,11
DA:17,0
DA:18,0
DA:19,0
DA:22,11
DA:23,0
DA:24,0
DA:26,0
LF:9
LH:3
BRDA:23,0,0,0
BRF:1
BRH:0
end_of_record
TN:
SF:src/service-utils/geofenceCollectionUtils.ts
FN:25,(anonymous_0)
FN:55,(anonymous_1)
FN:78,(anonymous_2)
FN:84,(anonymous_3)
FN:95,(anonymous_4)
FN:123,(anonymous_5)
FN:140,(anonymous_6)
FN:147,(anonymous_7)
FNF:8
FNH:3
FNDA:0,(anonymous_0)
FNDA:0,(anonymous_1)
FNDA:0,(anonymous_2)
FNDA:0,(anonymous_3)
FNDA:0,(anonymous_4)
FNDA:3,(anonymous_5)
FNDA:5,(anonymous_6)
FNDA:8,(anonymous_7)
DA:1,11
DA:3,11
DA:5,11
DA:6,11
DA:8,11
DA:10,11
DA:20,11
DA:25,11
DA:26,0
DA:28,0
DA:29,0
DA:34,0
DA:35,0
DA:36,0
DA:40,0
DA:43,0
DA:45,0
DA:48,0
DA:49,0
DA:55,11
DA:56,0
DA:58,0
DA:59,0
DA:64,0
DA:65,0
DA:66,0
DA:71,0
DA:72,0
DA:75,0
DA:77,0
DA:78,0
DA:79,0
DA:80,0
DA:84,11
DA:85,0
DA:89,0
DA:95,11
DA:99,0
DA:101,0
DA:108,0
DA:123,11
DA:124,3
DA:129,3
DA:130,3
DA:140,11
DA:144,5
DA:145,5
DA:147,5
DA:148,8
DA:150,2
DA:151,2
DA:153,2
DA:154,2
DA:156,2
DA:157,2
DA:159,2
DA:163,5
DA:184,5
DA:185,5
DA:187,5
DA:190,11
LF:61
LH:32
BRDA:43,0,0,0
BRDA:71,1,0,0
BRDA:129,2,0,3
BRDA:129,2,1,0
BRDA:133,3,0,3
BRDA:133,3,1,2
BRDA:133,4,0,0
BRDA:133,4,1,3
BRDA:133,5,0,3
BRDA:133,5,1,3
BRDA:148,6,0,2
BRDA:148,6,1,2
BRDA:148,6,2,2
BRDA:148,6,3,2
BRF:14
BRH:10
end_of_record
TN:
SF:src/service-utils/importParams.ts
FN:37,(anonymous_0)
FNF:1
FNH:1
FNDA:2,(anonymous_0)
DA:37,2
DA:38,2
DA:39,2
LF:3
LH:3
BRDA:37,0,0,2
BRDA:37,0,1,2
BRF:2
BRH:2
end_of_record
TN:
SF:src/service-utils/mapParams.ts
FN:15,(anonymous_1)
FN:27,(anonymous_2)
FN:38,(anonymous_3)
FN:47,(anonymous_4)
FN:65,(anonymous_5)
FN:67,(anonymous_6)
FN:71,(anonymous_7)
FN:81,(anonymous_8)
FN:97,(anonymous_9)
FNF:9
FNH:6
FNDA:12,(anonymous_1)
FNDA:12,(anonymous_2)
FNDA:12,(anonymous_3)
FNDA:12,(anonymous_4)
FNDA:0,(anonymous_5)
FNDA:0,(anonymous_6)
FNDA:0,(anonymous_7)
FNDA:12,(anonymous_8)
FNDA:20,(anonymous_9)
DA:1,12
DA:2,12
DA:15,12
DA:16,12
DA:17,12
DA:18,12
DA:19,12
DA:20,12
DA:21,12
DA:27,12
DA:28,12
DA:29,12
DA:30,12
DA:31,12
DA:32,12
DA:38,12
DA:39,12
DA:47,12
DA:48,12
DA:49,12
DA:50,12
DA:51,12
DA:52,12
DA:53,12
DA:54,12
DA:55,12
DA:56,12
DA:57,12
DA:58,12
DA:59,12
DA:65,12
DA:66,0
DA:67,0
DA:68,0
DA:71,12
DA:72,0
DA:73,0
DA:75,0
DA:81,12
DA:82,12
DA:83,1
DA:84,11
DA:85,1
DA:86,10
DA:87,3
DA:88,7
DA:89,1
DA:91,6
DA:97,12
DA:98,20
DA:100,1
DA:102,1
DA:104,4
DA:106,5
DA:108,1
DA:110,1
DA:112,1
DA:114,1
DA:116,1
DA:118,1
DA:120,1
DA:122,1
DA:124,1
LF:63
LH:57
BRDA:15,0,0,12
BRDA:15,0,1,12
BRDA:27,1,0,12
BRDA:27,1,1,12
BRDA:38,2,0,12
BRDA:38,2,1,12
BRDA:47,3,0,12
BRDA:47,3,1,12
BRDA:72,4,0,0
BRDA:82,5,0,1
BRDA:82,5,1,11
BRDA:82,6,0,12
BRDA:82,6,1,5
BRDA:84,7,0,1
BRDA:84,7,1,10
BRDA:84,8,0,11
BRDA:84,8,1,4
BRDA:86,9,0,3
BRDA:86,9,1,7
BRDA:88,10,0,1
BRDA:88,11,0,7
BRDA:88,11,1,6
BRDA:98,12,0,1
BRDA:98,12,1,1
BRDA:98,12,2,4
BRDA:98,12,3,5
BRDA:98,12,4,1
BRDA:98,12,5,1
BRDA:98,12,6,1
BRDA:98,12,7,1
BRDA:98,12,8,1
BRDA:98,12,9,1
BRDA:98,12,10,1
BRDA:98,12,11,1
BRDA:98,12,12,1
BRF:35
BRH:34
end_of_record
TN:
SF:src/service-utils/mapUtils.ts
FN:25,(anonymous_0)
FN:53,(anonymous_1)
FN:75,(anonymous_2)
FN:84,(anonymous_3)
FN:103,(anonymous_4)
FN:130,(anonymous_5)
FN:148,(anonymous_6)
FN:150,(anonymous_7)
FN:159,(anonymous_8)
FN:163,(anonymous_9)
FNF:10
FNH:5
FNDA:0,(anonymous_0)
FNDA:0,(anonymous_1)
FNDA:0,(anonymous_2)
FNDA:0,(anonymous_3)
FNDA:0,(anonymous_4)
FNDA:3,(anonymous_5)
FNDA:3,(anonymous_6)
FNDA:4,(anonymous_7)
FNDA:5,(anonymous_8)
FNDA:8,(anonymous_9)
DA:1,11
DA:2,11
DA:3,11
DA:4,11
DA:5,11
DA:6,11
DA:8,11
DA:20,11
DA:25,11
DA:27,0
DA:29,0
DA:31,0
DA:32,0
DA:33,0
DA:34,0
DA:35,0
DA:39,0
DA:42,0
DA:44,0
DA:47,0
DA:53,11
DA:55,0
DA:57,0
DA:59,0
DA:60,0
DA:61,0
DA:62,0
DA:63,0
DA:68,0
DA:69,0
DA:72,0
DA:74,0
DA:75,0
DA:76,0
DA:77,0
DA:80,0
DA:81,0
DA:84,11
DA:85,0
DA:97,0
DA:103,11
DA:104,0
DA:106,0
DA:114,0
DA:130,11
DA:131,3
DA:133,3
DA:134,3
DA:148,11
DA:149,3
DA:150,3
DA:151,4
DA:152,4
DA:159,11
DA:160,5
DA:161,5
DA:163,5
DA:164,8
DA:166,2
DA:167,2
DA:169,2
DA:171,2
DA:172,2
DA:173,2
DA:174,2
DA:175,2
DA:177,2
DA:178,2
DA:180,2
DA:184,5
DA:205,5
DA:206,5
DA:208,5
LF:73
LH:41
BRDA:42,0,0,0
BRDA:68,1,0,0
BRDA:133,2,0,3
BRDA:133,2,1,2
BRDA:139,3,0,3
BRDA:139,3,1,2
BRDA:139,4,0,0
BRDA:139,4,1,3
BRDA:139,5,0,3
BRDA:139,5,1,3
BRDA:151,6,0,0
BRDA:151,6,1,4
BRDA:151,7,0,4
BRDA:151,7,1,4
BRDA:151,8,0,0
BRDA:151,8,1,4
BRDA:151,9,0,4
BRDA:151,9,1,4
BRDA:152,10,0,4
BRDA:152,10,1,0
BRDA:164,11,0,2
BRDA:164,11,1,2
BRDA:164,11,2,2
BRDA:164,11,3,2
BRF:24
BRH:18
end_of_record
TN:
SF:src/service-utils/placeIndexParams.ts
FN:15,(anonymous_1)
FN:23,(anonymous_2)
FN:25,(anonymous_3)
FN:29,(anonymous_4)
FNF:4
FNH:1
FNDA:11,(anonymous_1)
FNDA:0,(anonymous_2)
FNDA:0,(anonymous_3)
FNDA:0,(anonymous_4)
DA:2,11
DA:15,11
DA:16,11
DA:17,11
DA:23,11
DA:24,0
DA:25,0
DA:26,0
DA:29,11
DA:30,0
DA:31,0
DA:33,0
LF:12
LH:6
BRDA:15,0,0,11
BRDA:15,0,1,11
BRDA:30,1,0,0
BRF:3
BRH:2
end_of_record
TN:
SF:src/service-utils/placeIndexUtils.ts
FN:25,(anonymous_0)
FN:54,(anonymous_1)
FN:76,(anonymous_2)
FN:85,(anonymous_3)
FN:108,(anonymous_4)
FN:135,(anonymous_5)
FN:151,(anonymous_6)
FN:155,(anonymous_7)
FNF:8
FNH:3
FNDA:0,(anonymous_0)
FNDA:0,(anonymous_1)
FNDA:0,(anonymous_2)
FNDA:0,(anonymous_3)
FNDA:0,(anonymous_4)
FNDA:3,(anonymous_5)
FNDA:5,(anonymous_6)
FNDA:8,(anonymous_7)
DA:1,11
DA:2,11
DA:4,11
DA:5,11
DA:6,11
DA:8,11
DA:19,11
DA:20,11
DA:25,11
DA:27,0
DA:29,0
DA:32,0
DA:33,0
DA:34,0
DA:35,0
DA:36,0
DA:40,0
DA:43,0
DA:45,0
DA:48,0
DA:54,11
DA:56,0
DA:58,0
DA:60,0
DA:61,0
DA:62,0
DA:63,0
DA:64,0
DA:69,0
DA:70,0
DA:73,0
DA:75,0
DA:76,0
DA:77,0
DA:78,0
DA:81,0
DA:82,0
DA:85,11
DA:88,0
DA:102,0
DA:108,11
DA:109,0
DA:111,0
DA:120,0
DA:135,11
DA:136,3
DA:138,3
DA:139,3
DA:151,11
DA:152,5
DA:153,5
DA:155,5
DA:156,8
DA:158,2
DA:159,2
DA:161,2
DA:162,2
DA:163,2
DA:164,2
DA:165,2
DA:166,2
DA:168,2
DA:169,2
DA:171,2
DA:175,5
DA:196,5
DA:197,5
DA:199,5
LF:68
LH:36
BRDA:43,0,0,0
BRDA:69,1,0,0
BRDA:97,2,0,0
BRDA:97,2,1,0
BRDA:138,3,0,3
BRDA:138,3,1,2
BRDA:144,4,0,3
BRDA:144,4,1,2
BRDA:144,5,0,0
BRDA:144,5,1,3
BRDA:144,6,0,3
BRDA:144,6,1,3
BRDA:156,7,0,2
BRDA:156,7,1,2
BRDA:156,7,2,2
BRDA:156,7,3,2
BRF:16
BRH:11
end_of_record
TN:
SF:src/service-utils/prepare-app.ts
FN:24,(anonymous_0)
FN:41,(anonymous_1)
FN:46,(anonymous_2)
FNF:3
FNH:0
FNDA:0,(anonymous_0)
FNDA:0,(anonymous_1)
FNDA:0,(anonymous_2)
DA:13,0
DA:14,0
DA:24,0
DA:26,0
DA:27,0
DA:28,0
DA:30,0
DA:31,0
DA:32,0
DA:41,0
DA:46,0
DA:47,0
DA:48,0
DA:50,0
DA:51,0
DA:52,0
DA:53,0
DA:54,0
DA:55,0
DA:58,0
DA:59,0
DA:60,0
DA:66,0
LF:23
LH:0
BRDA:54,0,0,0
BRDA:58,1,0,0
BRF:2
BRH:0
end_of_record
TN:
SF:src/service-utils/resourceParams.ts
FN:14,(anonymous_0)
FN:20,(anonymous_1)
FNF:2
FNH:2
FNDA:14,(anonymous_0)
FNDA:14,(anonymous_1)
DA:14,14
DA:15,14
DA:16,14
DA:17,14
DA:20,14
DA:21,14
DA:22,14
DA:23,14
LF:8
LH:8
BRDA:14,0,0,14
BRDA:14,0,1,14
BRDA:20,1,0,14
BRDA:20,1,1,14
BRF:4
BRH:4
end_of_record
TN:
SF:src/service-utils/resourceUtils.ts
FN:18,merge
FN:19,(anonymous_2)
FN:35,(anonymous_3)
FN:44,(anonymous_4)
FN:55,(anonymous_5)
FN:56,(anonymous_6)
FN:61,(anonymous_7)
FN:72,(anonymous_8)
FN:74,(anonymous_9)
FN:86,(anonymous_10)
FN:94,(anonymous_11)
FN:146,(anonymous_12)
FN:154,(anonymous_13)
FN:176,(anonymous_14)
FN:181,(anonymous_15)
FN:183,(anonymous_16)
FN:201,(anonymous_17)
FN:213,(anonymous_18)
FN:222,(anonymous_19)
FNF:19
FNH:11
FNDA:21,merge
FNDA:21,(anonymous_2)
FNDA:0,(anonymous_3)
FNDA:24,(anonymous_4)
FNDA:51,(anonymous_5)
FNDA:158,(anonymous_6)
FNDA:12,(anonymous_7)
FNDA:12,(anonymous_8)
FNDA:24,(anonymous_9)
FNDA:0,(anonymous_10)
FNDA:0,(anonymous_11)
FNDA:4,(anonymous_12)
FNDA:15,(anonymous_13)
FNDA:0,(anonymous_14)
FNDA:0,(anonymous_15)
FNDA:0,(anonymous_16)
FNDA:0,(anonymous_17)
FNDA:0,(anonymous_18)
FNDA:18,(anonymous_19)
DA:1,11
DA:2,11
DA:3,11
DA:4,11
DA:6,11
DA:7,11
DA:8,11
DA:9,11
DA:10,11
DA:11,11
DA:12,11
DA:18,11
DA:19,21
DA:20,21
DA:21,21
DA:23,0
DA:24,0
DA:26,0
DA:28,21
DA:29,21
DA:35,11
DA:36,0
DA:37,0
DA:38,0
DA:44,11
DA:45,24
DA:46,24
DA:47,24
DA:55,11
DA:56,158
DA:61,11
DA:62,12
DA:63,12
DA:64,12
DA:65,3
DA:66,9
DA:72,11
DA:73,12
DA:74,12
DA:75,24
DA:77,24
DA:79,24
DA:86,11
DA:87,0
DA:88,0
DA:94,11
DA:99,0
DA:100,0
DA:102,0
DA:110,0
DA:111,0
DA:118,0
DA:119,0
DA:122,0
DA:123,0
DA:127,0
DA:128,0
DA:129,0
DA:136,0
DA:137,0
DA:146,11
DA:147,4
DA:148,4
DA:154,11
DA:160,15
DA:162,5
DA:164,5
DA:166,5
DA:168,0
DA:170,0
DA:176,11
DA:177,0
DA:178,0
DA:181,11
DA:182,0
DA:183,0
DA:184,0
DA:185,0
DA:187,0
DA:201,11
DA:202,0
DA:209,0
DA:210,0
DA:213,0
DA:216,0
DA:222,11
DA:223,18
DA:224,18
LF:88
LH:52
BRDA:20,0,0,21
BRDA:23,1,0,0
BRDA:28,2,0,0
BRDA:46,3,0,24
BRDA:46,3,1,4
BRDA:56,4,0,0
BRDA:56,4,1,51
BRDA:56,5,0,51
BRDA:56,5,1,51
BRDA:63,6,0,0
BRDA:63,6,1,12
BRDA:63,7,0,12
BRDA:63,7,1,12
BRDA:64,8,0,3
BRDA:64,8,1,9
BRDA:88,9,0,0
BRDA:88,9,1,0
BRDA:99,10,0,0
BRDA:110,11,0,0
BRDA:118,12,0,0
BRDA:118,13,0,0
BRDA:118,13,1,0
BRDA:118,13,2,0
BRDA:122,14,0,0
BRDA:122,15,0,0
BRDA:122,15,1,0
BRDA:127,16,0,0
BRDA:147,17,0,0
BRDA:147,17,1,4
BRDA:147,18,0,4
BRDA:147,18,1,4
BRDA:148,19,0,4
BRDA:148,19,1,4
BRDA:148,19,2,4
BRDA:160,20,0,5
BRDA:160,20,1,5
BRDA:160,20,2,5
BRDA:160,20,3,0
BRDA:177,21,0,0
BRDA:177,21,1,0
BRDA:177,22,0,0
BRDA:177,22,1,0
BRDA:178,23,0,0
BRDA:178,23,1,0
BRDA:178,23,2,0
BRDA:182,24,0,0
BRDA:182,24,1,0
BRDA:182,25,0,0
BRDA:182,25,1,0
BRDA:183,26,0,0
BRDA:183,26,1,0
BRDA:184,27,0,0
BRDA:209,28,0,0
BRDA:209,29,0,0
BRDA:209,29,1,0
BRDA:224,30,0,18
BRDA:224,30,1,0
BRF:57
BRH:21
end_of_record
TN:
SF:src/service-utils/validateGeoJSONObj.ts
FN:9,(anonymous_1)
FN:25,(anonymous_2)
FN:48,(anonymous_3)
FN:61,(anonymous_4)
FN:73,(anonymous_5)
FN:93,(anonymous_6)
FNF:6
FNH:6
FNDA:7,(anonymous_1)
FNDA:9,(anonymous_2)
FNDA:9,(anonymous_3)
FNDA:2,(anonymous_4)
FNDA:9,(anonymous_5)
FNDA:8,(anonymous_6)
DA:1,2
DA:2,2
DA:3,2
DA:4,2
DA:5,2
DA:7,2
DA:9,2
DA:15,7
DA:16,7
DA:17,7
DA:18,1
DA:22,6
DA:23,6
DA:24,6
DA:25,6
DA:28,9
DA:29,4
DA:30,2
DA:31,2
DA:33,4
DA:35,5
DA:37,5
DA:38,1
DA:41,8
DA:42,2
DA:44,8
DA:46,8
DA:47,8
DA:48,8
DA:49,9
DA:50,6
DA:52,5
DA:53,0
DA:56,2
DA:57,1
DA:61,2
DA:65,1
DA:73,2
DA:74,9
DA:76,9
DA:77,1
DA:80,8
DA:81,8
DA:83,7
DA:84,1
DA:86,1
DA:88,1
DA:93,2
DA:94,8
DA:95,8
DA:96,32
DA:98,8
LF:52
LH:51
BRDA:11,0,0,5
BRDA:12,1,0,5
BRDA:17,2,0,1
BRDA:28,3,0,4
BRDA:28,3,1,5
BRDA:29,4,0,2
BRDA:37,5,0,1
BRDA:41,6,0,2
BRDA:52,7,0,0
BRDA:56,8,0,1
BRDA:76,9,0,1
BRDA:76,10,0,9
BRDA:76,10,1,9
BRDA:81,11,0,7
BRDA:81,11,1,1
BRDA:83,12,0,1
BRDA:86,13,0,1
BRF:17
BRH:16
end_of_record
TN:
SF:src/service-walkthroughs/geofenceCollectionWalkthrough.ts
FN:18,(anonymous_0)
FN:39,(anonymous_1)
FN:43,(anonymous_2)
FN:59,(anonymous_3)
FN:101,(anonymous_4)
FN:131,(anonymous_5)
FN:163,(anonymous_6)
FN:185,(anonymous_7)
FN:194,(anonymous_8)
FNF:9
FNH:8
FNDA:2,(anonymous_0)
FNDA:2,(anonymous_1)
FNDA:0,(anonymous_2)
FNDA:3,(anonymous_3)
FNDA:3,(anonymous_4)
FNDA:2,(anonymous_5)
FNDA:2,(anonymous_6)
FNDA:2,(anonymous_7)
FNDA:3,(anonymous_8)
DA:1,11
DA:2,11
DA:4,11
DA:6,11
DA:7,11
DA:8,11
DA:9,11
DA:10,11
DA:12,11
DA:18,11
DA:23,2
DA:26,2
DA:29,2
DA:30,2
DA:31,1
DA:33,1
DA:36,2
DA:39,11
DA:40,2
DA:42,2
DA:43,2
DA:44,0
DA:45,2
DA:52,2
DA:56,2
DA:59,11
DA:63,3
DA:64,3
DA:66,3
DA:67,0
DA:70,0
DA:71,0
DA:72,0
DA:73,0
DA:74,0
DA:75,0
DA:77,0
DA:80,0
DA:84,3
DA:86,3
DA:87,1
DA:91,3
DA:92,3
DA:95,3
DA:101,3
DA:102,3
DA:108,3
DA:111,3
DA:113,3
DA:114,3
DA:116,3
DA:118,3
DA:121,3
DA:122,3
DA:131,11
DA:136,2
DA:137,2
DA:138,1
DA:141,1
DA:144,1
DA:145,1
DA:146,0
DA:147,0
DA:150,0
DA:156,1
DA:157,1
DA:161,1
DA:163,2
DA:165,1
DA:166,1
DA:168,1
DA:169,1
DA:171,1
DA:173,0
DA:175,1
DA:185,11
DA:190,2
DA:191,1
DA:193,2
DA:194,3
DA:196,2
DA:197,2
DA:201,2
DA:203,2
LF:84
LH:70
BRDA:30,0,0,1
BRDA:30,0,1,1
BRDA:30,1,0,2
BRDA:30,1,1,2
BRDA:44,2,0,0
BRDA:44,2,1,0
BRDA:66,3,0,0
BRDA:67,4,0,0
BRDA:67,4,1,0
BRDA:86,5,0,1
BRDA:91,6,0,3
BRDA:91,7,0,3
BRDA:91,7,1,3
BRDA:101,8,0,0
BRDA:114,9,0,3
BRDA:114,9,1,3
BRDA:114,10,0,2
BRDA:114,10,1,1
BRDA:114,11,0,3
BRDA:114,11,1,3
BRDA:114,12,0,0
BRDA:114,12,1,3
BRDA:114,13,0,3
BRDA:114,13,1,3
BRDA:137,14,0,1
BRDA:144,15,0,1
BRDA:144,15,1,0
BRDA:145,16,0,0
BRDA:165,17,0,1
BRDA:165,17,1,0
BRDA:168,18,0,1
BRDA:168,19,0,1
BRDA:168,19,1,1
BRDA:190,20,0,1
BRDA:196,21,0,2
BRDA:196,22,0,0
BRDA:196,22,1,2
BRDA:196,23,0,2
BRDA:196,23,1,2
BRF:39
BRH:28
end_of_record
TN:
SF:src/service-walkthroughs/mapWalkthrough.ts
FN:17,(anonymous_0)
FN:38,(anonymous_1)
FN:50,(anonymous_2)
FN:67,(anonymous_3)
FN:87,(anonymous_4)
FN:100,(anonymous_5)
FN:129,(anonymous_6)
FN:151,(anonymous_7)
FN:159,(anonymous_8)
FN:162,(anonymous_9)
FNF:10
FNH:8
FNDA:2,(anonymous_0)
FNDA:2,(anonymous_1)
FNDA:2,(anonymous_2)
FNDA:0,(anonymous_3)
FNDA:0,(anonymous_4)
FNDA:2,(anonymous_5)
FNDA:2,(anonymous_6)
FNDA:2,(anonymous_7)
FNDA:3,(anonymous_8)
FNDA:2,(anonymous_9)
DA:1,11
DA:2,11
DA:3,11
DA:4,11
DA:6,11
DA:7,11
DA:8,11
DA:9,11
DA:10,11
DA:17,11
DA:19,2
DA:22,2
DA:25,2
DA:28,2
DA:29,2
DA:30,1
DA:32,1
DA:35,2
DA:38,11
DA:40,2
DA:41,2
DA:42,2
DA:43,2
DA:44,0
DA:45,2
DA:47,2
DA:50,11
DA:51,2
DA:52,2
DA:53,2
DA:54,2
DA:56,2
DA:58,0
DA:60,2
DA:61,2
DA:64,2
DA:67,11
DA:68,0
DA:83,0
DA:87,0
DA:88,0
DA:91,0
DA:100,11
DA:105,2
DA:107,2
DA:108,1
DA:109,1
DA:112,1
DA:113,1
DA:114,0
DA:115,0
DA:118,0
DA:121,1
DA:122,1
DA:125,1
DA:126,1
DA:127,1
DA:129,2
DA:131,1
DA:132,1
DA:134,1
DA:135,1
DA:137,1
DA:139,0
DA:141,1
DA:151,11
DA:156,2
DA:157,1
DA:159,3
DA:160,2
DA:161,2
DA:162,2
DA:163,2
DA:164,2
DA:166,2
LF:75
LH:64
BRDA:29,0,0,1
BRDA:29,0,1,1
BRDA:29,1,0,2
BRDA:29,1,1,2
BRDA:43,2,0,0
BRDA:43,2,1,2
BRDA:56,3,0,0
BRDA:56,3,1,2
BRDA:83,4,0,0
BRDA:83,4,1,0
BRDA:83,5,0,0
BRDA:83,5,1,0
BRDA:107,6,0,1
BRDA:112,7,0,1
BRDA:112,7,1,0
BRDA:113,8,0,0
BRDA:131,9,0,1
BRDA:131,9,1,0
BRDA:134,10,0,1
BRDA:134,11,0,1
BRDA:134,11,1,1
BRDA:156,12,0,1
BRDA:160,13,0,2
BRDA:160,14,0,0
BRDA:160,14,1,2
BRDA:160,15,0,2
BRDA:160,15,1,2
BRF:27
BRH:17
end_of_record
TN:
SF:src/service-walkthroughs/placeIndexWalkthrough.ts
FN:18,(anonymous_0)
FN:42,(anonymous_1)
FN:57,(anonymous_2)
FN:81,(anonymous_3)
FN:98,(anonymous_4)
FN:129,(anonymous_5)
FN:151,(anonymous_6)
FN:159,(anonymous_7)
FNF:8
FNH:7
FNDA:2,(anonymous_0)
FNDA:2,(anonymous_1)
FNDA:2,(anonymous_2)
FNDA:0,(anonymous_3)
FNDA:2,(anonymous_4)
FNDA:2,(anonymous_5)
FNDA:2,(anonymous_6)
FNDA:3,(anonymous_7)
DA:1,11
DA:2,11
DA:3,11
DA:4,11
DA:6,11
DA:7,11
DA:8,11
DA:9,11
DA:10,11
DA:12,11
DA:18,11
DA:23,2
DA:26,2
DA:29,2
DA:32,2
DA:33,2
DA:34,1
DA:36,1
DA:39,2
DA:42,11
DA:44,2
DA:45,2
DA:46,2
DA:50,2
DA:51,0
DA:52,2
DA:54,2
DA:57,11
DA:61,2
DA:62,2
DA:63,2
DA:64,2
DA:65,2
DA:67,2
DA:69,0
DA:72,0
DA:74,2
DA:75,2
DA:78,2
DA:81,11
DA:84,0
DA:88,0
DA:89,0
DA:98,11
DA:103,2
DA:105,2
DA:106,1
DA:109,1
DA:112,1
DA:113,1
DA:114,0
DA:115,0
DA:118,0
DA:121,1
DA:122,1
DA:125,1
DA:126,1
DA:127,1
DA:129,2
DA:131,1
DA:132,1
DA:134,1
DA:135,1
DA:137,1
DA:139,0
DA:141,1
DA:151,11
DA:156,2
DA:157,1
DA:159,3
DA:160,2
DA:161,2
DA:165,2
DA:167,2
LF:74
LH:64
BRDA:33,0,0,1
BRDA:33,0,1,1
BRDA:33,1,0,2
BRDA:33,1,1,2
BRDA:50,2,0,0
BRDA:50,2,1,2
BRDA:67,3,0,0
BRDA:67,3,1,2
BRDA:88,4,0,0
BRDA:88,4,1,0
BRDA:105,5,0,1
BRDA:112,6,0,1
BRDA:112,6,1,0
BRDA:113,7,0,0
BRDA:131,8,0,1
BRDA:131,8,1,0
BRDA:134,9,0,1
BRDA:134,10,0,1
BRDA:134,10,1,1
BRDA:156,11,0,1
BRDA:160,12,0,2
BRDA:160,13,0,0
BRDA:160,13,1,2
BRDA:160,14,0,2
BRDA:160,14,1,2
BRF:25
BRH:17
end_of_record
TN:
SF:src/service-walkthroughs/removeWalkthrough.ts
FN:9,(anonymous_0)
FNF:1
FNH:1
FNDA:9,(anonymous_0)
DA:1,11
DA:3,11
DA:4,11
DA:9,11
DA:10,9
DA:11,9
DA:13,9
DA:14,3
DA:15,3
DA:17,6
LF:10
LH:10
BRDA:13,0,0,3
BRF:1
BRH:1
end_of_record
TN:
SF:src/service-walkthroughs/resourceWalkthrough.ts
FN:6,resourceAccessWalkthrough
FN:83,dataProviderWalkthrough
FN:95,(anonymous_2)
FN:104,(anonymous_3)
FN:115,(anonymous_4)
FNF:5
FNH:3
FNDA:6,resourceAccessWalkthrough
FNDA:0,dataProviderWalkthrough
FNDA:0,(anonymous_2)
FNDA:43,(anonymous_3)
FNDA:6,(anonymous_4)
DA:1,11
DA:2,11
DA:3,11
DA:6,11
DA:11,6
DA:12,6
DA:13,6
DA:15,6
DA:16,6
DA:17,6
DA:18,0
DA:19,6
DA:24,0
DA:27,6
DA:28,6
DA:29,0
DA:30,0
DA:33,0
DA:35,6
DA:43,6
DA:44,6
DA:48,6
DA:49,6
DA:50,2
DA:53,6
DA:57,6
DA:58,0
DA:62,6
DA:63,6
DA:64,6
DA:65,2
DA:68,6
DA:74,6
DA:76,6
DA:77,0
DA:80,6
DA:83,11
DA:87,0
DA:88,0
DA:89,0
DA:91,0
DA:94,0
DA:95,0
DA:97,0
DA:98,0
DA:100,0
DA:101,0
DA:104,11
DA:105,43
DA:107,19
DA:109,16
DA:111,8
DA:115,11
DA:116,6
DA:117,6
LF:55
LH:38
BRDA:15,0,0,6
BRDA:17,1,0,0
BRDA:17,1,1,6
BRDA:19,2,0,0
BRDA:20,3,0,6
BRDA:20,3,1,2
BRDA:20,3,2,0
BRDA:28,4,0,0
BRDA:43,5,0,6
BRDA:43,6,0,6
BRDA:43,6,1,0
BRDA:49,7,0,2
BRDA:57,8,0,0
BRDA:62,9,0,6
BRDA:62,10,0,6
BRDA:62,10,1,0
BRDA:64,11,0,2
BRDA:76,12,0,0
BRDA:88,13,0,0
BRDA:92,14,0,0
BRDA:92,14,1,0
BRDA:97,15,0,0
BRDA:105,16,0,19
BRDA:105,16,1,16
BRDA:105,16,2,8
BRF:25
BRH:13
end_of_record
