<?xml version="1.0" encoding="UTF-8"?>
<coverage generated="1675700975880" clover="3.2.0">
  <project timestamp="1675700975880" name="All files">
    <metrics statements="112" coveredstatements="91" conditionals="44" coveredconditionals="31" methods="22" coveredmethods="17" elements="178" coveredelements="139" complexity="0" loc="112" ncloc="112" packages="1" files="1" classes="1"/>
    <file name="index.js" path="/Users/eddvar/Documents/amplify-cli/packages/amplify-dynamodb-simulator/index.js">
      <metrics statements="112" coveredstatements="91" conditionals="44" coveredconditionals="31" methods="22" coveredmethods="17"/>
      <line num="1" count="1" type="stmt"/>
      <line num="2" count="1" type="stmt"/>
      <line num="3" count="1" type="stmt"/>
      <line num="4" count="1" type="stmt"/>
      <line num="5" count="1" type="stmt"/>
      <line num="6" count="1" type="stmt"/>
      <line num="7" count="1" type="stmt"/>
      <line num="8" count="1" type="stmt"/>
      <line num="11" count="1" type="stmt"/>
      <line num="13" count="1" type="stmt"/>
      <line num="20" count="1" type="stmt"/>
      <line num="21" count="1" type="stmt"/>
      <line num="23" count="1" type="stmt"/>
      <line num="24" count="1" type="stmt"/>
      <line num="25" count="1" type="stmt"/>
      <line num="29" count="4" type="stmt"/>
      <line num="30" count="4" type="stmt"/>
      <line num="31" count="4" type="stmt"/>
      <line num="35" count="0" type="stmt"/>
      <line num="39" count="4" type="stmt"/>
      <line num="43" count="3" type="stmt"/>
      <line num="48" count="4" type="cond" truecount="1" falsecount="1"/>
      <line num="49" count="0" type="stmt"/>
      <line num="51" count="4" type="stmt"/>
      <line num="52" count="4" type="stmt"/>
      <line num="56" count="1" type="stmt"/>
      <line num="58" count="6" type="stmt"/>
      <line num="59" count="6" type="stmt"/>
      <line num="62" count="6" type="stmt"/>
      <line num="65" count="6" type="stmt"/>
      <line num="71" count="6" type="stmt"/>
      <line num="72" count="6" type="stmt"/>
      <line num="73" count="6" type="cond" truecount="1" falsecount="1"/>
      <line num="74" count="6" type="stmt"/>
      <line num="80" count="6" type="stmt"/>
      <line num="82" count="6" type="cond" truecount="1" falsecount="1"/>
      <line num="83" count="0" type="stmt"/>
      <line num="86" count="6" type="stmt"/>
      <line num="87" count="6" type="cond" truecount="2" falsecount="0"/>
      <line num="88" count="4" type="stmt"/>
      <line num="89" count="4" type="stmt"/>
      <line num="93" count="6" type="cond" truecount="4" falsecount="0"/>
      <line num="94" count="2" type="stmt"/>
      <line num="96" count="6" type="cond" truecount="1" falsecount="1"/>
      <line num="97" count="0" type="stmt"/>
      <line num="99" count="6" type="stmt"/>
      <line num="103" count="6" type="stmt"/>
      <line num="105" count="6" type="cond" truecount="1" falsecount="1"/>
      <line num="106" count="0" type="stmt"/>
      <line num="109" count="6" type="cond" truecount="2" falsecount="2"/>
      <line num="110" count="0" type="stmt"/>
      <line num="112" count="6" type="stmt"/>
      <line num="113" count="6" type="cond" truecount="2" falsecount="0"/>
      <line num="114" count="5" type="stmt"/>
      <line num="115" count="5" type="stmt"/>
      <line num="117" count="1" type="stmt"/>
      <line num="118" count="1" type="cond" truecount="1" falsecount="1"/>
      <line num="119" count="0" type="stmt"/>
      <line num="122" count="6" type="stmt"/>
      <line num="124" count="6" type="cond" truecount="2" falsecount="0"/>
      <line num="125" count="4" type="stmt"/>
      <line num="128" count="6" type="stmt"/>
      <line num="129" count="6" type="stmt"/>
      <line num="130" count="6" type="stmt"/>
      <line num="132" count="6" type="stmt"/>
      <line num="137" count="0" type="stmt"/>
      <line num="139" count="0" type="stmt"/>
      <line num="140" count="0" type="stmt"/>
      <line num="141" count="0" type="stmt"/>
      <line num="142" count="0" type="stmt"/>
      <line num="154" count="6" type="stmt"/>
      <line num="155" count="6" type="stmt"/>
      <line num="156" count="6" type="stmt"/>
      <line num="158" count="6" type="stmt"/>
      <line num="159" count="6" type="stmt"/>
      <line num="162" count="3" type="stmt"/>
      <line num="165" count="3" type="cond" truecount="2" falsecount="0"/>
      <line num="166" count="2" type="stmt"/>
      <line num="167" count="2" type="stmt"/>
      <line num="168" count="2" type="stmt"/>
      <line num="169" count="2" type="stmt"/>
      <line num="170" count="2" type="stmt"/>
      <line num="175" count="4" type="stmt"/>
      <line num="177" count="4" type="cond" truecount="1" falsecount="1"/>
      <line num="178" count="4" type="stmt"/>
      <line num="179" count="4" type="stmt"/>
      <line num="180" count="4" type="stmt"/>
      <line num="181" count="4" type="stmt"/>
      <line num="190" count="6" type="stmt"/>
      <line num="191" count="6" type="stmt"/>
      <line num="195" count="6" type="stmt"/>
      <line num="196" count="0" type="stmt"/>
      <line num="197" count="0" type="stmt"/>
      <line num="198" count="0" type="stmt"/>
      <line num="199" count="0" type="stmt"/>
      <line num="200" count="0" type="stmt"/>
      <line num="202" count="6" type="stmt"/>
      <line num="206" count="4" type="stmt"/>
      <line num="213" count="2" type="cond" truecount="3" falsecount="1"/>
      <line num="214" count="0" type="cond" truecount="0" falsecount="2"/>
      <line num="215" count="0" type="stmt"/>
      <line num="217" count="0" type="stmt"/>
      <line num="218" count="0" type="stmt"/>
      <line num="220" count="2" type="stmt"/>
      <line num="222" count="6" type="cond" truecount="2" falsecount="0"/>
      <line num="223" count="6" type="cond" truecount="1" falsecount="1"/>
      <line num="224" count="6" type="stmt"/>
      <line num="228" count="4" type="stmt"/>
      <line num="232" count="3" type="stmt"/>
      <line num="233" count="3" type="stmt"/>
      <line num="242" count="1" type="stmt"/>
      <line num="244" count="1" type="stmt"/>
    </file>
  </project>
</coverage>
