TN:
SF:src/backend-config-parameters-controller.ts
FN:25,(anonymous_1)
FN:36,(anonymous_2)
FN:38,(anonymous_3)
FN:52,(anonymous_4)
FN:59,(anonymous_5)
FN:60,(anonymous_6)
FN:66,(anonymous_7)
FN:71,(anonymous_8)
FN:76,(anonymous_9)
FN:81,(anonymous_10)
FN:90,(anonymous_11)
FNF:11
FNH:11
FNDA:8,(anonymous_1)
FNDA:7,(anonymous_2)
FNDA:11,(anonymous_3)
FNDA:14,(anonymous_4)
FNDA:7,(anonymous_5)
FNDA:8,(anonymous_6)
FNDA:1,(anonymous_7)
FNDA:17,(anonymous_8)
FNDA:11,(anonymous_9)
FNDA:8,(anonymous_10)
FNDA:1,(anonymous_11)
DA:1,9
DA:2,9
DA:4,9
DA:25,9
DA:26,8
DA:27,8
DA:29,7
DA:36,7
DA:40,11
DA:41,0
DA:43,11
DA:44,11
DA:45,2
DA:47,9
DA:49,11
DA:53,14
DA:56,14
DA:60,7
DA:61,8
DA:63,7
DA:67,1
DA:68,1
DA:72,17
DA:73,17
DA:77,11
DA:81,9
DA:82,8
DA:83,8
DA:84,8
DA:85,8
DA:87,1
DA:90,1
DA:93,7
LF:33
LH:32
BRDA:26,0,0,8
BRDA:40,1,0,0
BRDA:44,2,0,2
BRDA:44,2,1,9
BRDA:82,3,0,8
BRDA:82,3,1,1
BRDA:82,4,0,0
BRDA:82,4,1,8
BRDA:82,5,0,8
BRDA:82,5,1,8
BRDA:85,6,0,1
BRDA:90,7,0,0
BRDA:90,7,1,1
BRDA:90,8,0,1
BRDA:90,8,1,1
BRF:15
BRH:12
end_of_record
TN:
SF:src/backend-parameters.d.ts
FNF:0
FNH:0
LF:0
LH:0
BRF:0
BRH:0
end_of_record
TN:
SF:src/clone-env-param-manager.ts
FN:3,(anonymous_0)
FNF:1
FNH:1
FNDA:1,(anonymous_0)
DA:1,1
DA:3,1
DA:4,1
DA:5,1
LF:4
LH:4
BRF:0
BRH:0
end_of_record
TN:
SF:src/environment-parameter-manager.ts
FN:11,(anonymous_1)
FN:28,(anonymous_2)
FN:40,(anonymous_3)
FN:52,(anonymous_4)
FN:57,(anonymous_5)
FN:60,(anonymous_6)
FN:61,(anonymous_7)
FN:67,(anonymous_8)
FN:71,(anonymous_9)
FN:84,(anonymous_10)
FN:88,(anonymous_11)
FN:90,(anonymous_12)
FN:91,(anonymous_13)
FN:100,(anonymous_14)
FN:139,(anonymous_15)
FN:140,(anonymous_16)
FN:144,(anonymous_17)
FN:151,(anonymous_18)
FN:163,(anonymous_19)
FN:167,(anonymous_20)
FN:182,(anonymous_21)
FN:186,(anonymous_22)
FN:188,(anonymous_23)
FN:205,(anonymous_24)
FN:206,(anonymous_25)
FN:213,(anonymous_26)
FN:216,(anonymous_27)
FN:241,(anonymous_28)
FN:243,(anonymous_29)
FN:246,(anonymous_30)
FNF:30
FNH:22
FNDA:11,(anonymous_1)
FNDA:0,(anonymous_2)
FNDA:1,(anonymous_3)
FNDA:1,(anonymous_4)
FNDA:1,(anonymous_5)
FNDA:1,(anonymous_6)
FNDA:1,(anonymous_7)
FNDA:2,(anonymous_8)
FNDA:8,(anonymous_9)
FNDA:0,(anonymous_10)
FNDA:0,(anonymous_11)
FNDA:0,(anonymous_12)
FNDA:0,(anonymous_13)
FNDA:10,(anonymous_14)
FNDA:0,(anonymous_15)
FNDA:0,(anonymous_16)
FNDA:0,(anonymous_17)
FNDA:6,(anonymous_18)
FNDA:10,(anonymous_19)
FNDA:4,(anonymous_20)
FNDA:3,(anonymous_21)
FNDA:1,(anonymous_22)
FNDA:1,(anonymous_23)
FNDA:19,(anonymous_24)
FNDA:18,(anonymous_25)
FNDA:10,(anonymous_26)
FNDA:27,(anonymous_27)
FNDA:1,(anonymous_28)
FNDA:14,(anonymous_29)
FNDA:10,(anonymous_30)
DA:1,2
DA:2,2
DA:3,2
DA:4,2
DA:6,2
DA:11,2
DA:14,11
DA:15,1
DA:16,1
DA:17,1
DA:19,11
DA:28,2
DA:29,0
DA:30,0
DA:32,0
DA:40,2
DA:41,1
DA:43,1
DA:51,1
DA:52,1
DA:59,1
DA:60,1
DA:61,1
DA:62,1
DA:68,2
DA:72,8
DA:73,0
DA:77,8
DA:78,8
DA:79,3
DA:81,8
DA:85,0
DA:89,0
DA:90,0
DA:91,0
DA:92,0
DA:93,0
DA:94,0
DA:95,0
DA:97,0
DA:101,10
DA:103,0
DA:105,10
DA:106,10
DA:107,10
DA:108,1
DA:110,9
DA:111,0
DA:113,9
DA:115,10
DA:118,10
DA:119,0
DA:123,10
DA:124,10
DA:125,9
DA:126,9
DA:127,9
DA:128,13
DA:129,13
DA:130,13
DA:131,0
DA:136,10
DA:140,0
DA:141,0
DA:143,0
DA:144,0
DA:145,0
DA:146,0
DA:147,0
DA:152,6
DA:153,6
DA:154,6
DA:156,6
DA:157,6
DA:158,6
DA:159,6
DA:163,6
DA:164,10
DA:165,10
DA:167,4
DA:169,4
DA:171,6
DA:172,2
DA:176,6
DA:183,3
DA:185,3
DA:186,1
DA:188,1
DA:189,1
DA:193,1
DA:196,1
DA:206,19
DA:207,18
DA:208,18
DA:213,10
DA:216,2
DA:217,27
DA:218,27
DA:241,2
DA:242,1
DA:243,2
DA:244,14
DA:246,2
DA:247,10
DA:248,10
DA:249,10
LF:106
LH:82
BRDA:12,0,0,11
BRDA:14,1,0,1
BRDA:28,2,0,0
BRDA:29,3,0,0
BRDA:59,4,0,1
BRDA:59,4,1,0
BRDA:59,5,0,0
BRDA:59,5,1,1
BRDA:59,6,0,1
BRDA:59,6,1,1
BRDA:59,7,0,0
BRDA:59,7,1,1
BRDA:59,8,0,1
BRDA:59,8,1,1
BRDA:72,9,0,0
BRDA:72,10,0,8
BRDA:72,10,1,8
BRDA:78,11,0,3
BRDA:101,12,0,0
BRDA:107,13,0,1
BRDA:107,13,1,9
BRDA:108,14,0,0
BRDA:108,14,1,1
BRDA:108,15,0,1
BRDA:108,15,1,1
BRDA:108,16,0,0
BRDA:108,16,1,1
BRDA:108,17,0,1
BRDA:108,17,1,1
BRDA:110,18,0,0
BRDA:118,19,0,0
BRDA:130,20,0,0
BRDA:165,21,0,4
BRDA:166,22,0,10
BRDA:166,22,1,4
BRDA:167,23,0,4
BRDA:167,23,1,0
BRDA:171,24,0,2
BRDA:185,25,0,1
BRDA:198,26,0,0
BRDA:198,26,1,1
BRF:41
BRH:27
end_of_record
TN:
SF:src/index.ts
FN:2,(anonymous_4)
FNF:1
FNH:0
FNDA:0,(anonymous_4)
DA:1,0
DA:2,0
DA:3,0
LF:3
LH:0
BRF:0
BRH:0
end_of_record
TN:
SF:src/resource-parameter-manager.ts
FN:6,(anonymous_0)
FN:9,(anonymous_1)
FN:16,(anonymous_2)
FN:29,(anonymous_3)
FN:30,(anonymous_4)
FN:35,(anonymous_5)
FN:42,(anonymous_6)
FN:49,(anonymous_7)
FN:57,(anonymous_8)
FN:64,(anonymous_9)
FNF:10
FNH:7
FNDA:3,(anonymous_0)
FNDA:0,(anonymous_1)
FNDA:9,(anonymous_2)
FNDA:1,(anonymous_3)
FNDA:2,(anonymous_4)
FNDA:6,(anonymous_5)
FNDA:34,(anonymous_6)
FNDA:1,(anonymous_7)
FNDA:0,(anonymous_8)
FNDA:0,(anonymous_9)
DA:6,2
DA:7,3
DA:10,0
DA:17,9
DA:18,1
DA:20,8
DA:30,1
DA:31,2
DA:36,6
DA:43,34
DA:50,1
DA:51,1
DA:58,0
DA:65,0
LF:14
LH:11
BRDA:17,0,0,1
BRDA:17,0,1,8
BRF:2
BRH:2
end_of_record
