TN:
SF:src/AmplifyLogger.ts
FN:13,(anonymous_7)
FN:36,(anonymous_8)
FN:40,(anonymous_9)
FN:49,(anonymous_10)
FN:64,(anonymous_11)
FN:69,(anonymous_12)
FNF:6
FNH:4
FNDA:4,(anonymous_7)
FNDA:0,(anonymous_8)
FNDA:0,(anonymous_9)
FNDA:1,(anonymous_10)
FNDA:1,(anonymous_11)
FNDA:1,(anonymous_12)
DA:1,1
DA:2,1
DA:3,1
DA:4,1
DA:6,1
DA:8,1
DA:9,1
DA:12,4
DA:14,4
DA:15,4
DA:16,4
DA:17,3
DA:28,1
DA:37,0
DA:41,0
DA:42,0
DA:43,0
DA:46,0
DA:50,1
DA:51,1
DA:65,1
DA:66,1
DA:70,1
DA:71,1
LF:24
LH:19
BRDA:16,0,0,3
BRDA:16,0,1,1
BRDA:42,1,0,0
BRDA:50,2,0,1
BRF:4
BRH:3
end_of_record
TN:
SF:src/Redactor.ts
FN:10,(anonymous_0)
FN:26,(anonymous_1)
FN:41,(anonymous_2)
FN:48,(anonymous_3)
FN:62,(anonymous_4)
FN:65,(anonymous_5)
FNF:6
FNH:4
FNDA:1,(anonymous_0)
FNDA:8,(anonymous_1)
FNDA:8,(anonymous_2)
FNDA:0,(anonymous_3)
FNDA:0,(anonymous_4)
FNDA:8,(anonymous_5)
DA:1,1
DA:2,1
DA:3,1
DA:4,1
DA:10,1
DA:11,1
DA:14,1
DA:16,1
DA:17,1
DA:19,1
DA:20,1
DA:21,9
DA:22,9
DA:23,8
DA:26,1
DA:29,8
DA:33,1
DA:41,1
DA:42,8
DA:45,0
DA:46,0
DA:50,0
DA:52,0
DA:54,0
DA:58,0
DA:62,1
DA:65,1
DA:66,8
DA:67,8
DA:68,8
DA:69,8
LF:31
LH:25
BRDA:11,0,0,0
BRDA:16,1,0,1
BRDA:22,2,0,8
BRDA:29,3,0,0
BRDA:29,3,1,8
BRDA:29,4,0,8
BRDA:29,4,1,8
BRDA:42,5,0,8
BRDA:42,6,0,8
BRDA:42,6,1,8
BRDA:45,7,0,0
BRDA:45,8,0,0
BRDA:45,8,1,0
BRDA:50,9,0,0
BRF:14
BRH:8
end_of_record
TN:
SF:src/baseLogFilePath.ts
FN:5,getFolder
FN:18,getLocalLogFileDirectory
FN:22,getLogDirectory
FNF:3
FNH:3
FNDA:10,getFolder
FNDA:5,getLocalLogFileDirectory
FNDA:10,getLogDirectory
DA:1,2
DA:2,2
DA:3,2
DA:6,10
DA:8,10
DA:9,10
DA:11,10
DA:12,1
DA:15,10
DA:18,2
DA:19,5
DA:22,2
DA:23,10
LF:13
LH:13
BRDA:8,0,0,10
BRDA:11,1,0,1
BRDA:11,2,0,10
BRDA:11,2,1,9
BRF:4
BRH:4
end_of_record
TN:
SF:src/constants.ts
FNF:0
FNH:0
DA:1,3
LF:1
LH:1
BRF:0
BRH:0
end_of_record
TN:
SF:src/getLogFilePath.ts
FN:5,getLogFilePath
FN:9,getLogAuditFilePath
FN:13,getLocalLogFilePath
FN:17,getLocalAuditLogFile
FNF:4
FNH:4
FNDA:5,getLogFilePath
FNDA:5,getLogAuditFilePath
FNDA:3,getLocalLogFilePath
FNDA:3,getLocalAuditLogFile
DA:1,2
DA:2,2
DA:3,2
DA:5,2
DA:6,5
DA:9,2
DA:10,5
DA:13,2
DA:14,3
DA:17,2
DA:18,3
LF:11
LH:11
BRF:0
BRH:0
end_of_record
TN:
SF:src/index.ts
FN:5,(anonymous_0)
FN:5,(anonymous_1)
FN:15,(anonymous_2)
FNF:3
FNH:0
FNDA:0,(anonymous_0)
FNDA:0,(anonymous_1)
FNDA:0,(anonymous_2)
DA:1,0
DA:3,0
DA:5,0
DA:9,0
DA:15,0
DA:16,0
DA:17,0
DA:19,0
LF:8
LH:0
BRDA:16,0,0,0
BRF:1
BRH:0
end_of_record
