TN:
SF:src/index.ts
FN:8,(anonymous_21)
FN:8,(anonymous_22)
FN:35,(anonymous_23)
FN:48,AmplifyAppSyncSimulator
FN:65,(anonymous_25)
FN:69,(anonymous_26)
FN:77,(anonymous_27)
FN:87,(anonymous_28)
FN:93,(anonymous_29)
FN:98,(anonymous_30)
FN:122,(anonymous_31)
FN:126,(anonymous_34)
FN:130,(anonymous_37)
FN:137,(anonymous_38)
FN:145,(anonymous_39)
FN:153,(anonymous_40)
FN:157,(anonymous_41)
FN:170,(anonymous_44)
FN:174,(anonymous_45)
FN:177,(anonymous_46)
FN:178,(anonymous_47)
FN:181,(anonymous_48)
FN:184,(anonymous_49)
FN:187,(anonymous_50)
FNF:24
FNH:16
FNDA:0,(anonymous_21)
FNDA:0,(anonymous_22)
FNDA:3,(anonymous_23)
FNDA:7,AmplifyAppSyncSimulator
FNDA:0,(anonymous_25)
FNDA:6,(anonymous_26)
FNDA:3,(anonymous_27)
FNDA:1,(anonymous_28)
FNDA:0,(anonymous_29)
FNDA:2,(anonymous_30)
FNDA:1,(anonymous_31)
FNDA:1,(anonymous_34)
FNDA:5,(anonymous_37)
FNDA:2,(anonymous_38)
FNDA:0,(anonymous_39)
FNDA:1,(anonymous_40)
FNDA:0,(anonymous_41)
FNDA:3,(anonymous_44)
FNDA:3,(anonymous_45)
FNDA:0,(anonymous_46)
FNDA:0,(anonymous_47)
FNDA:1,(anonymous_48)
FNDA:2,(anonymous_49)
FNDA:6,(anonymous_50)
DA:1,3
DA:2,3
DA:3,3
DA:4,3
DA:5,3
DA:6,3
DA:7,3
DA:8,3
DA:9,3
DA:10,3
DA:11,3
DA:12,3
DA:22,3
DA:24,3
DA:25,3
DA:27,3
DA:35,3
DA:49,14
DA:54,7
DA:55,7
DA:56,7
DA:57,7
DA:59,0
DA:60,0
DA:61,0
DA:65,3
DA:66,0
DA:69,6
DA:70,6
DA:71,6
DA:72,6
DA:73,6
DA:74,6
DA:75,6
DA:76,6
DA:77,6
DA:78,3
DA:79,3
DA:81,2
DA:83,3
DA:84,3
DA:87,6
DA:88,1
DA:89,1
DA:90,1
DA:93,6
DA:94,0
DA:95,0
DA:98,6
DA:99,2
DA:100,2
DA:101,2
DA:102,2
DA:104,2
DA:107,1
DA:108,1
DA:111,5
DA:112,5
DA:114,1
DA:115,1
DA:116,1
DA:117,1
DA:118,1
DA:119,1
DA:122,3
DA:123,2
DA:126,3
DA:127,2
DA:130,3
DA:131,5
DA:132,5
DA:133,3
DA:135,2
DA:137,3
DA:138,2
DA:139,2
DA:140,0
DA:142,2
DA:145,3
DA:146,0
DA:147,0
DA:148,0
DA:150,0
DA:153,3
DA:154,1
DA:157,3
DA:158,0
DA:159,0
DA:160,0
DA:161,0
DA:162,0
DA:163,0
DA:165,0
DA:167,0
DA:170,3
DA:171,3
DA:174,3
DA:175,3
DA:177,3
DA:178,0
DA:181,3
DA:182,1
DA:184,3
DA:185,2
DA:187,3
DA:188,6
DA:190,3
LF:107
LH:87
BRDA:49,0,0,7
BRDA:77,1,0,6
BRDA:77,1,1,1
BRDA:79,2,0,2
BRDA:87,3,0,6
BRDA:87,3,1,5
BRDA:93,4,0,6
BRDA:93,4,1,6
BRDA:98,5,0,6
BRDA:98,5,1,4
BRDA:104,6,0,0
BRDA:104,6,1,2
BRDA:123,7,0,1
BRDA:127,8,0,1
BRDA:132,9,0,3
BRDA:139,10,0,0
BRDA:147,11,0,0
BRDA:167,12,0,0
BRDA:161,13,0,0
BRDA:162,14,0,0
BRDA:162,15,0,0
BRDA:162,15,1,0
BRDA:162,16,0,0
BRDA:162,16,1,0
BRF:24
BRH:14
end_of_record
TN:
SF:src/type-definition.ts
FN:13,(anonymous_0)
FN:85,(anonymous_1)
FNF:2
FNH:2
FNDA:21,(anonymous_0)
FNDA:21,(anonymous_1)
DA:13,21
DA:14,21
DA:15,21
DA:85,21
DA:86,21
DA:87,21
DA:88,21
DA:89,21
DA:90,21
LF:9
LH:9
BRDA:13,0,0,21
BRDA:13,0,1,21
BRDA:85,1,0,21
BRDA:85,1,1,21
BRF:4
BRH:4
end_of_record
TN:
SF:src/__tests__/__helpers__/appsync-client.ts
FN:13,(anonymous_20)
FN:15,(anonymous_21)
FN:37,appSyncClient
FN:73,(anonymous_25)
FN:82,(anonymous_26)
FN:86,(anonymous_27)
FN:89,(anonymous_28)
FN:99,(anonymous_29)
FNF:8
FNH:7
FNDA:1,(anonymous_20)
FNDA:1,(anonymous_21)
FNDA:1,appSyncClient
FNDA:1,(anonymous_25)
FNDA:1,(anonymous_26)
FNDA:1,(anonymous_27)
FNDA:1,(anonymous_28)
FNDA:0,(anonymous_29)
DA:5,1
DA:7,1
DA:8,1
DA:13,2
DA:14,1
DA:15,1
DA:37,1
DA:38,1
DA:39,1
DA:40,1
DA:41,1
DA:48,1
DA:51,1
DA:53,0
DA:54,0
DA:57,1
DA:65,1
DA:70,0
DA:73,1
DA:74,1
DA:83,1
DA:84,1
DA:87,1
DA:90,1
DA:91,0
DA:93,1
DA:94,1
DA:95,0
DA:97,1
DA:99,0
DA:102,1
LF:31
LH:25
BRDA:15,0,0,0
BRDA:15,0,1,1
BRDA:73,1,0,1
BRDA:51,2,0,0
BRDA:51,2,1,1
BRDA:51,2,2,0
BRDA:51,2,3,0
BRDA:51,3,0,0
BRDA:51,3,1,1
BRDA:51,4,0,1
BRDA:51,4,1,1
BRDA:60,5,0,1
BRDA:60,5,1,0
BRDA:60,6,0,1
BRDA:60,6,1,1
BRDA:90,7,0,0
BRDA:90,8,0,0
BRDA:90,8,1,1
BRDA:90,9,0,1
BRDA:90,9,1,1
BRDA:94,10,0,0
BRDA:94,11,0,1
BRDA:94,11,1,0
BRDA:94,12,0,1
BRDA:94,12,1,1
BRF:25
BRH:15
end_of_record
TN:
SF:src/__tests__/velocity/util/mock-data.ts
FNF:0
FNH:0
DA:1,1
DA:3,1
LF:2
LH:2
BRF:0
BRH:0
end_of_record
TN:
SF:src/data-loader/index.ts
FN:14,getDataLoader
FN:21,addDataLoader
FN:31,removeDataLoader
FNF:3
FNH:2
FNDA:1,getDataLoader
FNDA:12,addDataLoader
FNDA:0,removeDataLoader
DA:1,3
DA:2,3
DA:3,3
DA:4,3
DA:10,3
DA:14,3
DA:15,1
DA:16,1
DA:18,0
DA:21,3
DA:25,12
DA:26,0
DA:28,12
DA:31,3
DA:32,0
DA:37,3
DA:38,3
DA:39,3
DA:40,3
LF:19
LH:16
BRDA:15,0,0,1
BRDA:25,1,0,0
BRF:2
BRH:1
end_of_record
TN:
SF:src/data-loader/dynamo-db/index.ts
FN:17,(anonymous_23)
FN:21,DynamoDBDataLoader
FN:30,(anonymous_25)
FN:66,(anonymous_28)
FN:84,(anonymous_31)
FN:100,(anonymous_34)
FN:114,(anonymous_37)
FN:142,(anonymous_40)
FN:171,(anonymous_43)
FN:177,(anonymous_44)
FN:198,(anonymous_47)
FN:222,(anonymous_50)
FN:249,(anonymous_53)
FNF:13
FNH:1
FNDA:3,(anonymous_23)
FNDA:0,DynamoDBDataLoader
FNDA:0,(anonymous_25)
FNDA:0,(anonymous_28)
FNDA:0,(anonymous_31)
FNDA:0,(anonymous_34)
FNDA:0,(anonymous_37)
FNDA:0,(anonymous_40)
FNDA:0,(anonymous_43)
FNDA:0,(anonymous_44)
FNDA:0,(anonymous_47)
FNDA:0,(anonymous_50)
FNDA:0,(anonymous_53)
DA:2,3
DA:3,3
DA:17,3
DA:21,0
DA:22,0
DA:23,0
DA:24,0
DA:26,0
DA:27,0
DA:30,3
DA:32,0
DA:33,0
DA:34,0
DA:35,0
DA:36,0
DA:37,0
DA:38,0
DA:39,0
DA:40,0
DA:41,0
DA:42,0
DA:43,0
DA:44,0
DA:45,0
DA:46,0
DA:48,0
DA:49,0
DA:50,0
DA:51,0
DA:53,0
DA:56,0
DA:57,0
DA:58,0
DA:59,0
DA:60,0
DA:62,0
DA:66,3
DA:68,0
DA:69,0
DA:70,0
DA:79,0
DA:81,0
DA:84,3
DA:85,0
DA:86,0
DA:87,0
DA:88,0
DA:89,0
DA:95,0
DA:97,0
DA:100,3
DA:101,0
DA:102,0
DA:110,0
DA:111,0
DA:114,3
DA:116,0
DA:125,0
DA:140,0
DA:142,3
DA:143,0
DA:144,0
DA:145,0
DA:164,0
DA:168,0
DA:170,0
DA:171,0
DA:177,3
DA:178,0
DA:179,0
DA:194,0
DA:195,0
DA:198,3
DA:200,0
DA:208,0
DA:219,0
DA:222,3
DA:223,0
DA:225,0
DA:235,0
DA:236,0
DA:246,0
DA:248,0
DA:249,0
DA:254,3
LF:85
LH:13
BRDA:23,0,0,0
BRDA:23,1,0,0
BRDA:23,1,1,0
BRDA:34,2,0,0
BRDA:34,2,1,0
BRDA:34,2,2,0
BRDA:34,2,3,0
BRDA:34,2,4,0
BRDA:34,2,5,0
BRDA:34,2,6,0
BRDA:34,2,7,0
BRDA:34,2,8,0
BRDA:34,2,9,0
BRDA:34,2,10,0
BRDA:34,2,11,0
BRDA:34,2,12,0
BRDA:34,2,13,0
BRDA:34,2,14,0
BRDA:34,2,15,0
BRDA:33,3,0,0
BRDA:33,3,1,0
BRDA:33,3,2,0
BRDA:33,3,3,0
BRDA:33,3,4,0
BRDA:33,3,5,0
BRDA:33,3,6,0
BRDA:33,3,7,0
BRDA:33,3,8,0
BRDA:33,3,9,0
BRDA:56,4,0,0
BRDA:81,5,0,0
BRDA:97,6,0,0
BRDA:88,7,0,0
BRDA:101,8,0,0
BRDA:101,8,1,0
BRDA:110,9,0,0
BRDA:118,10,0,0
BRDA:118,10,1,0
BRDA:120,11,0,0
BRDA:120,11,1,0
BRDA:121,12,0,0
BRDA:121,12,1,0
BRDA:122,13,0,0
BRDA:122,13,1,0
BRDA:142,14,0,0
BRDA:142,14,1,0
BRDA:142,15,0,0
BRDA:142,15,1,0
BRDA:143,16,0,0
BRDA:143,16,1,0
BRDA:144,17,0,0
BRDA:144,17,1,0
BRDA:150,18,0,0
BRDA:150,18,1,0
BRDA:151,19,0,0
BRDA:151,19,1,0
BRDA:154,20,0,0
BRDA:154,20,1,0
BRDA:155,21,0,0
BRDA:155,21,1,0
BRDA:157,22,0,0
BRDA:157,22,1,0
BRDA:162,23,0,0
BRDA:162,23,1,0
BRDA:167,24,0,0
BRDA:167,24,1,0
BRDA:173,25,0,0
BRDA:173,25,1,0
BRDA:178,26,0,0
BRDA:178,26,1,0
BRDA:178,27,0,0
BRDA:178,27,1,0
BRDA:186,28,0,0
BRDA:186,28,1,0
BRDA:187,29,0,0
BRDA:187,29,1,0
BRDA:190,30,0,0
BRDA:190,30,1,0
BRDA:191,31,0,0
BRDA:191,31,1,0
BRDA:201,32,0,0
BRDA:201,32,1,0
BRDA:203,33,0,0
BRDA:203,33,1,0
BRDA:204,34,0,0
BRDA:204,34,1,0
BRDA:205,35,0,0
BRDA:205,35,1,0
BRDA:223,36,0,0
BRDA:223,36,1,0
BRDA:227,37,0,0
BRDA:227,37,1,0
BRDA:231,38,0,0
BRDA:231,38,1,0
BRDA:235,39,0,0
BRDA:239,40,0,0
BRDA:239,40,1,0
BRDA:242,41,0,0
BRDA:242,41,1,0
BRDA:246,42,0,0
BRDA:246,42,1,0
BRDA:251,43,0,0
BRDA:251,43,1,0
BRF:103
BRH:0
end_of_record
TN:
SF:src/data-loader/dynamo-db/utils/index.ts
FN:3,nullIfEmpty
FN:7,unmarshall
FN:19,(anonymous_4)
FN:25,(anonymous_5)
FNF:4
FNH:0
FNDA:0,nullIfEmpty
FNDA:0,unmarshall
FNDA:0,(anonymous_4)
FNDA:0,(anonymous_5)
DA:1,3
DA:3,3
DA:4,0
DA:7,3
DA:8,0
DA:13,0
DA:14,0
DA:18,0
DA:19,0
DA:23,0
DA:24,0
DA:25,0
DA:33,0
LF:13
LH:3
BRDA:4,0,0,0
BRDA:4,0,1,0
BRDA:7,1,0,0
BRDA:8,2,0,0
BRDA:8,2,1,0
BRDA:13,3,0,0
BRDA:13,4,0,0
BRDA:13,4,1,0
BRDA:13,4,2,0
BRDA:18,5,0,0
BRDA:23,6,0,0
BRDA:23,7,0,0
BRDA:23,7,1,0
BRF:13
BRH:0
end_of_record
TN:
SF:src/data-loader/lambda/index.ts
FN:6,(anonymous_14)
FN:13,(anonymous_15)
FN:14,LambdaDataLoader
FN:16,(anonymous_17)
FNF:4
FNH:1
FNDA:0,(anonymous_14)
FNDA:3,(anonymous_15)
FNDA:0,LambdaDataLoader
FNDA:0,(anonymous_17)
DA:2,3
DA:4,3
DA:6,3
DA:7,0
DA:8,0
DA:10,0
DA:13,3
DA:14,0
DA:16,3
DA:18,0
DA:19,0
DA:20,0
DA:21,0
DA:22,0
DA:23,0
DA:25,0
DA:27,0
DA:29,0
DA:30,0
DA:31,0
DA:34,3
LF:21
LH:6
BRDA:7,0,0,0
BRDA:25,1,0,0
BRDA:25,1,1,0
BRDA:19,2,0,0
BRF:4
BRH:0
end_of_record
TN:
SF:src/data-loader/none/index.ts
FN:3,(anonymous_0)
FN:4,(anonymous_2)
FNF:2
FNH:2
FNDA:4,(anonymous_0)
FNDA:1,(anonymous_2)
DA:3,3
DA:4,3
DA:5,1
DA:7,3
LF:4
LH:4
BRDA:5,0,0,1
BRDA:5,0,1,0
BRF:2
BRH:1
end_of_record
TN:
SF:src/data-loader/opensearch/index.ts
FN:5,(anonymous_13)
FN:6,OpenSearchDataLoader
FN:8,(anonymous_15)
FNF:3
FNH:1
FNDA:3,(anonymous_13)
FNDA:0,OpenSearchDataLoader
FNDA:0,(anonymous_15)
DA:2,3
DA:3,3
DA:5,3
DA:6,0
DA:8,3
DA:10,0
DA:11,0
DA:13,0
DA:15,0
DA:16,0
DA:26,3
LF:11
LH:5
BRDA:13,0,0,0
BRDA:10,1,0,0
BRDA:10,2,0,0
BRDA:10,2,1,0
BRDA:10,3,0,0
BRDA:10,3,1,0
BRDA:10,4,0,0
BRDA:10,4,1,0
BRDA:10,5,0,0
BRDA:10,5,1,0
BRDA:15,6,0,0
BRDA:15,6,1,0
BRDA:15,7,0,0
BRDA:15,7,1,0
BRF:14
BRH:0
end_of_record
TN:
SF:src/resolvers/base-resolver.ts
FN:5,(anonymous_0)
FN:6,AppSyncBaseResolver
FN:21,(anonymous_2)
FN:34,(anonymous_3)
FNF:4
FNH:4
FNDA:5,(anonymous_0)
FNDA:20,AppSyncBaseResolver
FNDA:32,(anonymous_2)
FNDA:29,(anonymous_3)
DA:3,5
DA:5,5
DA:6,20
DA:7,20
DA:8,20
DA:10,3
DA:13,17
DA:14,17
DA:16,0
DA:21,5
DA:22,32
DA:23,4
DA:31,28
DA:34,5
DA:35,29
DA:36,4
DA:44,25
DA:46,5
LF:18
LH:17
BRDA:22,0,0,4
BRDA:35,1,0,4
BRF:2
BRH:2
end_of_record
TN:
SF:src/resolvers/function.ts
FN:5,(anonymous_20)
FN:6,AmplifySimulatorFunction
FN:19,(anonymous_22)
FNF:3
FNH:1
FNDA:3,(anonymous_20)
FNDA:0,AmplifySimulatorFunction
FNDA:0,(anonymous_22)
DA:3,3
DA:5,3
DA:6,0
DA:7,0
DA:8,0
DA:9,0
DA:10,0
DA:12,0
DA:14,0
DA:15,0
DA:19,3
DA:20,0
DA:21,0
DA:22,0
DA:23,0
DA:24,0
DA:26,0
DA:27,0
DA:29,0
DA:31,0
DA:39,0
DA:43,0
DA:46,0
DA:51,0
DA:52,0
DA:59,3
LF:26
LH:4
BRDA:7,0,0,0
BRDA:7,0,1,0
BRDA:9,1,0,0
BRDA:14,2,0,0
BRDA:46,3,0,0
BRDA:29,4,0,0
BRDA:29,5,0,0
BRDA:29,5,1,0
BRF:8
BRH:0
end_of_record
TN:
SF:src/resolvers/index.ts
FN:1,(anonymous_0)
FNF:1
FNH:1
FNDA:2,(anonymous_0)
DA:1,5
LF:1
LH:1
BRF:0
BRH:0
end_of_record
TN:
SF:src/resolvers/pipeline-resolver.ts
FN:5,(anonymous_20)
FN:6,AppSyncPipelineResolver
FN:9,(anonymous_22)
FN:20,(anonymous_23)
FNF:4
FNH:4
FNDA:4,(anonymous_20)
FNDA:10,AppSyncPipelineResolver
FNDA:18,(anonymous_22)
FNDA:6,(anonymous_23)
DA:2,4
DA:5,4
DA:6,9
DA:7,10
DA:8,9
DA:9,18
DA:11,0
DA:13,18
DA:14,9
DA:15,0
DA:17,9
DA:20,4
DA:21,6
DA:22,6
DA:24,6
DA:25,6
DA:31,6
DA:40,6
DA:42,6
DA:44,1
DA:47,5
DA:48,21
DA:49,9
DA:50,9
DA:53,9
DA:54,1
DA:59,4
DA:64,4
DA:65,4
DA:67,4
LF:30
LH:28
BRDA:7,0,0,10
BRDA:7,0,1,9
BRDA:14,1,0,0
BRDA:14,2,0,9
BRDA:14,2,1,9
BRDA:40,3,0,6
BRDA:40,3,1,1
BRDA:42,4,0,1
BRDA:42,5,0,6
BRDA:42,5,1,5
BRDA:48,6,0,4
BRDA:53,7,0,1
BRDA:64,8,0,4
BRDA:64,8,1,0
BRF:14
BRH:12
end_of_record
TN:
SF:src/resolvers/unit-resolver.ts
FN:5,(anonymous_20)
FN:7,AppSyncUnitResolver
FN:21,(anonymous_22)
FNF:3
FNH:3
FNDA:4,(anonymous_20)
FNDA:10,AppSyncUnitResolver
FNDA:6,(anonymous_22)
DA:2,4
DA:5,4
DA:8,10
DA:9,8
DA:10,8
DA:12,0
DA:14,16
DA:15,8
DA:16,0
DA:18,8
DA:21,4
DA:22,6
DA:23,6
DA:24,6
DA:25,6
DA:31,6
DA:32,6
DA:34,6
DA:36,1
DA:39,5
DA:41,2
DA:43,1
DA:45,1
DA:48,4
DA:49,0
DA:52,4
DA:57,4
DA:59,4
DA:61,4
LF:29
LH:26
BRDA:8,0,0,10
BRDA:8,0,1,8
BRDA:15,1,0,0
BRDA:15,2,0,8
BRDA:15,2,1,8
BRDA:34,3,0,1
BRDA:34,4,0,6
BRDA:34,4,1,5
BRDA:41,5,0,1
BRDA:41,5,1,1
BRDA:41,6,0,2
BRDA:41,6,1,2
BRDA:48,7,0,0
BRDA:48,8,0,4
BRDA:48,8,1,4
BRDA:48,8,2,3
BRF:16
BRH:14
end_of_record
TN:
SF:src/schema/index.ts
FN:8,generateResolvers
FN:15,(anonymous_17)
FN:20,(anonymous_18)
FN:24,(anonymous_19)
FN:29,(anonymous_20)
FN:29,(anonymous_21)
FN:50,(anonymous_23)
FN:91,generateDefaultSubscriptions
FN:96,(anonymous_25)
FN:96,(anonymous_26)
FN:104,(anonymous_27)
FN:105,(anonymous_28)
FN:107,(anonymous_29)
FN:108,(anonymous_30)
FNF:14
FNH:10
FNDA:1,generateResolvers
FNDA:9,(anonymous_17)
FNDA:3,(anonymous_18)
FNDA:1,(anonymous_19)
FNDA:1,(anonymous_20)
FNDA:1,(anonymous_21)
FNDA:0,(anonymous_23)
FNDA:1,generateDefaultSubscriptions
FNDA:1,(anonymous_25)
FNDA:0,(anonymous_26)
FNDA:1,(anonymous_27)
FNDA:1,(anonymous_28)
FNDA:0,(anonymous_29)
FNDA:0,(anonymous_30)
DA:1,3
DA:2,3
DA:5,3
DA:6,3
DA:8,4
DA:10,1
DA:13,1
DA:15,9
DA:20,3
DA:21,1
DA:23,1
DA:25,1
DA:26,1
DA:27,1
DA:28,1
DA:29,1
DA:30,1
DA:33,1
DA:34,1
DA:35,1
DA:36,0
DA:38,0
DA:39,0
DA:42,0
DA:44,0
DA:46,0
DA:52,0
DA:53,0
DA:55,0
DA:60,1
DA:67,1
DA:69,1
DA:70,1
DA:76,0
DA:79,1
DA:96,1
DA:97,1
DA:98,1
DA:99,1
DA:100,1
DA:101,1
DA:102,1
DA:103,1
DA:104,1
DA:106,1
DA:107,0
DA:108,0
DA:110,1
DA:114,0
LF:49
LH:36
BRDA:10,0,0,0
BRDA:25,1,0,1
BRDA:25,1,1,1
BRDA:46,2,0,0
BRDA:33,3,0,0
BRDA:36,4,0,0
BRDA:48,5,0,0
BRDA:48,5,1,1
BRDA:52,6,0,0
BRDA:69,7,0,1
BRDA:69,7,1,0
BRDA:69,8,0,1
BRDA:69,8,1,0
BRDA:99,9,0,1
BRDA:101,10,0,1
BRF:15
BRH:7
end_of_record
TN:
SF:src/schema/appsync-scalars/index.ts
FN:13,(anonymous_12)
FN:28,(anonymous_13)
FN:29,AWSPhone
FN:34,(anonymous_15)
FN:41,(anonymous_16)
FN:48,(anonymous_17)
FN:56,(anonymous_18)
FN:59,(anonymous_19)
FN:62,(anonymous_20)
FN:70,(anonymous_21)
FN:73,(anonymous_22)
FN:76,(anonymous_23)
FN:84,(anonymous_24)
FN:87,(anonymous_25)
FN:90,(anonymous_26)
FN:101,(anonymous_27)
FN:104,(anonymous_28)
FN:107,(anonymous_29)
FN:117,(anonymous_30)
FN:131,(anonymous_31)
FN:134,(anonymous_32)
FN:137,(anonymous_33)
FN:145,(anonymous_34)
FN:160,(anonymous_35)
FN:163,(anonymous_36)
FN:166,(anonymous_37)
FN:175,(anonymous_38)
FN:193,(anonymous_39)
FN:202,(anonymous_40)
FN:207,(anonymous_41)
FN:215,(anonymous_42)
FN:236,wrapSchema
FN:238,(anonymous_44)
FNF:33
FNH:12
FNDA:0,(anonymous_12)
FNDA:8,(anonymous_13)
FNDA:8,AWSPhone
FNDA:0,(anonymous_15)
FNDA:0,(anonymous_16)
FNDA:0,(anonymous_17)
FNDA:0,(anonymous_18)
FNDA:0,(anonymous_19)
FNDA:0,(anonymous_20)
FNDA:0,(anonymous_21)
FNDA:0,(anonymous_22)
FNDA:0,(anonymous_23)
FNDA:1,(anonymous_24)
FNDA:0,(anonymous_25)
FNDA:0,(anonymous_26)
FNDA:0,(anonymous_27)
FNDA:0,(anonymous_28)
FNDA:2,(anonymous_29)
FNDA:3,(anonymous_30)
FNDA:0,(anonymous_31)
FNDA:3,(anonymous_32)
FNDA:0,(anonymous_33)
FNDA:8,(anonymous_34)
FNDA:3,(anonymous_35)
FNDA:8,(anonymous_36)
FNDA:0,(anonymous_37)
FNDA:2,(anonymous_38)
FNDA:0,(anonymous_39)
FNDA:3,(anonymous_40)
FNDA:3,(anonymous_41)
FNDA:0,(anonymous_42)
FNDA:0,wrapSchema
FNDA:0,(anonymous_44)
DA:1,8
DA:2,8
DA:3,8
DA:4,8
DA:6,8
DA:9,8
DA:13,8
DA:14,0
DA:15,0
DA:16,0
DA:17,0
DA:20,0
DA:21,0
DA:22,0
DA:25,0
DA:28,8
DA:29,8
DA:30,16
DA:31,8
DA:35,0
DA:39,0
DA:42,0
DA:46,0
DA:48,0
DA:51,8
DA:53,8
DA:57,0
DA:60,0
DA:63,0
DA:67,8
DA:71,0
DA:74,0
DA:77,0
DA:81,8
DA:85,1
DA:88,0
DA:91,0
DA:95,8
DA:102,0
DA:105,0
DA:108,2
DA:109,1
DA:112,1
DA:117,8
DA:118,3
DA:119,0
DA:121,3
DA:122,2
DA:125,1
DA:128,8
DA:132,0
DA:135,3
DA:138,0
DA:139,0
DA:141,0
DA:145,8
DA:146,8
DA:147,2
DA:150,6
DA:151,6
DA:153,2
DA:157,8
DA:161,3
DA:164,8
DA:167,0
DA:168,0
DA:171,0
DA:175,8
DA:176,2
DA:177,1
DA:180,1
DA:181,1
DA:184,0
DA:187,8
DA:194,0
DA:195,0
DA:198,0
DA:202,8
DA:204,8
DA:208,3
DA:209,2
DA:212,1
DA:216,0
DA:217,0
DA:220,0
DA:224,8
DA:236,8
DA:237,0
DA:238,0
DA:241,0
LF:90
LH:49
BRDA:14,0,0,0
BRDA:14,0,1,0
BRDA:16,1,0,0
BRDA:21,2,0,0
BRDA:29,3,0,0
BRDA:31,4,0,8
BRDA:31,4,1,8
BRDA:60,5,0,0
BRDA:60,5,1,0
BRDA:63,6,0,0
BRDA:63,6,1,0
BRDA:74,7,0,0
BRDA:74,7,1,0
BRDA:77,8,0,0
BRDA:77,8,1,0
BRDA:88,9,0,0
BRDA:88,9,1,0
BRDA:91,10,0,0
BRDA:91,10,1,0
BRDA:105,11,0,0
BRDA:105,11,1,0
BRDA:108,12,0,1
BRDA:118,13,0,0
BRDA:121,14,0,2
BRDA:121,15,0,3
BRDA:121,15,1,2
BRDA:138,16,0,0
BRDA:146,17,0,2
BRDA:167,18,0,0
BRDA:176,19,0,1
BRDA:180,20,0,1
BRDA:194,21,0,0
BRDA:202,22,0,2
BRDA:202,22,1,1
BRDA:208,23,0,2
BRDA:216,24,0,0
BRF:36
BRH:12
end_of_record
TN:
SF:src/schema/directives/auth.ts
FN:35,(anonymous_1)
FN:36,(anonymous_2)
FN:38,(anonymous_3)
FN:40,(anonymous_4)
FN:44,(anonymous_5)
FN:55,(anonymous_6)
FN:72,(anonymous_7)
FN:76,getFieldAuthType
FN:88,getAllowedCognitoGroups
FN:94,(anonymous_10)
FN:95,(anonymous_11)
FN:101,(anonymous_12)
FN:101,(anonymous_13)
FN:102,(anonymous_14)
FN:107,getAuthDirective
FN:112,(anonymous_16)
FN:113,(anonymous_17)
FN:114,(anonymous_18)
FN:119,getDirectiveArgumentValues
FN:121,(anonymous_20)
FN:122,(anonymous_21)
FN:125,getCognitoGroups
FNF:22
FNH:21
FNDA:1,(anonymous_1)
FNDA:1,(anonymous_2)
FNDA:4,(anonymous_3)
FNDA:7,(anonymous_4)
FNDA:5,(anonymous_5)
FNDA:5,(anonymous_6)
FNDA:1,(anonymous_7)
FNDA:7,getFieldAuthType
FNDA:7,getAllowedCognitoGroups
FNDA:1,(anonymous_10)
FNDA:1,(anonymous_11)
FNDA:4,(anonymous_12)
FNDA:0,(anonymous_13)
FNDA:4,(anonymous_14)
FNDA:26,getAuthDirective
FNDA:12,(anonymous_16)
FNDA:12,(anonymous_17)
FNDA:10,(anonymous_18)
FNDA:5,getDirectiveArgumentValues
FNDA:5,(anonymous_20)
FNDA:5,(anonymous_21)
FNDA:5,getCognitoGroups
DA:1,3
DA:10,3
DA:12,3
DA:13,3
DA:15,3
DA:26,3
DA:35,3
DA:36,1
DA:37,1
DA:39,4
DA:40,4
DA:41,7
DA:42,7
DA:43,7
DA:44,7
DA:45,5
DA:46,5
DA:47,0
DA:48,0
DA:50,5
DA:54,5
DA:55,5
DA:56,5
DA:57,0
DA:58,0
DA:61,5
DA:64,7
DA:66,4
DA:72,3
DA:73,1
DA:77,7
DA:78,7
DA:79,1
DA:81,6
DA:82,6
DA:83,4
DA:85,2
DA:89,7
DA:90,7
DA:91,7
DA:92,7
DA:93,1
DA:94,1
DA:95,1
DA:98,6
DA:99,6
DA:100,4
DA:101,4
DA:102,4
DA:104,2
DA:108,26
DA:109,26
DA:112,12
DA:113,12
DA:114,10
DA:120,5
DA:121,5
DA:122,5
DA:125,5
DA:126,5
LF:60
LH:56
BRDA:46,0,0,0
BRDA:50,1,0,5
BRDA:51,2,0,5
BRDA:51,2,1,5
BRDA:54,3,0,5
BRDA:54,3,1,0
BRDA:56,4,0,0
BRDA:61,5,0,5
BRDA:61,5,1,4
BRDA:78,6,0,1
BRDA:82,7,0,4
BRDA:92,8,0,1
BRDA:99,9,0,4
BRDA:125,10,0,0
BRDA:126,11,0,5
BRDA:126,11,1,0
BRF:16
BRH:11
end_of_record
TN:
SF:src/schema/directives/aws-subscribe.ts
FN:6,(anonymous_13)
FN:8,(anonymous_14)
FN:11,(anonymous_15)
FN:13,(anonymous_16)
FN:18,(anonymous_17)
FN:18,(anonymous_18)
FN:21,(anonymous_20)
FN:21,(anonymous_21)
FN:35,(anonymous_23)
FN:37,(anonymous_24)
FNF:10
FNH:10
FNDA:1,(anonymous_13)
FNDA:1,(anonymous_14)
FNDA:1,(anonymous_15)
FNDA:1,(anonymous_16)
FNDA:1,(anonymous_17)
FNDA:1,(anonymous_18)
FNDA:1,(anonymous_20)
FNDA:1,(anonymous_21)
FNDA:1,(anonymous_23)
FNDA:1,(anonymous_24)
DA:2,3
DA:5,3
DA:6,3
DA:8,3
DA:11,1
DA:12,1
DA:14,1
DA:15,1
DA:16,1
DA:17,1
DA:18,1
DA:19,1
DA:20,2
DA:21,1
DA:22,2
DA:25,1
DA:27,1
DA:29,1
DA:35,3
DA:36,1
DA:37,1
DA:38,1
DA:39,1
DA:40,1
DA:41,1
DA:42,1
DA:45,0
LF:27
LH:26
BRDA:14,0,0,0
BRDA:14,0,1,1
BRDA:14,1,0,1
BRDA:14,1,1,1
BRDA:15,2,0,1
BRDA:15,2,1,0
BRDA:15,3,0,0
BRDA:15,3,1,1
BRDA:15,4,0,1
BRDA:15,4,1,1
BRDA:16,5,0,1
BRDA:19,6,0,1
BRDA:22,7,0,1
BRDA:38,8,0,0
BRDA:38,8,1,1
BRDA:38,9,0,1
BRDA:38,9,1,1
BRDA:39,10,0,1
BRDA:41,11,0,1
BRF:19
BRH:15
end_of_record
TN:
SF:src/schema/directives/index.ts
FN:5,(anonymous_0)
FN:9,(anonymous_1)
FNF:2
FNH:2
FNDA:1,(anonymous_0)
FNDA:1,(anonymous_1)
DA:2,3
DA:3,3
DA:5,3
DA:6,1
DA:9,3
DA:10,1
DA:11,1
DA:12,1
LF:8
LH:8
BRF:0
BRH:0
end_of_record
TN:
SF:src/server/index.ts
FN:14,(anonymous_14)
FN:20,AppSyncSimulatorServer
FN:30,(anonymous_16)
FN:50,(anonymous_19)
FN:55,(anonymous_20)
FN:59,(anonymous_23)
FNF:6
FNH:6
FNDA:3,(anonymous_14)
FNDA:7,AppSyncSimulatorServer
FNDA:1,(anonymous_16)
FNDA:1,(anonymous_19)
FNDA:1,(anonymous_20)
FNDA:1,(anonymous_23)
DA:1,3
DA:4,3
DA:5,3
DA:6,3
DA:7,3
DA:8,3
DA:9,3
DA:11,3
DA:12,3
DA:14,3
DA:20,7
DA:21,7
DA:22,7
DA:23,7
DA:30,3
DA:31,1
DA:33,2
DA:35,1
DA:36,1
DA:41,0
DA:45,0
DA:49,1
DA:50,2
DA:51,1
DA:55,3
DA:56,2
DA:57,1
DA:59,3
DA:60,1
DA:64,3
LF:30
LH:28
BRDA:35,0,0,0
BRDA:56,1,0,1
BRF:2
BRH:1
end_of_record
TN:
SF:src/server/operations.ts
FN:19,(anonymous_14)
FN:22,OperationServer
FN:36,(anonymous_16)
FN:36,(anonymous_17)
FN:48,(anonymous_19)
FN:52,(anonymous_20)
FN:52,(anonymous_21)
FN:118,(anonymous_23)
FNF:8
FNH:5
FNDA:3,(anonymous_14)
FNDA:7,OperationServer
FNDA:0,(anonymous_16)
FNDA:0,(anonymous_17)
FNDA:0,(anonymous_19)
FNDA:1,(anonymous_20)
FNDA:1,(anonymous_21)
FNDA:7,(anonymous_23)
DA:1,3
DA:2,3
DA:3,3
DA:4,3
DA:7,3
DA:9,3
DA:10,3
DA:11,3
DA:12,3
DA:13,3
DA:16,3
DA:18,3
DA:19,3
DA:22,7
DA:23,7
DA:24,7
DA:25,7
DA:27,7
DA:29,7
DA:31,7
DA:33,7
DA:36,7
DA:37,0
DA:39,0
DA:40,0
DA:41,0
DA:43,0
DA:44,0
DA:48,7
DA:49,0
DA:52,7
DA:54,1
DA:55,1
DA:56,1
DA:57,1
DA:59,0
DA:69,1
DA:70,1
DA:72,1
DA:73,0
DA:78,1
DA:79,1
DA:80,1
DA:81,1
DA:83,1
DA:91,1
DA:92,0
DA:93,1
DA:94,1
DA:95,1
DA:97,0
DA:98,0
DA:99,0
DA:100,0
DA:102,0
DA:109,0
DA:112,0
DA:113,0
DA:118,3
DA:119,7
DA:121,3
LF:61
LH:43
BRDA:94,0,0,1
BRDA:94,0,1,0
BRDA:94,0,2,0
BRDA:69,1,0,1
BRDA:69,1,1,0
BRDA:72,2,0,0
BRDA:79,3,0,1
BRDA:79,3,1,1
BRDA:82,4,0,0
BRDA:82,4,1,1
BRDA:92,5,0,0
BRDA:92,5,1,1
BRDA:92,5,2,0
BRDA:99,6,0,0
BRF:14
BRH:6
end_of_record
TN:
SF:src/server/websocket-subscription.ts
FN:9,(anonymous_13)
FN:11,AppSyncSimulatorSubscriptionServer
FN:36,(anonymous_15)
FN:41,(anonymous_16)
FN:61,(anonymous_18)
FN:65,(anonymous_19)
FN:29,(anonymous_20)
FN:32,(anonymous_21)
FNF:8
FNH:8
FNDA:4,(anonymous_13)
FNDA:14,AppSyncSimulatorSubscriptionServer
FNDA:2,(anonymous_15)
FNDA:2,(anonymous_16)
FNDA:2,(anonymous_18)
FNDA:2,(anonymous_19)
FNDA:2,(anonymous_20)
FNDA:2,(anonymous_21)
DA:4,4
DA:6,4
DA:7,4
DA:9,4
DA:11,14
DA:12,14
DA:13,14
DA:14,14
DA:16,14
DA:17,14
DA:18,14
DA:29,4
DA:30,2
DA:32,4
DA:33,4
DA:36,14
DA:41,2
DA:43,2
DA:44,2
DA:45,2
DA:46,2
DA:47,2
DA:54,2
DA:55,2
DA:56,0
DA:58,2
DA:61,14
DA:62,2
DA:65,14
DA:66,2
DA:68,4
LF:31
LH:30
BRDA:14,0,0,0
BRDA:55,1,0,0
BRDA:33,2,0,2
BRF:3
BRH:1
end_of_record
TN:
SF:src/server/subscription/websocket-server/message-type-guards.ts
FN:2,(anonymous_6)
FN:65,isSubscriptionStartMessage
FN:81,isSubscriptionStopMessage
FN:89,isSubscriptionConnectionInitMessage
FNF:4
FNH:4
FNDA:5,(anonymous_6)
FNDA:8,isSubscriptionStartMessage
FNDA:1,isSubscriptionStopMessage
FNDA:8,isSubscriptionConnectionInitMessage
DA:1,5
DA:2,5
DA:65,5
DA:66,8
DA:67,8
DA:68,8
DA:69,8
DA:70,8
DA:71,8
DA:72,8
DA:74,0
DA:76,8
DA:78,8
DA:81,5
DA:82,1
DA:83,1
DA:84,1
DA:86,1
DA:89,5
DA:90,8
DA:91,8
DA:92,8
LF:22
LH:21
BRDA:66,0,0,0
BRDA:67,1,0,0
BRDA:68,2,0,0
BRDA:69,3,0,0
BRDA:69,4,0,8
BRDA:69,4,1,8
BRDA:72,5,0,0
BRDA:76,6,0,0
BRDA:76,7,0,8
BRDA:76,7,1,8
BRDA:76,7,2,8
BRDA:82,8,0,0
BRDA:83,9,0,0
BRDA:84,10,0,0
BRDA:90,11,0,0
BRDA:91,12,0,0
BRF:16
BRH:5
end_of_record
TN:
SF:src/server/subscription/websocket-server/message-types.ts
FN:1,(anonymous_0)
FNF:1
FNH:1
FNDA:5,(anonymous_0)
DA:1,5
DA:6,5
DA:11,5
DA:16,5
DA:21,5
DA:26,5
DA:31,5
DA:36,5
DA:41,5
DA:46,5
DA:51,5
LF:11
LH:11
BRDA:1,0,0,5
BRDA:1,0,1,5
BRF:2
BRH:2
end_of_record
TN:
SF:src/server/subscription/websocket-server/server.ts
FN:52,(anonymous_21)
FN:59,(anonymous_24)
FN:64,WebsocketSubscriptionServer
FN:93,(anonymous_26)
FN:93,(anonymous_27)
FN:104,(anonymous_29)
FN:106,(anonymous_30)
FN:113,(anonymous_32)
FN:113,(anonymous_33)
FN:124,(anonymous_35)
FN:124,(anonymous_36)
FN:142,(anonymous_38)
FN:146,(anonymous_39)
FN:146,(anonymous_40)
FN:166,(anonymous_42)
FN:166,(anonymous_43)
FN:170,(anonymous_45)
FN:177,(anonymous_46)
FN:203,(anonymous_47)
FN:213,(anonymous_48)
FN:224,(anonymous_49)
FN:225,(anonymous_50)
FN:230,(anonymous_51)
FN:245,(anonymous_52)
FN:245,(anonymous_53)
FN:274,(anonymous_55)
FN:274,(anonymous_56)
FN:72,(anonymous_58)
FN:76,(anonymous_59)
FN:84,(anonymous_60)
FNF:30
FNH:29
FNDA:0,(anonymous_21)
FNDA:5,(anonymous_24)
FNDA:20,WebsocketSubscriptionServer
FNDA:15,(anonymous_26)
FNDA:15,(anonymous_27)
FNDA:1,(anonymous_29)
FNDA:1,(anonymous_30)
FNDA:7,(anonymous_32)
FNDA:7,(anonymous_33)
FNDA:13,(anonymous_35)
FNDA:13,(anonymous_36)
FNDA:18,(anonymous_38)
FNDA:4,(anonymous_39)
FNDA:4,(anonymous_40)
FNDA:4,(anonymous_42)
FNDA:4,(anonymous_43)
FNDA:3,(anonymous_45)
FNDA:18,(anonymous_46)
FNDA:29,(anonymous_47)
FNDA:6,(anonymous_48)
FNDA:16,(anonymous_49)
FNDA:6,(anonymous_50)
FNDA:8,(anonymous_51)
FNDA:8,(anonymous_52)
FNDA:8,(anonymous_53)
FNDA:7,(anonymous_55)
FNDA:7,(anonymous_56)
FNDA:20,(anonymous_58)
FNDA:14,(anonymous_59)
FNDA:14,(anonymous_60)
DA:1,5
DA:4,5
DA:5,5
DA:6,5
DA:15,5
DA:16,5
DA:18,5
DA:19,5
DA:20,5
DA:22,5
DA:51,5
DA:52,0
DA:59,5
DA:64,20
DA:65,20
DA:66,20
DA:67,20
DA:68,20
DA:72,5
DA:73,20
DA:76,5
DA:77,14
DA:78,0
DA:81,14
DA:84,5
DA:85,14
DA:87,36
DA:88,22
DA:90,14
DA:93,20
DA:94,30
DA:95,10
DA:97,15
DA:98,8
DA:99,8
DA:101,15
DA:104,20
DA:106,1
DA:108,1
DA:109,2
DA:110,1
DA:113,20
DA:114,7
DA:115,7
DA:116,7
DA:117,14
DA:120,7
DA:124,20
DA:125,13
DA:127,13
DA:128,1
DA:130,12
DA:136,12
DA:138,24
DA:140,11
DA:142,11
DA:143,18
DA:146,11
DA:147,4
DA:149,4
DA:151,4
DA:152,8
DA:155,11
DA:157,11
DA:159,11
DA:161,2
DA:162,2
DA:166,20
DA:167,8
DA:168,4
DA:169,4
DA:170,4
DA:172,3
DA:177,20
DA:178,18
DA:179,18
DA:180,18
DA:182,8
DA:183,8
DA:185,0
DA:187,8
DA:188,8
DA:190,0
DA:192,1
DA:193,1
DA:196,1
DA:198,1
DA:200,1
DA:203,20
DA:204,29
DA:209,29
DA:210,25
DA:213,20
DA:217,11
DA:219,6
DA:220,0
DA:222,6
DA:224,20
DA:225,16
DA:226,6
DA:230,20
DA:231,8
DA:232,8
DA:238,8
DA:239,8
DA:242,8
DA:245,20
DA:246,8
DA:247,8
DA:248,8
DA:249,8
DA:250,8
DA:251,15
DA:252,2
DA:254,8
DA:255,8
DA:256,1
DA:260,1
DA:262,7
DA:268,7
DA:269,7
DA:270,14
DA:274,20
DA:275,7
DA:276,7
DA:278,8
DA:279,8
DA:280,8
DA:281,7
DA:283,1
DA:284,1
DA:286,5
LF:132
LH:127
BRDA:94,0,0,15
BRDA:97,1,0,8
BRDA:114,2,0,0
BRDA:114,3,0,7
BRDA:114,3,1,7
BRDA:116,4,0,0
BRDA:127,5,0,1
BRDA:127,6,0,13
BRDA:127,6,1,13
BRDA:167,7,0,4
BRDA:168,8,0,4
BRDA:169,9,0,0
BRDA:169,9,1,4
BRDA:180,10,0,8
BRDA:180,10,1,8
BRDA:180,10,2,1
BRDA:182,11,0,8
BRDA:187,12,0,8
BRDA:192,13,0,1
BRDA:209,14,0,25
BRDA:217,15,0,5
BRDA:219,16,0,0
BRDA:254,17,0,8
BRDA:251,18,0,7
BRDA:251,19,0,8
BRDA:251,19,1,8
BRDA:255,20,0,7
BRDA:258,21,0,1
BRDA:258,21,1,1
BRDA:278,22,0,8
BRDA:280,23,0,7
BRDA:284,24,0,1
BRDA:67,25,0,20
BRDA:77,26,0,0
BRDA:85,27,0,0
BRDA:85,27,1,14
BRDA:85,28,0,14
BRDA:85,28,1,14
BRDA:87,29,0,14
BRDA:90,30,0,0
BRDA:90,30,1,14
BRDA:90,31,0,14
BRDA:90,31,1,14
BRF:43
BRH:36
end_of_record
TN:
SF:src/server/subscription/websocket-server/utils/decode-header.ts
FN:2,decodeHeaderFromQueryParam
FNF:1
FNH:1
FNDA:16,decodeHeaderFromQueryParam
DA:1,6
DA:2,30
DA:3,16
DA:4,16
DA:5,16
DA:6,16
DA:7,13
DA:9,3
LF:8
LH:8
BRDA:2,0,0,14
BRDA:6,1,0,13
BRF:2
BRH:2
end_of_record
TN:
SF:src/server/subscription/websocket-server/utils/index.ts
FNF:0
FNH:0
DA:1,5
LF:1
LH:1
BRF:0
BRH:0
end_of_record
TN:
SF:src/utils/expose-graphql-errors.ts
FN:12,exposeGraphQLErrors
FN:13,(anonymous_3)
FN:15,(anonymous_4)
FNF:3
FNH:2
FNDA:2,exposeGraphQLErrors
FNDA:2,(anonymous_3)
FNDA:0,(anonymous_4)
DA:12,6
DA:13,2
DA:14,2
DA:15,0
DA:16,0
DA:18,0
DA:20,2
LF:7
LH:4
BRDA:12,0,0,0
BRDA:14,1,0,0
BRDA:14,2,0,2
BRDA:14,2,1,1
BRF:4
BRH:2
end_of_record
TN:
SF:src/utils/index.ts
FNF:0
FNH:0
DA:2,3
LF:1
LH:1
BRF:0
BRH:0
end_of_record
TN:
SF:src/utils/auth-helpers/current-auth-mode.ts
FN:4,getAuthorizationMode
FNF:1
FNH:1
FNDA:14,getAuthorizationMode
DA:1,5
DA:2,5
DA:4,5
DA:8,14
DA:9,14
DA:10,14
DA:11,14
DA:12,14
DA:13,14
DA:14,14
DA:15,14
DA:16,14
DA:18,14
DA:19,10
DA:20,2
DA:21,1
DA:24,1
DA:28,12
DA:29,11
DA:30,8
DA:31,8
DA:32,1
DA:36,10
DA:37,7
DA:38,5
DA:39,5
DA:40,2
DA:44,5
DA:45,3
DA:49,3
DA:50,1
DA:54,7
DA:57,1
LF:33
LH:33
BRDA:10,0,0,0
BRDA:10,0,1,14
BRDA:18,1,0,10
BRDA:19,2,0,2
BRDA:20,3,0,1
BRDA:28,4,0,11
BRDA:29,5,0,8
BRDA:31,6,0,1
BRDA:36,7,0,7
BRDA:37,8,0,5
BRDA:39,9,0,2
BRDA:44,10,0,3
BRDA:49,11,0,1
BRF:13
BRH:12
end_of_record
TN:
SF:src/utils/auth-helpers/helpers.ts
FN:36,extractJwtToken
FN:44,extractIamToken
FN:64,isValidOIDCToken
FN:66,(anonymous_5)
FN:67,(anonymous_6)
FN:77,extractHeader
FN:78,(anonymous_8)
FN:83,getAllowedAuthTypes
FN:84,(anonymous_10)
FNF:9
FNH:9
FNDA:2,extractJwtToken
FNDA:3,extractIamToken
FNDA:4,isValidOIDCToken
FNDA:10,(anonymous_5)
FNDA:6,(anonymous_6)
FNDA:6,extractHeader
FNDA:12,(anonymous_8)
FNDA:2,getAllowedAuthTypes
FNDA:6,(anonymous_10)
DA:1,7
DA:2,7
DA:36,7
DA:37,2
DA:38,2
DA:40,0
DA:44,7
DA:45,3
DA:46,3
DA:47,1
DA:49,2
DA:50,1
DA:56,1
DA:64,7
DA:65,4
DA:66,10
DA:68,6
DA:73,4
DA:75,4
DA:77,7
DA:78,12
DA:79,6
DA:80,6
DA:83,7
DA:84,6
LF:25
LH:24
BRDA:45,0,0,2
BRDA:45,0,1,1
BRDA:45,1,0,0
BRDA:45,1,1,2
BRDA:45,2,0,2
BRDA:45,2,1,2
BRDA:46,3,0,1
BRDA:49,4,0,1
BRDA:49,4,1,1
BRDA:68,5,0,0
BRDA:68,5,1,6
BRDA:68,6,0,6
BRDA:68,6,1,6
BRDA:73,7,0,1
BRDA:73,7,1,3
BRDA:75,8,0,4
BRDA:75,8,1,3
BRDA:79,9,0,6
BRDA:79,9,1,4
BRDA:80,10,0,4
BRDA:80,10,1,2
BRDA:80,11,0,0
BRDA:80,11,1,4
BRF:23
BRH:20
end_of_record
TN:
SF:src/utils/auth-helpers/index.ts
FN:1,(anonymous_0)
FN:1,(anonymous_1)
FN:1,(anonymous_2)
FN:1,(anonymous_3)
FN:2,(anonymous_4)
FNF:5
FNH:5
FNDA:2,(anonymous_0)
FNDA:2,(anonymous_1)
FNDA:1,(anonymous_2)
FNDA:1,(anonymous_3)
FNDA:2,(anonymous_4)
DA:1,6
DA:2,6
LF:2
LH:2
BRF:0
BRH:0
end_of_record
TN:
SF:src/utils/graphql-runner/helpers.ts
FN:3,(anonymous_0)
FNF:1
FNH:1
FNDA:9,(anonymous_0)
DA:1,6
DA:3,6
DA:4,9
DA:6,9
DA:7,7
DA:10,2
LF:6
LH:6
BRDA:6,0,0,7
BRF:1
BRH:1
end_of_record
TN:
SF:src/utils/graphql-runner/index.ts
FNF:0
FNH:0
DA:12,3
LF:1
LH:1
BRF:0
BRH:0
end_of_record
TN:
SF:src/utils/graphql-runner/query-and-mutation.ts
FN:4,runQueryOrMutation
FNF:1
FNH:1
FNDA:8,runQueryOrMutation
DA:1,6
DA:2,6
DA:4,6
DA:11,8
DA:12,9
DA:13,7
DA:14,7
DA:15,7
DA:16,2
DA:18,7
DA:20,1
LF:11
LH:11
BRDA:20,0,0,1
BRDA:12,1,0,1
BRDA:14,2,0,7
BRDA:14,2,1,7
BRDA:14,3,0,7
BRDA:14,3,1,0
BRDA:15,4,0,2
BRF:7
BRH:6
end_of_record
TN:
SF:src/utils/graphql-runner/subscriptions-filter.ts
FN:5,filterSubscriptions
FN:18,(anonymous_1)
FNF:2
FNH:2
FNDA:5,filterSubscriptions
FNDA:5,(anonymous_1)
DA:1,4
DA:3,4
DA:5,4
DA:6,5
DA:7,1
DA:8,1
DA:11,4
DA:13,4
DA:14,1
DA:18,5
DA:20,3
DA:21,1
DA:22,1
DA:23,1
DA:24,1
DA:25,1
DA:26,1
DA:29,2
LF:18
LH:18
BRDA:6,0,0,1
BRDA:11,1,0,4
BRDA:11,1,1,0
BRDA:13,2,0,1
BRDA:20,3,0,1
BRF:5
BRH:4
end_of_record
TN:
SF:src/utils/graphql-runner/subscriptions.ts
FN:11,runSubscription
FNF:1
FNH:1
FNDA:2,runSubscription
DA:1,5
DA:4,5
DA:5,5
DA:11,5
DA:18,2
DA:19,2
DA:20,0
DA:21,0
DA:22,0
DA:25,2
DA:26,2
DA:27,1
DA:30,1
DA:37,1
DA:38,0
DA:44,1
LF:16
LH:12
BRDA:19,0,0,0
BRDA:26,1,0,1
BRDA:26,2,0,2
BRDA:26,2,1,2
BRDA:37,3,0,0
BRF:5
BRH:3
end_of_record
TN:
SF:src/velocity/index.ts
FN:29,(anonymous_9)
FN:31,(anonymous_11)
FN:34,VelocityTemplate
FN:50,(anonymous_13)
FN:96,(anonymous_14)
FNF:5
FNH:5
FNDA:6,(anonymous_9)
FNDA:5,(anonymous_11)
FNDA:13,VelocityTemplate
FNDA:6,(anonymous_13)
FNDA:6,(anonymous_14)
DA:1,5
DA:2,5
DA:3,5
DA:4,5
DA:9,5
DA:29,5
DA:31,5
DA:34,13
DA:35,13
DA:36,13
DA:37,12
DA:41,12
DA:43,1
DA:44,1
DA:45,1
DA:46,1
DA:47,1
DA:50,5
DA:55,6
DA:57,6
DA:58,6
DA:60,0
DA:61,0
DA:62,0
DA:71,0
DA:80,6
DA:81,6
DA:82,6
DA:83,6
DA:84,6
DA:85,6
DA:87,0
DA:89,0
DA:91,0
DA:92,0
DA:96,5
DA:101,36
DA:102,18
DA:103,6
DA:105,6
DA:106,6
DA:108,6
DA:109,6
DA:110,0
DA:116,6
DA:117,2
DA:129,4
DA:130,0
DA:141,6
DA:161,6
DA:162,1
DA:167,6
DA:174,5
LF:53
LH:43
BRDA:43,0,0,0
BRDA:43,0,1,1
BRDA:43,1,0,1
BRDA:43,1,1,0
BRDA:43,2,0,1
BRDA:43,2,1,1
BRDA:44,3,0,1
BRDA:44,3,1,0
BRDA:60,4,0,0
BRDA:60,4,1,0
BRDA:61,5,0,0
BRDA:61,6,0,0
BRDA:61,6,1,0
BRDA:87,7,0,0
BRDA:103,8,0,6
BRDA:103,8,1,4
BRDA:109,9,0,0
BRDA:109,9,1,6
BRDA:116,10,0,2
BRDA:116,10,1,4
BRDA:122,11,0,2
BRDA:122,11,1,0
BRDA:124,12,0,0
BRDA:124,12,1,2
BRDA:129,13,0,0
BRDA:134,14,0,0
BRDA:134,14,1,0
BRDA:134,15,0,0
BRDA:134,15,1,0
BRDA:135,16,0,0
BRDA:135,16,1,0
BRDA:135,17,0,0
BRDA:135,17,1,0
BRDA:136,18,0,0
BRDA:136,18,1,0
BRDA:136,19,0,0
BRDA:136,19,1,0
BRDA:137,20,0,0
BRDA:137,20,1,0
BRDA:137,21,0,0
BRDA:137,21,1,0
BRDA:147,22,0,6
BRDA:147,22,1,4
BRDA:152,23,0,2
BRDA:152,23,1,4
BRDA:155,24,0,2
BRDA:155,24,1,2
BRDA:155,24,2,2
BRDA:155,25,0,2
BRDA:155,25,1,0
BRDA:155,26,0,2
BRDA:155,26,1,2
BRDA:156,27,0,2
BRDA:156,27,1,1
BRDA:161,28,0,1
BRF:55
BRH:25
end_of_record
TN:
SF:src/velocity/util/auth-utils.ts
FN:3,(anonymous_0)
FN:4,(anonymous_1)
FNF:2
FNH:2
FNDA:62,(anonymous_0)
FNDA:4,(anonymous_1)
DA:1,12
DA:3,62
DA:5,4
DA:6,1
DA:7,3
DA:8,1
DA:9,2
DA:10,1
DA:11,1
DA:12,1
DA:15,0
LF:11
LH:10
BRDA:5,0,0,1
BRDA:5,0,1,3
BRDA:7,1,0,1
BRDA:7,1,1,2
BRDA:9,2,0,1
BRDA:9,2,1,1
BRDA:11,3,0,1
BRF:7
BRH:7
end_of_record
TN:
SF:src/velocity/util/dynamodb-utils.ts
FN:7,(anonymous_2)
FN:10,(anonymous_3)
FN:10,(anonymous_4)
FN:11,(anonymous_5)
FN:13,(anonymous_6)
FN:16,(anonymous_7)
FN:19,(anonymous_8)
FN:22,(anonymous_9)
FN:25,(anonymous_10)
FN:28,(anonymous_11)
FN:31,(anonymous_12)
FN:34,(anonymous_13)
FN:37,(anonymous_14)
FN:40,(anonymous_15)
FN:43,(anonymous_16)
FN:47,(anonymous_17)
FN:50,(anonymous_18)
FN:53,(anonymous_19)
FN:56,(anonymous_20)
FN:59,(anonymous_21)
FN:62,(anonymous_22)
FN:65,(anonymous_23)
FN:68,(anonymous_24)
FN:71,(anonymous_25)
FN:75,(anonymous_26)
FN:78,(anonymous_27)
FN:80,(anonymous_28)
FN:87,(anonymous_29)
FN:90,(anonymous_30)
FN:93,(anonymous_31)
FN:96,(anonymous_32)
FNF:31
FNH:0
FNDA:0,(anonymous_2)
FNDA:0,(anonymous_3)
FNDA:0,(anonymous_4)
FNDA:0,(anonymous_5)
FNDA:0,(anonymous_6)
FNDA:0,(anonymous_7)
FNDA:0,(anonymous_8)
FNDA:0,(anonymous_9)
FNDA:0,(anonymous_10)
FNDA:0,(anonymous_11)
FNDA:0,(anonymous_12)
FNDA:0,(anonymous_13)
FNDA:0,(anonymous_14)
FNDA:0,(anonymous_15)
FNDA:0,(anonymous_16)
FNDA:0,(anonymous_17)
FNDA:0,(anonymous_18)
FNDA:0,(anonymous_19)
FNDA:0,(anonymous_20)
FNDA:0,(anonymous_21)
FNDA:0,(anonymous_22)
FNDA:0,(anonymous_23)
FNDA:0,(anonymous_24)
FNDA:0,(anonymous_25)
FNDA:0,(anonymous_26)
FNDA:0,(anonymous_27)
FNDA:0,(anonymous_28)
FNDA:0,(anonymous_29)
FNDA:0,(anonymous_30)
FNDA:0,(anonymous_31)
FNDA:0,(anonymous_32)
DA:1,12
DA:2,12
DA:4,12
DA:6,12
DA:8,0
DA:10,0
DA:11,0
DA:14,0
DA:17,0
DA:20,0
DA:23,0
DA:26,0
DA:29,0
DA:32,0
DA:35,0
DA:38,0
DA:41,0
DA:45,0
DA:48,0
DA:51,0
DA:54,0
DA:57,0
DA:60,0
DA:63,0
DA:66,0
DA:69,0
DA:73,0
DA:76,0
DA:78,0
DA:79,0
DA:80,0
DA:88,0
DA:91,0
DA:94,0
DA:97,0
LF:35
LH:4
BRDA:10,0,0,0
BRF:1
BRH:0
end_of_record
TN:
SF:src/velocity/util/elasticsearch-helper.ts
FN:3,(anonymous_1)
FN:68,(anonymous_3)
FN:74,(anonymous_4)
FN:78,(anonymous_5)
FN:139,(anonymous_6)
FN:143,(anonymous_7)
FN:148,(anonymous_8)
FN:169,(anonymous_9)
FN:178,(anonymous_10)
FN:183,(anonymous_11)
FNF:10
FNH:1
FNDA:12,(anonymous_1)
FNDA:0,(anonymous_3)
FNDA:0,(anonymous_4)
FNDA:0,(anonymous_5)
FNDA:0,(anonymous_6)
FNDA:0,(anonymous_7)
FNDA:0,(anonymous_8)
FNDA:0,(anonymous_9)
FNDA:0,(anonymous_10)
FNDA:0,(anonymous_11)
DA:1,12
DA:3,12
DA:4,12
DA:6,12
DA:68,12
DA:69,0
DA:71,0
DA:74,12
DA:75,0
DA:76,0
DA:78,0
DA:79,0
DA:80,0
DA:82,0
DA:83,0
DA:84,0
DA:87,0
DA:88,0
DA:91,0
DA:93,0
DA:94,0
DA:96,0
DA:97,0
DA:99,0
DA:100,0
DA:102,0
DA:103,0
DA:105,0
DA:106,0
DA:108,0
DA:109,0
DA:111,0
DA:112,0
DA:114,0
DA:115,0
DA:117,0
DA:118,0
DA:120,0
DA:121,0
DA:123,0
DA:124,0
DA:126,0
DA:127,0
DA:129,0
DA:130,0
DA:132,0
DA:136,0
DA:139,12
DA:140,0
DA:141,0
DA:143,0
DA:144,0
DA:145,0
DA:146,0
DA:148,0
DA:149,0
DA:150,0
DA:153,0
DA:154,0
DA:156,0
DA:158,0
DA:159,0
DA:160,0
DA:162,0
DA:163,0
DA:166,0
DA:169,12
DA:170,0
DA:171,0
DA:172,0
DA:174,0
DA:178,12
DA:179,0
DA:180,0
DA:183,0
DA:184,0
DA:187,12
DA:189,12
LF:78
LH:11
BRDA:82,0,0,0
BRDA:83,1,0,0
BRDA:83,2,0,0
BRDA:83,2,1,0
BRDA:91,3,0,0
BRDA:91,3,1,0
BRDA:91,3,2,0
BRDA:91,3,3,0
BRDA:91,3,4,0
BRDA:91,3,5,0
BRDA:91,3,6,0
BRDA:91,3,7,0
BRDA:91,3,8,0
BRDA:91,3,9,0
BRDA:91,3,10,0
BRDA:91,3,11,0
BRDA:91,3,12,0
BRDA:91,3,13,0
BRDA:145,4,0,0
BRDA:145,4,1,0
BRDA:153,5,0,0
BRDA:153,5,1,0
BRDA:158,6,0,0
BRDA:158,6,1,0
BRDA:171,7,0,0
BRDA:171,7,1,0
BRDA:179,8,0,0
BRDA:184,9,0,0
BRDA:184,9,1,0
BRF:29
BRH:0
end_of_record
TN:
SF:src/velocity/util/elasticsearch-utils.ts
FN:4,(anonymous_0)
FN:35,(anonymous_2)
FN:55,(anonymous_3)
FN:73,(anonymous_4)
FN:95,(anonymous_5)
FN:117,(anonymous_6)
FN:139,(anonymous_7)
FN:161,(anonymous_8)
FN:195,(anonymous_9)
FN:217,(anonymous_10)
FN:239,(anonymous_11)
FN:263,(anonymous_12)
FN:287,(anonymous_13)
FN:311,(anonymous_14)
FN:338,(anonymous_15)
FN:361,(anonymous_16)
FN:383,(anonymous_17)
FN:406,(anonymous_18)
FNF:18
FNH:1
FNDA:24,(anonymous_0)
FNDA:0,(anonymous_2)
FNDA:0,(anonymous_3)
FNDA:0,(anonymous_4)
FNDA:0,(anonymous_5)
FNDA:0,(anonymous_6)
FNDA:0,(anonymous_7)
FNDA:0,(anonymous_8)
FNDA:0,(anonymous_9)
FNDA:0,(anonymous_10)
FNDA:0,(anonymous_11)
FNDA:0,(anonymous_12)
FNDA:0,(anonymous_13)
FNDA:0,(anonymous_14)
FNDA:0,(anonymous_15)
FNDA:0,(anonymous_16)
FNDA:0,(anonymous_17)
FNDA:0,(anonymous_18)
DA:4,12
DA:5,12
DA:6,12
DA:7,12
DA:8,12
DA:9,12
DA:10,12
DA:11,12
DA:12,12
DA:13,12
DA:14,12
DA:15,12
DA:16,12
DA:17,12
DA:18,12
DA:19,12
DA:20,12
DA:21,12
DA:22,12
DA:23,12
DA:35,12
DA:36,0
DA:37,0
DA:40,0
DA:42,0
DA:55,12
DA:56,0
DA:57,0
DA:60,0
DA:73,12
DA:74,0
DA:75,0
DA:78,0
DA:95,12
DA:96,0
DA:97,0
DA:100,0
DA:117,12
DA:118,0
DA:119,0
DA:122,0
DA:139,12
DA:140,0
DA:141,0
DA:144,0
DA:161,12
DA:162,0
DA:163,0
DA:166,0
DA:167,0
DA:173,0
DA:195,12
DA:196,0
DA:197,0
DA:200,0
DA:217,12
DA:218,0
DA:219,0
DA:222,0
DA:239,12
DA:240,0
DA:241,0
DA:244,0
DA:263,12
DA:264,0
DA:265,0
DA:268,0
DA:287,12
DA:288,0
DA:289,0
DA:292,0
DA:311,12
DA:312,0
DA:313,0
DA:316,0
DA:338,12
DA:339,0
DA:340,0
DA:343,0
DA:361,12
DA:362,0
DA:363,0
DA:366,0
DA:372,0
DA:383,12
DA:384,0
DA:385,0
DA:388,0
DA:395,0
DA:406,12
DA:407,0
DA:408,0
DA:411,0
DA:417,0
DA:419,12
DA:421,12
LF:96
LH:39
BRDA:36,0,0,0
BRDA:40,1,0,0
BRDA:40,1,1,0
BRDA:56,2,0,0
BRDA:74,3,0,0
BRDA:96,4,0,0
BRDA:118,5,0,0
BRDA:140,6,0,0
BRDA:162,7,0,0
BRDA:162,8,0,0
BRDA:162,8,1,0
BRDA:166,9,0,0
BRDA:166,9,1,0
BRDA:196,10,0,0
BRDA:218,11,0,0
BRDA:240,12,0,0
BRDA:264,13,0,0
BRDA:288,14,0,0
BRDA:312,15,0,0
BRDA:339,16,0,0
BRDA:362,17,0,0
BRDA:362,18,0,0
BRDA:362,18,1,0
BRDA:384,19,0,0
BRDA:384,20,0,0
BRDA:384,20,1,0
BRDA:407,21,0,0
BRF:27
BRH:0
end_of_record
TN:
SF:src/velocity/util/errors.ts
FN:3,(anonymous_6)
FN:5,TemplateSentError
FN:16,(anonymous_8)
FN:37,(anonymous_9)
FN:38,Unauthorized
FN:43,(anonymous_11)
FN:44,ValidateError
FNF:7
FNH:4
FNDA:12,(anonymous_6)
FNDA:4,TemplateSentError
FNDA:0,(anonymous_8)
FNDA:12,(anonymous_9)
FNDA:0,Unauthorized
FNDA:12,(anonymous_11)
FNDA:0,ValidateError
DA:3,12
DA:5,4
DA:6,4
DA:7,4
DA:8,4
DA:9,4
DA:10,4
DA:11,4
DA:12,4
DA:13,4
DA:16,4
DA:17,4
DA:18,4
DA:35,12
DA:37,12
DA:39,0
DA:40,0
DA:42,12
DA:43,12
DA:44,0
DA:45,0
DA:46,0
DA:48,12
LF:23
LH:18
BRDA:6,0,0,4
BRDA:6,0,1,0
BRDA:17,1,0,4
BRDA:17,1,1,0
BRDA:17,1,2,4
BRDA:25,2,0,0
BRDA:25,2,1,4
BRDA:39,3,0,0
BRDA:39,3,1,0
BRDA:44,4,0,0
BRDA:44,5,0,0
BRDA:45,6,0,0
BRDA:45,6,1,0
BRF:13
BRH:4
end_of_record
TN:
SF:src/velocity/util/general-utils.ts
FN:16,(anonymous_1)
FN:17,(anonymous_2)
FN:18,(anonymous_3)
FN:21,(anonymous_4)
FN:23,(anonymous_5)
FN:25,(anonymous_6)
FN:28,(anonymous_7)
FN:32,(anonymous_8)
FN:36,(anonymous_9)
FN:43,(anonymous_10)
FN:46,(anonymous_11)
FN:49,(anonymous_12)
FN:50,(anonymous_13)
FN:55,(anonymous_14)
FN:61,(anonymous_15)
FN:66,(anonymous_16)
FN:69,(anonymous_17)
FN:75,(anonymous_18)
FN:78,(anonymous_19)
FN:96,(anonymous_20)
FN:99,(anonymous_21)
FN:103,(anonymous_22)
FN:107,(anonymous_23)
FN:111,(anonymous_24)
FN:114,(anonymous_25)
FN:117,(anonymous_26)
FN:120,(anonymous_27)
FN:123,(anonymous_28)
FN:127,(anonymous_29)
FN:142,(anonymous_30)
FN:147,(anonymous_31)
FN:152,(anonymous_32)
FN:153,(anonymous_33)
FN:154,(anonymous_34)
FN:155,(anonymous_35)
FNF:35
FNH:12
FNDA:0,(anonymous_1)
FNDA:0,(anonymous_2)
FNDA:0,(anonymous_3)
FNDA:2,(anonymous_4)
FNDA:8,(anonymous_5)
FNDA:2,(anonymous_6)
FNDA:0,(anonymous_7)
FNDA:0,(anonymous_8)
FNDA:0,(anonymous_9)
FNDA:15,(anonymous_10)
FNDA:0,(anonymous_11)
FNDA:2,(anonymous_12)
FNDA:0,(anonymous_13)
FNDA:2,(anonymous_14)
FNDA:2,(anonymous_15)
FNDA:0,(anonymous_16)
FNDA:0,(anonymous_17)
FNDA:0,(anonymous_18)
FNDA:0,(anonymous_19)
FNDA:0,(anonymous_20)
FNDA:0,(anonymous_21)
FNDA:0,(anonymous_22)
FNDA:0,(anonymous_23)
FNDA:0,(anonymous_24)
FNDA:0,(anonymous_25)
FNDA:0,(anonymous_26)
FNDA:0,(anonymous_27)
FNDA:0,(anonymous_28)
FNDA:0,(anonymous_29)
FNDA:0,(anonymous_30)
FNDA:4,(anonymous_31)
FNDA:8,(anonymous_32)
FNDA:8,(anonymous_33)
FNDA:8,(anonymous_34)
FNDA:8,(anonymous_35)
DA:3,12
DA:4,12
DA:6,12
DA:7,12
DA:8,12
DA:9,12
DA:10,12
DA:11,12
DA:12,12
DA:14,12
DA:16,0
DA:17,0
DA:19,0
DA:23,8
DA:26,2
DA:30,0
DA:34,0
DA:37,0
DA:38,0
DA:40,0
DA:44,15
DA:47,0
DA:49,2
DA:51,0
DA:52,0
DA:53,0
DA:55,4
DA:56,2
DA:57,2
DA:58,2
DA:59,2
DA:61,4
DA:62,2
DA:63,2
DA:64,2
DA:67,0
DA:70,0
DA:71,0
DA:72,0
DA:73,0
DA:76,0
DA:79,0
DA:81,0
DA:82,0
DA:84,0
DA:85,0
DA:87,0
DA:88,0
DA:90,0
DA:91,0
DA:93,0
DA:97,0
DA:99,0
DA:100,0
DA:101,0
DA:104,0
DA:105,0
DA:108,0
DA:109,0
DA:112,0
DA:115,0
DA:118,0
DA:121,0
DA:124,0
DA:125,0
DA:128,0
DA:129,0
DA:130,0
DA:131,0
DA:133,0
DA:135,0
DA:137,0
DA:139,0
DA:143,0
DA:147,12
DA:148,4
DA:149,4
DA:151,4
DA:152,8
DA:153,8
DA:154,8
DA:156,8
DA:158,4
DA:160,4
LF:84
LH:33
BRDA:44,0,0,13
BRDA:44,0,1,2
BRDA:55,1,0,0
BRDA:55,2,0,0
BRDA:55,3,0,2
BRDA:61,4,0,0
BRDA:61,5,0,0
BRDA:61,6,0,2
BRDA:70,7,0,0
BRDA:76,8,0,0
BRDA:76,8,1,0
BRDA:79,9,0,0
BRDA:81,10,0,0
BRDA:84,11,0,0
BRDA:84,12,0,0
BRDA:84,12,1,0
BRDA:87,13,0,0
BRDA:88,14,0,0
BRDA:88,14,1,0
BRDA:88,15,0,0
BRDA:88,15,1,0
BRDA:90,16,0,0
BRDA:91,17,0,0
BRDA:91,17,1,0
BRDA:91,18,0,0
BRDA:91,18,1,0
BRDA:99,19,0,0
BRDA:100,20,0,0
BRDA:100,21,0,0
BRDA:100,21,1,0
BRDA:104,22,0,0
BRDA:108,23,0,0
BRDA:121,24,0,0
BRDA:121,24,1,0
BRDA:124,25,0,0
BRDA:125,26,0,0
BRDA:125,26,1,0
BRDA:128,27,0,0
BRDA:129,28,0,0
BRDA:130,29,0,0
BRDA:131,30,0,0
BRDA:131,30,1,0
BRDA:131,30,2,0
BRDA:131,30,3,0
BRDA:147,31,0,0
BRDA:148,32,0,4
BRF:46
BRH:5
end_of_record
TN:
SF:src/velocity/util/index.ts
FN:1,(anonymous_2)
FN:1,(anonymous_3)
FN:1,(anonymous_4)
FN:14,create
FNF:4
FNH:1
FNDA:0,(anonymous_2)
FNDA:0,(anonymous_3)
FNDA:0,(anonymous_4)
FNDA:62,create
DA:1,12
DA:2,12
DA:3,12
DA:4,12
DA:5,12
DA:6,12
DA:7,12
DA:8,12
DA:9,12
DA:10,12
DA:11,12
DA:14,118
DA:15,62
LF:13
LH:13
BRDA:14,0,0,56
BRDA:14,1,0,56
BRF:2
BRH:2
end_of_record
TN:
SF:src/velocity/util/info.ts
FN:4,createInfo
FN:5,(anonymous_1)
FN:6,(anonymous_2)
FN:27,(anonymous_3)
FNF:4
FNH:4
FNDA:8,createInfo
FNDA:8,(anonymous_1)
FNDA:22,(anonymous_2)
FNDA:5,(anonymous_3)
DA:2,6
DA:4,6
DA:5,12
DA:6,8
DA:7,22
DA:8,19
DA:9,19
DA:10,19
DA:11,19
DA:12,1
DA:14,3
DA:15,3
DA:16,3
DA:17,3
DA:21,22
DA:24,8
DA:25,8
DA:27,8
DA:28,8
DA:29,4
DA:30,4
DA:33,8
LF:22
LH:22
BRDA:5,0,0,4
BRDA:7,1,0,19
BRDA:7,1,1,3
BRDA:8,2,0,19
BRDA:8,2,1,15
BRDA:9,3,0,3
BRDA:9,3,1,16
BRDA:11,4,0,1
BRDA:14,5,0,3
BRDA:14,6,0,3
BRDA:14,6,1,2
BRDA:15,7,0,2
BRDA:15,7,1,1
BRDA:16,8,0,3
BRDA:16,9,0,3
BRDA:16,9,1,3
BRDA:28,10,0,4
BRDA:28,11,0,8
BRDA:28,11,1,5
BRF:19
BRH:19
end_of_record
TN:
SF:src/velocity/util/list-utils.ts
FN:6,(anonymous_0)
FN:8,(anonymous_1)
FN:10,(anonymous_2)
FN:13,(anonymous_3)
FN:17,(anonymous_4)
FN:19,(anonymous_5)
FN:22,(anonymous_6)
FN:28,(anonymous_7)
FNF:8
FNH:8
FNDA:2,(anonymous_0)
FNDA:4,(anonymous_1)
FNDA:5,(anonymous_2)
FNDA:2,(anonymous_3)
FNDA:4,(anonymous_4)
FNDA:5,(anonymous_5)
FNDA:8,(anonymous_6)
FNDA:13,(anonymous_7)
DA:1,12
DA:2,12
DA:3,12
DA:5,12
DA:7,2
DA:8,4
DA:10,5
DA:14,2
DA:17,4
DA:19,5
DA:23,8
DA:24,1
DA:27,7
DA:28,13
DA:30,7
DA:31,1
DA:34,6
DA:36,6
LF:18
LH:18
BRDA:7,0,0,1
BRDA:7,0,1,1
BRDA:7,1,0,2
BRDA:7,1,1,1
BRDA:14,2,0,1
BRDA:14,2,1,1
BRDA:14,3,0,2
BRDA:14,3,1,1
BRDA:23,4,0,1
BRDA:23,5,0,8
BRDA:23,5,1,8
BRDA:30,6,0,1
BRDA:36,7,0,4
BRDA:36,7,1,2
BRDA:36,8,0,3
BRDA:36,8,1,3
BRF:16
BRH:16
end_of_record
TN:
SF:src/velocity/util/map-utils.ts
FN:5,(anonymous_2)
FN:11,(anonymous_3)
FN:21,(anonymous_4)
FN:26,(anonymous_5)
FNF:4
FNH:0
FNDA:0,(anonymous_2)
FNDA:0,(anonymous_3)
FNDA:0,(anonymous_4)
FNDA:0,(anonymous_5)
DA:2,12
DA:4,12
DA:6,0
DA:7,0
DA:11,0
DA:12,0
DA:13,0
DA:14,0
DA:22,0
DA:23,0
DA:27,0
DA:28,0
DA:29,0
DA:30,0
DA:31,0
DA:33,0
DA:35,0
LF:17
LH:2
BRDA:12,0,0,0
BRDA:13,1,0,0
BRDA:13,1,1,0
BRDA:13,2,0,0
BRDA:13,2,1,0
BRDA:27,3,0,0
BRDA:27,3,1,0
BRDA:27,3,2,0
BRDA:28,4,0,0
BRDA:30,5,0,0
BRDA:30,5,1,0
BRDA:30,6,0,0
BRDA:30,6,1,0
BRF:13
BRH:0
end_of_record
TN:
SF:src/velocity/util/math.ts
FNF:0
FNH:0
DA:1,12
DA:3,12
LF:2
LH:2
BRF:0
BRH:0
end_of_record
TN:
SF:src/velocity/util/rds.ts
FN:1,(anonymous_0)
FN:2,(anonymous_1)
FN:3,(anonymous_2)
FN:5,(anonymous_3)
FN:14,(anonymous_4)
FN:24,(anonymous_5)
FNF:6
FNH:6
FNDA:4,(anonymous_0)
FNDA:4,(anonymous_1)
FNDA:2,(anonymous_2)
FNDA:16,(anonymous_3)
FNDA:3,(anonymous_4)
FNDA:3,(anonymous_5)
DA:1,12
DA:2,4
DA:3,4
DA:4,2
DA:5,2
DA:6,16
DA:8,2
DA:13,12
DA:15,3
DA:16,3
DA:17,2
DA:18,2
DA:20,1
DA:25,3
DA:26,3
DA:27,2
DA:29,1
LF:17
LH:17
BRDA:2,0,0,2
BRDA:2,0,1,2
BRDA:2,1,0,4
BRDA:2,1,1,4
BRDA:2,2,0,0
BRDA:2,2,1,4
BRDA:2,3,0,4
BRDA:2,3,1,4
BRDA:3,4,0,4
BRDA:3,4,1,0
BRDA:3,5,0,4
BRDA:3,5,1,4
BRDA:3,6,0,0
BRDA:3,6,1,4
BRDA:3,7,0,4
BRDA:3,7,1,4
BRDA:6,8,0,0
BRDA:6,8,1,16
BRDA:6,9,0,16
BRDA:6,9,1,16
BRDA:6,10,0,0
BRDA:6,10,1,16
BRDA:6,11,0,16
BRDA:6,11,1,16
BRDA:6,12,0,0
BRDA:6,12,1,16
BRDA:6,13,0,16
BRDA:6,13,1,16
BRDA:6,14,0,0
BRDA:6,14,1,16
BRDA:6,15,0,16
BRDA:6,15,1,16
BRDA:6,16,0,0
BRDA:6,16,1,16
BRDA:6,17,0,16
BRDA:6,17,1,16
BRF:36
BRH:28
end_of_record
TN:
SF:src/velocity/util/str.ts
FN:2,(anonymous_0)
FN:5,(anonymous_1)
FN:8,(anonymous_2)
FN:11,(anonymous_3)
FNF:4
FNH:4
FNDA:3,(anonymous_0)
FNDA:3,(anonymous_1)
FNDA:1,(anonymous_2)
FNDA:4,(anonymous_3)
DA:1,12
DA:3,3
DA:6,3
DA:9,1
DA:12,4
LF:5
LH:5
BRF:0
BRH:0
end_of_record
TN:
SF:src/velocity/util/time.ts
FN:13,(anonymous_1)
FN:26,(anonymous_2)
FN:27,(anonymous_3)
FN:30,(anonymous_4)
FN:33,(anonymous_5)
FN:36,(anonymous_6)
FN:50,(anonymous_7)
FN:58,(anonymous_8)
FN:63,(anonymous_9)
FN:71,(anonymous_10)
FN:79,(anonymous_11)
FNF:11
FNH:11
FNDA:17,(anonymous_1)
FNDA:63,(anonymous_2)
FNDA:2,(anonymous_3)
FNDA:1,(anonymous_4)
FNDA:1,(anonymous_5)
FNDA:2,(anonymous_6)
FNDA:13,(anonymous_7)
FNDA:4,(anonymous_8)
FNDA:2,(anonymous_9)
FNDA:2,(anonymous_10)
FNDA:4,(anonymous_11)
DA:1,13
DA:2,13
DA:3,13
DA:4,13
DA:13,13
DA:14,17
DA:15,1
DA:17,16
DA:18,16
DA:20,16
DA:22,0
DA:26,63
DA:28,2
DA:31,1
DA:34,1
DA:36,2
DA:37,2
DA:38,2
DA:40,2
DA:41,2
DA:42,2
DA:45,0
DA:47,0
DA:51,13
DA:52,13
DA:53,13
DA:55,13
DA:56,13
DA:59,4
DA:60,4
DA:61,4
DA:64,2
DA:65,2
DA:66,2
DA:68,0
DA:72,2
DA:73,2
DA:74,2
DA:76,0
DA:79,6
DA:80,4
DA:81,4
DA:82,4
DA:84,4
DA:85,4
DA:87,0
LF:46
LH:40
BRDA:14,0,0,1
BRDA:14,1,0,17
BRDA:14,1,1,16
BRDA:20,2,0,6
BRDA:20,2,1,10
BRDA:36,3,0,0
BRDA:41,4,0,2
BRDA:56,5,0,12
BRDA:56,5,1,1
BRDA:61,6,0,4
BRDA:61,6,1,0
BRDA:79,7,0,2
BRF:12
BRH:10
end_of_record
TN:
SF:src/velocity/util/transform/dynamodb-filter.ts
FN:24,generateFilterExpression
FN:26,(anonymous_4)
FN:41,(anonymous_5)
FN:42,(anonymous_6)
FN:47,(anonymous_7)
FN:52,(anonymous_8)
FN:130,merge
FN:142,createExpressionValueName
FN:143,(anonymous_11)
FN:145,createExpressionName
FN:151,createExpressionFieldName
FN:154,createExpressionValue
FN:162,scopeExpression
FN:164,(anonymous_16)
FNF:14
FNH:0
FNDA:0,generateFilterExpression
FNDA:0,(anonymous_4)
FNDA:0,(anonymous_5)
FNDA:0,(anonymous_6)
FNDA:0,(anonymous_7)
FNDA:0,(anonymous_8)
FNDA:0,merge
FNDA:0,createExpressionValueName
FNDA:0,(anonymous_11)
FNDA:0,createExpressionName
FNDA:0,createExpressionFieldName
FNDA:0,createExpressionValue
FNDA:0,scopeExpression
FNDA:0,(anonymous_16)
DA:1,12
DA:8,12
DA:18,12
DA:24,12
DA:25,0
DA:26,0
DA:27,0
DA:32,0
DA:33,0
DA:35,0
DA:38,0
DA:39,0
DA:40,0
DA:42,0
DA:43,0
DA:47,0
DA:49,0
DA:52,0
DA:53,0
DA:54,0
DA:57,0
DA:58,0
DA:59,0
DA:60,0
DA:61,0
DA:65,0
DA:70,0
DA:78,0
DA:79,0
DA:84,0
DA:87,0
DA:88,0
DA:93,0
DA:98,0
DA:99,0
DA:104,0
DA:107,0
DA:108,0
DA:113,0
DA:116,0
DA:118,0
DA:127,0
DA:130,0
DA:131,0
DA:132,0
DA:135,0
DA:143,0
DA:146,0
DA:152,0
DA:155,0
DA:156,0
DA:157,0
DA:163,0
DA:164,0
DA:165,0
DA:166,0
DA:168,0
LF:57
LH:4
BRDA:24,0,0,0
BRDA:24,1,0,0
BRDA:35,2,0,0
BRDA:35,2,1,0
BRDA:35,2,2,0
BRDA:35,2,3,0
BRDA:35,2,4,0
BRDA:35,2,5,0
BRDA:35,2,6,0
BRDA:35,2,7,0
BRDA:35,2,8,0
BRDA:35,2,9,0
BRDA:35,2,10,0
BRDA:35,2,11,0
BRDA:35,2,12,0
BRDA:35,2,13,0
BRDA:35,2,14,0
BRDA:35,2,15,0
BRDA:38,3,0,0
BRDA:38,3,1,0
BRDA:39,4,0,0
BRDA:39,4,1,0
BRDA:87,5,0,0
BRDA:87,5,1,0
BRDA:130,6,0,0
BRDA:131,7,0,0
BRDA:136,8,0,0
BRDA:136,8,1,0
BRDA:165,9,0,0
BRF:29
BRH:0
end_of_record
TN:
SF:src/velocity/util/transform/index.ts
FN:7,(anonymous_1)
FN:15,(anonymous_2)
FN:24,(anonymous_3)
FNF:3
FNH:0
FNDA:0,(anonymous_1)
FNDA:0,(anonymous_2)
FNDA:0,(anonymous_3)
DA:1,12
DA:2,12
DA:4,12
DA:6,12
DA:8,0
DA:9,0
DA:16,0
DA:17,0
DA:25,0
DA:26,0
DA:27,0
DA:30,0
DA:31,0
DA:32,0
DA:34,0
DA:35,0
LF:16
LH:4
BRDA:26,0,0,0
BRF:1
BRH:0
end_of_record
TN:
SF:src/velocity/value-mapper/array.ts
FN:4,(anonymous_6)
FN:8,JavaArray
FN:23,(anonymous_8)
FN:28,(anonymous_9)
FN:29,(anonymous_10)
FN:32,(anonymous_11)
FN:36,(anonymous_12)
FN:41,(anonymous_13)
FN:42,(anonymous_14)
FN:45,(anonymous_15)
FN:49,(anonymous_16)
FN:55,(anonymous_17)
FN:56,(anonymous_18)
FN:59,(anonymous_19)
FN:63,(anonymous_20)
FN:67,(anonymous_21)
FN:71,(anonymous_22)
FNF:17
FNH:16
FNDA:17,(anonymous_6)
FNDA:39,JavaArray
FNDA:1,(anonymous_8)
FNDA:1,(anonymous_9)
FNDA:3,(anonymous_10)
FNDA:1,(anonymous_11)
FNDA:10,(anonymous_12)
FNDA:3,(anonymous_13)
FNDA:8,(anonymous_14)
FNDA:2,(anonymous_15)
FNDA:3,(anonymous_16)
FNDA:1,(anonymous_17)
FNDA:2,(anonymous_18)
FNDA:0,(anonymous_19)
FNDA:4,(anonymous_20)
FNDA:34,(anonymous_21)
FNDA:10,(anonymous_22)
DA:1,17
DA:2,17
DA:4,17
DA:8,39
DA:9,39
DA:11,3
DA:13,39
DA:14,34
DA:16,5
DA:17,5
DA:19,39
DA:20,39
DA:23,17
DA:24,1
DA:25,1
DA:28,17
DA:29,3
DA:32,17
DA:33,1
DA:36,17
DA:37,10
DA:38,10
DA:41,17
DA:42,8
DA:45,17
DA:46,2
DA:49,17
DA:50,3
DA:51,3
DA:52,3
DA:55,17
DA:56,2
DA:59,17
DA:60,0
DA:63,17
DA:64,4
DA:67,17
DA:68,34
DA:71,17
DA:72,10
DA:73,10
DA:74,42
DA:75,42
DA:76,8
DA:79,2
DA:81,17
LF:46
LH:45
BRDA:8,0,0,0
BRDA:9,1,0,3
BRDA:13,2,0,34
BRDA:13,2,1,5
BRDA:14,3,0,34
BRDA:14,3,1,0
BRDA:16,4,0,5
BRDA:16,4,1,0
BRDA:37,5,0,0
BRDA:37,5,1,10
BRDA:37,6,0,10
BRDA:37,6,1,10
BRDA:41,7,0,0
BRDA:51,8,0,0
BRDA:72,9,0,1
BRDA:72,9,1,9
BRDA:72,10,0,0
BRDA:72,10,1,10
BRDA:72,11,0,10
BRDA:72,11,1,10
BRDA:74,12,0,0
BRDA:74,12,1,42
BRDA:74,13,0,0
BRDA:74,13,1,42
BRDA:74,14,0,42
BRDA:74,14,1,42
BRDA:74,15,0,0
BRDA:74,15,1,0
BRDA:74,16,0,0
BRDA:74,16,1,0
BRDA:75,17,0,8
BRF:31
BRH:18
end_of_record
TN:
SF:src/velocity/value-mapper/decimal.ts
FN:1,(anonymous_0)
FN:4,JavaDecimal
FN:8,(anonymous_2)
FN:12,(anonymous_3)
FN:16,(anonymous_4)
FNF:5
FNH:5
FNDA:15,(anonymous_0)
FNDA:4,JavaDecimal
FNDA:3,(anonymous_2)
FNDA:2,(anonymous_3)
FNDA:1,(anonymous_4)
DA:1,15
DA:5,4
DA:8,15
DA:9,3
DA:12,15
DA:13,2
DA:16,15
DA:17,1
DA:19,15
LF:9
LH:9
BRF:0
BRH:0
end_of_record
TN:
SF:src/velocity/value-mapper/integer.ts
FN:1,(anonymous_0)
FN:4,JavaInteger
FN:8,(anonymous_2)
FN:12,(anonymous_3)
FN:16,(anonymous_4)
FN:20,(anonymous_5)
FNF:6
FNH:6
FNDA:17,(anonymous_0)
FNDA:28,JavaInteger
FNDA:19,(anonymous_2)
FNDA:5,(anonymous_3)
FNDA:6,(anonymous_4)
FNDA:2,(anonymous_5)
DA:1,17
DA:5,28
DA:8,17
DA:9,19
DA:12,17
DA:13,5
DA:16,17
DA:17,6
DA:20,17
DA:21,2
DA:23,17
LF:11
LH:11
BRDA:12,0,0,3
BRF:1
BRH:1
end_of_record
TN:
SF:src/velocity/value-mapper/map.ts
FN:5,(anonymous_2)
FN:9,JavaMap
FN:12,(anonymous_4)
FN:17,(anonymous_5)
FN:21,(anonymous_6)
FN:25,(anonymous_7)
FN:29,(anonymous_8)
FN:30,(anonymous_9)
FN:45,(anonymous_10)
FN:46,(anonymous_11)
FN:49,(anonymous_12)
FN:56,(anonymous_13)
FN:60,(anonymous_14)
FN:64,(anonymous_15)
FN:70,(anonymous_16)
FN:72,(anonymous_17)
FN:77,(anonymous_18)
FN:86,(anonymous_19)
FN:90,(anonymous_20)
FN:94,(anonymous_21)
FN:96,(anonymous_22)
FN:105,createMapProxy
FN:107,(anonymous_24)
FN:113,(anonymous_25)
FNF:24
FNH:21
FNDA:14,(anonymous_2)
FNDA:54,JavaMap
FNDA:105,(anonymous_4)
FNDA:1,(anonymous_5)
FNDA:3,(anonymous_6)
FNDA:1,(anonymous_7)
FNDA:1,(anonymous_8)
FNDA:2,(anonymous_9)
FNDA:1,(anonymous_10)
FNDA:2,(anonymous_11)
FNDA:25,(anonymous_12)
FNDA:2,(anonymous_13)
FNDA:2,(anonymous_14)
FNDA:3,(anonymous_15)
FNDA:1,(anonymous_16)
FNDA:2,(anonymous_17)
FNDA:0,(anonymous_18)
FNDA:0,(anonymous_19)
FNDA:0,(anonymous_20)
FNDA:21,(anonymous_21)
FNDA:24,(anonymous_22)
FNDA:38,createMapProxy
FNDA:49,(anonymous_24)
FNDA:1,(anonymous_25)
DA:1,14
DA:2,14
DA:3,14
DA:5,14
DA:9,54
DA:10,54
DA:11,54
DA:12,105
DA:13,105
DA:17,14
DA:18,1
DA:21,14
DA:22,3
DA:25,14
DA:26,1
DA:29,14
DA:30,2
DA:31,2
DA:42,1
DA:45,14
DA:46,2
DA:49,14
DA:50,25
DA:51,24
DA:53,1
DA:56,14
DA:57,2
DA:60,14
DA:61,2
DA:64,14
DA:65,3
DA:66,3
DA:67,3
DA:70,14
DA:71,1
DA:72,2
DA:73,2
DA:77,14
DA:78,0
DA:79,0
DA:81,0
DA:82,0
DA:83,0
DA:86,14
DA:87,0
DA:90,14
DA:91,0
DA:94,14
DA:95,21
DA:96,24
DA:103,14
DA:105,14
DA:106,38
DA:108,49
DA:109,12
DA:111,37
DA:114,1
DA:115,0
DA:117,1
LF:59
LH:51
BRDA:50,0,0,24
BRDA:78,1,0,0
BRDA:108,2,0,12
BRDA:114,3,0,0
BRF:4
BRH:2
end_of_record
TN:
SF:src/velocity/value-mapper/mapper.ts
FN:8,map
FN:13,(anonymous_3)
FN:20,(anonymous_4)
FNF:3
FNH:3
FNDA:174,map
FNDA:34,(anonymous_3)
FNDA:73,(anonymous_4)
DA:1,14
DA:2,14
DA:3,14
DA:4,14
DA:5,14
DA:6,14
DA:8,14
DA:9,174
DA:10,174
DA:11,174
DA:12,18
DA:13,34
DA:17,156
DA:18,36
DA:20,73
DA:21,73
DA:32,120
DA:34,95
DA:37,25
DA:41,6
DA:42,6
DA:45,0
DA:48,19
LF:23
LH:22
BRDA:9,0,0,0
BRDA:10,1,0,0
BRDA:11,2,0,18
BRDA:17,3,0,36
BRDA:32,4,0,95
BRDA:32,5,0,120
BRDA:32,5,1,95
BRDA:37,6,0,6
BRDA:41,7,0,6
BRDA:41,8,0,6
BRDA:41,8,1,6
BRDA:41,8,2,6
BRF:12
BRH:10
end_of_record
TN:
SF:src/velocity/value-mapper/string.ts
FN:4,(anonymous_0)
FN:6,JavaString
FN:10,(anonymous_2)
FN:14,(anonymous_3)
FN:18,(anonymous_4)
FN:22,(anonymous_5)
FN:26,(anonymous_6)
FN:30,(anonymous_7)
FN:34,(anonymous_8)
FN:38,(anonymous_9)
FN:42,(anonymous_10)
FN:47,(anonymous_11)
FN:52,(anonymous_12)
FN:58,(anonymous_13)
FN:71,(anonymous_14)
FN:72,(anonymous_15)
FN:75,(anonymous_16)
FN:79,(anonymous_17)
FN:83,(anonymous_18)
FN:87,(anonymous_19)
FN:91,(anonymous_20)
FN:95,(anonymous_21)
FN:99,(anonymous_22)
FN:103,(anonymous_23)
FN:107,(anonymous_24)
FN:111,(anonymous_25)
FNF:26
FNH:24
FNDA:17,(anonymous_0)
FNDA:151,JavaString
FNDA:1,(anonymous_2)
FNDA:2,(anonymous_3)
FNDA:2,(anonymous_4)
FNDA:2,(anonymous_5)
FNDA:2,(anonymous_6)
FNDA:2,(anonymous_7)
FNDA:3,(anonymous_8)
FNDA:2,(anonymous_9)
FNDA:3,(anonymous_10)
FNDA:2,(anonymous_11)
FNDA:3,(anonymous_12)
FNDA:2,(anonymous_13)
FNDA:14,(anonymous_14)
FNDA:0,(anonymous_15)
FNDA:3,(anonymous_16)
FNDA:3,(anonymous_17)
FNDA:72,(anonymous_18)
FNDA:1,(anonymous_19)
FNDA:1,(anonymous_20)
FNDA:105,(anonymous_21)
FNDA:1,(anonymous_22)
FNDA:4,(anonymous_23)
FNDA:1,(anonymous_24)
FNDA:0,(anonymous_25)
DA:1,17
DA:2,17
DA:4,17
DA:7,151
DA:10,17
DA:11,1
DA:14,17
DA:15,2
DA:18,17
DA:19,2
DA:22,17
DA:23,2
DA:26,17
DA:27,2
DA:30,17
DA:31,2
DA:34,17
DA:35,3
DA:38,17
DA:39,2
DA:42,17
DA:43,3
DA:44,3
DA:47,17
DA:48,2
DA:49,2
DA:52,17
DA:53,3
DA:55,3
DA:58,17
DA:66,2
DA:67,2
DA:69,2
DA:71,14
DA:72,2
DA:75,17
DA:76,3
DA:79,17
DA:80,3
DA:83,17
DA:84,72
DA:87,17
DA:88,1
DA:91,17
DA:92,1
DA:95,17
DA:96,105
DA:99,17
DA:100,1
DA:103,17
DA:104,4
DA:107,17
DA:108,1
DA:111,17
DA:112,0
DA:114,17
LF:56
LH:55
BRDA:26,0,0,1
BRDA:34,1,0,2
BRDA:58,2,0,2
BRDA:75,3,0,2
BRDA:79,4,0,1
BRDA:108,5,0,1
BRDA:108,5,1,1
BRF:7
BRH:7
end_of_record
TN:
SF:src/velocity/value-mapper/to-json.ts
FN:1,toJSON
FNF:1
FNH:1
FNDA:178,toJSON
DA:1,18
DA:2,178
DA:3,76
DA:5,102
LF:4
LH:4
BRDA:2,0,0,76
BRDA:2,1,0,178
BRDA:2,1,1,81
BRDA:2,1,2,78
BRF:4
BRH:4
end_of_record
