{"/Users/eddvar/Documents/amplify-cli/packages/amplify-category-xr/commands/xr.js": {"path":"/Users/eddvar/Documents/amplify-cli/packages/amplify-category-xr/commands/xr.js","statementMap":{"0":{"start":{"line":1,"column":20},"end":{"line":1,"column":24}},"1":{"start":{"line":3,"column":0},"end":{"line":38,"column":2}},"2":{"start":{"line":7,"column":4},"end":{"line":7,"column":111}},"3":{"start":{"line":9,"column":19},"end":{"line":9,"column":56}},"4":{"start":{"line":11,"column":21},"end":{"line":32,"column":5}},"5":{"start":{"line":34,"column":4},"end":{"line":34,"column":47}},"6":{"start":{"line":36,"column":4},"end":{"line":36,"column":27}}},"fnMap":{"0":{"name":"(anonymous_0)","decl":{"start":{"line":6,"column":7},"end":{"line":6,"column":8}},"loc":{"start":{"line":6,"column":26},"end":{"line":37,"column":3}},"line":6}},"branchMap":{},"s":{"0":0,"1":0,"2":0,"3":0,"4":0,"5":0,"6":0},"f":{"0":0},"b":{}}
,"/Users/eddvar/Documents/amplify-cli/packages/amplify-category-xr/commands/xr/add.js": {"path":"/Users/eddvar/Documents/amplify-cli/packages/amplify-category-xr/commands/xr/add.js","statementMap":{"0":{"start":{"line":1,"column":19},"end":{"line":1,"column":24}},"1":{"start":{"line":2,"column":18},"end":{"line":2,"column":49}},"2":{"start":{"line":4,"column":0},"end":{"line":10,"column":2}},"3":{"start":{"line":7,"column":4},"end":{"line":7,"column":58}},"4":{"start":{"line":8,"column":4},"end":{"line":8,"column":38}}},"fnMap":{"0":{"name":"(anonymous_0)","decl":{"start":{"line":6,"column":7},"end":{"line":6,"column":8}},"loc":{"start":{"line":6,"column":26},"end":{"line":9,"column":3}},"line":6}},"branchMap":{},"s":{"0":1,"1":1,"2":1,"3":0,"4":0},"f":{"0":0},"b":{},"_coverageSchema":"1a1c01bbd47fc00a2c39e90264f33305004495a9","hash":"a792d891c330efb6dbd0253b83eb8f40f512be5c"}
,"/Users/eddvar/Documents/amplify-cli/packages/amplify-category-xr/commands/xr/console.js": {"path":"/Users/eddvar/Documents/amplify-cli/packages/amplify-category-xr/commands/xr/console.js","statementMap":{"0":{"start":{"line":1,"column":18},"end":{"line":1,"column":49}},"1":{"start":{"line":3,"column":0},"end":{"line":6,"column":2}},"2":{"start":{"line":5,"column":26},"end":{"line":5,"column":52}}},"fnMap":{"0":{"name":"(anonymous_0)","decl":{"start":{"line":5,"column":7},"end":{"line":5,"column":8}},"loc":{"start":{"line":5,"column":26},"end":{"line":5,"column":52}},"line":5}},"branchMap":{},"s":{"0":0,"1":0,"2":0},"f":{"0":0},"b":{}}
,"/Users/eddvar/Documents/amplify-cli/packages/amplify-category-xr/commands/xr/push.js": {"path":"/Users/eddvar/Documents/amplify-cli/packages/amplify-category-xr/commands/xr/push.js","statementMap":{"0":{"start":{"line":1,"column":19},"end":{"line":1,"column":25}},"1":{"start":{"line":2,"column":17},"end":{"line":2,"column":21}},"2":{"start":{"line":4,"column":0},"end":{"line":16,"column":2}},"3":{"start":{"line":7,"column":25},"end":{"line":7,"column":49}},"4":{"start":{"line":8,"column":4},"end":{"line":8,"column":46}},"5":{"start":{"line":9,"column":4},"end":{"line":14,"column":7}},"6":{"start":{"line":10,"column":6},"end":{"line":10,"column":36}},"7":{"start":{"line":11,"column":6},"end":{"line":11,"column":72}},"8":{"start":{"line":12,"column":6},"end":{"line":12,"column":39}},"9":{"start":{"line":13,"column":6},"end":{"line":13,"column":27}}},"fnMap":{"0":{"name":"(anonymous_0)","decl":{"start":{"line":6,"column":7},"end":{"line":6,"column":8}},"loc":{"start":{"line":6,"column":26},"end":{"line":15,"column":3}},"line":6},"1":{"name":"(anonymous_1)","decl":{"start":{"line":9,"column":80},"end":{"line":9,"column":81}},"loc":{"start":{"line":9,"column":89},"end":{"line":14,"column":5}},"line":9}},"branchMap":{},"s":{"0":1,"1":1,"2":1,"3":0,"4":0,"5":0,"6":0,"7":0,"8":0,"9":0},"f":{"0":0,"1":0},"b":{},"_coverageSchema":"1a1c01bbd47fc00a2c39e90264f33305004495a9","hash":"37cd862cd8e8e67f8964b84f9fbd11bcc99f24e3"}
,"/Users/eddvar/Documents/amplify-cli/packages/amplify-category-xr/commands/xr/remove.js": {"path":"/Users/eddvar/Documents/amplify-cli/packages/amplify-category-xr/commands/xr/remove.js","statementMap":{"0":{"start":{"line":1,"column":19},"end":{"line":1,"column":27}},"1":{"start":{"line":2,"column":18},"end":{"line":2,"column":49}},"2":{"start":{"line":4,"column":0},"end":{"line":10,"column":2}},"3":{"start":{"line":7,"column":4},"end":{"line":7,"column":58}},"4":{"start":{"line":8,"column":4},"end":{"line":8,"column":36}}},"fnMap":{"0":{"name":"(anonymous_0)","decl":{"start":{"line":6,"column":7},"end":{"line":6,"column":8}},"loc":{"start":{"line":6,"column":26},"end":{"line":9,"column":3}},"line":6}},"branchMap":{},"s":{"0":1,"1":1,"2":1,"3":0,"4":0},"f":{"0":0},"b":{},"_coverageSchema":"1a1c01bbd47fc00a2c39e90264f33305004495a9","hash":"6a29d4cd8bd6136e40bd961db3bde7e6c34d859e"}
,"/Users/eddvar/Documents/amplify-cli/packages/amplify-category-xr/commands/xr/update.js": {"path":"/Users/eddvar/Documents/amplify-cli/packages/amplify-category-xr/commands/xr/update.js","statementMap":{"0":{"start":{"line":1,"column":19},"end":{"line":1,"column":27}},"1":{"start":{"line":2,"column":18},"end":{"line":2,"column":49}},"2":{"start":{"line":4,"column":0},"end":{"line":11,"column":2}},"3":{"start":{"line":8,"column":4},"end":{"line":8,"column":58}},"4":{"start":{"line":9,"column":4},"end":{"line":9,"column":39}}},"fnMap":{"0":{"name":"(anonymous_0)","decl":{"start":{"line":7,"column":7},"end":{"line":7,"column":8}},"loc":{"start":{"line":7,"column":26},"end":{"line":10,"column":3}},"line":7}},"branchMap":{},"s":{"0":1,"1":1,"2":1,"3":0,"4":0},"f":{"0":0},"b":{},"_coverageSchema":"1a1c01bbd47fc00a2c39e90264f33305004495a9","hash":"1988ef8791b9c47d2a349b619ed09dbe7f482ce7"}
,"/Users/eddvar/Documents/amplify-cli/packages/amplify-category-xr/lib/auth-helper.js": {"path":"/Users/eddvar/Documents/amplify-cli/packages/amplify-category-xr/lib/auth-helper.js","statementMap":{"0":{"start":{"line":1,"column":11},"end":{"line":1,"column":24}},"1":{"start":{"line":2,"column":18},"end":{"line":2,"column":40}},"2":{"start":{"line":5,"column":25},"end":{"line":5,"column":101}},"3":{"start":{"line":7,"column":22},"end":{"line":12,"column":4}},"4":{"start":{"line":16,"column":2},"end":{"line":18,"column":3}},"5":{"start":{"line":17,"column":4},"end":{"line":17,"column":53}},"6":{"start":{"line":20,"column":2},"end":{"line":22,"column":3}},"7":{"start":{"line":21,"column":4},"end":{"line":21,"column":59}},"8":{"start":{"line":25,"column":2},"end":{"line":39,"column":3}},"9":{"start":{"line":26,"column":4},"end":{"line":26,"column":117}},"10":{"start":{"line":28,"column":4},"end":{"line":38,"column":5}},"11":{"start":{"line":29,"column":6},"end":{"line":34,"column":9}},"12":{"start":{"line":36,"column":6},"end":{"line":36,"column":33}},"13":{"start":{"line":37,"column":6},"end":{"line":37,"column":18}},"14":{"start":{"line":42,"column":0},"end":{"line":44,"column":2}}},"fnMap":{"0":{"name":"ensureAuth","decl":{"start":{"line":4,"column":15},"end":{"line":4,"column":25}},"loc":{"start":{"line":4,"column":49},"end":{"line":40,"column":1}},"line":4}},"branchMap":{"0":{"loc":{"start":{"line":16,"column":2},"end":{"line":18,"column":3}},"type":"if","locations":[{"start":{"line":16,"column":2},"end":{"line":18,"column":3}},{"start":{},"end":{}}],"line":16},"1":{"loc":{"start":{"line":16,"column":6},"end":{"line":16,"column":94}},"type":"binary-expr","locations":[{"start":{"line":16,"column":6},"end":{"line":16,"column":39}},{"start":{"line":16,"column":43},"end":{"line":16,"column":61}},{"start":{"line":16,"column":65},"end":{"line":16,"column":94}}],"line":16},"2":{"loc":{"start":{"line":20,"column":2},"end":{"line":22,"column":3}},"type":"if","locations":[{"start":{"line":20,"column":2},"end":{"line":22,"column":3}},{"start":{},"end":{}}],"line":20},"3":{"loc":{"start":{"line":20,"column":6},"end":{"line":20,"column":57}},"type":"binary-expr","locations":[{"start":{"line":20,"column":6},"end":{"line":20,"column":24}},{"start":{"line":20,"column":28},"end":{"line":20,"column":57}}],"line":20},"4":{"loc":{"start":{"line":25,"column":2},"end":{"line":39,"column":3}},"type":"if","locations":[{"start":{"line":25,"column":2},"end":{"line":39,"column":3}},{"start":{},"end":{}}],"line":25},"5":{"loc":{"start":{"line":25,"column":6},"end":{"line":25,"column":62}},"type":"binary-expr","locations":[{"start":{"line":25,"column":6},"end":{"line":25,"column":30}},{"start":{"line":25,"column":34},"end":{"line":25,"column":62}}],"line":25}},"s":{"0":4,"1":4,"2":0,"3":0,"4":0,"5":0,"6":0,"7":0,"8":0,"9":0,"10":0,"11":0,"12":0,"13":0,"14":4},"f":{"0":0},"b":{"0":[0,0],"1":[0,0,0],"2":[0,0],"3":[0,0],"4":[0,0],"5":[0,0]},"_coverageSchema":"1a1c01bbd47fc00a2c39e90264f33305004495a9","hash":"cee4fbed3989295780dd5ff2480339140b0eb900"}
,"/Users/eddvar/Documents/amplify-cli/packages/amplify-category-xr/lib/constants.js": {"path":"/Users/eddvar/Documents/amplify-cli/packages/amplify-category-xr/lib/constants.js","statementMap":{"0":{"start":{"line":1,"column":0},"end":{"line":8,"column":2}}},"fnMap":{},"branchMap":{},"s":{"0":4},"f":{},"b":{},"_coverageSchema":"1a1c01bbd47fc00a2c39e90264f33305004495a9","hash":"26fa244ebbf514d825a1a7f13bf6e5cffb384d05"}
,"/Users/eddvar/Documents/amplify-cli/packages/amplify-category-xr/lib/xr-manager.js": {"path":"/Users/eddvar/Documents/amplify-cli/packages/amplify-category-xr/lib/xr-manager.js","statementMap":{"0":{"start":{"line":1,"column":11},"end":{"line":1,"column":30}},"1":{"start":{"line":2,"column":13},"end":{"line":2,"column":28}},"2":{"start":{"line":3,"column":17},"end":{"line":3,"column":36}},"3":{"start":{"line":4,"column":14},"end":{"line":4,"column":30}},"4":{"start":{"line":5,"column":16},"end":{"line":5,"column":30}},"5":{"start":{"line":7,"column":18},"end":{"line":7,"column":40}},"6":{"start":{"line":8,"column":19},"end":{"line":8,"column":43}},"7":{"start":{"line":9,"column":17},"end":{"line":9,"column":44}},"8":{"start":{"line":11,"column":29},"end":{"line":11,"column":81}},"9":{"start":{"line":14,"column":2},"end":{"line":16,"column":3}},"10":{"start":{"line":15,"column":4},"end":{"line":15,"column":55}},"11":{"start":{"line":17,"column":2},"end":{"line":17,"column":43}},"12":{"start":{"line":21,"column":25},"end":{"line":21,"column":73}},"13":{"start":{"line":22,"column":19},"end":{"line":22,"column":65}},"14":{"start":{"line":24,"column":17},"end":{"line":29,"column":4}},"15":{"start":{"line":31,"column":2},"end":{"line":33,"column":3}},"16":{"start":{"line":32,"column":4},"end":{"line":32,"column":50}},"17":{"start":{"line":35,"column":27},"end":{"line":35,"column":77}},"18":{"start":{"line":36,"column":21},"end":{"line":36,"column":48}},"19":{"start":{"line":38,"column":28},"end":{"line":38,"column":43}},"20":{"start":{"line":39,"column":31},"end":{"line":39,"column":84}},"21":{"start":{"line":41,"column":2},"end":{"line":43,"column":4}},"22":{"start":{"line":44,"column":2},"end":{"line":46,"column":4}},"23":{"start":{"line":47,"column":2},"end":{"line":47,"column":70}},"24":{"start":{"line":48,"column":2},"end":{"line":48,"column":74}},"25":{"start":{"line":50,"column":32},"end":{"line":50,"column":79}},"26":{"start":{"line":51,"column":26},"end":{"line":51,"column":96}},"27":{"start":{"line":53,"column":2},"end":{"line":53,"column":36}},"28":{"start":{"line":55,"column":2},"end":{"line":55,"column":76}},"29":{"start":{"line":56,"column":19},"end":{"line":56,"column":52}},"30":{"start":{"line":57,"column":2},"end":{"line":57,"column":57}},"31":{"start":{"line":59,"column":2},"end":{"line":59,"column":80}},"32":{"start":{"line":60,"column":2},"end":{"line":60,"column":51}},"33":{"start":{"line":61,"column":2},"end":{"line":61,"column":59}},"34":{"start":{"line":63,"column":2},"end":{"line":63,"column":56}},"35":{"start":{"line":67,"column":2},"end":{"line":71,"column":3}},"36":{"start":{"line":68,"column":4},"end":{"line":68,"column":25}},"37":{"start":{"line":70,"column":4},"end":{"line":70,"column":67}},"38":{"start":{"line":75,"column":26},"end":{"line":75,"column":41}},"39":{"start":{"line":76,"column":2},"end":{"line":76,"column":45}},"40":{"start":{"line":80,"column":15},"end":{"line":80,"column":17}},"41":{"start":{"line":81,"column":2},"end":{"line":86,"column":3}},"42":{"start":{"line":82,"column":28},"end":{"line":82,"column":43}},"43":{"start":{"line":83,"column":4},"end":{"line":85,"column":5}},"44":{"start":{"line":84,"column":6},"end":{"line":84,"column":64}},"45":{"start":{"line":87,"column":2},"end":{"line":87,"column":16}},"46":{"start":{"line":91,"column":2},"end":{"line":91,"column":95}},"47":{"start":{"line":92,"column":2},"end":{"line":94,"column":4}},"48":{"start":{"line":95,"column":2},"end":{"line":95,"column":85}},"49":{"start":{"line":96,"column":2},"end":{"line":100,"column":5}},"50":{"start":{"line":102,"column":2},"end":{"line":102,"column":112}},"51":{"start":{"line":103,"column":2},"end":{"line":103,"column":92}},"52":{"start":{"line":105,"column":2},"end":{"line":124,"column":7}},"53":{"start":{"line":111,"column":31},"end":{"line":111,"column":57}},"54":{"start":{"line":112,"column":8},"end":{"line":114,"column":9}},"55":{"start":{"line":113,"column":10},"end":{"line":113,"column":92}},"56":{"start":{"line":116,"column":8},"end":{"line":118,"column":9}},"57":{"start":{"line":117,"column":10},"end":{"line":117,"column":87}},"58":{"start":{"line":119,"column":8},"end":{"line":119,"column":20}},"59":{"start":{"line":123,"column":6},"end":{"line":123,"column":35}},"60":{"start":{"line":126,"column":2},"end":{"line":126,"column":43}},"61":{"start":{"line":128,"column":2},"end":{"line":128,"column":76}},"62":{"start":{"line":129,"column":2},"end":{"line":129,"column":25}},"63":{"start":{"line":130,"column":2},"end":{"line":130,"column":44}},"64":{"start":{"line":131,"column":2},"end":{"line":131,"column":115}},"65":{"start":{"line":132,"column":2},"end":{"line":134,"column":4}},"66":{"start":{"line":135,"column":2},"end":{"line":135,"column":25}},"67":{"start":{"line":136,"column":2},"end":{"line":138,"column":4}},"68":{"start":{"line":143,"column":2},"end":{"line":186,"column":5}},"69":{"start":{"line":148,"column":6},"end":{"line":180,"column":7}},"70":{"start":{"line":149,"column":8},"end":{"line":177,"column":9}},"71":{"start":{"line":150,"column":10},"end":{"line":150,"column":72}},"72":{"start":{"line":153,"column":10},"end":{"line":155,"column":11}},"73":{"start":{"line":154,"column":12},"end":{"line":154,"column":73}},"74":{"start":{"line":157,"column":38},"end":{"line":157,"column":65}},"75":{"start":{"line":159,"column":10},"end":{"line":165,"column":11}},"76":{"start":{"line":160,"column":12},"end":{"line":164,"column":13}},"77":{"start":{"line":161,"column":14},"end":{"line":161,"column":82}},"78":{"start":{"line":163,"column":14},"end":{"line":163,"column":90}},"79":{"start":{"line":167,"column":10},"end":{"line":174,"column":11}},"80":{"start":{"line":168,"column":12},"end":{"line":173,"column":13}},"81":{"start":{"line":169,"column":34},"end":{"line":169,"column":86}},"82":{"start":{"line":170,"column":14},"end":{"line":170,"column":75}},"83":{"start":{"line":172,"column":14},"end":{"line":172,"column":95}},"84":{"start":{"line":176,"column":10},"end":{"line":176,"column":84}},"85":{"start":{"line":179,"column":8},"end":{"line":179,"column":35}},"86":{"start":{"line":181,"column":6},"end":{"line":183,"column":7}},"87":{"start":{"line":182,"column":8},"end":{"line":182,"column":20}},"88":{"start":{"line":184,"column":6},"end":{"line":184,"column":71}},"89":{"start":{"line":188,"column":18},"end":{"line":191,"column":3}},"90":{"start":{"line":193,"column":2},"end":{"line":193,"column":40}},"91":{"start":{"line":195,"column":2},"end":{"line":195,"column":104}},"92":{"start":{"line":196,"column":2},"end":{"line":196,"column":96}},"93":{"start":{"line":200,"column":2},"end":{"line":203,"column":3}},"94":{"start":{"line":201,"column":4},"end":{"line":201,"column":67}},"95":{"start":{"line":202,"column":4},"end":{"line":202,"column":11}},"96":{"start":{"line":204,"column":25},"end":{"line":204,"column":51}},"97":{"start":{"line":205,"column":2},"end":{"line":208,"column":3}},"98":{"start":{"line":206,"column":4},"end":{"line":206,"column":66}},"99":{"start":{"line":207,"column":4},"end":{"line":207,"column":11}},"100":{"start":{"line":210,"column":2},"end":{"line":220,"column":7}},"101":{"start":{"line":218,"column":6},"end":{"line":218,"column":58}},"102":{"start":{"line":219,"column":6},"end":{"line":219,"column":83}},"103":{"start":{"line":224,"column":2},"end":{"line":233,"column":7}},"104":{"start":{"line":227,"column":6},"end":{"line":227,"column":103}},"105":{"start":{"line":230,"column":6},"end":{"line":230,"column":36}},"106":{"start":{"line":231,"column":6},"end":{"line":231,"column":39}},"107":{"start":{"line":232,"column":6},"end":{"line":232,"column":27}},"108":{"start":{"line":237,"column":2},"end":{"line":237,"column":56}},"109":{"start":{"line":238,"column":2},"end":{"line":238,"column":46}},"110":{"start":{"line":245,"column":16},"end":{"line":245,"column":44}},"111":{"start":{"line":246,"column":16},"end":{"line":246,"column":35}},"112":{"start":{"line":247,"column":2},"end":{"line":249,"column":3}},"113":{"start":{"line":248,"column":4},"end":{"line":248,"column":16}},"114":{"start":{"line":250,"column":22},"end":{"line":250,"column":30}},"115":{"start":{"line":251,"column":2},"end":{"line":251,"column":21}},"116":{"start":{"line":258,"column":16},"end":{"line":258,"column":46}},"117":{"start":{"line":259,"column":16},"end":{"line":259,"column":32}},"118":{"start":{"line":260,"column":2},"end":{"line":262,"column":3}},"119":{"start":{"line":261,"column":4},"end":{"line":261,"column":16}},"120":{"start":{"line":263,"column":17},"end":{"line":263,"column":25}},"121":{"start":{"line":264,"column":2},"end":{"line":264,"column":16}},"122":{"start":{"line":268,"column":2},"end":{"line":268,"column":107}},"123":{"start":{"line":272,"column":15},"end":{"line":272,"column":17}},"124":{"start":{"line":273,"column":16},"end":{"line":273,"column":25}},"125":{"start":{"line":275,"column":2},"end":{"line":286,"column":5}},"126":{"start":{"line":276,"column":4},"end":{"line":285,"column":5}},"127":{"start":{"line":278,"column":8},"end":{"line":278,"column":38}},"128":{"start":{"line":279,"column":8},"end":{"line":279,"column":14}},"129":{"start":{"line":281,"column":8},"end":{"line":281,"column":44}},"130":{"start":{"line":282,"column":8},"end":{"line":282,"column":14}},"131":{"start":{"line":284,"column":8},"end":{"line":284,"column":94}},"132":{"start":{"line":288,"column":2},"end":{"line":288,"column":32}},"133":{"start":{"line":289,"column":2},"end":{"line":313,"column":4}},"134":{"start":{"line":315,"column":21},"end":{"line":315,"column":47}},"135":{"start":{"line":317,"column":2},"end":{"line":317,"column":32}},"136":{"start":{"line":320,"column":0},"end":{"line":330,"column":2}}},"fnMap":{"0":{"name":"ensureSetup","decl":{"start":{"line":13,"column":15},"end":{"line":13,"column":26}},"loc":{"start":{"line":13,"column":50},"end":{"line":18,"column":1}},"line":13},"1":{"name":"setupAccess","decl":{"start":{"line":20,"column":15},"end":{"line":20,"column":26}},"loc":{"start":{"line":20,"column":50},"end":{"line":64,"column":1}},"line":20},"2":{"name":"configure","decl":{"start":{"line":66,"column":15},"end":{"line":66,"column":24}},"loc":{"start":{"line":66,"column":34},"end":{"line":72,"column":1}},"line":66},"3":{"name":"isXRSetup","decl":{"start":{"line":74,"column":9},"end":{"line":74,"column":18}},"loc":{"start":{"line":74,"column":28},"end":{"line":77,"column":1}},"line":74},"4":{"name":"getExistingScenes","decl":{"start":{"line":79,"column":9},"end":{"line":79,"column":26}},"loc":{"start":{"line":79,"column":36},"end":{"line":88,"column":1}},"line":79},"5":{"name":"addScene","decl":{"start":{"line":90,"column":15},"end":{"line":90,"column":23}},"loc":{"start":{"line":90,"column":33},"end":{"line":139,"column":1}},"line":90},"6":{"name":"(anonymous_6)","decl":{"start":{"line":110,"column":16},"end":{"line":110,"column":17}},"loc":{"start":{"line":110,"column":26},"end":{"line":120,"column":7}},"line":110},"7":{"name":"(anonymous_7)","decl":{"start":{"line":122,"column":10},"end":{"line":122,"column":11}},"loc":{"start":{"line":122,"column":22},"end":{"line":124,"column":5}},"line":122},"8":{"name":"addSceneConfig","decl":{"start":{"line":141,"column":15},"end":{"line":141,"column":29}},"loc":{"start":{"line":141,"column":50},"end":{"line":197,"column":1}},"line":141},"9":{"name":"(anonymous_9)","decl":{"start":{"line":147,"column":14},"end":{"line":147,"column":15}},"loc":{"start":{"line":147,"column":34},"end":{"line":185,"column":5}},"line":147},"10":{"name":"updateScene","decl":{"start":{"line":199,"column":15},"end":{"line":199,"column":26}},"loc":{"start":{"line":199,"column":36},"end":{"line":221,"column":1}},"line":199},"11":{"name":"(anonymous_11)","decl":{"start":{"line":217,"column":10},"end":{"line":217,"column":11}},"loc":{"start":{"line":217,"column":28},"end":{"line":220,"column":5}},"line":217},"12":{"name":"remove","decl":{"start":{"line":223,"column":15},"end":{"line":223,"column":21}},"loc":{"start":{"line":223,"column":31},"end":{"line":234,"column":1}},"line":223},"13":{"name":"(anonymous_13)","decl":{"start":{"line":226,"column":10},"end":{"line":226,"column":11}},"loc":{"start":{"line":226,"column":24},"end":{"line":228,"column":5}},"line":226},"14":{"name":"(anonymous_14)","decl":{"start":{"line":229,"column":11},"end":{"line":229,"column":12}},"loc":{"start":{"line":229,"column":20},"end":{"line":233,"column":5}},"line":229},"15":{"name":"console","decl":{"start":{"line":236,"column":9},"end":{"line":236,"column":16}},"loc":{"start":{"line":236,"column":26},"end":{"line":239,"column":1}},"line":236},"16":{"name":"getProjectNameFromPath","decl":{"start":{"line":241,"column":9},"end":{"line":241,"column":31}},"loc":{"start":{"line":241,"column":41},"end":{"line":252,"column":1}},"line":241},"17":{"name":"getRegionFromHost","decl":{"start":{"line":254,"column":9},"end":{"line":254,"column":26}},"loc":{"start":{"line":254,"column":33},"end":{"line":265,"column":1}},"line":254},"18":{"name":"isSceneNameValid","decl":{"start":{"line":267,"column":9},"end":{"line":267,"column":25}},"loc":{"start":{"line":267,"column":37},"end":{"line":269,"column":1}},"line":267},"19":{"name":"getIAMPolicies","decl":{"start":{"line":271,"column":9},"end":{"line":271,"column":23}},"loc":{"start":{"line":271,"column":60},"end":{"line":318,"column":1}},"line":271},"20":{"name":"(anonymous_20)","decl":{"start":{"line":275,"column":22},"end":{"line":275,"column":23}},"loc":{"start":{"line":275,"column":38},"end":{"line":286,"column":3}},"line":275}},"branchMap":{"0":{"loc":{"start":{"line":14,"column":2},"end":{"line":16,"column":3}},"type":"if","locations":[{"start":{"line":14,"column":2},"end":{"line":16,"column":3}},{"start":{},"end":{}}],"line":14},"1":{"loc":{"start":{"line":31,"column":2},"end":{"line":33,"column":3}},"type":"if","locations":[{"start":{"line":31,"column":2},"end":{"line":33,"column":3}},{"start":{},"end":{}}],"line":31},"2":{"loc":{"start":{"line":67,"column":2},"end":{"line":71,"column":3}},"type":"if","locations":[{"start":{"line":67,"column":2},"end":{"line":71,"column":3}},{"start":{"line":69,"column":9},"end":{"line":71,"column":3}}],"line":67},"3":{"loc":{"start":{"line":81,"column":2},"end":{"line":86,"column":3}},"type":"if","locations":[{"start":{"line":81,"column":2},"end":{"line":86,"column":3}},{"start":{},"end":{}}],"line":81},"4":{"loc":{"start":{"line":83,"column":4},"end":{"line":85,"column":5}},"type":"if","locations":[{"start":{"line":83,"column":4},"end":{"line":85,"column":5}},{"start":{},"end":{}}],"line":83},"5":{"loc":{"start":{"line":112,"column":8},"end":{"line":114,"column":9}},"type":"if","locations":[{"start":{"line":112,"column":8},"end":{"line":114,"column":9}},{"start":{},"end":{}}],"line":112},"6":{"loc":{"start":{"line":116,"column":8},"end":{"line":118,"column":9}},"type":"if","locations":[{"start":{"line":116,"column":8},"end":{"line":118,"column":9}},{"start":{},"end":{}}],"line":116},"7":{"loc":{"start":{"line":149,"column":8},"end":{"line":177,"column":9}},"type":"if","locations":[{"start":{"line":149,"column":8},"end":{"line":177,"column":9}},{"start":{"line":175,"column":15},"end":{"line":177,"column":9}}],"line":149},"8":{"loc":{"start":{"line":153,"column":10},"end":{"line":155,"column":11}},"type":"if","locations":[{"start":{"line":153,"column":10},"end":{"line":155,"column":11}},{"start":{},"end":{}}],"line":153},"9":{"loc":{"start":{"line":153,"column":14},"end":{"line":153,"column":60}},"type":"binary-expr","locations":[{"start":{"line":153,"column":14},"end":{"line":153,"column":33}},{"start":{"line":153,"column":37},"end":{"line":153,"column":60}}],"line":153},"10":{"loc":{"start":{"line":159,"column":10},"end":{"line":165,"column":11}},"type":"if","locations":[{"start":{"line":159,"column":10},"end":{"line":165,"column":11}},{"start":{},"end":{}}],"line":159},"11":{"loc":{"start":{"line":167,"column":10},"end":{"line":174,"column":11}},"type":"if","locations":[{"start":{"line":167,"column":10},"end":{"line":174,"column":11}},{"start":{},"end":{}}],"line":167},"12":{"loc":{"start":{"line":181,"column":6},"end":{"line":183,"column":7}},"type":"if","locations":[{"start":{"line":181,"column":6},"end":{"line":183,"column":7}},{"start":{},"end":{}}],"line":181},"13":{"loc":{"start":{"line":200,"column":2},"end":{"line":203,"column":3}},"type":"if","locations":[{"start":{"line":200,"column":2},"end":{"line":203,"column":3}},{"start":{},"end":{}}],"line":200},"14":{"loc":{"start":{"line":205,"column":2},"end":{"line":208,"column":3}},"type":"if","locations":[{"start":{"line":205,"column":2},"end":{"line":208,"column":3}},{"start":{},"end":{}}],"line":205},"15":{"loc":{"start":{"line":247,"column":2},"end":{"line":249,"column":3}},"type":"if","locations":[{"start":{"line":247,"column":2},"end":{"line":249,"column":3}},{"start":{},"end":{}}],"line":247},"16":{"loc":{"start":{"line":260,"column":2},"end":{"line":262,"column":3}},"type":"if","locations":[{"start":{"line":260,"column":2},"end":{"line":262,"column":3}},{"start":{},"end":{}}],"line":260},"17":{"loc":{"start":{"line":268,"column":9},"end":{"line":268,"column":106}},"type":"binary-expr","locations":[{"start":{"line":268,"column":9},"end":{"line":268,"column":18}},{"start":{"line":268,"column":22},"end":{"line":268,"column":43}},{"start":{"line":268,"column":47},"end":{"line":268,"column":69}},{"start":{"line":268,"column":73},"end":{"line":268,"column":106}}],"line":268},"18":{"loc":{"start":{"line":276,"column":4},"end":{"line":285,"column":5}},"type":"switch","locations":[{"start":{"line":277,"column":6},"end":{"line":279,"column":14}},{"start":{"line":280,"column":6},"end":{"line":282,"column":14}},{"start":{"line":283,"column":6},"end":{"line":284,"column":94}}],"line":276}},"s":{"0":4,"1":4,"2":4,"3":4,"4":4,"5":4,"6":4,"7":4,"8":4,"9":0,"10":0,"11":0,"12":0,"13":0,"14":0,"15":0,"16":0,"17":0,"18":0,"19":0,"20":0,"21":0,"22":0,"23":0,"24":0,"25":0,"26":0,"27":0,"28":0,"29":0,"30":0,"31":0,"32":0,"33":0,"34":0,"35":0,"36":0,"37":0,"38":4,"39":4,"40":2,"41":2,"42":1,"43":1,"44":1,"45":2,"46":0,"47":0,"48":0,"49":0,"50":0,"51":0,"52":0,"53":0,"54":0,"55":0,"56":0,"57":0,"58":0,"59":0,"60":0,"61":0,"62":0,"63":0,"64":0,"65":0,"66":0,"67":0,"68":0,"69":0,"70":0,"71":0,"72":0,"73":0,"74":0,"75":0,"76":0,"77":0,"78":0,"79":0,"80":0,"81":0,"82":0,"83":0,"84":0,"85":0,"86":0,"87":0,"88":0,"89":0,"90":0,"91":0,"92":0,"93":0,"94":0,"95":0,"96":0,"97":0,"98":0,"99":0,"100":0,"101":0,"102":0,"103":0,"104":0,"105":0,"106":0,"107":0,"108":0,"109":0,"110":0,"111":0,"112":0,"113":0,"114":0,"115":0,"116":0,"117":0,"118":0,"119":0,"120":0,"121":0,"122":0,"123":0,"124":0,"125":0,"126":0,"127":0,"128":0,"129":0,"130":0,"131":0,"132":0,"133":0,"134":0,"135":0,"136":4},"f":{"0":0,"1":0,"2":0,"3":4,"4":2,"5":0,"6":0,"7":0,"8":0,"9":0,"10":0,"11":0,"12":0,"13":0,"14":0,"15":0,"16":0,"17":0,"18":0,"19":0,"20":0},"b":{"0":[0,0],"1":[0,0],"2":[0,0],"3":[1,1],"4":[1,0],"5":[0,0],"6":[0,0],"7":[0,0],"8":[0,0],"9":[0,0],"10":[0,0],"11":[0,0],"12":[0,0],"13":[0,0],"14":[0,0],"15":[0,0],"16":[0,0],"17":[0,0,0,0],"18":[0,0,0]},"_coverageSchema":"1a1c01bbd47fc00a2c39e90264f33305004495a9","hash":"4e8c41332fdbbe44aec49b1d529e0c7aeb88da82"}
}
