TN:
SF:src/admin-login.ts
FN:13,(anonymous_1)
FN:44,(anonymous_2)
FN:46,(anonymous_3)
FN:49,(anonymous_4)
FN:51,(anonymous_5)
FN:58,(anonymous_6)
FN:71,(anonymous_7)
FN:73,(anonymous_8)
FN:76,(anonymous_9)
FN:79,(anonymous_10)
FN:93,(anonymous_11)
FN:113,(anonymous_12)
FN:129,(anonymous_13)
FN:141,(anonymous_14)
FNF:14
FNH:11
FNDA:2,(anonymous_1)
FNDA:2,(anonymous_2)
FNDA:2,(anonymous_3)
FNDA:2,(anonymous_4)
FNDA:2,(anonymous_5)
FNDA:0,(anonymous_6)
FNDA:2,(anonymous_7)
FNDA:0,(anonymous_8)
FNDA:2,(anonymous_9)
FNDA:10,(anonymous_10)
FNDA:0,(anonymous_11)
FNDA:2,(anonymous_12)
FNDA:2,(anonymous_13)
FNDA:2,(anonymous_14)
DA:1,17
DA:2,17
DA:3,17
DA:4,17
DA:5,17
DA:6,17
DA:7,17
DA:13,17
DA:14,2
DA:15,2
DA:16,0
DA:17,0
DA:18,0
DA:23,0
DA:26,2
DA:27,2
DA:29,2
DA:30,2
DA:31,0
DA:32,0
DA:34,2
DA:35,2
DA:38,2
DA:41,2
DA:42,2
DA:44,2
DA:45,2
DA:46,2
DA:47,2
DA:49,2
DA:50,2
DA:52,2
DA:53,2
DA:54,2
DA:55,2
DA:58,0
DA:59,0
DA:60,0
DA:62,0
DA:63,0
DA:64,0
DA:68,2
DA:71,2
DA:72,2
DA:73,2
DA:74,0
DA:76,2
DA:78,2
DA:80,10
DA:84,2
DA:90,2
DA:92,2
DA:94,0
DA:95,0
DA:96,0
DA:98,0
DA:99,0
DA:100,0
DA:102,0
DA:103,0
DA:104,0
DA:105,0
DA:107,0
DA:108,0
DA:109,0
DA:113,2
DA:114,2
DA:115,0
DA:117,2
DA:118,2
DA:119,2
DA:122,2
DA:125,2
DA:126,2
DA:129,2
DA:130,2
DA:131,2
DA:134,2
DA:136,0
DA:137,0
DA:141,17
DA:142,2
DA:143,2
LF:83
LH:54
BRDA:14,0,0,2
BRDA:14,0,1,2
BRDA:15,1,0,0
BRDA:17,2,0,0
BRDA:41,3,0,0
BRDA:41,3,1,2
BRDA:41,4,0,2
BRDA:41,4,1,2
BRDA:41,5,0,0
BRDA:41,5,1,2
BRDA:41,6,0,2
BRDA:41,6,1,2
BRDA:59,7,0,0
BRDA:94,8,0,0
BRDA:114,9,0,0
BRDA:137,10,0,0
BRDA:137,10,1,0
BRDA:137,11,0,0
BRDA:137,11,1,0
BRDA:137,12,0,0
BRDA:137,12,1,0
BRF:21
BRH:8
end_of_record
TN:
SF:src/admin-modelgen.ts
FN:11,(anonymous_7)
FN:12,(anonymous_8)
FN:87,(anonymous_9)
FN:88,(anonymous_10)
FN:104,(anonymous_11)
FN:107,(anonymous_12)
FN:111,(anonymous_13)
FNF:7
FNH:7
FNDA:4,(anonymous_7)
FNDA:8,(anonymous_8)
FNDA:4,(anonymous_9)
FNDA:4,(anonymous_10)
FNDA:1,(anonymous_11)
FNDA:3,(anonymous_12)
FNDA:3,(anonymous_13)
DA:1,4
DA:2,4
DA:3,4
DA:4,4
DA:5,4
DA:6,4
DA:11,4
DA:12,8
DA:14,4
DA:15,0
DA:18,4
DA:19,4
DA:21,4
DA:23,4
DA:25,4
DA:26,0
DA:33,4
DA:34,4
DA:35,4
DA:36,4
DA:45,4
DA:46,4
DA:47,4
DA:49,4
DA:53,4
DA:54,4
DA:55,4
DA:56,4
DA:57,4
DA:60,4
DA:63,1
DA:66,1
DA:68,1
DA:69,1
DA:70,1
DA:74,1
DA:75,1
DA:82,1
DA:84,4
DA:85,4
DA:86,4
DA:87,4
DA:88,4
DA:89,4
DA:90,0
DA:92,4
DA:97,4
DA:104,4
DA:105,1
DA:106,1
DA:107,3
DA:111,3
DA:112,1
LF:53
LH:50
BRDA:14,0,0,0
BRDA:23,1,0,0
BRDA:23,1,1,4
BRDA:23,2,0,4
BRDA:23,2,1,4
BRDA:23,3,0,0
BRDA:23,3,1,4
BRDA:23,4,0,4
BRDA:23,4,1,4
BRDA:23,5,0,0
BRDA:23,5,1,4
BRDA:23,6,0,4
BRDA:23,6,1,4
BRDA:25,7,0,0
BRDA:86,8,0,4
BRDA:89,9,0,0
BRDA:89,9,1,4
BRF:17
BRH:11
end_of_record
TN:
SF:src/amplify-plugin-index.js
FN:5,executeAmplifyCommand
FN:17,handleAmplifyEvent
FNF:2
FNH:0
FNDA:0,executeAmplifyCommand
FNDA:0,handleAmplifyEvent
DA:1,4
DA:3,4
DA:6,0
DA:7,0
DA:8,0
DA:10,0
DA:13,0
DA:14,0
DA:18,0
DA:19,0
DA:22,4
LF:11
LH:3
BRDA:7,0,0,0
BRDA:7,0,1,0
BRF:2
BRH:0
end_of_record
TN:
SF:src/amplify-service-manager.ts
FN:16,init
FN:108,(anonymous_8)
FN:109,(anonymous_9)
FN:218,deleteEnv
FN:263,postPushCheck
FN:311,(anonymous_12)
FN:312,(anonymous_13)
FN:374,SelectFromExistingAppId
FN:404,displayAppIdSelectionLearnMore
FN:429,searchAmplifyService
FN:487,storeArtifactsForAmplifyService
FN:488,(anonymous_18)
FN:494,(anonymous_19)
FN:495,(anonymous_20)
FN:501,uploadFile
FN:512,(anonymous_22)
FNF:16
FNH:2
FNDA:2,init
FNDA:0,(anonymous_8)
FNDA:0,(anonymous_9)
FNDA:0,deleteEnv
FNDA:0,postPushCheck
FNDA:0,(anonymous_12)
FNDA:0,(anonymous_13)
FNDA:0,SelectFromExistingAppId
FNDA:0,displayAppIdSelectionLearnMore
FNDA:0,searchAmplifyService
FNDA:0,storeArtifactsForAmplifyService
FNDA:0,(anonymous_18)
FNDA:0,(anonymous_19)
FNDA:0,(anonymous_20)
FNDA:0,uploadFile
FNDA:2,(anonymous_22)
DA:1,4
DA:2,4
DA:3,4
DA:4,4
DA:6,4
DA:7,4
DA:8,4
DA:9,4
DA:10,4
DA:11,4
DA:12,4
DA:14,4
DA:16,4
DA:17,2
DA:20,2
DA:21,2
DA:23,2
DA:24,2
DA:26,0
DA:33,2
DA:34,2
DA:35,0
DA:42,2
DA:43,0
DA:44,0
DA:50,0
DA:51,0
DA:56,0
DA:57,0
DA:59,0
DA:70,2
DA:72,2
DA:73,0
DA:74,0
DA:76,0
DA:77,0
DA:78,0
DA:84,0
DA:88,0
DA:89,0
DA:90,0
DA:92,0
DA:93,0
DA:99,0
DA:105,0
DA:108,0
DA:109,0
DA:111,0
DA:112,0
DA:113,0
DA:114,0
DA:115,0
DA:121,2
DA:122,2
DA:127,2
DA:128,2
DA:129,2
DA:130,2
DA:131,0
DA:134,2
DA:135,1
DA:145,1
DA:146,1
DA:153,0
DA:163,0
DA:164,0
DA:171,0
DA:172,0
DA:179,0
DA:180,0
DA:181,0
DA:188,0
DA:189,0
DA:190,0
DA:192,0
DA:195,0
DA:196,0
DA:199,0
DA:200,0
DA:201,0
DA:207,0
DA:208,0
DA:211,0
DA:218,4
DA:219,0
DA:220,0
DA:221,0
DA:226,0
DA:227,0
DA:228,0
DA:230,0
DA:233,0
DA:234,0
DA:235,0
DA:238,0
DA:239,0
DA:243,0
DA:244,0
DA:245,0
DA:247,0
DA:248,0
DA:250,0
DA:263,4
DA:264,0
DA:265,0
DA:266,0
DA:267,0
DA:269,0
DA:271,0
DA:272,0
DA:275,0
DA:276,0
DA:280,0
DA:281,0
DA:283,0
DA:286,0
DA:287,0
DA:288,0
DA:291,0
DA:293,0
DA:294,0
DA:297,0
DA:298,0
DA:300,0
DA:301,0
DA:302,0
DA:307,0
DA:311,0
DA:312,0
DA:314,0
DA:315,0
DA:316,0
DA:317,0
DA:318,0
DA:321,0
DA:322,0
DA:326,0
DA:327,0
DA:328,0
DA:329,0
DA:330,0
DA:333,0
DA:335,0
DA:341,0
DA:352,0
DA:353,0
DA:356,0
DA:362,0
DA:363,0
DA:366,0
DA:367,0
DA:369,0
DA:370,0
DA:371,0
DA:377,0
DA:378,0
DA:380,0
DA:381,0
DA:382,0
DA:384,0
DA:392,0
DA:393,0
DA:394,0
DA:397,0
DA:398,0
DA:401,0
DA:406,0
DA:407,0
DA:410,0
DA:411,0
DA:414,0
DA:430,0
DA:435,0
DA:436,0
DA:437,0
DA:443,0
DA:449,0
DA:452,0
DA:453,0
DA:454,0
DA:455,0
DA:456,0
DA:462,0
DA:469,0
DA:470,0
DA:471,0
DA:472,0
DA:473,0
DA:478,0
DA:479,0
DA:484,0
DA:487,4
DA:488,0
DA:489,0
DA:490,0
DA:491,0
DA:492,0
DA:494,0
DA:495,0
DA:497,0
DA:502,0
DA:503,0
DA:507,0
DA:508,0
DA:512,4
LF:205
LH:37
BRDA:24,0,0,0
BRDA:34,1,0,0
BRDA:42,2,0,0
BRDA:42,3,0,2
BRDA:42,3,1,1
BRDA:42,3,2,0
BRDA:42,3,3,0
BRDA:70,4,0,2
BRDA:72,5,0,0
BRDA:78,6,0,0
BRDA:79,7,0,0
BRDA:79,7,1,0
BRDA:79,7,2,0
BRDA:79,7,3,0
BRDA:88,8,0,0
BRDA:111,9,0,0
BRDA:111,9,1,0
BRDA:113,10,0,0
BRDA:121,11,0,2
BRDA:129,12,0,2
BRDA:134,13,0,1
BRDA:145,14,0,1
BRDA:145,15,0,1
BRDA:145,15,1,1
BRDA:145,16,0,0
BRDA:145,16,1,1
BRDA:145,17,0,1
BRDA:145,17,1,1
BRDA:145,18,0,0
BRDA:145,18,1,1
BRDA:145,19,0,1
BRDA:145,19,1,1
BRDA:145,20,0,0
BRDA:145,20,1,1
BRDA:145,21,0,1
BRDA:145,21,1,1
BRDA:163,22,0,0
BRDA:188,23,0,0
BRDA:188,23,1,0
BRDA:199,24,0,0
BRDA:219,25,0,0
BRDA:221,26,0,0
BRDA:222,27,0,0
BRDA:222,27,1,0
BRDA:222,27,2,0
BRDA:228,28,0,0
BRDA:234,29,0,0
BRDA:247,30,0,0
BRDA:247,30,1,0
BRDA:271,31,0,0
BRDA:281,32,0,0
BRDA:287,33,0,0
BRDA:293,34,0,0
BRDA:293,34,1,0
BRDA:302,35,0,0
BRDA:303,36,0,0
BRDA:303,36,1,0
BRDA:303,36,2,0
BRDA:314,37,0,0
BRDA:314,37,1,0
BRDA:316,38,0,0
BRDA:321,39,0,0
BRDA:328,40,0,0
BRDA:333,41,0,0
BRDA:333,41,1,0
BRDA:335,42,0,0
BRDA:335,42,1,0
BRDA:336,43,0,0
BRDA:336,43,1,0
BRDA:352,44,0,0
BRDA:392,45,0,0
BRDA:397,46,0,0
BRDA:452,47,0,0
BRDA:476,48,0,0
BRDA:476,48,1,0
BRDA:470,49,0,0
BRDA:478,50,0,0
BRDA:502,51,0,0
BRDA:512,52,0,2
BRDA:512,52,1,2
BRF:80
BRH:20
end_of_record
TN:
SF:src/amplify-service-migrate.ts
FN:15,(anonymous_7)
FNF:1
FNH:0
FNDA:0,(anonymous_7)
DA:1,4
DA:2,4
DA:3,4
DA:4,4
DA:5,4
DA:6,4
DA:7,4
DA:8,4
DA:10,4
DA:15,4
DA:21,0
DA:23,0
DA:24,0
DA:25,0
DA:26,0
DA:27,0
DA:28,0
DA:30,0
DA:33,0
DA:34,0
DA:37,0
DA:38,0
DA:40,0
DA:42,0
DA:45,0
DA:48,0
DA:49,0
DA:51,0
DA:52,0
DA:55,0
DA:56,0
DA:57,0
DA:58,0
DA:61,0
DA:62,0
DA:63,0
DA:64,0
DA:69,0
DA:70,0
DA:75,0
DA:77,0
DA:87,0
DA:88,0
DA:89,0
DA:90,0
DA:96,0
DA:103,0
DA:106,0
DA:107,0
DA:108,0
DA:109,0
DA:115,0
DA:116,0
DA:117,0
DA:118,0
DA:120,0
DA:124,0
DA:128,0
DA:129,0
DA:130,0
DA:131,0
DA:138,0
DA:139,0
DA:141,0
DA:142,0
DA:143,0
DA:145,0
DA:146,0
DA:147,0
DA:149,0
DA:150,0
DA:151,0
DA:153,0
LF:73
LH:10
BRDA:33,0,0,0
BRDA:42,1,0,0
BRDA:49,2,0,0
BRDA:51,3,0,0
BRDA:51,3,1,0
BRDA:56,4,0,0
BRDA:62,5,0,0
BRDA:62,6,0,0
BRDA:62,6,1,0
BRDA:107,7,0,0
BRDA:107,7,1,0
BRDA:130,8,0,0
BRF:12
BRH:0
end_of_record
TN:
SF:src/amplify-service-permission-check.js
FN:5,checkAmplifyServiceIAMPermission
FNF:1
FNH:0
FNDA:0,checkAmplifyServiceIAMPermission
DA:1,6
DA:2,6
DA:3,6
DA:6,0
DA:7,0
DA:9,0
DA:10,0
DA:11,0
DA:13,0
DA:14,0
DA:15,0
DA:16,0
DA:19,0
DA:22,6
LF:14
LH:4
BRDA:14,0,0,0
BRDA:14,0,1,0
BRF:2
BRH:0
end_of_record
TN:
SF:src/amplify-sts.ts
FN:3,getAccountId
FNF:1
FNH:0
FNDA:0,getAccountId
DA:1,4
DA:3,4
DA:4,0
DA:5,0
DA:6,0
DA:7,0
DA:9,0
LF:7
LH:2
BRF:0
BRH:0
end_of_record
TN:
SF:src/attach-backend.ts
FN:23,(anonymous_7)
FN:97,ensureAmplifyMeta
FN:120,storeArtifactsForAmplifyService
FN:129,uploadFile
FN:144,getAmplifyApp
FN:200,(anonymous_12)
FN:225,getBackendEnv
FN:279,(anonymous_14)
FN:306,downloadBackend
FNF:9
FNH:0
FNDA:0,(anonymous_7)
FNDA:0,ensureAmplifyMeta
FNDA:0,storeArtifactsForAmplifyService
FNDA:0,uploadFile
FNDA:0,getAmplifyApp
FNDA:0,(anonymous_12)
FNDA:0,getBackendEnv
FNDA:0,(anonymous_14)
FNDA:0,downloadBackend
DA:1,4
DA:2,4
DA:3,4
DA:4,4
DA:5,4
DA:6,4
DA:7,4
DA:8,4
DA:9,4
DA:10,4
DA:11,4
DA:12,4
DA:13,4
DA:14,4
DA:15,4
DA:16,4
DA:18,4
DA:23,4
DA:26,0
DA:27,0
DA:28,0
DA:32,0
DA:33,0
DA:34,0
DA:35,0
DA:36,0
DA:37,0
DA:38,0
DA:39,0
DA:44,0
DA:45,0
DA:47,0
DA:58,0
DA:59,0
DA:63,0
DA:65,0
DA:66,0
DA:69,0
DA:70,0
DA:72,0
DA:73,0
DA:78,0
DA:79,0
DA:80,0
DA:85,0
DA:87,0
DA:89,0
DA:90,0
DA:92,0
DA:93,0
DA:94,0
DA:102,0
DA:103,0
DA:104,0
DA:105,0
DA:106,0
DA:108,0
DA:109,0
DA:110,0
DA:111,0
DA:113,0
DA:114,0
DA:117,0
DA:121,0
DA:122,0
DA:123,0
DA:124,0
DA:125,0
DA:126,0
DA:130,0
DA:131,0
DA:133,0
DA:134,0
DA:135,0
DA:140,0
DA:141,0
DA:146,0
DA:147,0
DA:148,0
DA:149,0
DA:154,0
DA:155,0
DA:160,0
DA:161,0
DA:163,0
DA:178,0
DA:180,0
DA:181,0
DA:182,0
DA:189,0
DA:195,0
DA:198,0
DA:199,0
DA:200,0
DA:201,0
DA:206,0
DA:209,0
DA:216,0
DA:219,0
DA:227,0
DA:228,0
DA:229,0
DA:230,0
DA:236,0
DA:237,0
DA:243,0
DA:244,0
DA:246,0
DA:258,0
DA:259,0
DA:260,0
DA:261,0
DA:267,0
DA:274,0
DA:277,0
DA:278,0
DA:279,0
DA:280,0
DA:285,0
DA:288,0
DA:295,0
DA:297,0
DA:298,0
DA:299,0
DA:301,0
DA:307,0
DA:308,0
DA:310,0
DA:311,0
DA:312,0
DA:313,0
DA:314,0
DA:315,0
DA:317,0
DA:318,0
DA:320,0
DA:325,0
DA:326,0
DA:327,0
DA:328,0
DA:329,0
DA:331,0
DA:332,0
DA:333,0
DA:334,0
DA:335,0
DA:338,0
DA:340,0
DA:342,0
DA:343,0
DA:344,0
DA:346,0
DA:348,0
DA:352,0
DA:356,0
DA:357,0
DA:359,0
DA:361,0
DA:362,0
DA:364,0
DA:368,0
DA:369,0
DA:373,0
DA:374,0
DA:376,0
LF:165
LH:18
BRDA:34,0,0,0
BRDA:34,1,0,0
BRDA:34,1,1,0
BRDA:34,1,2,0
BRDA:34,1,3,0
BRDA:37,2,0,0
BRDA:38,3,0,0
BRDA:50,4,0,0
BRDA:50,4,1,0
BRDA:58,5,0,0
BRDA:58,5,1,0
BRDA:70,6,0,0
BRDA:72,7,0,0
BRDA:72,7,1,0
BRDA:72,8,0,0
BRDA:72,8,1,0
BRDA:79,9,0,0
BRDA:105,10,0,0
BRDA:130,11,0,0
BRDA:147,12,0,0
BRDA:147,13,0,0
BRDA:147,13,1,0
BRDA:166,14,0,0
BRDA:166,14,1,0
BRDA:166,15,0,0
BRDA:166,15,1,0
BRDA:166,15,2,0
BRDA:168,16,0,0
BRDA:168,16,1,0
BRDA:168,17,0,0
BRDA:168,17,1,0
BRDA:198,18,0,0
BRDA:228,19,0,0
BRDA:228,20,0,0
BRDA:228,20,1,0
BRDA:277,21,0,0
BRDA:297,22,0,0
BRDA:307,23,0,0
BRDA:357,24,0,0
BRDA:357,24,1,0
BRDA:357,24,2,0
BRDA:359,25,0,0
BRDA:359,25,1,0
BRDA:359,26,0,0
BRDA:359,26,1,0
BRDA:359,26,2,0
BRF:46
BRH:0
end_of_record
TN:
SF:src/auth-transform.js
FN:1,prePushAuthTransform
FN:2,(anonymous_1)
FNF:2
FNH:2
FNDA:1,prePushAuthTransform
FNDA:6,(anonymous_1)
DA:2,6
DA:4,1
DA:5,1
DA:7,0
DA:10,4
LF:5
LH:4
BRDA:4,0,0,1
BRDA:4,0,1,0
BRF:2
BRH:1
end_of_record
TN:
SF:src/aws-predictions-regions.js
FNF:0
FNH:0
DA:1,4
DA:2,4
DA:3,4
DA:4,4
DA:5,4
DA:6,4
DA:8,4
DA:29,4
DA:50,4
DA:71,4
DA:92,4
DA:113,4
DA:134,4
DA:155,4
LF:14
LH:14
BRDA:10,0,0,0
BRDA:10,0,1,4
BRDA:15,1,0,0
BRDA:15,1,1,4
BRDA:23,2,0,0
BRDA:23,2,1,4
BRDA:62,3,0,0
BRDA:62,3,1,4
BRDA:76,4,0,0
BRDA:76,4,1,4
BRDA:97,5,0,0
BRDA:97,5,1,4
BRDA:99,6,0,0
BRDA:99,6,1,4
BRDA:101,7,0,0
BRDA:101,7,1,4
BRDA:105,8,0,0
BRDA:105,8,1,4
BRDA:106,9,0,0
BRDA:106,9,1,4
BRDA:107,10,0,0
BRDA:107,10,1,4
BRDA:108,11,0,0
BRDA:108,11,1,4
BRDA:125,12,0,0
BRDA:125,12,1,4
BRDA:126,13,0,0
BRDA:126,13,1,4
BRDA:129,14,0,0
BRDA:129,14,1,4
BRF:30
BRH:15
end_of_record
TN:
SF:src/aws-regions.js
FNF:0
FNH:0
DA:4,18
DA:25,18
LF:2
LH:2
BRF:0
BRH:0
end_of_record
TN:
SF:src/build-override-enabled-resources.ts
FN:7,(anonymous_0)
FN:16,(anonymous_1)
FNF:2
FNH:0
FNDA:0,(anonymous_0)
FNDA:0,(anonymous_1)
DA:1,4
DA:7,4
DA:8,0
DA:9,0
DA:10,0
DA:11,0
DA:13,0
DA:14,0
DA:16,0
DA:17,0
DA:23,0
DA:24,0
LF:12
LH:2
BRDA:10,0,0,0
BRDA:10,0,1,0
BRDA:10,1,0,0
BRDA:10,1,1,0
BRF:4
BRH:0
end_of_record
TN:
SF:src/cloud-formation-error-handler.ts
FN:6,(anonymous_0)
FN:11,(anonymous_1)
FN:24,(anonymous_2)
FNF:3
FNH:3
FNDA:4,(anonymous_0)
FNDA:8,(anonymous_1)
FNDA:4,(anonymous_2)
DA:1,5
DA:2,5
DA:4,5
DA:6,5
DA:7,4
DA:8,4
DA:9,4
DA:10,4
DA:11,8
DA:13,4
DA:14,4
DA:15,4
DA:16,4
DA:17,4
DA:24,5
DA:25,4
DA:26,0
DA:29,4
DA:30,0
DA:41,4
DA:42,4
DA:45,0
LF:22
LH:19
BRDA:11,0,0,8
BRDA:11,0,1,4
BRDA:13,1,0,4
BRDA:25,2,0,0
BRDA:25,3,0,4
BRDA:25,3,1,0
BRDA:25,4,0,0
BRDA:25,4,1,4
BRDA:25,5,0,4
BRDA:25,5,1,4
BRDA:25,6,0,0
BRDA:25,6,1,0
BRDA:25,7,0,0
BRDA:25,7,1,0
BRDA:29,8,0,0
BRDA:29,9,0,4
BRDA:29,9,1,0
BRDA:29,10,0,0
BRDA:29,10,1,4
BRDA:29,11,0,4
BRDA:29,11,1,4
BRDA:29,12,0,0
BRDA:29,12,1,0
BRDA:29,13,0,0
BRDA:29,13,1,0
BRDA:29,14,0,0
BRDA:29,14,1,0
BRDA:29,15,0,0
BRDA:29,15,1,0
BRDA:41,16,0,4
BRDA:41,17,0,0
BRDA:41,17,1,4
BRDA:41,18,0,4
BRDA:41,18,1,4
BRDA:41,19,0,0
BRDA:41,19,1,4
BRDA:41,20,0,4
BRDA:41,20,1,4
BRF:38
BRH:18
end_of_record
TN:
SF:src/configuration-manager.ts
FN:50,init
FN:83,configure
FN:100,enableServerlessContainers
FN:118,doesAwsConfigExists
FN:135,normalizeInputParams
FN:192,carryOutConfigAction
FN:214,initialize
FN:269,onInitSuccessful
FN:276,create
FN:296,update
FN:315,remove
FN:324,printProfileInfo
FN:332,setProjectConfigAction
FN:369,confirmProjectConfigRemoval
FN:377,promptForAuthConfig
FN:445,validateConfig
FN:480,persistLocalEnvConfig
FN:535,getCurrentConfig
FN:540,getConfigForEnv
FN:574,updateProjectConfig
FN:580,removeProjectConfig
FN:597,loadConfiguration
FN:603,loadConfigFromPath
FN:615,loadConfigurationForEnv
FN:670,resetCache
FN:680,resolveRegion
FN:699,newUserCheck
FN:731,scanConfig
FN:753,getConfigLevel
FN:783,getAwsConfig
FN:837,determineAuthFlow
FN:937,askAuthType
FN:954,validateAccessKeyId
FN:959,validateSecretAccessKey
FNF:34
FNH:5
FNDA:0,init
FNDA:0,configure
FNDA:0,enableServerlessContainers
FNDA:0,doesAwsConfigExists
FNDA:0,normalizeInputParams
FNDA:0,carryOutConfigAction
FNDA:0,initialize
FNDA:0,onInitSuccessful
FNDA:0,create
FNDA:0,update
FNDA:0,remove
FNDA:0,printProfileInfo
FNDA:0,setProjectConfigAction
FNDA:0,confirmProjectConfigRemoval
FNDA:0,promptForAuthConfig
FNDA:0,validateConfig
FNDA:0,persistLocalEnvConfig
FNDA:0,getCurrentConfig
FNDA:1,getConfigForEnv
FNDA:0,updateProjectConfig
FNDA:0,removeProjectConfig
FNDA:7,loadConfiguration
FNDA:0,loadConfigFromPath
FNDA:3,loadConfigurationForEnv
FNDA:0,resetCache
FNDA:1,resolveRegion
FNDA:0,newUserCheck
FNDA:0,scanConfig
FNDA:0,getConfigLevel
FNDA:0,getAwsConfig
FNDA:1,determineAuthFlow
FNDA:0,askAuthType
FNDA:0,validateAccessKeyId
FNDA:0,validateSecretAccessKey
DA:1,15
DA:2,15
DA:3,15
DA:4,15
DA:5,15
DA:6,15
DA:7,15
DA:8,15
DA:9,15
DA:10,15
DA:11,15
DA:12,15
DA:13,15
DA:14,15
DA:15,15
DA:17,15
DA:45,15
DA:50,15
DA:51,0
DA:52,0
DA:54,0
DA:56,0
DA:57,0
DA:58,0
DA:62,0
DA:63,0
DA:67,0
DA:68,0
DA:73,0
DA:77,0
DA:80,0
DA:83,15
DA:84,0
DA:85,0
DA:86,0
DA:87,0
DA:88,0
DA:91,0
DA:92,0
DA:93,0
DA:94,0
DA:95,0
DA:97,0
DA:101,0
DA:102,0
DA:104,0
DA:111,0
DA:112,0
DA:115,0
DA:119,0
DA:120,0
DA:122,0
DA:123,0
DA:124,0
DA:125,0
DA:126,0
DA:127,0
DA:128,0
DA:132,0
DA:137,0
DA:138,0
DA:139,0
DA:141,0
DA:142,0
DA:143,0
DA:144,0
DA:150,0
DA:151,0
DA:153,0
DA:154,0
DA:156,0
DA:157,0
DA:158,0
DA:161,0
DA:163,0
DA:164,0
DA:166,0
DA:167,0
DA:169,0
DA:170,0
DA:171,0
DA:173,0
DA:178,0
DA:181,0
DA:182,0
DA:188,0
DA:194,0
DA:196,0
DA:197,0
DA:199,0
DA:200,0
DA:202,0
DA:203,0
DA:205,0
DA:206,0
DA:208,0
DA:211,0
DA:215,0
DA:216,0
DA:217,0
DA:221,0
DA:222,0
DA:223,0
DA:224,0
DA:226,0
DA:228,0
DA:229,0
DA:230,0
DA:231,0
DA:232,0
DA:233,0
DA:237,0
DA:238,0
DA:239,0
DA:240,0
DA:241,0
DA:243,0
DA:244,0
DA:248,0
DA:249,0
DA:254,0
DA:260,0
DA:262,0
DA:263,0
DA:266,0
DA:269,15
DA:270,0
DA:271,0
DA:273,0
DA:277,0
DA:278,0
DA:279,0
DA:280,0
DA:282,0
DA:285,0
DA:286,0
DA:287,0
DA:289,0
DA:293,0
DA:297,0
DA:298,0
DA:299,0
DA:300,0
DA:302,0
DA:304,0
DA:305,0
DA:306,0
DA:308,0
DA:312,0
DA:316,0
DA:317,0
DA:318,0
DA:319,0
DA:321,0
DA:325,0
DA:326,0
DA:327,0
DA:328,0
DA:329,0
DA:333,0
DA:334,0
DA:336,0
DA:337,0
DA:338,0
DA:340,0
DA:342,0
DA:343,0
DA:344,0
DA:346,0
DA:347,0
DA:350,0
DA:351,0
DA:352,0
DA:353,0
DA:354,0
DA:356,0
DA:357,0
DA:358,0
DA:359,0
DA:361,0
DA:362,0
DA:366,0
DA:370,0
DA:371,0
DA:372,0
DA:374,0
DA:378,0
DA:380,0
DA:381,0
DA:382,0
DA:383,0
DA:388,0
DA:390,0
DA:392,0
DA:393,0
DA:395,0
DA:396,0
DA:397,0
DA:399,0
DA:401,0
DA:404,0
DA:405,0
DA:406,0
DA:407,0
DA:408,0
DA:409,0
DA:412,0
DA:413,0
DA:414,0
DA:415,0
DA:417,0
DA:418,0
DA:420,0
DA:423,0
DA:435,0
DA:436,0
DA:438,0
DA:439,0
DA:441,0
DA:442,0
DA:446,0
DA:447,0
DA:448,0
DA:449,0
DA:450,0
DA:451,0
DA:452,0
DA:453,0
DA:456,0
DA:463,0
DA:470,0
DA:471,0
DA:473,0
DA:477,0
DA:481,0
DA:482,0
DA:483,0
DA:484,0
DA:490,0
DA:494,0
DA:495,0
DA:496,0
DA:497,0
DA:499,0
DA:500,0
DA:501,0
DA:502,0
DA:504,0
DA:505,0
DA:511,0
DA:512,0
DA:513,0
DA:514,0
DA:515,0
DA:517,0
DA:521,0
DA:522,0
DA:523,0
DA:525,0
DA:526,0
DA:527,0
DA:530,0
DA:531,0
DA:532,0
DA:536,0
DA:537,0
DA:541,1
DA:545,1
DA:546,1
DA:548,1
DA:549,1
DA:550,1
DA:551,1
DA:552,1
DA:553,1
DA:554,0
DA:555,0
DA:556,0
DA:557,0
DA:558,0
DA:559,0
DA:560,0
DA:562,0
DA:566,1
DA:567,0
DA:568,0
DA:571,1
DA:575,0
DA:576,0
DA:577,0
DA:581,0
DA:582,0
DA:583,0
DA:584,0
DA:585,0
DA:586,0
DA:587,0
DA:589,0
DA:593,0
DA:597,15
DA:598,7
DA:599,0
DA:600,0
DA:604,0
DA:605,0
DA:606,0
DA:607,0
DA:610,0
DA:615,15
DA:616,3
DA:618,3
DA:620,2
DA:621,1
DA:622,1
DA:623,1
DA:627,2
DA:630,1
DA:631,1
DA:634,1
DA:635,0
DA:636,0
DA:638,0
DA:639,0
DA:641,0
DA:650,1
DA:651,1
DA:652,1
DA:654,0
DA:663,0
DA:664,0
DA:667,1
DA:670,15
DA:671,0
DA:672,0
DA:673,0
DA:674,0
DA:675,0
DA:680,15
DA:685,1
DA:686,1
DA:688,1
DA:689,0
DA:691,1
DA:692,0
DA:693,0
DA:696,1
DA:700,0
DA:701,0
DA:702,0
DA:703,0
DA:705,0
DA:706,0
DA:707,0
DA:710,0
DA:711,0
DA:715,0
DA:716,0
DA:724,0
DA:725,0
DA:732,0
DA:734,0
DA:735,0
DA:736,0
DA:737,0
DA:739,0
DA:740,0
DA:742,0
DA:743,0
DA:745,0
DA:746,0
DA:750,0
DA:756,0
DA:757,0
DA:758,0
DA:760,0
DA:761,0
DA:762,0
DA:763,0
DA:765,0
DA:766,0
DA:767,0
DA:768,0
DA:769,0
DA:770,0
DA:771,0
DA:772,0
DA:780,0
DA:783,15
DA:784,0
DA:785,0
DA:789,0
DA:790,0
DA:791,0
DA:792,0
DA:794,0
DA:804,0
DA:811,0
DA:812,0
DA:813,0
DA:814,0
DA:816,0
DA:827,0
DA:828,0
DA:834,0
DA:840,1
DA:841,1
DA:842,0
DA:856,1
DA:859,1
DA:860,1
DA:862,1
DA:864,1
DA:865,0
DA:868,1
DA:869,1
DA:872,0
DA:873,0
DA:881,0
DA:882,0
DA:883,0
DA:888,0
DA:889,0
DA:890,0
DA:891,0
DA:892,0
DA:893,0
DA:894,0
DA:895,0
DA:903,0
DA:904,0
DA:905,0
DA:906,0
DA:908,0
DA:909,0
DA:910,0
DA:911,0
DA:912,0
DA:921,0
DA:922,0
DA:923,0
DA:924,0
DA:925,0
DA:926,0
DA:927,0
DA:930,0
DA:931,0
DA:932,0
DA:934,0
DA:938,0
DA:943,0
DA:944,0
DA:947,0
DA:949,0
DA:955,0
DA:956,0
DA:957,0
DA:960,0
DA:961,0
DA:962,0
LF:459
LH:65
BRDA:51,0,0,0
BRDA:51,1,0,0
BRDA:51,1,1,0
BRDA:51,1,2,0
BRDA:51,2,0,0
BRDA:51,2,1,0
BRDA:51,3,0,0
BRDA:51,3,1,0
BRDA:57,4,0,0
BRDA:57,4,1,0
BRDA:62,5,0,0
BRDA:62,5,1,0
BRDA:67,6,0,0
BRDA:67,6,1,0
BRDA:84,7,0,0
BRDA:84,7,1,0
BRDA:87,8,0,0
BRDA:91,9,0,0
BRDA:102,10,0,0
BRDA:102,11,0,0
BRDA:102,11,1,0
BRDA:111,12,0,0
BRDA:120,13,0,0
BRDA:120,13,1,0
BRDA:120,14,0,0
BRDA:120,14,1,0
BRDA:120,15,0,0
BRDA:120,15,1,0
BRDA:120,16,0,0
BRDA:120,16,1,0
BRDA:120,17,0,0
BRDA:120,17,1,0
BRDA:122,18,0,0
BRDA:124,19,0,0
BRDA:125,20,0,0
BRDA:125,20,1,0
BRDA:125,21,0,0
BRDA:125,21,1,0
BRDA:137,22,0,0
BRDA:138,23,0,0
BRDA:138,23,1,0
BRDA:142,24,0,0
BRDA:150,25,0,0
BRDA:153,26,0,0
BRDA:153,26,1,0
BRDA:153,27,0,0
BRDA:153,27,1,0
BRDA:153,28,0,0
BRDA:153,28,1,0
BRDA:161,29,0,0
BRDA:163,30,0,0
BRDA:163,30,1,0
BRDA:163,31,0,0
BRDA:163,31,1,0
BRDA:166,32,0,0
BRDA:169,33,0,0
BRDA:169,33,1,0
BRDA:170,34,0,0
BRDA:173,35,0,0
BRDA:174,36,0,0
BRDA:174,36,1,0
BRDA:174,36,2,0
BRDA:181,37,0,0
BRDA:194,38,0,0
BRDA:194,38,1,0
BRDA:194,38,2,0
BRDA:194,38,3,0
BRDA:194,38,4,0
BRDA:216,39,0,0
BRDA:216,39,1,0
BRDA:216,40,0,0
BRDA:216,40,1,0
BRDA:216,41,0,0
BRDA:216,41,1,0
BRDA:217,42,0,0
BRDA:217,42,1,0
BRDA:218,43,0,0
BRDA:218,43,1,0
BRDA:218,43,2,0
BRDA:218,43,3,0
BRDA:218,44,0,0
BRDA:218,44,1,0
BRDA:218,45,0,0
BRDA:218,45,1,0
BRDA:218,46,0,0
BRDA:218,46,1,0
BRDA:218,47,0,0
BRDA:218,47,1,0
BRDA:219,48,0,0
BRDA:219,48,1,0
BRDA:219,49,0,0
BRDA:219,49,1,0
BRDA:219,50,0,0
BRDA:219,50,1,0
BRDA:219,51,0,0
BRDA:219,51,1,0
BRDA:221,52,0,0
BRDA:221,52,1,0
BRDA:222,53,0,0
BRDA:222,53,1,0
BRDA:223,54,0,0
BRDA:223,54,1,0
BRDA:224,55,0,0
BRDA:224,55,1,0
BRDA:228,56,0,0
BRDA:229,57,0,0
BRDA:229,57,1,0
BRDA:229,58,0,0
BRDA:229,58,1,0
BRDA:232,59,0,0
BRDA:232,60,0,0
BRDA:232,60,1,0
BRDA:232,60,2,0
BRDA:238,61,0,0
BRDA:241,62,0,0
BRDA:243,63,0,0
BRDA:243,63,1,0
BRDA:248,64,0,0
BRDA:248,64,1,0
BRDA:270,65,0,0
BRDA:270,66,0,0
BRDA:270,66,1,0
BRDA:278,67,0,0
BRDA:278,67,1,0
BRDA:286,68,0,0
BRDA:286,68,1,0
BRDA:298,69,0,0
BRDA:298,69,1,0
BRDA:305,70,0,0
BRDA:305,70,1,0
BRDA:318,71,0,0
BRDA:333,72,0,0
BRDA:333,72,1,0
BRDA:336,73,0,0
BRDA:336,73,1,0
BRDA:337,74,0,0
BRDA:337,74,1,0
BRDA:342,75,0,0
BRDA:342,75,1,0
BRDA:352,76,0,0
BRDA:352,76,1,0
BRDA:357,77,0,0
BRDA:357,77,1,0
BRDA:370,78,0,0
BRDA:372,79,0,0
BRDA:372,79,1,0
BRDA:382,80,0,0
BRDA:388,81,0,0
BRDA:388,81,1,0
BRDA:388,82,0,0
BRDA:388,82,1,0
BRDA:392,83,0,0
BRDA:392,83,1,0
BRDA:392,84,0,0
BRDA:392,84,1,0
BRDA:392,85,0,0
BRDA:392,85,1,0
BRDA:397,86,0,0
BRDA:397,86,1,0
BRDA:397,87,0,0
BRDA:397,87,1,0
BRDA:397,88,0,0
BRDA:397,88,1,0
BRDA:404,89,0,0
BRDA:412,90,0,0
BRDA:425,91,0,0
BRDA:425,91,1,0
BRDA:426,92,0,0
BRDA:426,92,1,0
BRDA:429,93,0,0
BRDA:429,93,1,0
BRDA:435,94,0,0
BRDA:438,95,0,0
BRDA:441,96,0,0
BRDA:441,96,1,0
BRDA:448,97,0,0
BRDA:448,97,1,0
BRDA:448,98,0,0
BRDA:448,98,1,0
BRDA:450,99,0,0
BRDA:451,100,0,0
BRDA:451,100,1,0
BRDA:452,101,0,0
BRDA:452,102,0,0
BRDA:452,102,1,0
BRDA:457,103,0,0
BRDA:457,103,1,0
BRDA:457,103,2,0
BRDA:457,103,3,0
BRDA:457,103,4,0
BRDA:457,103,5,0
BRDA:483,104,0,0
BRDA:483,105,0,0
BRDA:483,105,1,0
BRDA:494,106,0,0
BRDA:494,106,1,0
BRDA:496,107,0,0
BRDA:496,107,1,0
BRDA:500,108,0,0
BRDA:500,108,1,0
BRDA:526,109,0,0
BRDA:541,110,0,1
BRDA:541,110,1,0
BRDA:541,111,0,0
BRDA:541,111,1,1
BRDA:541,112,0,1
BRDA:541,112,1,1
BRDA:541,113,0,0
BRDA:541,113,1,1
BRDA:541,114,0,1
BRDA:541,114,1,1
BRDA:548,115,0,1
BRDA:550,116,0,1
BRDA:550,116,1,0
BRDA:550,117,0,1
BRDA:550,117,1,1
BRDA:550,117,2,1
BRDA:551,118,0,1
BRDA:551,118,1,0
BRDA:551,119,0,1
BRDA:551,119,1,1
BRDA:554,120,0,0
BRDA:554,120,1,0
BRDA:554,121,0,0
BRDA:554,121,1,0
BRDA:567,122,0,0
BRDA:583,123,0,0
BRDA:585,124,0,0
BRDA:586,125,0,0
BRDA:586,126,0,0
BRDA:586,126,1,0
BRDA:604,127,0,0
BRDA:606,128,0,0
BRDA:606,129,0,0
BRDA:606,129,1,0
BRDA:606,129,2,0
BRDA:616,130,0,3
BRDA:616,130,1,0
BRDA:618,131,0,2
BRDA:618,132,0,3
BRDA:618,132,1,2
BRDA:618,133,0,0
BRDA:618,133,1,3
BRDA:618,134,0,3
BRDA:618,134,1,3
BRDA:618,135,0,0
BRDA:618,135,1,3
BRDA:618,136,0,3
BRDA:618,136,1,3
BRDA:618,137,0,0
BRDA:618,137,1,2
BRDA:618,138,0,2
BRDA:618,138,1,2
BRDA:618,139,0,0
BRDA:618,139,1,2
BRDA:618,140,0,2
BRDA:618,140,1,2
BRDA:620,141,0,1
BRDA:620,142,0,2
BRDA:620,142,1,2
BRDA:620,143,0,0
BRDA:620,143,1,2
BRDA:620,144,0,2
BRDA:620,144,1,2
BRDA:620,145,0,0
BRDA:620,145,1,2
BRDA:620,146,0,2
BRDA:620,146,1,2
BRDA:622,147,0,1
BRDA:634,148,0,0
BRDA:634,148,1,1
BRDA:636,149,0,0
BRDA:636,149,1,0
BRDA:650,150,0,1
BRDA:650,150,1,0
BRDA:663,151,0,0
BRDA:672,152,0,0
BRDA:674,153,0,0
BRDA:685,154,0,1
BRDA:688,155,0,0
BRDA:691,156,0,0
BRDA:692,157,0,0
BRDA:692,157,1,0
BRDA:701,158,0,0
BRDA:702,159,0,0
BRDA:705,160,0,0
BRDA:705,160,1,0
BRDA:705,160,2,0
BRDA:706,161,0,0
BRDA:710,162,0,0
BRDA:710,162,1,0
BRDA:724,163,0,0
BRDA:734,164,0,0
BRDA:736,165,0,0
BRDA:736,166,0,0
BRDA:736,166,1,0
BRDA:739,167,0,0
BRDA:739,168,0,0
BRDA:739,168,1,0
BRDA:742,169,0,0
BRDA:742,170,0,0
BRDA:742,170,1,0
BRDA:742,170,2,0
BRDA:742,170,3,0
BRDA:745,171,0,0
BRDA:745,172,0,0
BRDA:745,172,1,0
BRDA:745,172,2,0
BRDA:760,173,0,0
BRDA:763,174,0,0
BRDA:765,175,0,0
BRDA:765,175,1,0
BRDA:767,176,0,0
BRDA:767,176,1,0
BRDA:769,177,0,0
BRDA:769,177,1,0
BRDA:769,178,0,0
BRDA:769,178,1,0
BRDA:769,178,2,0
BRDA:769,178,3,0
BRDA:771,179,0,0
BRDA:771,180,0,0
BRDA:771,180,1,0
BRDA:785,181,0,0
BRDA:785,181,1,0
BRDA:789,182,0,0
BRDA:789,182,1,0
BRDA:790,183,0,0
BRDA:790,183,1,0
BRDA:811,184,0,0
BRDA:827,185,0,0
BRDA:841,186,0,0
BRDA:841,187,0,1
BRDA:841,187,1,0
BRDA:841,188,0,1
BRDA:841,188,1,1
BRDA:856,189,0,1
BRDA:856,189,1,1
BRDA:859,190,0,0
BRDA:859,190,1,1
BRDA:859,191,0,1
BRDA:859,191,1,1
BRDA:859,192,0,0
BRDA:859,192,1,1
BRDA:859,193,0,1
BRDA:859,193,1,1
BRDA:859,194,0,0
BRDA:859,194,1,1
BRDA:859,195,0,1
BRDA:859,195,1,1
BRDA:860,196,0,0
BRDA:860,196,1,1
BRDA:860,197,0,1
BRDA:860,197,1,1
BRDA:860,198,0,0
BRDA:860,198,1,1
BRDA:860,199,0,1
BRDA:860,199,1,1
BRDA:860,200,0,0
BRDA:860,200,1,1
BRDA:860,201,0,1
BRDA:860,201,1,1
BRDA:862,202,0,1
BRDA:862,202,1,1
BRDA:862,203,0,0
BRDA:862,203,1,1
BRDA:862,204,0,1
BRDA:862,204,1,1
BRDA:862,205,0,1
BRDA:862,205,1,0
BRDA:862,206,0,1
BRDA:862,206,1,1
BRDA:864,207,0,0
BRDA:868,208,0,1
BRDA:868,209,0,1
BRDA:868,209,1,1
BRDA:872,210,0,0
BRDA:872,211,0,0
BRDA:872,211,1,0
BRDA:872,211,2,0
BRDA:881,212,0,0
BRDA:881,213,0,0
BRDA:881,213,1,0
BRDA:881,214,0,0
BRDA:881,214,1,0
BRDA:881,215,0,0
BRDA:881,215,1,0
BRDA:881,216,0,0
BRDA:881,216,1,0
BRDA:890,217,0,0
BRDA:892,218,0,0
BRDA:892,219,0,0
BRDA:892,219,1,0
BRDA:894,220,0,0
BRDA:894,221,0,0
BRDA:894,221,1,0
BRDA:894,222,0,0
BRDA:894,222,1,0
BRDA:894,223,0,0
BRDA:894,223,1,0
BRDA:903,224,0,0
BRDA:903,225,0,0
BRDA:903,225,1,0
BRDA:903,226,0,0
BRDA:903,226,1,0
BRDA:903,227,0,0
BRDA:903,227,1,0
BRDA:903,228,0,0
BRDA:903,228,1,0
BRDA:903,229,0,0
BRDA:903,229,1,0
BRDA:903,230,0,0
BRDA:903,230,1,0
BRDA:904,231,0,0
BRDA:905,232,0,0
BRDA:905,232,1,0
BRDA:905,232,2,0
BRDA:908,233,0,0
BRDA:908,233,1,0
BRDA:909,234,0,0
BRDA:909,234,1,0
BRDA:910,235,0,0
BRDA:910,235,1,0
BRDA:911,236,0,0
BRDA:911,237,0,0
BRDA:911,237,1,0
BRDA:911,237,2,0
BRDA:921,238,0,0
BRDA:921,239,0,0
BRDA:921,239,1,0
BRDA:921,240,0,0
BRDA:921,240,1,0
BRDA:921,241,0,0
BRDA:921,241,1,0
BRDA:921,242,0,0
BRDA:921,242,1,0
BRDA:921,243,0,0
BRDA:921,243,1,0
BRDA:921,244,0,0
BRDA:921,244,1,0
BRDA:930,245,0,0
BRDA:930,245,1,0
BRDA:930,246,0,0
BRDA:930,246,1,0
BRDA:931,247,0,0
BRDA:937,248,0,0
BRDA:943,249,0,0
BRDA:957,250,0,0
BRDA:957,250,1,0
BRDA:962,251,0,0
BRDA:962,251,1,0
BRF:451
BRH:78
end_of_record
TN:
SF:src/console.js
FN:4,run
FNF:1
FNH:0
FNDA:0,run
DA:1,4
DA:2,4
DA:5,0
DA:6,0
DA:7,0
DA:8,0
DA:9,0
DA:11,0
DA:14,4
LF:9
LH:3
BRDA:7,0,0,0
BRDA:7,0,1,0
BRDA:7,1,0,0
BRDA:7,1,1,0
BRF:4
BRH:0
end_of_record
TN:
SF:src/constants.js
FNF:0
FNH:0
DA:1,25
LF:1
LH:1
BRF:0
BRH:0
end_of_record
TN:
SF:src/delete-env.ts
FN:14,(anonymous_7)
FN:57,(anonymous_8)
FN:64,(anonymous_9)
FNF:3
FNH:0
FNDA:0,(anonymous_7)
FNDA:0,(anonymous_8)
FNDA:0,(anonymous_9)
DA:1,4
DA:2,4
DA:3,4
DA:4,4
DA:5,4
DA:6,4
DA:7,4
DA:8,4
DA:9,4
DA:14,4
DA:15,0
DA:16,0
DA:17,0
DA:18,0
DA:22,0
DA:23,0
DA:24,0
DA:25,0
DA:26,0
DA:27,0
DA:29,0
DA:31,0
DA:32,0
DA:35,0
DA:37,0
DA:43,0
DA:46,0
DA:47,0
DA:50,0
DA:52,0
DA:53,0
DA:57,4
DA:58,0
DA:59,0
DA:60,0
DA:61,0
DA:64,0
DA:66,0
DA:67,0
DA:70,0
DA:72,0
LF:41
LH:11
BRDA:22,0,0,0
BRDA:23,1,0,0
BRDA:23,1,1,0
BRDA:23,2,0,0
BRDA:23,2,1,0
BRDA:23,3,0,0
BRDA:23,3,1,0
BRDA:23,4,0,0
BRDA:23,4,1,0
BRDA:23,5,0,0
BRDA:23,5,1,0
BRDA:23,6,0,0
BRDA:23,6,1,0
BRDA:24,7,0,0
BRDA:24,7,1,0
BRDA:31,8,0,0
BRDA:46,9,0,0
BRDA:52,10,0,0
BRDA:52,11,0,0
BRDA:52,11,1,0
BRDA:61,12,0,0
BRDA:61,12,1,0
BRDA:64,13,0,0
BRDA:64,13,1,0
BRDA:66,14,0,0
BRF:25
BRH:0
end_of_record
TN:
SF:src/display-helpful-urls.ts
FN:13,(anonymous_1)
FN:28,(anonymous_2)
FN:29,(anonymous_3)
FN:44,(anonymous_4)
FN:46,(anonymous_5)
FN:67,(anonymous_6)
FN:88,(anonymous_7)
FN:90,(anonymous_8)
FN:108,(anonymous_9)
FN:110,(anonymous_10)
FN:133,(anonymous_11)
FN:134,(anonymous_12)
FN:151,(anonymous_13)
FN:152,(anonymous_14)
FN:182,(anonymous_15)
FN:183,(anonymous_16)
FN:198,(anonymous_17)
FN:199,(anonymous_18)
FN:224,(anonymous_19)
FN:272,(anonymous_20)
FN:274,(anonymous_21)
FN:275,(anonymous_22)
FN:292,(anonymous_23)
FN:296,(anonymous_24)
FN:297,(anonymous_25)
FNF:25
FNH:4
FNDA:0,(anonymous_1)
FNDA:0,(anonymous_2)
FNDA:0,(anonymous_3)
FNDA:0,(anonymous_4)
FNDA:0,(anonymous_5)
FNDA:0,(anonymous_6)
FNDA:0,(anonymous_7)
FNDA:0,(anonymous_8)
FNDA:0,(anonymous_9)
FNDA:0,(anonymous_10)
FNDA:0,(anonymous_11)
FNDA:0,(anonymous_12)
FNDA:0,(anonymous_13)
FNDA:0,(anonymous_14)
FNDA:0,(anonymous_15)
FNDA:0,(anonymous_16)
FNDA:0,(anonymous_17)
FNDA:0,(anonymous_18)
FNDA:6,(anonymous_19)
FNDA:0,(anonymous_20)
FNDA:0,(anonymous_21)
FNDA:0,(anonymous_22)
FNDA:2,(anonymous_23)
FNDA:1,(anonymous_24)
FNDA:1,(anonymous_25)
DA:2,4
DA:3,4
DA:4,4
DA:5,4
DA:6,4
DA:8,4
DA:13,4
DA:14,0
DA:15,0
DA:16,0
DA:17,0
DA:18,0
DA:19,0
DA:20,0
DA:21,0
DA:22,0
DA:23,0
DA:24,0
DA:25,0
DA:28,4
DA:29,0
DA:31,0
DA:32,0
DA:33,0
DA:34,0
DA:35,0
DA:36,0
DA:38,0
DA:39,0
DA:40,0
DA:44,4
DA:45,0
DA:46,0
DA:49,0
DA:50,0
DA:51,0
DA:52,0
DA:53,0
DA:55,0
DA:57,0
DA:58,0
DA:61,0
DA:63,0
DA:64,0
DA:65,0
DA:66,0
DA:67,0
DA:70,0
DA:73,0
DA:74,0
DA:75,0
DA:76,0
DA:78,0
DA:84,0
DA:88,4
DA:89,0
DA:90,0
DA:93,0
DA:94,0
DA:95,0
DA:96,0
DA:97,0
DA:98,0
DA:100,0
DA:102,0
DA:103,0
DA:108,4
DA:109,0
DA:110,0
DA:112,0
DA:120,0
DA:122,0
DA:124,0
DA:125,0
DA:126,0
DA:127,0
DA:129,0
DA:133,4
DA:134,0
DA:136,0
DA:137,0
DA:138,0
DA:139,0
DA:140,0
DA:141,0
DA:143,0
DA:145,0
DA:147,0
DA:151,4
DA:152,0
DA:154,0
DA:155,0
DA:156,0
DA:157,0
DA:158,0
DA:159,0
DA:161,0
DA:163,0
DA:165,0
DA:166,0
DA:167,0
DA:168,0
DA:169,0
DA:170,0
DA:171,0
DA:173,0
DA:176,0
DA:182,4
DA:183,0
DA:185,0
DA:186,0
DA:188,0
DA:192,0
DA:193,0
DA:198,4
DA:199,0
DA:200,0
DA:201,0
DA:203,0
DA:205,0
DA:206,0
DA:207,0
DA:208,0
DA:209,0
DA:212,0
DA:224,4
DA:225,6
DA:228,6
DA:229,6
DA:230,6
DA:231,6
DA:232,6
DA:233,2
DA:236,4
DA:237,4
DA:238,4
DA:240,0
DA:241,0
DA:242,0
DA:244,0
DA:245,0
DA:248,4
DA:249,1
DA:250,1
DA:252,3
DA:253,1
DA:254,2
DA:256,1
DA:258,1
DA:260,0
DA:272,4
DA:273,0
DA:274,0
DA:275,0
DA:276,0
DA:277,0
DA:278,0
DA:279,0
DA:281,0
DA:282,0
DA:285,0
DA:286,0
DA:292,4
DA:293,2
DA:294,2
DA:295,2
DA:296,1
DA:297,1
DA:299,2
DA:300,1
DA:303,1
DA:304,1
LF:172
LH:45
BRDA:31,0,0,0
BRDA:35,1,0,0
BRDA:46,2,0,0
BRDA:46,2,1,0
BRDA:46,2,2,0
BRDA:52,3,0,0
BRDA:57,4,0,0
BRDA:63,5,0,0
BRDA:63,5,1,0
BRDA:65,6,0,0
BRDA:66,7,0,0
BRDA:66,7,1,0
BRDA:74,8,0,0
BRDA:75,9,0,0
BRDA:75,9,1,0
BRDA:90,10,0,0
BRDA:90,10,1,0
BRDA:93,11,0,0
BRDA:97,12,0,0
BRDA:102,13,0,0
BRDA:110,14,0,0
BRDA:110,14,1,0
BRDA:110,14,2,0
BRDA:112,15,0,0
BRDA:112,16,0,0
BRDA:112,16,1,0
BRDA:136,17,0,0
BRDA:140,18,0,0
BRDA:145,19,0,0
BRDA:145,19,1,0
BRDA:154,20,0,0
BRDA:158,21,0,0
BRDA:158,22,0,0
BRDA:158,22,1,0
BRDA:165,23,0,0
BRDA:170,24,0,0
BRDA:174,25,0,0
BRDA:174,25,1,0
BRDA:185,26,0,0
BRDA:192,27,0,0
BRDA:200,28,0,0
BRDA:200,29,0,0
BRDA:200,29,1,0
BRDA:205,30,0,0
BRDA:208,31,0,0
BRDA:232,32,0,2
BRDA:240,33,0,0
BRDA:240,33,1,0
BRDA:241,34,0,0
BRDA:244,35,0,0
BRDA:248,36,0,1
BRDA:248,36,1,3
BRDA:249,37,0,1
BRDA:252,38,0,1
BRDA:252,38,1,2
BRDA:254,39,0,1
BRDA:254,39,1,1
BRDA:256,40,0,1
BRDA:256,40,1,0
BRDA:273,41,0,0
BRDA:273,41,1,0
BRDA:278,42,0,0
BRDA:278,43,0,0
BRDA:278,43,1,0
BRDA:278,43,2,0
BRDA:294,44,0,2
BRDA:294,44,1,1
BRDA:294,44,2,1
BRDA:299,45,0,1
BRF:69
BRH:13
end_of_record
TN:
SF:src/download-api-models.ts
FN:11,(anonymous_7)
FN:21,(anonymous_8)
FN:31,(anonymous_9)
FN:39,(anonymous_10)
FN:62,(anonymous_11)
FN:96,(anonymous_12)
FNF:6
FNH:0
FNDA:0,(anonymous_7)
FNDA:0,(anonymous_8)
FNDA:0,(anonymous_9)
FNDA:0,(anonymous_10)
FNDA:0,(anonymous_11)
FNDA:0,(anonymous_12)
DA:1,3
DA:2,3
DA:3,3
DA:4,3
DA:5,3
DA:6,3
DA:11,3
DA:12,0
DA:13,0
DA:15,0
DA:17,0
DA:18,0
DA:21,0
DA:22,0
DA:24,0
DA:25,0
DA:26,0
DA:29,0
DA:30,0
DA:31,0
DA:36,0
DA:39,3
DA:40,0
DA:41,0
DA:43,0
DA:45,0
DA:47,0
DA:49,0
DA:51,0
DA:53,0
DA:54,0
DA:55,0
DA:58,0
DA:59,0
DA:62,3
DA:63,0
DA:64,0
DA:66,0
DA:69,0
DA:71,0
DA:73,0
DA:75,0
DA:77,0
DA:80,0
DA:82,0
DA:84,0
DA:86,0
DA:88,0
DA:90,0
DA:96,3
DA:97,0
DA:98,0
DA:99,0
DA:100,0
DA:102,0
DA:103,0
DA:105,0
DA:107,0
DA:120,0
DA:130,0
LF:60
LH:10
BRDA:17,0,0,0
BRDA:24,1,0,0
BRDA:30,2,0,0
BRDA:66,3,0,0
BRDA:66,3,1,0
BRDA:66,3,2,0
BRDA:105,4,0,0
BRDA:105,4,1,0
BRDA:105,4,2,0
BRF:9
BRH:0
end_of_record
TN:
SF:src/export-resources.ts
FN:24,(anonymous_7)
FN:97,(anonymous_8)
FN:105,(anonymous_9)
FN:110,(anonymous_10)
FN:122,(anonymous_11)
FN:125,(anonymous_12)
FN:133,(anonymous_13)
FN:145,(anonymous_14)
FN:151,(anonymous_15)
FN:157,(anonymous_16)
FN:163,(anonymous_17)
FN:170,(anonymous_18)
FN:180,(anonymous_19)
FN:193,(anonymous_20)
FNF:14
FNH:0
FNDA:0,(anonymous_7)
FNDA:0,(anonymous_8)
FNDA:0,(anonymous_9)
FNDA:0,(anonymous_10)
FNDA:0,(anonymous_11)
FNDA:0,(anonymous_12)
FNDA:0,(anonymous_13)
FNDA:0,(anonymous_14)
FNDA:0,(anonymous_15)
FNDA:0,(anonymous_16)
FNDA:0,(anonymous_17)
FNDA:0,(anonymous_18)
FNDA:0,(anonymous_19)
FNDA:0,(anonymous_20)
DA:1,4
DA:11,4
DA:12,4
DA:13,4
DA:14,4
DA:15,4
DA:17,4
DA:20,4
DA:24,4
DA:25,0
DA:27,0
DA:28,0
DA:29,0
DA:31,0
DA:33,0
DA:34,0
DA:37,0
DA:40,0
DA:41,0
DA:42,0
DA:44,0
DA:45,0
DA:47,0
DA:48,0
DA:50,0
DA:51,0
DA:53,0
DA:54,0
DA:55,0
DA:57,0
DA:58,0
DA:60,0
DA:61,0
DA:63,0
DA:64,0
DA:66,0
DA:67,0
DA:68,0
DA:69,0
DA:70,0
DA:71,0
DA:72,0
DA:73,0
DA:76,0
DA:77,0
DA:79,0
DA:80,0
DA:81,0
DA:89,0
DA:90,0
DA:97,4
DA:98,0
DA:105,4
DA:106,0
DA:108,0
DA:110,0
DA:122,4
DA:123,0
DA:125,0
DA:133,4
DA:134,0
DA:135,0
DA:136,0
DA:141,0
DA:142,0
DA:145,4
DA:146,0
DA:147,0
DA:151,4
DA:152,0
DA:153,0
DA:157,4
DA:158,0
DA:159,0
DA:163,4
DA:164,0
DA:170,4
DA:171,0
DA:172,0
DA:176,0
DA:180,4
DA:181,0
DA:182,0
DA:188,0
DA:189,0
DA:191,0
DA:194,0
DA:196,0
LF:88
LH:19
BRDA:31,0,0,0
BRDA:31,0,1,0
BRDA:135,1,0,0
BRDA:146,2,0,0
BRDA:152,3,0,0
BRDA:158,4,0,0
BRDA:181,5,0,0
BRDA:188,6,0,0
BRF:8
BRH:0
end_of_record
TN:
SF:src/export-update-amplify-meta.ts
FN:9,(anonymous_7)
FN:16,(anonymous_8)
FNF:2
FNH:0
FNDA:0,(anonymous_7)
FNDA:0,(anonymous_8)
DA:2,4
DA:3,4
DA:4,4
DA:9,4
DA:10,0
DA:11,0
DA:12,0
DA:13,0
DA:14,0
DA:15,0
DA:16,0
DA:18,0
DA:19,0
DA:20,0
DA:24,0
DA:25,0
DA:26,0
DA:30,0
DA:31,0
DA:32,0
DA:33,0
DA:38,0
DA:39,0
DA:46,0
DA:47,0
DA:52,0
LF:26
LH:4
BRDA:18,0,0,0
BRDA:24,1,0,0
BRDA:30,2,0,0
BRDA:38,3,0,0
BRDA:46,4,0,0
BRDA:46,5,0,0
BRDA:46,5,1,0
BRF:7
BRH:0
end_of_record
TN:
SF:src/graphql-codegen.js
FN:5,prePushGraphQLCodegen
FN:6,(anonymous_1)
FN:21,postPushGraphQLCodegen
FNF:3
FNH:0
FNDA:0,prePushGraphQLCodegen
FNDA:0,(anonymous_1)
FNDA:0,postPushGraphQLCodegen
DA:3,4
DA:6,0
DA:8,0
DA:9,0
DA:10,0
DA:11,0
DA:12,0
DA:14,0
DA:15,0
DA:16,0
DA:17,0
DA:22,0
DA:25,4
LF:13
LH:2
BRDA:8,0,0,0
BRDA:8,0,1,0
BRDA:14,1,0,0
BRDA:14,1,1,0
BRF:4
BRH:0
end_of_record
TN:
SF:src/index.ts
FN:37,(anonymous_7)
FN:38,(anonymous_8)
FN:39,(anonymous_9)
FN:40,(anonymous_10)
FN:40,(anonymous_11)
FN:44,(anonymous_12)
FN:46,(anonymous_13)
FN:48,(anonymous_14)
FN:56,(anonymous_15)
FN:59,(anonymous_16)
FN:59,(anonymous_17)
FN:61,init
FN:65,initEnv
FN:69,attachBackend
FN:75,onInitSuccessful
FN:79,exportResources
FN:83,exportedStackResourcesUpdateMeta
FN:87,pushResources
FN:91,deleteEnv
FN:95,configure
FN:99,getConfiguredAWSClient
FN:110,getConfiguredPinpointClient
FN:114,getPinpointRegionMapping
FN:118,getConfiguredAmplifyClient
FN:122,showHelpfulLinks
FN:126,configureNewUser
FN:130,openConsole
FN:134,getConfiguredSSMClient
FN:138,getConfiguredLocationServiceClient
FN:142,getLambdaSdk
FN:146,getCloudFormationSdk
FNF:31
FNH:0
FNDA:0,(anonymous_7)
FNDA:0,(anonymous_8)
FNDA:0,(anonymous_9)
FNDA:0,(anonymous_10)
FNDA:0,(anonymous_11)
FNDA:0,(anonymous_12)
FNDA:0,(anonymous_13)
FNDA:0,(anonymous_14)
FNDA:0,(anonymous_15)
FNDA:0,(anonymous_16)
FNDA:0,(anonymous_17)
FNDA:0,init
FNDA:0,initEnv
FNDA:0,attachBackend
FNDA:0,onInitSuccessful
FNDA:0,exportResources
FNDA:0,exportedStackResourcesUpdateMeta
FNDA:0,pushResources
FNDA:0,deleteEnv
FNDA:0,configure
FNDA:0,getConfiguredAWSClient
FNDA:0,getConfiguredPinpointClient
FNDA:0,getPinpointRegionMapping
FNDA:0,getConfiguredAmplifyClient
FNDA:0,showHelpfulLinks
FNDA:0,configureNewUser
FNDA:0,openConsole
FNDA:0,getConfiguredSSMClient
FNDA:0,getConfiguredLocationServiceClient
FNDA:0,getLambdaSdk
FNDA:0,getCloudFormationSdk
DA:1,4
DA:2,4
DA:3,4
DA:4,4
DA:5,4
DA:6,4
DA:7,4
DA:8,4
DA:9,4
DA:10,4
DA:11,4
DA:12,4
DA:13,4
DA:14,4
DA:15,4
DA:16,4
DA:17,4
DA:18,4
DA:20,4
DA:21,4
DA:22,4
DA:23,4
DA:24,4
DA:25,4
DA:26,4
DA:27,4
DA:28,4
DA:29,4
DA:30,4
DA:31,4
DA:32,4
DA:33,4
DA:34,4
DA:35,4
DA:37,4
DA:38,4
DA:39,4
DA:40,4
DA:41,4
DA:43,4
DA:44,4
DA:45,4
DA:46,4
DA:47,4
DA:48,4
DA:50,4
DA:51,4
DA:52,4
DA:53,4
DA:54,4
DA:55,4
DA:56,4
DA:58,4
DA:59,4
DA:62,0
DA:66,0
DA:70,0
DA:76,0
DA:80,0
DA:84,0
DA:88,0
DA:92,0
DA:96,0
DA:100,0
DA:101,0
DA:102,0
DA:103,0
DA:104,0
DA:107,0
DA:111,0
DA:115,0
DA:119,0
DA:123,0
DA:127,0
DA:131,0
DA:134,4
DA:135,0
DA:138,4
DA:139,0
DA:143,0
DA:147,0
DA:150,4
LF:82
LH:57
BRDA:101,0,0,0
BRDA:101,0,1,0
BRDA:102,1,0,0
BRDA:102,1,1,0
BRDA:118,2,0,0
BRF:5
BRH:0
end_of_record
TN:
SF:src/initialize-env.ts
FN:33,run
FN:85,(anonymous_2)
FN:86,(anonymous_3)
FN:108,(anonymous_4)
FN:109,(anonymous_5)
FN:110,(anonymous_6)
FNF:6
FNH:0
FNDA:0,run
FNDA:0,(anonymous_2)
FNDA:0,(anonymous_3)
FNDA:0,(anonymous_4)
FNDA:0,(anonymous_5)
FNDA:0,(anonymous_6)
DA:15,4
DA:16,4
DA:17,4
DA:18,4
DA:19,4
DA:20,4
DA:21,4
DA:22,4
DA:23,4
DA:24,4
DA:25,4
DA:26,4
DA:28,4
DA:33,4
DA:34,0
DA:35,0
DA:36,0
DA:37,0
DA:38,0
DA:40,0
DA:41,0
DA:42,0
DA:43,0
DA:45,0
DA:49,0
DA:54,0
DA:56,0
DA:57,0
DA:59,0
DA:63,0
DA:64,0
DA:68,0
DA:69,0
DA:70,0
DA:71,0
DA:74,0
DA:76,0
DA:77,0
DA:80,0
DA:81,0
DA:85,0
DA:86,0
DA:87,0
DA:88,0
DA:98,0
DA:99,0
DA:107,0
DA:108,0
DA:110,0
DA:111,0
DA:114,0
DA:115,0
DA:116,0
DA:121,0
DA:125,0
DA:126,0
DA:129,0
DA:130,0
DA:131,0
LF:59
LH:14
BRDA:34,0,0,0
BRDA:34,1,0,0
BRDA:34,1,1,0
BRDA:54,2,0,0
BRDA:54,2,1,0
BRDA:69,3,0,0
BRDA:87,4,0,0
BRDA:87,5,0,0
BRDA:87,5,1,0
BRDA:114,6,0,0
BRDA:125,7,0,0
BRF:11
BRH:0
end_of_record
TN:
SF:src/initializer.ts
FN:52,(anonymous_7)
FN:193,createInitEventMap
FN:196,(anonymous_9)
FN:208,(anonymous_10)
FN:212,(anonymous_11)
FN:227,(anonymous_12)
FN:240,(anonymous_13)
FN:263,(anonymous_14)
FN:276,(anonymous_15)
FN:296,(anonymous_16)
FN:297,(anonymous_17)
FN:303,(anonymous_18)
FN:304,(anonymous_19)
FN:308,(anonymous_20)
FN:319,(anonymous_21)
FNF:15
FNH:7
FNDA:1,(anonymous_7)
FNDA:1,createInitEventMap
FNDA:3,(anonymous_9)
FNDA:1,(anonymous_10)
FNDA:0,(anonymous_11)
FNDA:1,(anonymous_12)
FNDA:1,(anonymous_13)
FNDA:0,(anonymous_14)
FNDA:0,(anonymous_15)
FNDA:0,(anonymous_16)
FNDA:0,(anonymous_17)
FNDA:0,(anonymous_18)
FNDA:0,(anonymous_19)
FNDA:0,(anonymous_20)
FNDA:1,(anonymous_21)
DA:5,4
DA:16,4
DA:17,4
DA:18,4
DA:20,4
DA:21,4
DA:22,4
DA:23,4
DA:24,4
DA:25,4
DA:26,4
DA:27,4
DA:28,4
DA:29,4
DA:30,4
DA:31,4
DA:32,4
DA:33,4
DA:34,4
DA:35,4
DA:36,4
DA:37,4
DA:39,4
DA:52,4
DA:53,1
DA:54,1
DA:55,1
DA:56,1
DA:57,1
DA:59,1
DA:60,1
DA:61,1
DA:62,1
DA:64,1
DA:66,1
DA:73,1
DA:78,1
DA:79,1
DA:81,1
DA:82,1
DA:84,1
DA:93,1
DA:94,1
DA:95,1
DA:96,1
DA:97,1
DA:98,0
DA:102,1
DA:103,0
DA:104,0
DA:105,0
DA:106,0
DA:116,0
DA:117,0
DA:121,0
DA:133,1
DA:135,1
DA:137,1
DA:140,1
DA:161,1
DA:162,1
DA:163,1
DA:165,1
DA:166,1
DA:167,0
DA:179,0
DA:181,0
DA:194,1
DA:197,3
DA:198,3
DA:208,4
DA:209,1
DA:210,1
DA:211,1
DA:212,1
DA:213,0
DA:215,1
DA:216,0
DA:219,1
DA:221,0
DA:227,4
DA:228,1
DA:229,1
DA:230,1
DA:231,1
DA:232,1
DA:233,0
DA:235,1
DA:240,4
DA:241,1
DA:242,1
DA:243,1
DA:248,1
DA:249,0
DA:251,0
DA:252,0
DA:254,0
DA:263,4
DA:264,0
DA:265,0
DA:266,0
DA:267,0
DA:268,0
DA:270,0
DA:276,4
DA:278,0
DA:280,0
DA:283,0
DA:285,0
DA:286,0
DA:287,0
DA:289,0
DA:290,0
DA:291,0
DA:293,0
DA:296,4
DA:297,0
DA:298,0
DA:299,0
DA:300,0
DA:301,0
DA:303,0
DA:304,0
DA:305,0
DA:308,4
DA:309,0
DA:310,0
DA:314,0
DA:315,0
DA:319,4
DA:320,1
DA:321,1
DA:322,0
DA:324,1
LF:134
LH:86
BRDA:54,0,0,1
BRDA:54,0,1,0
BRDA:54,1,0,1
BRDA:54,1,1,1
BRDA:55,2,0,1
BRDA:55,2,1,0
BRDA:55,3,0,1
BRDA:55,3,1,1
BRDA:59,4,0,0
BRDA:59,4,1,1
BRDA:60,5,0,0
BRDA:102,6,0,0
BRDA:102,7,0,1
BRDA:102,7,1,0
BRDA:105,8,0,0
BRDA:143,9,0,1
BRDA:143,9,1,0
BRDA:143,10,0,1
BRDA:143,10,1,1
BRDA:167,11,0,0
BRDA:167,11,1,0
BRDA:174,12,0,0
BRDA:174,12,1,0
BRDA:174,12,2,0
BRDA:174,12,3,0
BRDA:199,13,0,3
BRDA:199,13,1,0
BRDA:210,14,0,1
BRDA:210,14,1,0
BRDA:210,15,0,1
BRDA:210,15,1,1
BRDA:215,16,0,0
BRDA:230,17,0,1
BRDA:232,18,0,0
BRDA:232,18,1,1
BRDA:241,19,0,1
BRDA:241,20,0,1
BRDA:241,20,1,1
BRDA:248,21,0,0
BRDA:251,22,0,0
BRDA:265,23,0,0
BRDA:278,24,0,0
BRDA:291,25,0,0
BRDA:291,25,1,0
BRDA:291,26,0,0
BRDA:291,26,1,0
BRDA:309,27,0,0
BRDA:321,28,0,0
BRDA:321,29,0,1
BRDA:321,29,1,1
BRF:50
BRH:22
end_of_record
TN:
SF:src/lambdaLayerInvocations.ts
FN:9,prePushLambdaLayerPrompt
FN:13,postPushLambdaLayerCleanup
FN:20,legacyLayerMigration
FNF:3
FNH:2
FNDA:1,prePushLambdaLayerPrompt
FNDA:0,postPushLambdaLayerCleanup
FNDA:1,legacyLayerMigration
DA:2,4
DA:4,4
DA:5,4
DA:6,4
DA:7,4
DA:9,4
DA:10,1
DA:13,4
DA:14,0
DA:20,4
DA:21,1
LF:11
LH:10
BRF:0
BRH:0
end_of_record
TN:
SF:src/plugin-client-api-analytics.ts
FN:7,(anonymous_0)
FNF:1
FNH:0
FNDA:0,(anonymous_0)
DA:1,4
DA:7,4
DA:8,0
LF:3
LH:2
BRF:0
BRH:0
end_of_record
TN:
SF:src/print-cdk-migration-warning.ts
FN:24,(anonymous_7)
FN:28,(anonymous_8)
FN:45,(anonymous_9)
FN:69,(anonymous_10)
FN:73,(anonymous_11)
FN:75,(anonymous_12)
FN:96,(anonymous_13)
FN:110,(anonymous_14)
FN:116,(anonymous_15)
FNF:9
FNH:9
FNDA:6,(anonymous_7)
FNDA:15,(anonymous_8)
FNDA:6,(anonymous_9)
FNDA:6,(anonymous_10)
FNDA:15,(anonymous_11)
FNDA:3,(anonymous_12)
FNDA:6,(anonymous_13)
FNDA:2,(anonymous_14)
FNDA:3,(anonymous_15)
DA:1,5
DA:9,5
DA:10,5
DA:11,5
DA:12,5
DA:24,5
DA:25,6
DA:26,6
DA:27,6
DA:28,6
DA:29,15
DA:36,6
DA:37,6
DA:38,3
DA:45,5
DA:47,6
DA:49,15
DA:52,15
DA:53,2
DA:57,2
DA:58,2
DA:59,2
DA:66,6
DA:69,5
DA:71,6
DA:72,6
DA:73,15
DA:75,6
DA:76,3
DA:77,3
DA:81,3
DA:82,3
DA:83,3
DA:84,3
DA:90,6
DA:96,5
DA:97,6
DA:98,6
DA:99,6
DA:100,6
DA:102,6
DA:103,3
DA:104,3
DA:105,3
DA:106,3
DA:109,6
DA:110,2
DA:111,2
DA:113,2
DA:115,6
DA:116,2
DA:117,3
DA:119,2
DA:121,6
LF:54
LH:54
BRDA:37,0,0,3
BRDA:52,1,0,2
BRDA:52,2,0,15
BRDA:52,2,1,4
BRDA:58,3,0,2
BRDA:73,4,0,15
BRDA:73,4,1,4
BRDA:82,5,0,3
BRDA:102,6,0,3
BRDA:102,7,0,6
BRDA:102,7,1,4
BRDA:109,8,0,2
BRDA:115,9,0,2
BRF:13
BRH:13
end_of_record
TN:
SF:src/push-resources.ts
FN:95,(anonymous_7)
FN:105,(anonymous_8)
FN:126,(anonymous_9)
FN:141,(anonymous_10)
FN:175,(anonymous_11)
FN:194,(anonymous_12)
FN:229,(anonymous_13)
FN:231,(anonymous_14)
FN:243,(anonymous_15)
FN:255,(anonymous_16)
FN:297,(anonymous_17)
FN:362,(anonymous_18)
FN:363,(anonymous_19)
FN:389,(anonymous_20)
FN:392,(anonymous_21)
FN:400,(anonymous_22)
FN:407,(anonymous_23)
FN:449,(anonymous_24)
FN:458,(anonymous_25)
FN:472,(anonymous_26)
FN:475,(anonymous_27)
FN:500,(anonymous_28)
FN:511,(anonymous_29)
FN:554,(anonymous_30)
FN:556,(anonymous_31)
FN:556,(anonymous_32)
FN:559,(anonymous_33)
FN:642,(anonymous_34)
FN:650,(anonymous_35)
FN:666,(anonymous_36)
FN:672,(anonymous_37)
FN:682,(anonymous_38)
FN:693,(anonymous_39)
FN:696,(anonymous_40)
FN:704,(anonymous_41)
FN:751,(anonymous_42)
FN:778,(anonymous_43)
FN:810,(anonymous_44)
FN:821,(anonymous_45)
FN:842,(anonymous_46)
FN:859,(anonymous_47)
FN:861,(anonymous_48)
FN:863,(anonymous_49)
FN:874,(anonymous_50)
FN:877,(anonymous_51)
FN:880,(anonymous_52)
FN:890,(anonymous_53)
FN:893,(anonymous_54)
FN:900,(anonymous_55)
FN:1010,(anonymous_56)
FN:1021,(anonymous_57)
FN:1058,(anonymous_58)
FN:1059,(anonymous_59)
FN:1061,(anonymous_60)
FN:1118,(anonymous_61)
FN:1119,(anonymous_62)
FN:1208,(anonymous_63)
FN:1219,(anonymous_64)
FN:1228,(anonymous_65)
FN:1244,(anonymous_66)
FN:1250,(anonymous_67)
FNF:61
FNH:5
FNDA:0,(anonymous_7)
FNDA:0,(anonymous_8)
FNDA:0,(anonymous_9)
FNDA:0,(anonymous_10)
FNDA:0,(anonymous_11)
FNDA:0,(anonymous_12)
FNDA:0,(anonymous_13)
FNDA:0,(anonymous_14)
FNDA:0,(anonymous_15)
FNDA:0,(anonymous_16)
FNDA:0,(anonymous_17)
FNDA:0,(anonymous_18)
FNDA:0,(anonymous_19)
FNDA:0,(anonymous_20)
FNDA:0,(anonymous_21)
FNDA:0,(anonymous_22)
FNDA:0,(anonymous_23)
FNDA:0,(anonymous_24)
FNDA:0,(anonymous_25)
FNDA:0,(anonymous_26)
FNDA:0,(anonymous_27)
FNDA:0,(anonymous_28)
FNDA:0,(anonymous_29)
FNDA:0,(anonymous_30)
FNDA:0,(anonymous_31)
FNDA:0,(anonymous_32)
FNDA:0,(anonymous_33)
FNDA:0,(anonymous_34)
FNDA:0,(anonymous_35)
FNDA:0,(anonymous_36)
FNDA:0,(anonymous_37)
FNDA:0,(anonymous_38)
FNDA:0,(anonymous_39)
FNDA:0,(anonymous_40)
FNDA:9,(anonymous_41)
FNDA:0,(anonymous_42)
FNDA:0,(anonymous_43)
FNDA:0,(anonymous_44)
FNDA:0,(anonymous_45)
FNDA:0,(anonymous_46)
FNDA:0,(anonymous_47)
FNDA:0,(anonymous_48)
FNDA:0,(anonymous_49)
FNDA:0,(anonymous_50)
FNDA:0,(anonymous_51)
FNDA:0,(anonymous_52)
FNDA:0,(anonymous_53)
FNDA:0,(anonymous_54)
FNDA:1,(anonymous_55)
FNDA:0,(anonymous_56)
FNDA:0,(anonymous_57)
FNDA:4,(anonymous_58)
FNDA:3,(anonymous_59)
FNDA:6,(anonymous_60)
FNDA:0,(anonymous_61)
FNDA:0,(anonymous_62)
FNDA:0,(anonymous_63)
FNDA:0,(anonymous_64)
FNDA:0,(anonymous_65)
FNDA:0,(anonymous_66)
FNDA:0,(anonymous_67)
DA:17,4
DA:18,4
DA:19,4
DA:20,4
DA:21,4
DA:41,4
DA:42,4
DA:43,4
DA:44,4
DA:45,4
DA:46,4
DA:47,4
DA:48,4
DA:49,4
DA:50,4
DA:51,4
DA:52,4
DA:53,4
DA:54,4
DA:55,4
DA:56,4
DA:57,4
DA:58,4
DA:59,4
DA:60,4
DA:61,4
DA:62,4
DA:63,4
DA:64,4
DA:65,4
DA:66,4
DA:67,4
DA:68,4
DA:69,4
DA:73,4
DA:74,4
DA:75,4
DA:76,4
DA:78,4
DA:79,4
DA:80,4
DA:81,4
DA:83,4
DA:86,4
DA:88,4
DA:89,4
DA:90,4
DA:91,4
DA:92,4
DA:93,4
DA:95,4
DA:96,0
DA:97,0
DA:98,0
DA:99,0
DA:105,4
DA:106,0
DA:107,0
DA:108,0
DA:110,0
DA:119,0
DA:120,0
DA:123,0
DA:124,0
DA:126,0
DA:127,0
DA:129,0
DA:130,0
DA:131,0
DA:132,0
DA:133,0
DA:138,0
DA:141,0
DA:142,0
DA:143,0
DA:149,0
DA:150,0
DA:154,0
DA:155,0
DA:159,0
DA:163,0
DA:165,0
DA:166,0
DA:168,0
DA:169,0
DA:171,0
DA:175,0
DA:176,0
DA:177,0
DA:181,0
DA:182,0
DA:186,0
DA:187,0
DA:193,0
DA:194,0
DA:199,0
DA:200,0
DA:207,0
DA:208,0
DA:211,0
DA:217,0
DA:218,0
DA:219,0
DA:222,0
DA:225,0
DA:228,0
DA:229,0
DA:230,0
DA:232,0
DA:236,0
DA:238,0
DA:239,0
DA:240,0
DA:243,0
DA:244,0
DA:249,0
DA:250,0
DA:255,0
DA:261,0
DA:262,0
DA:263,0
DA:266,0
DA:267,0
DA:271,0
DA:272,0
DA:273,0
DA:274,0
DA:275,0
DA:276,0
DA:279,0
DA:288,0
DA:289,0
DA:291,0
DA:293,0
DA:297,0
DA:300,0
DA:301,0
DA:302,0
DA:305,0
DA:317,0
DA:321,0
DA:324,0
DA:325,0
DA:326,0
DA:328,0
DA:331,0
DA:332,0
DA:333,0
DA:335,0
DA:338,0
DA:340,0
DA:341,0
DA:342,0
DA:344,0
DA:346,0
DA:349,0
DA:351,0
DA:354,0
DA:355,0
DA:357,0
DA:358,0
DA:361,0
DA:362,0
DA:363,0
DA:365,0
DA:366,0
DA:369,0
DA:371,0
DA:373,0
DA:374,0
DA:379,0
DA:380,0
DA:383,0
DA:385,0
DA:387,0
DA:389,0
DA:391,0
DA:392,0
DA:393,0
DA:399,0
DA:400,0
DA:402,0
DA:403,0
DA:406,0
DA:407,0
DA:408,0
DA:409,0
DA:411,0
DA:412,0
DA:414,0
DA:415,0
DA:417,0
DA:418,0
DA:420,0
DA:423,0
DA:425,0
DA:426,0
DA:430,0
DA:432,0
DA:438,0
DA:439,0
DA:445,0
DA:448,0
DA:449,0
DA:452,0
DA:453,0
DA:457,0
DA:458,0
DA:460,0
DA:461,0
DA:462,0
DA:466,0
DA:467,0
DA:470,0
DA:473,0
DA:475,0
DA:477,0
DA:479,0
DA:481,0
DA:482,0
DA:484,0
DA:485,0
DA:500,4
DA:501,0
DA:507,0
DA:509,0
DA:511,0
DA:513,0
DA:527,0
DA:529,0
DA:531,0
DA:537,0
DA:540,0
DA:541,0
DA:542,0
DA:544,0
DA:547,0
DA:548,0
DA:551,0
DA:554,4
DA:556,0
DA:559,4
DA:560,0
DA:565,0
DA:573,0
DA:574,0
DA:577,0
DA:579,0
DA:581,0
DA:583,0
DA:587,0
DA:588,0
DA:591,0
DA:592,0
DA:593,0
DA:595,0
DA:600,0
DA:601,0
DA:610,0
DA:611,0
DA:612,0
DA:614,0
DA:615,0
DA:616,0
DA:617,0
DA:618,0
DA:620,0
DA:621,0
DA:622,0
DA:623,0
DA:624,0
DA:626,0
DA:627,0
DA:632,0
DA:637,0
DA:638,0
DA:642,4
DA:643,0
DA:644,0
DA:646,0
DA:647,0
DA:650,4
DA:657,0
DA:659,0
DA:660,0
DA:661,0
DA:663,0
DA:666,4
DA:667,0
DA:668,0
DA:669,0
DA:671,0
DA:672,0
DA:673,0
DA:674,0
DA:677,0
DA:681,0
DA:682,0
DA:683,0
DA:684,0
DA:687,0
DA:690,0
DA:693,4
DA:694,0
DA:696,0
DA:698,0
DA:704,4
DA:705,9
DA:706,9
DA:707,9
DA:714,9
DA:715,8
DA:721,8
DA:722,1
DA:731,8
DA:732,8
DA:739,1
DA:745,1
DA:751,4
DA:752,0
DA:754,0
DA:755,0
DA:756,0
DA:757,0
DA:758,0
DA:760,0
DA:765,0
DA:767,0
DA:768,0
DA:769,0
DA:772,0
DA:778,4
DA:785,0
DA:786,0
DA:787,0
DA:789,0
DA:791,0
DA:796,0
DA:797,0
DA:799,0
DA:800,0
DA:801,0
DA:803,0
DA:804,0
DA:806,0
DA:810,4
DA:816,0
DA:821,4
DA:822,0
DA:823,0
DA:824,0
DA:825,0
DA:842,4
DA:843,0
DA:845,0
DA:846,0
DA:847,0
DA:848,0
DA:850,0
DA:851,0
DA:852,0
DA:853,0
DA:854,0
DA:855,0
DA:856,0
DA:859,0
DA:861,0
DA:862,0
DA:863,0
DA:864,0
DA:865,0
DA:870,0
DA:874,4
DA:876,0
DA:877,0
DA:878,0
DA:880,0
DA:881,0
DA:883,0
DA:884,0
DA:889,0
DA:890,0
DA:891,0
DA:893,0
DA:900,4
DA:911,1
DA:915,1
DA:921,1
DA:922,3
DA:923,3
DA:927,1
DA:928,1
DA:930,1
DA:931,0
DA:933,0
DA:934,0
DA:935,0
DA:936,0
DA:937,0
DA:938,0
DA:942,1
DA:943,1
DA:944,1
DA:945,0
DA:953,1
DA:954,1
DA:955,1
DA:956,0
DA:972,0
DA:973,0
DA:974,0
DA:975,0
DA:981,0
DA:984,1
DA:985,0
DA:996,0
DA:997,0
DA:998,0
DA:1005,0
DA:1006,0
DA:1008,0
DA:1010,0
DA:1011,0
DA:1012,0
DA:1013,0
DA:1014,0
DA:1015,0
DA:1017,0
DA:1019,0
DA:1021,0
DA:1022,0
DA:1023,0
DA:1025,0
DA:1029,0
DA:1032,1
DA:1033,1
DA:1040,1
DA:1044,1
DA:1056,1
DA:1058,4
DA:1059,1
DA:1060,3
DA:1061,3
DA:1062,6
DA:1064,6
DA:1065,1
DA:1068,6
DA:1071,6
DA:1072,0
DA:1073,0
DA:1074,0
DA:1075,0
DA:1076,0
DA:1082,0
DA:1084,0
DA:1085,0
DA:1090,0
DA:1091,0
DA:1093,0
DA:1094,0
DA:1099,0
DA:1102,0
DA:1103,0
DA:1106,0
DA:1109,0
DA:1110,0
DA:1111,0
DA:1113,0
DA:1116,0
DA:1117,0
DA:1118,0
DA:1120,0
DA:1126,0
DA:1127,0
DA:1128,0
DA:1132,0
DA:1136,0
DA:1137,0
DA:1140,0
DA:1142,0
DA:1143,0
DA:1144,0
DA:1146,0
DA:1147,0
DA:1154,0
DA:1156,0
DA:1157,0
DA:1158,0
DA:1161,0
DA:1162,0
DA:1165,0
DA:1166,0
DA:1169,0
DA:1170,0
DA:1173,0
DA:1174,0
DA:1177,0
DA:1178,0
DA:1180,0
DA:1192,1
DA:1193,1
DA:1196,1
DA:1197,1
DA:1199,1
DA:1200,0
DA:1205,1
DA:1208,4
DA:1209,0
DA:1210,0
DA:1211,0
DA:1213,0
DA:1214,0
DA:1216,0
DA:1219,4
DA:1220,0
DA:1228,4
DA:1229,0
DA:1230,0
DA:1232,0
DA:1235,0
DA:1236,0
DA:1241,0
DA:1244,4
DA:1245,0
DA:1246,0
DA:1247,0
DA:1248,0
DA:1250,0
DA:1251,0
DA:1252,0
DA:1253,0
DA:1256,0
LF:532
LH:117
BRDA:105,0,0,0
BRDA:124,1,0,0
BRDA:124,1,1,0
BRDA:124,2,0,0
BRDA:124,2,1,0
BRDA:124,3,0,0
BRDA:124,3,1,0
BRDA:124,4,0,0
BRDA:124,4,1,0
BRDA:124,5,0,0
BRDA:124,5,1,0
BRDA:124,6,0,0
BRDA:124,6,1,0
BRDA:129,7,0,0
BRDA:129,8,0,0
BRDA:129,8,1,0
BRDA:130,9,0,0
BRDA:130,10,0,0
BRDA:130,10,1,0
BRDA:130,11,0,0
BRDA:130,11,1,0
BRDA:130,12,0,0
BRDA:130,12,1,0
BRDA:130,13,0,0
BRDA:130,13,1,0
BRDA:130,14,0,0
BRDA:130,14,1,0
BRDA:132,15,0,0
BRDA:132,16,0,0
BRDA:132,16,1,0
BRDA:132,17,0,0
BRDA:132,17,1,0
BRDA:142,18,0,0
BRDA:149,19,0,0
BRDA:149,20,0,0
BRDA:149,20,1,0
BRDA:155,21,0,0
BRDA:155,22,0,0
BRDA:155,22,1,0
BRDA:175,23,0,0
BRDA:181,24,0,0
BRDA:181,25,0,0
BRDA:181,25,1,0
BRDA:195,26,0,0
BRDA:195,26,1,0
BRDA:195,27,0,0
BRDA:195,27,1,0
BRDA:195,28,0,0
BRDA:195,28,1,0
BRDA:217,29,0,0
BRDA:228,30,0,0
BRDA:230,31,0,0
BRDA:230,31,1,0
BRDA:232,32,0,0
BRDA:232,32,1,0
BRDA:232,32,2,0
BRDA:232,33,0,0
BRDA:232,33,1,0
BRDA:232,34,0,0
BRDA:232,34,1,0
BRDA:233,35,0,0
BRDA:233,35,1,0
BRDA:233,36,0,0
BRDA:233,36,1,0
BRDA:233,37,0,0
BRDA:233,37,1,0
BRDA:233,38,0,0
BRDA:233,38,1,0
BRDA:234,39,0,0
BRDA:234,39,1,0
BRDA:234,40,0,0
BRDA:234,40,1,0
BRDA:236,41,0,0
BRDA:236,41,1,0
BRDA:238,42,0,0
BRDA:249,43,0,0
BRDA:261,44,0,0
BRDA:279,45,0,0
BRDA:280,46,0,0
BRDA:280,46,1,0
BRDA:280,46,2,0
BRDA:280,46,3,0
BRDA:280,46,4,0
BRDA:280,46,5,0
BRDA:280,46,6,0
BRDA:291,47,0,0
BRDA:291,47,1,0
BRDA:324,48,0,0
BRDA:332,49,0,0
BRDA:357,50,0,0
BRDA:361,51,0,0
BRDA:365,52,0,0
BRDA:369,53,0,0
BRDA:392,54,0,0
BRDA:399,55,0,0
BRDA:402,56,0,0
BRDA:406,57,0,0
BRDA:414,58,0,0
BRDA:417,59,0,0
BRDA:417,60,0,0
BRDA:417,60,1,0
BRDA:426,61,0,0
BRDA:427,62,0,0
BRDA:427,62,1,0
BRDA:438,63,0,0
BRDA:448,64,0,0
BRDA:460,65,0,0
BRDA:460,66,0,0
BRDA:460,66,1,0
BRDA:473,67,0,0
BRDA:473,67,1,0
BRDA:473,67,2,0
BRDA:481,68,0,0
BRDA:531,69,0,0
BRDA:531,70,0,0
BRDA:531,70,1,0
BRDA:537,71,0,0
BRDA:537,71,1,0
BRDA:537,72,0,0
BRDA:537,72,1,0
BRDA:541,73,0,0
BRDA:541,73,1,0
BRDA:573,74,0,0
BRDA:600,75,0,0
BRDA:603,76,0,0
BRDA:603,76,1,0
BRDA:614,77,0,0
BRDA:614,77,1,0
BRDA:616,78,0,0
BRDA:616,78,1,0
BRDA:626,79,0,0
BRDA:626,79,1,0
BRDA:671,80,0,0
BRDA:673,81,0,0
BRDA:681,82,0,0
BRDA:683,83,0,0
BRDA:704,84,0,2
BRDA:714,85,0,8
BRDA:714,86,0,9
BRDA:714,86,1,8
BRDA:721,87,0,1
BRDA:731,88,0,8
BRDA:757,89,0,0
BRDA:757,89,1,0
BRDA:757,90,0,0
BRDA:757,90,1,0
BRDA:758,91,0,0
BRDA:758,91,1,0
BRDA:758,92,0,0
BRDA:758,92,1,0
BRDA:765,93,0,0
BRDA:765,93,1,0
BRDA:765,94,0,0
BRDA:765,94,1,0
BRDA:765,95,0,0
BRDA:765,95,1,0
BRDA:765,96,0,0
BRDA:765,96,1,0
BRDA:765,97,0,0
BRDA:765,97,1,0
BRDA:765,98,0,0
BRDA:765,98,1,0
BRDA:765,99,0,0
BRDA:765,99,1,0
BRDA:765,100,0,0
BRDA:765,100,1,0
BRDA:767,101,0,0
BRDA:786,102,0,0
BRDA:786,103,0,0
BRDA:786,103,1,0
BRDA:786,104,0,0
BRDA:786,104,1,0
BRDA:799,105,0,0
BRDA:801,106,0,0
BRDA:801,106,1,0
BRDA:824,107,0,0
BRDA:824,107,1,0
BRDA:862,108,0,0
BRDA:883,109,0,0
BRDA:922,110,0,3
BRDA:922,111,0,3
BRDA:922,111,1,3
BRDA:928,112,0,1
BRDA:928,112,1,0
BRDA:930,113,0,0
BRDA:944,114,0,0
BRDA:955,115,0,0
BRDA:972,116,0,0
BRDA:972,116,1,0
BRDA:972,117,0,0
BRDA:972,117,1,0
BRDA:972,118,0,0
BRDA:972,118,1,0
BRDA:972,119,0,0
BRDA:972,119,1,0
BRDA:974,120,0,0
BRDA:984,121,0,0
BRDA:1012,122,0,0
BRDA:1019,123,0,0
BRDA:1019,123,1,0
BRDA:1019,124,0,0
BRDA:1019,124,1,0
BRDA:1032,125,0,1
BRDA:1064,126,0,1
BRDA:1064,127,0,6
BRDA:1064,127,1,2
BRDA:1071,128,0,0
BRDA:1074,129,0,0
BRDA:1076,130,0,0
BRDA:1076,130,1,0
BRDA:1076,131,0,0
BRDA:1076,131,1,0
BRDA:1076,132,0,0
BRDA:1076,132,1,0
BRDA:1084,133,0,0
BRDA:1084,134,0,0
BRDA:1084,134,1,0
BRDA:1090,135,0,0
BRDA:1090,135,1,0
BRDA:1090,136,0,0
BRDA:1090,136,1,0
BRDA:1093,137,0,0
BRDA:1109,138,0,0
BRDA:1109,138,1,0
BRDA:1109,139,0,0
BRDA:1109,139,1,0
BRDA:1109,140,0,0
BRDA:1109,140,1,0
BRDA:1109,141,0,0
BRDA:1109,141,1,0
BRDA:1109,142,0,0
BRDA:1109,142,1,0
BRDA:1110,143,0,0
BRDA:1110,144,0,0
BRDA:1110,144,1,0
BRDA:1116,145,0,0
BRDA:1127,146,0,0
BRDA:1132,147,0,0
BRDA:1133,148,0,0
BRDA:1133,148,1,0
BRDA:1133,148,2,0
BRDA:1142,149,0,0
BRDA:1142,149,1,0
BRDA:1142,150,0,0
BRDA:1142,150,1,0
BRDA:1143,151,0,0
BRDA:1143,152,0,0
BRDA:1143,152,1,0
BRDA:1143,152,2,0
BRDA:1146,153,0,0
BRDA:1156,154,0,0
BRDA:1156,155,0,0
BRDA:1156,155,1,0
BRDA:1156,155,2,0
BRDA:1157,156,0,0
BRDA:1161,157,0,0
BRDA:1165,158,0,0
BRDA:1166,159,0,0
BRDA:1166,159,1,0
BRDA:1169,160,0,0
BRDA:1173,161,0,0
BRDA:1174,162,0,0
BRDA:1174,162,1,0
BRDA:1177,163,0,0
BRDA:1192,164,0,1
BRDA:1196,165,0,1
BRDA:1196,166,0,1
BRDA:1196,166,1,1
BRDA:1199,167,0,0
BRDA:1220,168,0,0
BRDA:1220,168,1,0
BRDA:1220,168,2,0
BRDA:1237,169,0,0
BRDA:1237,169,1,0
BRDA:1237,170,0,0
BRDA:1237,170,1,0
BRDA:1245,171,0,0
BRF:277
BRH:18
end_of_record
TN:
SF:src/resourceParams.js
FN:6,getResourceDirPath
FN:12,saveResourceParameters
FN:19,(anonymous_2)
FN:32,loadResourceParameters
FNF:4
FNH:0
FNDA:0,getResourceDirPath
FNDA:0,saveResourceParameters
FNDA:0,(anonymous_2)
FNDA:0,loadResourceParameters
DA:1,3
DA:2,3
DA:3,3
DA:4,3
DA:7,0
DA:8,0
DA:9,0
DA:13,0
DA:14,0
DA:15,0
DA:16,0
DA:19,0
DA:20,0
DA:21,0
DA:22,0
DA:26,0
DA:27,0
DA:28,0
DA:29,0
DA:33,0
DA:34,0
DA:36,0
DA:37,0
DA:38,0
DA:39,0
DA:40,0
DA:41,0
DA:43,0
DA:44,0
DA:45,0
DA:46,0
DA:48,0
DA:51,3
LF:33
LH:5
BRDA:7,0,0,0
BRDA:7,0,1,0
BRDA:12,1,0,0
BRDA:20,2,0,0
BRDA:20,2,1,0
BRDA:38,3,0,0
BRDA:38,3,1,0
BRDA:40,4,0,0
BRDA:40,4,1,0
BRDA:45,5,0,0
BRDA:45,5,1,0
BRDA:45,6,0,0
BRDA:45,6,1,0
BRDA:45,6,2,0
BRDA:45,6,3,0
BRF:15
BRH:0
end_of_record
TN:
SF:src/setup-new-user.ts
FN:14,(anonymous_7)
FN:26,(anonymous_8)
FN:50,(anonymous_9)
FN:53,(anonymous_10)
FN:67,(anonymous_11)
FN:89,(anonymous_12)
FN:131,(anonymous_13)
FNF:7
FNH:2
FNDA:2,(anonymous_7)
FNDA:0,(anonymous_8)
FNDA:0,(anonymous_9)
FNDA:0,(anonymous_10)
FNDA:0,(anonymous_11)
FNDA:0,(anonymous_12)
FNDA:2,(anonymous_13)
DA:1,17
DA:2,17
DA:3,17
DA:4,17
DA:5,17
DA:6,17
DA:8,17
DA:9,17
DA:14,17
DA:15,2
DA:22,2
DA:23,2
DA:24,2
DA:25,2
DA:26,2
DA:30,2
DA:32,2
DA:33,2
DA:42,2
DA:44,2
DA:45,2
DA:46,2
DA:47,2
DA:48,2
DA:50,2
DA:53,2
DA:56,2
DA:58,2
DA:59,2
DA:68,0
DA:69,0
DA:70,0
DA:71,0
DA:72,0
DA:73,0
DA:74,0
DA:75,0
DA:77,0
DA:79,0
DA:90,0
DA:91,0
DA:93,0
DA:98,2
DA:99,2
DA:101,2
DA:102,2
DA:105,2
DA:106,2
DA:107,2
DA:108,2
DA:117,2
DA:119,2
DA:120,2
DA:121,2
DA:122,2
DA:125,0
DA:131,17
DA:132,2
LF:58
LH:44
BRDA:68,0,0,0
BRDA:68,1,0,0
BRDA:68,1,1,0
BRDA:68,1,2,0
BRDA:68,1,3,0
BRDA:70,2,0,0
BRDA:70,2,1,0
BRDA:72,3,0,0
BRDA:72,3,1,0
BRDA:74,4,0,0
BRDA:90,5,0,0
BRDA:90,6,0,0
BRDA:90,6,1,0
BRDA:98,7,0,2
BRDA:101,8,0,2
BRDA:105,9,0,2
BRDA:132,10,0,2
BRDA:132,10,1,2
BRF:18
BRH:5
end_of_record
TN:
SF:src/system-config-manager.ts
FN:21,(anonymous_7)
FN:39,(anonymous_8)
FN:55,(anonymous_9)
FN:76,(anonymous_10)
FN:99,(anonymous_11)
FN:136,(anonymous_12)
FN:141,(anonymous_13)
FN:188,(anonymous_14)
FN:198,(anonymous_15)
FN:215,(anonymous_16)
FN:226,(anonymous_17)
FN:243,(anonymous_18)
FN:257,(anonymous_19)
FN:272,(anonymous_20)
FN:297,(anonymous_21)
FN:304,(anonymous_22)
FN:309,(anonymous_23)
FN:322,(anonymous_24)
FN:328,(anonymous_25)
FN:339,(anonymous_26)
FN:354,(anonymous_27)
FN:370,(anonymous_28)
FN:385,(anonymous_29)
FN:390,(anonymous_30)
FNF:24
FNH:7
FNDA:0,(anonymous_7)
FNDA:0,(anonymous_8)
FNDA:0,(anonymous_9)
FNDA:3,(anonymous_10)
FNDA:0,(anonymous_11)
FNDA:0,(anonymous_12)
FNDA:0,(anonymous_13)
FNDA:0,(anonymous_14)
FNDA:0,(anonymous_15)
FNDA:0,(anonymous_16)
FNDA:0,(anonymous_17)
FNDA:0,(anonymous_18)
FNDA:0,(anonymous_19)
FNDA:0,(anonymous_20)
FNDA:0,(anonymous_21)
FNDA:3,(anonymous_22)
FNDA:3,(anonymous_23)
FNDA:4,(anonymous_24)
FNDA:4,(anonymous_25)
FNDA:1,(anonymous_26)
FNDA:7,(anonymous_27)
FNDA:0,(anonymous_28)
FNDA:0,(anonymous_29)
FNDA:0,(anonymous_30)
DA:1,17
DA:3,17
DA:4,17
DA:5,17
DA:6,17
DA:7,17
DA:8,17
DA:9,17
DA:10,17
DA:13,17
DA:15,17
DA:16,17
DA:21,17
DA:22,0
DA:24,0
DA:25,0
DA:26,0
DA:27,0
DA:28,0
DA:29,0
DA:32,0
DA:33,0
DA:34,0
DA:35,0
DA:38,0
DA:39,0
DA:40,0
DA:41,0
DA:42,0
DA:43,0
DA:44,0
DA:47,0
DA:48,0
DA:54,0
DA:55,0
DA:56,0
DA:57,0
DA:58,0
DA:59,0
DA:62,0
DA:63,0
DA:64,0
DA:68,0
DA:69,0
DA:70,0
DA:76,17
DA:82,3
DA:83,3
DA:84,3
DA:85,3
DA:86,3
DA:87,0
DA:88,0
DA:89,0
DA:90,0
DA:94,3
DA:96,2
DA:97,2
DA:98,2
DA:99,2
DA:100,2
DA:102,2
DA:103,2
DA:110,2
DA:112,1
DA:113,1
DA:114,1
DA:118,1
DA:121,0
DA:126,2
DA:127,0
DA:133,2
DA:136,17
DA:137,0
DA:138,0
DA:141,17
DA:142,0
DA:143,0
DA:145,0
DA:146,0
DA:150,0
DA:151,0
DA:152,0
DA:153,0
DA:154,0
DA:155,0
DA:157,0
DA:158,0
DA:159,0
DA:167,0
DA:168,0
DA:169,0
DA:170,0
DA:171,0
DA:178,0
DA:180,0
DA:181,0
DA:185,0
DA:188,17
DA:189,0
DA:190,0
DA:191,0
DA:192,0
DA:194,0
DA:199,0
DA:200,0
DA:201,0
DA:203,0
DA:204,0
DA:205,0
DA:207,0
DA:210,0
DA:211,0
DA:212,0
DA:215,17
DA:216,0
DA:217,0
DA:218,0
DA:219,0
DA:221,0
DA:222,0
DA:223,0
DA:226,17
DA:228,0
DA:229,0
DA:230,0
DA:231,0
DA:232,0
DA:233,0
DA:234,0
DA:237,0
DA:240,0
DA:243,17
DA:244,0
DA:246,0
DA:247,0
DA:254,0
DA:257,17
DA:258,0
DA:260,0
DA:261,0
DA:262,0
DA:263,0
DA:266,0
DA:272,17
DA:275,0
DA:276,0
DA:277,0
DA:278,0
DA:279,0
DA:280,0
DA:281,0
DA:282,0
DA:283,0
DA:284,0
DA:286,0
DA:287,0
DA:290,0
DA:291,0
DA:294,0
DA:297,17
DA:298,0
DA:299,0
DA:300,0
DA:301,0
DA:304,17
DA:306,3
DA:307,3
DA:308,3
DA:309,3
DA:310,3
DA:311,3
DA:312,3
DA:316,3
DA:322,17
DA:324,4
DA:325,4
DA:326,4
DA:328,4
DA:329,4
DA:330,4
DA:331,4
DA:335,4
DA:336,4
DA:339,17
DA:340,1
DA:341,1
DA:342,1
DA:344,1
DA:345,1
DA:347,1
DA:348,1
DA:354,17
DA:355,7
DA:356,7
DA:357,7
DA:358,7
DA:359,7
DA:360,7
DA:361,7
DA:362,7
DA:364,7
DA:370,17
DA:372,0
DA:373,0
DA:374,0
DA:375,0
DA:377,0
DA:379,0
DA:385,17
DA:387,0
DA:388,0
DA:389,0
DA:390,0
DA:391,0
DA:392,0
DA:393,0
DA:397,0
LF:218
LH:82
BRDA:26,0,0,0
BRDA:32,1,0,0
BRDA:41,2,0,0
BRDA:47,3,0,0
BRDA:57,4,0,0
BRDA:62,5,0,0
BRDA:63,6,0,0
BRDA:63,6,1,0
BRDA:82,7,0,3
BRDA:82,7,1,3
BRDA:84,8,0,3
BRDA:84,8,1,0
BRDA:86,9,0,0
BRDA:86,9,1,3
BRDA:86,10,0,3
BRDA:86,10,1,3
BRDA:94,11,0,2
BRDA:94,11,1,1
BRDA:126,12,0,0
BRDA:142,13,0,0
BRDA:142,13,1,0
BRDA:145,14,0,0
BRDA:146,15,0,0
BRDA:146,15,1,0
BRDA:150,16,0,0
BRDA:180,17,0,0
BRDA:180,18,0,0
BRDA:180,18,1,0
BRDA:180,18,2,0
BRDA:190,19,0,0
BRDA:200,20,0,0
BRDA:204,21,0,0
BRDA:211,22,0,0
BRDA:218,23,0,0
BRDA:221,24,0,0
BRDA:221,24,1,0
BRDA:229,25,0,0
BRDA:232,26,0,0
BRDA:234,27,0,0
BRDA:234,27,1,0
BRDA:246,28,0,0
BRDA:248,29,0,0
BRDA:248,29,1,0
BRDA:248,29,2,0
BRDA:248,29,3,0
BRDA:260,30,0,0
BRDA:260,31,0,0
BRDA:260,31,1,0
BRDA:277,32,0,0
BRDA:277,32,1,0
BRDA:277,33,0,0
BRDA:277,33,1,0
BRDA:277,33,2,0
BRDA:279,34,0,0
BRDA:279,34,1,0
BRDA:307,35,0,3
BRDA:311,36,0,3
BRDA:325,37,0,4
BRDA:330,38,0,4
BRDA:341,39,0,1
BRDA:341,40,0,1
BRDA:341,40,1,1
BRDA:341,41,0,0
BRDA:341,41,1,1
BRDA:341,42,0,1
BRDA:341,42,1,1
BRDA:344,43,0,1
BRDA:344,44,0,1
BRDA:344,44,1,1
BRDA:344,45,0,0
BRDA:344,45,1,1
BRDA:344,46,0,1
BRDA:344,46,1,1
BRDA:347,47,0,1
BRDA:356,48,0,7
BRDA:357,49,0,7
BRDA:357,49,1,6
BRDA:358,50,0,7
BRDA:358,50,1,6
BRDA:359,51,0,7
BRDA:359,51,1,7
BRDA:374,52,0,0
BRDA:387,53,0,0
BRDA:392,54,0,0
BRF:84
BRH:32
end_of_record
TN:
SF:src/template-description-utils.ts
FN:6,(anonymous_6)
FN:11,(anonymous_7)
FN:26,prePushTemplateDescriptionHandler
FN:40,setDefaultTemplateDescription
FN:54,getDefaultTemplateDescription
FNF:5
FNH:3
FNDA:3,(anonymous_6)
FNDA:3,(anonymous_7)
FNDA:0,prePushTemplateDescriptionHandler
FNDA:0,setDefaultTemplateDescription
FNDA:1,getDefaultTemplateDescription
DA:1,3
DA:2,3
DA:3,3
DA:4,3
DA:6,3
DA:7,3
DA:8,3
DA:11,3
DA:12,3
DA:13,3
DA:14,3
DA:15,3
DA:26,3
DA:27,0
DA:29,0
DA:30,0
DA:31,0
DA:32,0
DA:33,0
DA:37,0
DA:40,3
DA:47,0
DA:49,0
DA:51,0
DA:54,3
DA:60,1
DA:62,1
DA:63,1
DA:64,0
DA:65,0
DA:66,0
DA:67,0
DA:69,0
DA:74,1
DA:75,0
DA:77,1
DA:81,1
DA:84,1
DA:86,1
DA:94,1
LF:40
LH:24
BRDA:6,0,0,3
BRDA:6,0,1,3
BRDA:11,1,0,3
BRDA:11,1,1,3
BRDA:51,2,0,0
BRDA:51,2,1,0
BRDA:51,3,0,0
BRDA:51,3,1,0
BRDA:62,4,0,1
BRDA:62,4,1,0
BRDA:64,5,0,0
BRDA:64,5,1,0
BRDA:66,6,0,0
BRDA:66,6,1,0
BRDA:74,7,0,0
BRDA:74,7,1,1
BRDA:84,8,0,0
BRDA:84,8,1,1
BRF:18
BRH:7
end_of_record
TN:
SF:src/update-env.ts
FN:4,(anonymous_0)
FNF:1
FNH:0
FNDA:0,(anonymous_0)
DA:2,4
DA:4,4
DA:5,0
LF:3
LH:2
BRF:0
BRH:0
end_of_record
TN:
SF:src/upload-appsync-files.js
FN:20,getProjectBucket
FN:33,uploadAppSyncFiles
FN:34,(anonymous_2)
FN:35,(anonymous_3)
FN:40,(anonymous_4)
FN:51,(anonymous_5)
FN:53,(anonymous_6)
FN:76,(anonymous_7)
FN:86,(anonymous_8)
FN:201,(anonymous_9)
FN:235,hashDirectory
FNF:11
FNH:0
FNDA:0,getProjectBucket
FNDA:0,uploadAppSyncFiles
FNDA:0,(anonymous_2)
FNDA:0,(anonymous_3)
FNDA:0,(anonymous_4)
FNDA:0,(anonymous_5)
FNDA:0,(anonymous_6)
FNDA:0,(anonymous_7)
FNDA:0,(anonymous_8)
FNDA:0,(anonymous_9)
FNDA:0,hashDirectory
DA:1,4
DA:2,4
DA:3,4
DA:5,4
DA:6,4
DA:7,4
DA:8,4
DA:10,4
DA:12,4
DA:13,4
DA:14,4
DA:15,4
DA:17,4
DA:18,4
DA:21,0
DA:22,0
DA:23,0
DA:34,0
DA:35,0
DA:36,0
DA:37,0
DA:38,0
DA:40,0
DA:42,0
DA:43,0
DA:45,0
DA:47,0
DA:48,0
DA:51,0
DA:52,0
DA:53,0
DA:54,0
DA:55,0
DA:56,0
DA:58,0
DA:61,0
DA:63,0
DA:65,0
DA:67,0
DA:69,0
DA:70,0
DA:71,0
DA:72,0
DA:73,0
DA:74,0
DA:76,0
DA:78,0
DA:83,0
DA:86,0
DA:87,0
DA:89,0
DA:90,0
DA:91,0
DA:92,0
DA:93,0
DA:94,0
DA:95,0
DA:96,0
DA:97,0
DA:100,0
DA:101,0
DA:107,0
DA:108,0
DA:113,0
DA:114,0
DA:122,0
DA:123,0
DA:124,0
DA:126,0
DA:128,0
DA:133,0
DA:141,0
DA:142,0
DA:145,0
DA:148,0
DA:149,0
DA:157,0
DA:158,0
DA:159,0
DA:160,0
DA:161,0
DA:162,0
DA:163,0
DA:164,0
DA:165,0
DA:169,0
DA:172,0
DA:173,0
DA:174,0
DA:175,0
DA:176,0
DA:180,0
DA:181,0
DA:182,0
DA:183,0
DA:184,0
DA:186,0
DA:187,0
DA:190,0
DA:191,0
DA:192,0
DA:194,0
DA:195,0
DA:197,0
DA:198,0
DA:199,0
DA:202,0
DA:203,0
DA:204,0
DA:206,0
DA:215,0
DA:216,0
DA:223,0
DA:224,0
DA:225,0
DA:226,0
DA:227,0
DA:236,0
DA:243,0
DA:245,0
DA:248,4
LF:121
LH:15
BRDA:22,0,0,0
BRDA:22,0,1,0
BRDA:33,1,0,0
BRDA:42,2,0,0
BRDA:42,2,1,0
BRDA:55,3,0,0
BRDA:55,3,1,0
BRDA:61,4,0,0
BRDA:61,4,1,0
BRDA:61,5,0,0
BRDA:61,5,1,0
BRDA:61,5,2,0
BRDA:65,6,0,0
BRDA:65,6,1,0
BRDA:69,7,0,0
BRDA:69,7,1,0
BRDA:69,8,0,0
BRDA:69,8,1,0
BRDA:71,9,0,0
BRDA:71,9,1,0
BRDA:72,10,0,0
BRDA:72,10,1,0
BRDA:74,11,0,0
BRDA:74,11,1,0
BRDA:75,12,0,0
BRDA:75,12,1,0
BRDA:90,13,0,0
BRDA:90,13,1,0
BRDA:92,14,0,0
BRDA:92,14,1,0
BRDA:93,15,0,0
BRDA:93,15,1,0
BRDA:100,16,0,0
BRDA:100,16,1,0
BRDA:107,17,0,0
BRDA:107,17,1,0
BRDA:113,18,0,0
BRDA:113,18,1,0
BRDA:113,19,0,0
BRDA:113,19,1,0
BRDA:122,20,0,0
BRDA:122,20,1,0
BRDA:123,21,0,0
BRDA:123,21,1,0
BRDA:141,22,0,0
BRDA:141,22,1,0
BRDA:142,23,0,0
BRDA:142,23,1,0
BRDA:148,24,0,0
BRDA:148,24,1,0
BRDA:164,25,0,0
BRDA:164,25,1,0
BRDA:180,26,0,0
BRDA:180,26,1,0
BRDA:191,27,0,0
BRDA:191,27,1,0
BRDA:194,28,0,0
BRDA:194,28,1,0
BRDA:216,29,0,0
BRDA:216,29,1,0
BRF:60
BRH:0
end_of_record
TN:
SF:src/upload-auth-trigger-files.ts
FN:6,(anonymous_0)
FN:7,(anonymous_1)
FN:8,(anonymous_2)
FNF:3
FNH:0
FNDA:0,(anonymous_0)
FNDA:0,(anonymous_1)
FNDA:0,(anonymous_2)
DA:1,4
DA:6,4
DA:7,0
DA:8,0
DA:9,0
DA:10,0
LF:6
LH:2
BRDA:9,0,0,0
BRDA:9,1,0,0
BRDA:9,1,1,0
BRF:3
BRH:0
end_of_record
TN:
SF:src/utility-functions.js
FN:26,(anonymous_0)
FN:30,(anonymous_1)
FN:45,(anonymous_2)
FN:56,(anonymous_3)
FN:63,(anonymous_4)
FN:64,(anonymous_5)
FN:67,(anonymous_6)
FN:78,(anonymous_7)
FN:88,(anonymous_8)
FN:105,(anonymous_9)
FN:122,(anonymous_10)
FN:153,(anonymous_11)
FN:169,(anonymous_12)
FN:184,(anonymous_13)
FN:196,(anonymous_14)
FN:200,(anonymous_15)
FN:202,(anonymous_16)
FN:212,(anonymous_17)
FN:238,(anonymous_18)
FN:246,(anonymous_19)
FN:299,(anonymous_20)
FN:303,(anonymous_21)
FN:307,(anonymous_22)
FN:311,(anonymous_23)
FN:316,(anonymous_24)
FN:323,(anonymous_25)
FN:333,(anonymous_26)
FN:338,(anonymous_27)
FN:348,(anonymous_28)
FN:356,(anonymous_29)
FN:365,(anonymous_30)
FN:373,(anonymous_31)
FN:378,(anonymous_32)
FN:383,(anonymous_33)
FN:387,(anonymous_34)
FN:397,(anonymous_35)
FN:402,(anonymous_36)
FN:410,(anonymous_37)
FN:414,(anonymous_38)
FN:416,(anonymous_39)
FN:417,(anonymous_40)
FN:425,(anonymous_41)
FNF:42
FNH:0
FNDA:0,(anonymous_0)
FNDA:0,(anonymous_1)
FNDA:0,(anonymous_2)
FNDA:0,(anonymous_3)
FNDA:0,(anonymous_4)
FNDA:0,(anonymous_5)
FNDA:0,(anonymous_6)
FNDA:0,(anonymous_7)
FNDA:0,(anonymous_8)
FNDA:0,(anonymous_9)
FNDA:0,(anonymous_10)
FNDA:0,(anonymous_11)
FNDA:0,(anonymous_12)
FNDA:0,(anonymous_13)
FNDA:0,(anonymous_14)
FNDA:0,(anonymous_15)
FNDA:0,(anonymous_16)
FNDA:0,(anonymous_17)
FNDA:0,(anonymous_18)
FNDA:0,(anonymous_19)
FNDA:0,(anonymous_20)
FNDA:0,(anonymous_21)
FNDA:0,(anonymous_22)
FNDA:0,(anonymous_23)
FNDA:0,(anonymous_24)
FNDA:0,(anonymous_25)
FNDA:0,(anonymous_26)
FNDA:0,(anonymous_27)
FNDA:0,(anonymous_28)
FNDA:0,(anonymous_29)
FNDA:0,(anonymous_30)
FNDA:0,(anonymous_31)
FNDA:0,(anonymous_32)
FNDA:0,(anonymous_33)
FNDA:0,(anonymous_34)
FNDA:0,(anonymous_35)
FNDA:0,(anonymous_36)
FNDA:0,(anonymous_37)
FNDA:0,(anonymous_38)
FNDA:0,(anonymous_39)
FNDA:0,(anonymous_40)
FNDA:0,(anonymous_41)
DA:1,4
DA:2,4
DA:3,4
DA:4,4
DA:5,4
DA:6,4
DA:7,4
DA:8,4
DA:9,4
DA:10,4
DA:11,4
DA:12,4
DA:13,4
DA:14,4
DA:15,4
DA:16,4
DA:18,4
DA:19,4
DA:20,4
DA:22,4
DA:26,0
DA:31,0
DA:34,0
DA:37,0
DA:38,0
DA:45,0
DA:47,0
DA:48,0
DA:51,0
DA:57,0
DA:58,0
DA:60,0
DA:61,0
DA:62,0
DA:63,0
DA:64,0
DA:65,0
DA:67,0
DA:71,0
DA:79,0
DA:80,0
DA:82,0
DA:89,0
DA:90,0
DA:91,0
DA:100,0
DA:106,0
DA:107,0
DA:108,0
DA:117,0
DA:123,0
DA:124,0
DA:129,0
DA:130,0
DA:132,0
DA:134,0
DA:135,0
DA:145,0
DA:146,0
DA:148,0
DA:154,0
DA:155,0
DA:156,0
DA:163,0
DA:170,0
DA:171,0
DA:172,0
DA:178,0
DA:185,0
DA:186,0
DA:187,0
DA:191,0
DA:196,0
DA:200,0
DA:202,0
DA:213,0
DA:215,0
DA:217,0
DA:218,0
DA:222,0
DA:228,0
DA:229,0
DA:231,0
DA:233,0
DA:239,0
DA:240,0
DA:241,0
DA:247,0
DA:250,0
DA:252,0
DA:253,0
DA:259,0
DA:260,0
DA:261,0
DA:262,0
DA:263,0
DA:268,0
DA:278,0
DA:280,0
DA:281,0
DA:282,0
DA:283,0
DA:284,0
DA:286,0
DA:294,0
DA:299,0
DA:304,0
DA:306,0
DA:308,0
DA:309,0
DA:311,0
DA:317,0
DA:318,0
DA:319,0
DA:322,0
DA:324,0
DA:325,0
DA:331,0
DA:333,0
DA:339,0
DA:340,0
DA:341,0
DA:343,0
DA:348,0
DA:349,0
DA:350,0
DA:357,0
DA:361,0
DA:362,0
DA:364,0
DA:365,0
DA:366,0
DA:367,0
DA:374,0
DA:377,0
DA:378,0
DA:383,0
DA:388,0
DA:389,0
DA:390,0
DA:392,0
DA:397,0
DA:403,0
DA:404,0
DA:405,0
DA:411,0
DA:413,0
DA:414,0
DA:416,0
DA:417,0
DA:420,0
DA:425,0
LF:152
LH:20
BRDA:49,0,0,0
BRDA:49,0,1,0
BRDA:60,1,0,0
BRDA:60,1,1,0
BRDA:67,2,0,0
BRDA:67,2,1,0
BRDA:134,3,0,0
BRDA:134,3,1,0
BRDA:145,4,0,0
BRDA:145,4,1,0
BRDA:186,5,0,0
BRDA:186,5,1,0
BRDA:228,6,0,0
BRDA:228,6,1,0
BRDA:228,7,0,0
BRDA:228,7,1,0
BRDA:318,8,0,0
BRDA:318,8,1,0
BRDA:333,9,0,0
BRDA:333,9,1,0
BRDA:340,10,0,0
BRDA:340,10,1,0
BRDA:361,11,0,0
BRDA:361,11,1,0
BRDA:389,12,0,0
BRDA:389,12,1,0
BRF:26
BRH:0
end_of_record
TN:
SF:src/utility-obfuscate.js
FN:1,obfuscate
FN:7,isObfuscated
FN:16,transform
FNF:3
FNH:0
FNDA:0,obfuscate
FNDA:0,isObfuscated
FNDA:0,transform
DA:2,0
DA:3,0
DA:4,0
DA:8,0
DA:10,0
DA:12,0
DA:13,0
DA:17,0
DA:20,17
LF:9
LH:1
BRDA:7,0,0,0
BRDA:10,1,0,0
BRDA:10,1,1,0
BRDA:17,2,0,0
BRDA:17,2,1,0
BRF:5
BRH:0
end_of_record
TN:
SF:src/zip-util.ts
FN:13,(anonymous_1)
FN:28,(anonymous_2)
FNF:2
FNH:0
FNDA:0,(anonymous_1)
FNDA:0,(anonymous_2)
DA:1,3
DA:2,3
DA:3,3
DA:4,3
DA:6,3
DA:8,3
DA:13,3
DA:14,0
DA:15,0
DA:16,0
DA:17,0
DA:18,0
DA:19,0
DA:20,0
DA:22,0
DA:28,3
DA:29,0
DA:30,0
DA:31,0
DA:32,0
DA:34,0
DA:36,0
DA:38,0
LF:23
LH:8
BRF:0
BRH:0
end_of_record
TN:
SF:src/__tests__/graphql-resource-manager/diff-test-helper.ts
FN:10,(anonymous_6)
FN:32,(anonymous_7)
FN:46,(anonymous_8)
FNF:3
FNH:0
FNDA:0,(anonymous_6)
FNDA:0,(anonymous_7)
FNDA:0,(anonymous_8)
DA:1,0
DA:4,0
DA:10,0
DA:15,0
DA:18,0
DA:22,0
DA:23,0
DA:25,0
DA:26,0
DA:32,0
DA:46,0
LF:11
LH:0
BRDA:13,0,0,0
BRDA:22,1,0,0
BRDA:22,1,1,0
BRDA:23,2,0,0
BRDA:23,2,1,0
BRDA:37,3,0,0
BRDA:37,3,1,0
BRDA:49,4,0,0
BRDA:49,4,1,0
BRF:9
BRH:0
end_of_record
TN:
SF:src/__tests__/graphql-resource-manager/gsi-test-helpers.ts
FN:18,(anonymous_0)
FN:19,(anonymous_1)
FN:45,(anonymous_2)
FN:86,(anonymous_3)
FNF:4
FNH:4
FNDA:58,(anonymous_0)
FNDA:118,(anonymous_1)
FNDA:118,(anonymous_2)
FNDA:23,(anonymous_3)
DA:1,2
DA:18,2
DA:19,58
DA:20,118
DA:40,118
DA:43,58
DA:45,58
DA:46,118
DA:47,117
DA:48,117
DA:54,118
DA:55,9
DA:57,9
DA:63,118
DA:66,58
DA:83,58
DA:86,2
DA:90,23
LF:18
LH:18
BRDA:19,0,0,2
BRDA:19,0,1,56
BRDA:19,1,0,58
BRDA:19,1,1,58
BRDA:30,2,0,14
BRDA:30,2,1,104
BRDA:45,3,0,2
BRDA:45,3,1,56
BRDA:45,4,0,58
BRDA:45,4,1,58
BRDA:46,5,0,117
BRDA:50,6,0,117
BRDA:50,6,1,22
BRDA:54,7,0,9
BRDA:54,8,0,118
BRDA:54,8,1,14
BRDA:59,9,0,9
BRDA:59,9,1,0
BRDA:79,10,0,56
BRDA:79,10,1,2
BRDA:79,11,0,58
BRDA:79,11,1,58
BRDA:81,12,0,56
BRDA:81,12,1,2
BRF:24
BRH:23
end_of_record
TN:
SF:src/__tests__/override-manager/mock-plugin/custom-non-override-plugin.js
FNF:0
FNH:0
DA:1,1
LF:1
LH:1
BRF:0
BRH:0
end_of_record
TN:
SF:src/__tests__/override-manager/mock-plugin/custom-override-plugin.js
FN:5,(anonymous_0)
FNF:1
FNH:0
FNDA:0,(anonymous_0)
DA:1,1
DA:5,0
LF:2
LH:1
BRF:0
BRH:0
end_of_record
TN:
SF:src/amplify-state-manager/StateMachine.ts
FN:3,(anonymous_0)
FNF:1
FNH:0
FNDA:0,(anonymous_0)
DA:1,0
DA:4,0
LF:2
LH:0
BRF:0
BRH:0
end_of_record
TN:
SF:src/aws-utils/CognitoUserPoolService.ts
FN:23,(anonymous_0)
FN:40,(anonymous_1)
FN:42,(anonymous_2)
FN:45,(anonymous_3)
FN:57,(anonymous_4)
FN:58,(anonymous_5)
FN:67,(anonymous_6)
FN:78,(anonymous_7)
FN:80,(anonymous_8)
FN:93,(anonymous_9)
FN:94,(anonymous_10)
FN:100,(anonymous_11)
FN:117,(anonymous_12)
FN:123,(anonymous_13)
FN:125,(anonymous_14)
FN:143,(anonymous_15)
FN:144,(anonymous_16)
FN:150,(anonymous_17)
FN:167,(anonymous_18)
FN:173,(anonymous_19)
FNF:20
FNH:0
FNDA:0,(anonymous_0)
FNDA:0,(anonymous_1)
FNDA:0,(anonymous_2)
FNDA:0,(anonymous_3)
FNDA:0,(anonymous_4)
FNDA:0,(anonymous_5)
FNDA:0,(anonymous_6)
FNDA:0,(anonymous_7)
FNDA:0,(anonymous_8)
FNDA:0,(anonymous_9)
FNDA:0,(anonymous_10)
FNDA:0,(anonymous_11)
FNDA:0,(anonymous_12)
FNDA:0,(anonymous_13)
FNDA:0,(anonymous_14)
FNDA:0,(anonymous_15)
FNDA:0,(anonymous_16)
FNDA:0,(anonymous_17)
FNDA:0,(anonymous_18)
FNDA:0,(anonymous_19)
DA:16,4
DA:18,4
DA:19,4
DA:20,4
DA:21,4
DA:23,4
DA:24,0
DA:26,0
DA:27,0
DA:32,0
DA:34,0
DA:37,4
DA:38,0
DA:40,0
DA:43,0
DA:44,0
DA:46,0
DA:47,0
DA:57,0
DA:58,0
DA:61,0
DA:64,0
DA:68,0
DA:69,0
DA:75,0
DA:79,0
DA:81,0
DA:82,0
DA:93,0
DA:94,0
DA:97,0
DA:99,0
DA:100,0
DA:101,0
DA:107,0
DA:115,0
DA:117,0
DA:120,0
DA:124,0
DA:126,0
DA:132,0
DA:143,0
DA:144,0
DA:147,0
DA:149,0
DA:150,0
DA:151,0
DA:157,0
DA:165,0
DA:167,0
DA:170,0
DA:174,0
DA:179,0
DA:185,0
LF:54
LH:7
BRDA:43,0,0,0
BRDA:57,1,0,0
BRDA:57,1,1,0
BRDA:57,2,0,0
BRDA:57,2,1,0
BRDA:58,3,0,0
BRDA:58,3,1,0
BRDA:58,4,0,0
BRDA:58,4,1,0
BRDA:93,5,0,0
BRDA:93,5,1,0
BRDA:93,6,0,0
BRDA:93,6,1,0
BRDA:94,7,0,0
BRDA:94,7,1,0
BRDA:94,8,0,0
BRDA:94,8,1,0
BRDA:99,9,0,0
BRDA:143,10,0,0
BRDA:143,10,1,0
BRDA:143,11,0,0
BRDA:143,11,1,0
BRDA:144,12,0,0
BRDA:144,12,1,0
BRDA:144,13,0,0
BRDA:144,13,1,0
BRDA:149,14,0,0
BRF:27
BRH:0
end_of_record
TN:
SF:src/aws-utils/DynamoDBService.ts
FN:7,(anonymous_1)
FN:24,(anonymous_2)
FN:26,(anonymous_3)
FN:29,(anonymous_4)
FN:40,(anonymous_5)
FN:41,(anonymous_6)
FN:50,(anonymous_7)
FN:60,(anonymous_8)
FNF:8
FNH:0
FNDA:0,(anonymous_1)
FNDA:0,(anonymous_2)
FNDA:0,(anonymous_3)
FNDA:0,(anonymous_4)
FNDA:0,(anonymous_5)
FNDA:0,(anonymous_6)
FNDA:0,(anonymous_7)
FNDA:0,(anonymous_8)
DA:3,4
DA:4,4
DA:5,4
DA:7,4
DA:8,0
DA:10,0
DA:11,0
DA:16,0
DA:18,0
DA:21,4
DA:22,0
DA:24,0
DA:27,0
DA:28,0
DA:30,0
DA:40,0
DA:41,0
DA:44,0
DA:47,0
DA:51,0
DA:57,0
DA:61,0
DA:63,0
LF:23
LH:5
BRDA:27,0,0,0
BRDA:40,1,0,0
BRDA:40,1,1,0
BRDA:40,2,0,0
BRDA:40,2,1,0
BRDA:41,3,0,0
BRDA:41,3,1,0
BRDA:41,4,0,0
BRDA:41,4,1,0
BRF:9
BRH:0
end_of_record
TN:
SF:src/aws-utils/IdentityPoolService.ts
FN:8,(anonymous_0)
FN:26,(anonymous_1)
FN:100,(anonymous_2)
FN:28,(anonymous_3)
FN:31,(anonymous_4)
FN:41,(anonymous_5)
FN:42,(anonymous_6)
FN:51,(anonymous_7)
FN:58,(anonymous_8)
FN:77,(anonymous_9)
FNF:10
FNH:0
FNDA:0,(anonymous_0)
FNDA:0,(anonymous_1)
FNDA:0,(anonymous_2)
FNDA:0,(anonymous_3)
FNDA:0,(anonymous_4)
FNDA:0,(anonymous_5)
FNDA:0,(anonymous_6)
FNDA:0,(anonymous_7)
FNDA:0,(anonymous_8)
FNDA:0,(anonymous_9)
DA:1,4
DA:3,4
DA:5,4
DA:6,4
DA:8,4
DA:9,0
DA:11,0
DA:12,0
DA:17,0
DA:19,0
DA:22,4
DA:23,0
DA:24,0
DA:26,0
DA:29,0
DA:30,0
DA:32,0
DA:41,0
DA:42,0
DA:45,0
DA:48,0
DA:52,0
DA:53,0
DA:55,0
DA:57,0
DA:58,0
DA:59,0
DA:66,0
DA:68,0
DA:71,0
DA:74,0
DA:80,0
DA:86,0
DA:87,0
DA:92,0
DA:100,0
DA:103,0
DA:104,0
DA:106,0
DA:107,0
DA:112,0
DA:113,0
DA:118,0
LF:43
LH:6
BRDA:103,0,0,0
BRDA:106,1,0,0
BRDA:112,2,0,0
BRDA:29,3,0,0
BRDA:41,4,0,0
BRDA:41,4,1,0
BRDA:41,5,0,0
BRDA:41,5,1,0
BRDA:42,6,0,0
BRDA:42,6,1,0
BRDA:42,7,0,0
BRDA:42,7,1,0
BRDA:52,8,0,0
BRDA:57,9,0,0
BRDA:86,10,0,0
BRDA:86,11,0,0
BRDA:86,11,1,0
BRDA:86,11,2,0
BRF:18
BRH:0
end_of_record
TN:
SF:src/aws-utils/S3Service.ts
FN:7,(anonymous_0)
FN:17,(anonymous_1)
FN:19,(anonymous_2)
FN:31,(anonymous_3)
FN:47,(anonymous_4)
FN:51,(anonymous_5)
FN:67,(anonymous_6)
FN:80,(anonymous_7)
FNF:8
FNH:5
FNDA:2,(anonymous_0)
FNDA:2,(anonymous_1)
FNDA:0,(anonymous_2)
FNDA:3,(anonymous_3)
FNDA:2,(anonymous_4)
FNDA:0,(anonymous_5)
FNDA:0,(anonymous_6)
FNDA:2,(anonymous_7)
DA:1,5
DA:3,5
DA:5,5
DA:7,5
DA:8,2
DA:9,2
DA:11,2
DA:14,5
DA:15,2
DA:17,2
DA:20,0
DA:21,0
DA:23,0
DA:24,0
DA:28,0
DA:32,3
DA:33,3
DA:34,3
DA:36,2
DA:39,1
DA:40,1
DA:43,0
DA:48,2
DA:52,0
DA:60,0
DA:61,0
DA:63,0
DA:67,5
DA:68,0
DA:69,0
DA:71,0
DA:80,5
DA:81,2
DA:82,2
DA:87,2
LF:35
LH:22
BRDA:20,0,0,0
BRDA:23,1,0,0
BRDA:32,2,0,1
BRDA:32,2,1,2
BRDA:32,3,0,3
BRDA:32,3,1,3
BRDA:39,4,0,1
BRDA:39,5,0,1
BRDA:39,5,1,1
BRDA:40,6,0,0
BRDA:40,6,1,1
BRDA:40,7,0,1
BRDA:40,7,1,1
BRDA:60,8,0,0
BRDA:60,9,0,0
BRDA:60,9,1,0
BRDA:60,9,2,0
BRDA:68,10,0,0
BRF:18
BRH:10
end_of_record
TN:
SF:src/aws-utils/aws-amplify.js
FN:6,getConfiguredAmplifyClient
FN:45,printAuthErrorMessage
FNF:2
FNH:0
FNDA:0,getConfiguredAmplifyClient
FNDA:0,printAuthErrorMessage
DA:1,6
DA:2,6
DA:3,6
DA:4,6
DA:7,0
DA:8,0
DA:9,0
DA:10,0
DA:12,0
DA:13,0
DA:18,0
DA:19,0
DA:24,0
DA:25,0
DA:32,0
DA:35,0
DA:36,0
DA:37,0
DA:39,0
DA:42,0
DA:46,0
DA:47,0
DA:48,0
DA:49,0
DA:50,0
DA:53,6
LF:26
LH:5
BRDA:6,0,0,0
BRDA:9,1,0,0
BRDA:9,1,1,0
BRDA:18,2,0,0
BRDA:18,2,1,0
BRDA:24,3,0,0
BRDA:24,3,1,0
BRDA:35,4,0,0
BRDA:35,4,1,0
BRDA:36,5,0,0
BRDA:36,5,1,0
BRF:11
BRH:0
end_of_record
TN:
SF:src/aws-utils/aws-apigw.ts
FN:11,(anonymous_1)
FN:25,(anonymous_2)
FNF:2
FNH:0
FNDA:0,(anonymous_1)
FNDA:0,(anonymous_2)
DA:2,3
DA:4,3
DA:6,3
DA:12,0
DA:13,0
DA:14,0
DA:15,0
DA:20,0
DA:22,0
DA:26,0
DA:27,0
LF:11
LH:3
BRDA:11,0,0,0
BRDA:12,1,0,0
BRDA:25,2,0,0
BRF:3
BRH:0
end_of_record
TN:
SF:src/aws-utils/aws-appsync.js
FN:5,(anonymous_0)
FN:6,(anonymous_1)
FNF:2
FNH:0
FNDA:0,(anonymous_0)
FNDA:0,(anonymous_1)
DA:1,4
DA:2,4
DA:6,0
DA:7,0
DA:8,0
DA:9,0
DA:14,0
DA:15,0
DA:16,0
DA:21,4
LF:10
LH:3
BRDA:5,0,0,0
BRF:1
BRH:0
end_of_record
TN:
SF:src/aws-utils/aws-cfn-progress-formatter.ts
FN:13,(anonymous_0)
FN:41,(anonymous_1)
FNF:2
FNH:1
FNDA:1,(anonymous_0)
FNDA:0,(anonymous_1)
DA:1,4
DA:2,4
DA:13,4
DA:14,1
DA:29,1
DA:30,1
DA:40,1
DA:42,0
DA:53,1
DA:54,0
DA:56,1
LF:11
LH:9
BRDA:53,0,0,0
BRF:1
BRH:0
end_of_record
TN:
SF:src/aws-utils/aws-cfn.js
FN:37,(anonymous_0)
FN:38,(anonymous_1)
FN:68,(anonymous_2)
FN:78,(anonymous_3)
FN:80,(anonymous_4)
FN:87,(anonymous_5)
FN:116,(anonymous_6)
FN:120,(anonymous_7)
FN:121,(anonymous_8)
FN:122,(anonymous_9)
FN:127,(anonymous_10)
FN:146,(anonymous_11)
FN:148,(anonymous_12)
FN:166,(anonymous_13)
FN:169,(anonymous_14)
FN:174,(anonymous_15)
FN:176,(anonymous_16)
FN:178,(anonymous_17)
FN:181,(anonymous_18)
FN:185,(anonymous_19)
FN:198,(anonymous_20)
FN:200,(anonymous_21)
FN:204,(anonymous_22)
FN:211,(anonymous_23)
FN:216,(anonymous_24)
FN:219,(anonymous_25)
FN:227,(anonymous_26)
FN:233,(anonymous_27)
FN:253,(anonymous_28)
FN:256,(anonymous_29)
FN:267,(anonymous_30)
FN:284,(anonymous_31)
FN:292,(anonymous_32)
FN:294,(anonymous_33)
FN:297,(anonymous_34)
FN:306,(anonymous_35)
FN:310,(anonymous_36)
FN:315,(anonymous_37)
FN:348,(anonymous_38)
FN:356,(anonymous_39)
FN:365,(anonymous_40)
FN:368,(anonymous_41)
FN:390,(anonymous_42)
FN:400,(anonymous_43)
FN:407,(anonymous_44)
FN:419,(anonymous_45)
FN:438,(anonymous_46)
FN:447,(anonymous_47)
FN:456,(anonymous_48)
FN:462,(anonymous_49)
FN:463,(anonymous_50)
FN:467,(anonymous_51)
FN:481,(anonymous_52)
FN:489,(anonymous_53)
FN:490,(anonymous_54)
FN:491,(anonymous_55)
FN:523,(anonymous_56)
FN:524,(anonymous_57)
FN:525,(anonymous_58)
FN:527,(anonymous_59)
FN:563,(anonymous_60)
FN:565,(anonymous_61)
FN:567,(anonymous_62)
FN:572,(anonymous_63)
FN:580,(anonymous_64)
FN:583,(anonymous_65)
FN:588,(anonymous_66)
FN:589,(anonymous_67)
FN:592,(anonymous_68)
FN:602,(anonymous_69)
FN:614,(anonymous_70)
FN:631,(anonymous_71)
FN:633,(anonymous_72)
FN:643,(anonymous_73)
FN:648,(anonymous_74)
FN:651,(anonymous_75)
FN:669,formatOutputs
FN:678,showEvents
FN:686,(anonymous_78)
FN:697,(anonymous_79)
FN:714,getUniqueStacksEvents
FN:716,(anonymous_81)
FN:720,filterNestedStacks
FN:737,getCFNConsoleLink
FNF:84
FNH:11
FNDA:5,(anonymous_0)
FNDA:5,(anonymous_1)
FNDA:0,(anonymous_2)
FNDA:0,(anonymous_3)
FNDA:0,(anonymous_4)
FNDA:0,(anonymous_5)
FNDA:0,(anonymous_6)
FNDA:0,(anonymous_7)
FNDA:0,(anonymous_8)
FNDA:0,(anonymous_9)
FNDA:0,(anonymous_10)
FNDA:0,(anonymous_11)
FNDA:0,(anonymous_12)
FNDA:3,(anonymous_13)
FNDA:5,(anonymous_14)
FNDA:4,(anonymous_15)
FNDA:2,(anonymous_16)
FNDA:3,(anonymous_17)
FNDA:0,(anonymous_18)
FNDA:0,(anonymous_19)
FNDA:0,(anonymous_20)
FNDA:0,(anonymous_21)
FNDA:0,(anonymous_22)
FNDA:0,(anonymous_23)
FNDA:0,(anonymous_24)
FNDA:0,(anonymous_25)
FNDA:0,(anonymous_26)
FNDA:1,(anonymous_27)
FNDA:0,(anonymous_28)
FNDA:0,(anonymous_29)
FNDA:0,(anonymous_30)
FNDA:0,(anonymous_31)
FNDA:0,(anonymous_32)
FNDA:0,(anonymous_33)
FNDA:0,(anonymous_34)
FNDA:0,(anonymous_35)
FNDA:0,(anonymous_36)
FNDA:0,(anonymous_37)
FNDA:0,(anonymous_38)
FNDA:0,(anonymous_39)
FNDA:0,(anonymous_40)
FNDA:0,(anonymous_41)
FNDA:0,(anonymous_42)
FNDA:0,(anonymous_43)
FNDA:0,(anonymous_44)
FNDA:0,(anonymous_45)
FNDA:0,(anonymous_46)
FNDA:0,(anonymous_47)
FNDA:0,(anonymous_48)
FNDA:0,(anonymous_49)
FNDA:0,(anonymous_50)
FNDA:0,(anonymous_51)
FNDA:0,(anonymous_52)
FNDA:0,(anonymous_53)
FNDA:0,(anonymous_54)
FNDA:0,(anonymous_55)
FNDA:0,(anonymous_56)
FNDA:0,(anonymous_57)
FNDA:0,(anonymous_58)
FNDA:0,(anonymous_59)
FNDA:0,(anonymous_60)
FNDA:0,(anonymous_61)
FNDA:0,(anonymous_62)
FNDA:0,(anonymous_63)
FNDA:0,(anonymous_64)
FNDA:0,(anonymous_65)
FNDA:0,(anonymous_66)
FNDA:0,(anonymous_67)
FNDA:0,(anonymous_68)
FNDA:0,(anonymous_69)
FNDA:0,(anonymous_70)
FNDA:0,(anonymous_71)
FNDA:0,(anonymous_72)
FNDA:0,(anonymous_73)
FNDA:0,(anonymous_74)
FNDA:0,(anonymous_75)
FNDA:0,formatOutputs
[...]
TN:
SF:src/resource-package/types.ts
FN:44,(anonymous_0)
FNF:1
FNH:1
FNDA:4,(anonymous_0)
DA:44,4
DA:45,4
DA:46,4
LF:3
LH:3
BRDA:44,0,0,4
BRDA:44,0,1,4
BRF:2
BRH:2
end_of_record
TN:
SF:src/root-stack-builder/index.ts
FN:1,(anonymous_0)
FNF:1
FNH:1
FNDA:1,(anonymous_0)
DA:1,5
LF:1
LH:1
BRF:0
BRH:0
end_of_record
TN:
SF:src/root-stack-builder/root-stack-builder.ts
FN:31,(anonymous_6)
FN:92,(anonymous_7)
FN:137,(anonymous_8)
FN:43,(anonymous_9)
FN:50,(anonymous_10)
FN:57,(anonymous_11)
FN:64,(anonymous_12)
FN:71,(anonymous_13)
FN:83,(anonymous_14)
FN:143,(anonymous_15)
FN:195,(anonymous_16)
FN:152,(anonymous_17)
FN:161,(anonymous_18)
FN:169,(anonymous_19)
FN:179,(anonymous_20)
FN:189,(anonymous_21)
FNF:16
FNH:8
FNDA:7,(anonymous_6)
FNDA:3,(anonymous_7)
FNDA:5,(anonymous_8)
FNDA:18,(anonymous_9)
FNDA:0,(anonymous_10)
FNDA:0,(anonymous_11)
FNDA:0,(anonymous_12)
FNDA:15,(anonymous_13)
FNDA:0,(anonymous_14)
FNDA:2,(anonymous_15)
FNDA:2,(anonymous_16)
FNDA:0,(anonymous_17)
FNDA:6,(anonymous_18)
FNDA:0,(anonymous_19)
FNDA:0,(anonymous_20)
FNDA:0,(anonymous_21)
DA:3,6
DA:4,6
DA:5,6
DA:8,6
DA:11,6
DA:12,6
DA:24,6
DA:29,7
DA:32,7
DA:33,7
DA:34,7
DA:35,7
DA:44,18
DA:51,0
DA:58,0
DA:65,0
DA:72,15
DA:73,1
DA:77,14
DA:84,0
DA:85,0
DA:87,0
DA:92,7
DA:93,3
DA:97,3
DA:99,3
DA:116,3
DA:137,7
DA:143,6
DA:153,0
DA:162,6
DA:170,0
DA:180,0
DA:190,0
DA:195,2
LF:35
LH:25
BRDA:72,0,0,1
BRDA:84,1,0,0
BRF:2
BRH:1
end_of_record
TN:
SF:src/root-stack-builder/root-stack-transform.ts
FN:31,(anonymous_6)
FN:60,(anonymous_7)
FN:67,(anonymous_8)
FN:102,(anonymous_9)
FN:207,(anonymous_10)
FN:217,(anonymous_11)
FN:41,(anonymous_12)
FN:230,(anonymous_13)
FNF:8
FNH:6
FNDA:2,(anonymous_6)
FNDA:1,(anonymous_7)
FNDA:0,(anonymous_8)
FNDA:2,(anonymous_9)
FNDA:2,(anonymous_10)
FNDA:1,(anonymous_11)
FNDA:2,(anonymous_12)
FNDA:0,(anonymous_13)
DA:1,5
DA:2,5
DA:3,5
DA:13,5
DA:14,5
DA:15,5
DA:16,5
DA:17,5
DA:18,5
DA:23,5
DA:32,2
DA:33,2
DA:34,2
DA:35,2
DA:43,2
DA:46,2
DA:47,1
DA:51,2
DA:54,2
DA:55,1
DA:57,2
DA:60,2
DA:61,1
DA:62,1
DA:63,1
DA:66,1
DA:67,0
DA:68,0
DA:69,0
DA:71,0
DA:81,0
DA:82,0
DA:83,0
DA:85,0
DA:102,2
DA:103,2
DA:105,2
DA:114,2
DA:123,2
DA:133,2
DA:142,2
DA:151,2
DA:160,2
DA:167,2
DA:174,2
DA:177,2
DA:180,2
DA:189,2
DA:196,2
DA:207,2
DA:208,2
DA:209,2
DA:210,2
DA:211,2
DA:212,2
DA:213,2
DA:214,2
DA:217,2
DA:218,1
DA:219,1
DA:221,1
DA:231,0
DA:232,0
DA:235,0
LF:64
LH:53
BRDA:66,0,0,0
BRDA:208,1,0,0
BRDA:208,1,1,2
BRDA:208,2,0,2
BRDA:208,2,1,2
BRDA:223,3,0,1
BRDA:223,3,1,0
BRDA:223,4,0,1
BRDA:223,4,1,1
BRDA:46,5,0,1
BRDA:54,6,0,1
BRDA:231,7,0,0
BRF:12
BRH:8
end_of_record
TN:
SF:src/root-stack-builder/stack-synthesizer.ts
FN:9,(anonymous_1)
FN:50,(anonymous_2)
FN:57,(anonymous_3)
FN:66,(anonymous_4)
FN:17,(anonymous_5)
FN:30,(anonymous_6)
FN:62,(anonymous_7)
FNF:7
FNH:5
FNDA:9,(anonymous_1)
FNDA:7,(anonymous_2)
FNDA:7,(anonymous_3)
FNDA:0,(anonymous_4)
FNDA:0,(anonymous_5)
FNDA:7,(anonymous_6)
FNDA:7,(anonymous_7)
DA:1,6
DA:2,6
DA:3,6
DA:4,6
DA:9,6
DA:10,9
DA:11,6
DA:18,0
DA:19,0
DA:20,0
DA:21,0
DA:22,0
DA:24,0
DA:31,7
DA:32,7
DA:33,7
DA:34,7
DA:35,7
DA:36,7
DA:37,7
DA:38,7
DA:42,0
DA:50,9
DA:51,7
DA:57,9
DA:63,7
DA:66,9
DA:67,0
DA:68,0
DA:71,0
LF:30
LH:20
BRDA:67,0,0,0
BRDA:18,1,0,0
BRDA:18,1,1,0
BRDA:18,2,0,0
BRDA:18,2,1,0
BRDA:32,3,0,7
BRDA:32,4,0,7
BRDA:32,4,1,2
BRF:8
BRH:3
end_of_record
TN:
SF:src/utils/admin-helpers.ts
FN:12,(anonymous_1)
FN:20,doAdminTokensExist
FN:32,isAmplifyAdminApp
FN:49,getTempCredsWithAdminTokens
FN:65,getAdminAppState
FN:74,getAdminCognitoCredentials
FN:95,getAdminStsCredentials
FN:115,getRefreshedTokens
FN:135,isJwtExpired
FN:141,refreshJWTs
FNF:10
FNH:2
FNDA:2,(anonymous_1)
FNDA:0,doAdminTokensExist
FNDA:1,isAmplifyAdminApp
FNDA:0,getTempCredsWithAdminTokens
FNDA:0,getAdminAppState
FNDA:0,getAdminCognitoCredentials
FNDA:0,getAdminStsCredentials
FNDA:0,getRefreshedTokens
FNDA:0,isJwtExpired
FNDA:0,refreshJWTs
DA:1,17
DA:2,17
DA:3,17
DA:4,17
DA:5,17
DA:6,17
DA:12,17
DA:13,2
DA:14,2
DA:20,17
DA:21,0
DA:22,0
DA:26,0
DA:32,17
DA:33,1
DA:34,1
DA:38,0
DA:39,0
DA:40,0
DA:42,0
DA:43,0
DA:49,17
DA:50,0
DA:51,0
DA:53,0
DA:54,0
DA:56,0
DA:58,0
DA:62,0
DA:67,0
DA:68,0
DA:69,0
DA:70,0
DA:71,0
DA:75,0
DA:76,0
DA:77,0
DA:86,0
DA:96,0
DA:99,0
DA:106,0
DA:117,0
DA:119,0
DA:121,0
DA:122,0
DA:124,0
DA:125,0
DA:126,0
DA:129,0
DA:132,0
DA:136,0
DA:137,0
DA:138,0
DA:142,0
DA:143,0
DA:152,17
LF:56
LH:15
BRDA:13,0,0,0
BRDA:13,0,1,2
BRDA:13,1,0,2
BRDA:13,1,1,2
BRDA:13,2,0,0
BRDA:13,2,1,2
BRDA:13,3,0,2
BRDA:13,3,1,2
BRDA:21,4,0,0
BRDA:33,5,0,1
BRDA:39,6,0,0
BRDA:39,7,0,0
BRDA:39,7,1,0
BRDA:39,7,2,0
BRDA:42,8,0,0
BRDA:42,8,1,0
BRDA:50,9,0,0
BRDA:67,10,0,0
BRDA:67,10,1,0
BRDA:67,11,0,0
BRDA:67,11,1,0
BRDA:68,12,0,0
BRDA:68,12,1,0
BRDA:69,13,0,0
BRDA:69,13,1,0
BRDA:119,14,0,0
BRF:26
BRH:7
end_of_record
TN:
SF:src/utils/admin-login-server.ts
FN:31,(anonymous_7)
FN:47,(anonymous_8)
FN:53,(anonymous_9)
FN:58,(anonymous_10)
FN:62,(anonymous_11)
FN:83,(anonymous_12)
FN:85,(anonymous_13)
FN:113,(anonymous_14)
FN:118,(anonymous_15)
FN:146,(anonymous_16)
FN:161,(anonymous_17)
FNF:11
FNH:6
FNDA:2,(anonymous_7)
FNDA:2,(anonymous_8)
FNDA:2,(anonymous_9)
FNDA:2,(anonymous_10)
FNDA:0,(anonymous_11)
FNDA:2,(anonymous_12)
FNDA:0,(anonymous_13)
FNDA:0,(anonymous_14)
FNDA:0,(anonymous_15)
FNDA:0,(anonymous_16)
FNDA:1,(anonymous_17)
DA:1,17
DA:2,17
DA:3,17
DA:4,17
DA:5,17
DA:6,17
DA:8,17
DA:9,17
DA:17,17
DA:20,2
DA:23,2
DA:32,2
DA:33,2
DA:38,2
DA:39,2
DA:40,2
DA:41,2
DA:48,2
DA:50,2
DA:54,2
DA:59,2
DA:64,0
DA:65,0
DA:66,0
DA:69,0
DA:75,0
DA:76,0
DA:80,0
DA:85,2
DA:86,0
DA:87,0
DA:88,0
DA:89,0
DA:90,0
DA:92,0
DA:96,0
DA:97,0
DA:98,0
DA:99,0
DA:101,0
DA:102,0
DA:110,0
DA:113,2
DA:114,0
DA:125,0
DA:126,0
DA:128,0
DA:130,0
DA:131,0
DA:132,0
DA:134,0
DA:135,0
DA:136,0
DA:138,0
DA:140,0
DA:147,0
DA:151,0
DA:152,0
DA:153,0
DA:154,0
DA:162,1
LF:61
LH:24
BRDA:75,0,0,0
BRDA:86,1,0,0
BRDA:86,2,0,0
BRDA:86,2,1,0
BRDA:88,3,0,0
BRDA:131,4,0,0
BRDA:131,5,0,0
BRDA:131,5,1,0
BRDA:134,6,0,0
BRDA:134,6,1,0
BRDA:140,7,0,0
BRDA:140,7,1,0
BRDA:151,8,0,0
BRF:13
BRH:0
end_of_record
TN:
SF:src/utils/amplify-resource-state-utils.ts
FN:20,(anonymous_1)
FN:27,(anonymous_2)
FN:35,(anonymous_3)
FN:49,(anonymous_4)
FN:61,(anonymous_5)
FN:64,(anonymous_6)
FN:68,(anonymous_7)
FN:72,(anonymous_8)
FN:76,(anonymous_9)
FN:84,(anonymous_10)
FN:92,(anonymous_11)
FN:99,(anonymous_12)
FN:103,(anonymous_13)
FNF:13
FNH:4
FNDA:1,(anonymous_1)
FNDA:1,(anonymous_2)
FNDA:1,(anonymous_3)
FNDA:2,(anonymous_4)
FNDA:0,(anonymous_5)
FNDA:0,(anonymous_6)
FNDA:0,(anonymous_7)
FNDA:0,(anonymous_8)
FNDA:0,(anonymous_9)
FNDA:0,(anonymous_10)
FNDA:0,(anonymous_11)
FNDA:0,(anonymous_12)
FNDA:0,(anonymous_13)
DA:5,6
DA:6,6
DA:20,6
DA:21,1
DA:22,1
DA:27,1
DA:28,1
DA:29,1
DA:31,1
DA:32,1
DA:35,6
DA:36,1
DA:37,1
DA:42,1
DA:43,1
DA:44,1
DA:49,1
DA:50,2
DA:51,1
DA:53,2
DA:55,1
DA:58,1
DA:61,6
DA:62,0
DA:65,0
DA:69,0
DA:73,0
DA:77,0
DA:78,0
DA:79,0
DA:81,0
DA:85,0
DA:86,0
DA:87,0
DA:89,0
DA:93,0
DA:94,0
DA:96,0
DA:100,0
DA:104,0
LF:40
LH:23
BRDA:43,0,0,1
BRDA:50,1,0,1
BRDA:77,2,0,0
BRDA:79,3,0,0
BRDA:79,3,1,0
BRDA:86,4,0,0
BRDA:93,5,0,0
BRF:7
BRH:2
end_of_record
TN:
SF:src/utils/api-key-helpers.ts
FN:4,getAppSyncApiConfig
FN:8,(anonymous_1)
FN:15,getDefaultIfApiKey
FN:23,getAdditionalApiKeyConfig
FN:28,(anonymous_4)
FN:35,getApiKeyConfig
FN:40,apiKeyIsActive
FNF:7
FNH:7
FNDA:5,getAppSyncApiConfig
FNDA:5,(anonymous_1)
FNDA:2,getDefaultIfApiKey
FNDA:2,getAdditionalApiKeyConfig
FNDA:2,(anonymous_4)
FNDA:2,getApiKeyConfig
FNDA:1,apiKeyIsActive
DA:1,5
DA:4,5
DA:5,5
DA:8,5
DA:9,5
DA:12,5
DA:16,2
DA:17,2
DA:19,2
DA:20,2
DA:24,2
DA:25,2
DA:28,2
DA:29,2
DA:32,2
DA:35,5
DA:36,2
DA:37,2
DA:40,5
DA:41,1
DA:42,1
DA:44,1
DA:46,1
LF:23
LH:23
BRDA:5,0,0,0
BRDA:5,0,1,5
BRDA:5,1,0,5
BRDA:5,1,1,5
BRDA:9,2,0,5
BRDA:16,3,0,0
BRDA:16,3,1,2
BRDA:16,4,0,2
BRDA:16,4,1,2
BRDA:16,5,0,0
BRDA:16,5,1,2
BRDA:16,6,0,2
BRDA:16,6,1,2
BRDA:19,7,0,0
BRDA:24,8,0,0
BRDA:24,8,1,2
BRDA:24,9,0,2
BRDA:24,9,1,2
BRDA:24,10,0,0
BRDA:24,10,1,2
BRDA:24,11,0,2
BRDA:24,11,1,2
BRDA:29,12,0,2
BRDA:37,13,0,2
BRDA:37,13,1,2
BRDA:37,13,2,0
BRDA:42,14,0,1
BRDA:42,14,1,0
BRDA:44,15,0,0
BRF:29
BRH:20
end_of_record
TN:
SF:src/utils/archiver.js
FN:7,run
FN:13,(anonymous_1)
FN:14,(anonymous_2)
FN:17,(anonymous_3)
FNF:4
FNH:4
FNDA:3,run
FNDA:3,(anonymous_1)
FNDA:2,(anonymous_2)
FNDA:1,(anonymous_3)
DA:1,5
DA:2,5
DA:3,5
DA:5,5
DA:8,3
DA:9,3
DA:11,3
DA:12,3
DA:13,3
DA:14,3
DA:15,2
DA:17,3
DA:18,1
DA:21,3
DA:22,3
DA:24,3
DA:28,3
DA:32,3
DA:36,3
DA:40,3
DA:46,3
DA:47,1
DA:48,2
DA:50,2
DA:54,3
DA:58,5
LF:26
LH:26
BRDA:7,0,0,3
BRDA:46,1,0,1
BRDA:46,1,1,2
BRDA:46,2,0,3
BRDA:46,2,1,1
BRDA:46,2,2,1
BRF:6
BRH:6
end_of_record
TN:
SF:src/utils/aws-logger.ts
FN:7,(anonymous_0)
FN:7,(anonymous_1)
FN:7,(anonymous_2)
FNF:3
FNH:3
FNDA:95,(anonymous_0)
FNDA:14,(anonymous_1)
FNDA:9,(anonymous_2)
DA:1,24
DA:3,24
DA:7,95
DA:8,9
DA:9,9
DA:10,7
DA:12,2
LF:7
LH:7
BRDA:9,0,0,7
BRDA:9,0,1,2
BRF:2
BRH:2
end_of_record
TN:
SF:src/utils/consolidate-apigw-policies.ts
FN:72,(anonymous_6)
FN:97,(anonymous_7)
FN:116,(anonymous_8)
FN:148,(anonymous_9)
FN:152,(anonymous_10)
FN:156,(anonymous_11)
FN:177,(anonymous_12)
FN:186,createApiResource
FN:212,(anonymous_14)
FN:215,consolidateApiGatewayPolicies
FN:247,(anonymous_16)
FN:254,(anonymous_17)
FN:262,(anonymous_18)
FN:263,(anonymous_19)
FN:266,(anonymous_20)
FN:290,(anonymous_21)
FN:324,(anonymous_22)
FNF:17
FNH:13
FNDA:5,(anonymous_6)
FNDA:5,(anonymous_7)
FNDA:104,(anonymous_8)
FNDA:0,(anonymous_9)
FNDA:204,(anonymous_10)
FNDA:204,(anonymous_11)
FNDA:10,(anonymous_12)
FNDA:408,createApiResource
FNDA:204,(anonymous_14)
FNDA:0,consolidateApiGatewayPolicies
FNDA:4,(anonymous_16)
FNDA:204,(anonymous_17)
FNDA:507,(anonymous_18)
FNDA:611,(anonymous_19)
FNDA:0,(anonymous_20)
FNDA:0,(anonymous_21)
FNDA:204,(anonymous_22)
DA:3,4
DA:4,4
DA:5,4
DA:16,4
DA:17,4
DA:18,4
DA:61,4
DA:62,4
DA:63,4
DA:64,4
DA:65,4
DA:66,4
DA:71,4
DA:73,5
DA:74,5
DA:76,5
DA:79,5
DA:82,5
DA:86,5
DA:90,5
DA:91,5
DA:92,5
DA:93,5
DA:97,5
DA:98,5
DA:102,5
DA:116,5
DA:117,104
DA:118,104
DA:120,104
DA:121,102
DA:122,102
DA:123,102
DA:124,102
DA:125,102
DA:126,102
DA:127,102
DA:128,102
DA:131,104
DA:132,102
DA:133,102
DA:134,102
DA:135,102
DA:136,102
DA:137,102
DA:138,102
DA:139,102
DA:149,0
DA:153,204
DA:154,204
DA:156,204
DA:157,204
DA:159,204
DA:162,204
DA:164,10
DA:165,10
DA:166,10
DA:169,204
DA:177,4
DA:178,10
DA:187,408
DA:212,4
DA:213,204
DA:215,4
DA:216,0
DA:217,0
DA:218,0
DA:219,0
DA:221,0
DA:222,0
DA:224,0
DA:225,0
DA:226,0
DA:230,0
DA:231,0
DA:232,0
DA:237,0
DA:238,0
DA:241,0
DA:247,4
DA:248,4
DA:249,4
DA:250,4
DA:251,4
DA:254,4
DA:255,204
DA:261,204
DA:262,507
DA:263,611
DA:266,4
DA:267,0
DA:273,0
DA:274,0
DA:275,0
DA:277,0
DA:278,0
DA:281,0
DA:284,0
DA:290,4
DA:291,0
DA:292,0
DA:295,0
DA:297,0
DA:298,0
DA:299,0
DA:304,0
DA:305,0
DA:306,0
DA:320,0
DA:324,4
DA:325,204
LF:111
LH:77
BRDA:120,0,0,102
BRDA:120,1,0,0
BRDA:120,1,1,104
BRDA:120,2,0,104
BRDA:120,2,1,104
BRDA:120,3,0,0
BRDA:120,3,1,104
BRDA:120,4,0,104
BRDA:120,4,1,104
BRDA:120,5,0,0
BRDA:120,5,1,104
BRDA:120,6,0,104
BRDA:120,6,1,104
BRDA:120,7,0,0
BRDA:120,7,1,104
BRDA:120,8,0,104
BRDA:120,8,1,104
BRDA:120,9,0,0
BRDA:120,9,1,104
BRDA:120,10,0,104
BRDA:120,10,1,104
BRDA:131,11,0,102
BRDA:131,12,0,0
BRDA:131,12,1,104
BRDA:131,13,0,104
BRDA:131,13,1,104
BRDA:131,14,0,0
BRDA:131,14,1,104
BRDA:131,15,0,104
BRDA:131,15,1,104
BRDA:131,16,0,0
BRDA:131,16,1,104
BRDA:131,17,0,104
BRDA:131,17,1,104
BRDA:131,18,0,0
BRDA:131,18,1,104
BRDA:131,19,0,104
BRDA:131,19,1,104
BRDA:131,20,0,0
BRDA:131,20,1,104
BRDA:131,21,0,104
BRDA:131,21,1,104
BRDA:162,22,0,10
BRDA:162,23,0,204
BRDA:162,23,1,198
BRDA:219,24,0,0
BRDA:219,24,1,0
BRDA:219,25,0,0
BRDA:219,25,1,0
BRDA:219,26,0,0
BRDA:219,26,1,0
BRDA:219,27,0,0
BRDA:219,27,1,0
BRDA:224,28,0,0
BRDA:237,29,0,0
BRDA:247,30,0,4
BRDA:247,30,1,4
BRDA:263,31,0,101
BRDA:263,31,1,103
BRDA:274,32,0,0
BRDA:274,32,1,0
BRDA:274,33,0,0
BRDA:274,33,1,0
BRDA:274,34,0,0
BRDA:274,34,1,0
BRDA:274,35,0,0
BRDA:274,35,1,0
BRDA:274,36,0,0
BRDA:274,36,1,0
BRDA:274,37,0,0
BRDA:274,37,1,0
BRDA:277,38,0,0
BRDA:277,39,0,0
BRDA:277,39,1,0
BRDA:291,40,0,0
BRDA:291,41,0,0
BRDA:291,41,1,0
BRDA:291,41,2,0
BRDA:297,42,0,0
BRDA:304,43,0,0
BRDA:305,44,0,0
BRDA:325,45,0,0
BRDA:325,45,1,204
BRF:83
BRH:40
end_of_record
TN:
SF:src/utils/env-level-constructs.ts
FN:18,(anonymous_7)
FN:42,(anonymous_8)
FN:75,(anonymous_9)
FN:97,(anonymous_10)
FN:102,(anonymous_11)
FN:116,(anonymous_12)
FN:131,(anonymous_13)
FNF:7
FNH:0
FNDA:0,(anonymous_7)
FNDA:0,(anonymous_8)
FNDA:0,(anonymous_9)
FNDA:0,(anonymous_10)
FNDA:0,(anonymous_11)
FNDA:0,(anonymous_12)
FNDA:0,(anonymous_13)
DA:2,3
DA:3,3
DA:4,3
DA:5,3
DA:6,3
DA:7,3
DA:8,3
DA:9,3
DA:11,3
DA:13,3
DA:18,3
DA:19,0
DA:21,0
DA:23,0
DA:25,0
DA:32,0
DA:34,0
DA:35,0
DA:36,0
DA:37,0
DA:42,3
DA:47,0
DA:48,0
DA:52,0
DA:53,0
DA:55,0
DA:57,0
DA:59,0
DA:64,0
DA:65,0
DA:67,0
DA:75,3
DA:76,0
DA:78,0
DA:86,0
DA:94,0
DA:97,3
DA:98,0
DA:100,0
DA:102,0
DA:103,0
DA:104,0
DA:105,0
DA:109,0
DA:110,0
DA:114,0
DA:116,0
DA:117,0
DA:118,0
DA:119,0
DA:123,0
DA:124,0
DA:128,0
DA:131,3
DA:132,0
DA:133,0
DA:136,0
DA:141,0
LF:58
LH:15
BRDA:34,0,0,0
BRDA:47,1,0,0
BRDA:100,2,0,0
BRDA:104,3,0,0
BRDA:104,4,0,0
BRDA:104,4,1,0
BRDA:109,5,0,0
BRDA:114,6,0,0
BRDA:118,7,0,0
BRDA:118,8,0,0
BRDA:118,8,1,0
BRDA:123,9,0,0
BRF:12
BRH:0
end_of_record
TN:
SF:src/utils/minify-json.ts
FN:10,(anonymous_6)
FN:21,(anonymous_7)
FN:22,(anonymous_8)
FNF:3
FNH:3
FNDA:7,(anonymous_6)
FNDA:3,(anonymous_7)
FNDA:9,(anonymous_8)
DA:1,5
DA:2,5
DA:10,5
DA:11,7
DA:12,5
DA:13,5
DA:14,5
DA:21,5
DA:22,3
DA:23,9
DA:24,9
DA:25,9
LF:12
LH:12
BRDA:11,0,0,2
BRDA:24,1,0,2
BRDA:25,2,0,4
BRDA:25,3,0,9
BRDA:25,3,1,7
BRF:5
BRH:5
end_of_record
TN:
SF:src/utils/progress-bar-helpers.ts
FN:19,(anonymous_1)
FN:61,(anonymous_2)
FNF:2
FNH:0
FNDA:0,(anonymous_1)
FNDA:0,(anonymous_2)
DA:2,6
DA:4,6
DA:6,6
DA:14,6
DA:19,6
DA:20,0
DA:21,0
DA:30,0
DA:37,0
DA:38,0
DA:40,0
DA:41,0
DA:43,0
DA:61,6
DA:62,0
DA:63,0
DA:64,0
DA:65,0
DA:66,0
DA:68,0
LF:20
LH:6
BRDA:37,0,0,0
BRDA:40,1,0,0
BRDA:64,2,0,0
BRDA:64,2,1,0
BRDA:65,3,0,0
BRF:5
BRH:0
end_of_record
TN:
SF:src/utils/remove-dependent-function.ts
FN:8,(anonymous_1)
FN:30,(anonymous_2)
FN:66,(anonymous_3)
FN:69,(anonymous_4)
FN:73,(anonymous_5)
FN:79,(anonymous_6)
FN:81,(anonymous_7)
FN:82,(anonymous_8)
FNF:8
FNH:0
FNDA:0,(anonymous_1)
FNDA:0,(anonymous_2)
FNDA:0,(anonymous_3)
FNDA:0,(anonymous_4)
FNDA:0,(anonymous_5)
FNDA:0,(anonymous_6)
FNDA:0,(anonymous_7)
FNDA:0,(anonymous_8)
DA:1,4
DA:2,4
DA:3,4
DA:8,4
DA:14,0
DA:15,0
DA:16,0
DA:17,0
DA:18,0
DA:20,0
DA:27,0
DA:28,0
DA:30,0
DA:31,0
DA:32,0
DA:34,0
DA:35,0
DA:36,0
DA:38,0
DA:39,0
DA:46,0
DA:50,0
DA:58,0
DA:63,0
DA:66,4
DA:67,0
DA:68,0
DA:69,0
DA:70,0
DA:73,4
DA:75,0
DA:76,0
DA:77,0
DA:78,0
DA:79,0
DA:80,0
DA:81,0
DA:82,0
DA:83,0
LF:39
LH:6
BRDA:17,0,0,0
BRDA:27,1,0,0
BRDA:34,2,0,0
BRDA:34,2,1,0
BRDA:34,3,0,0
BRDA:34,3,1,0
BRDA:34,4,0,0
BRDA:34,4,1,0
BRDA:34,5,0,0
BRDA:34,5,1,0
BRDA:34,6,0,0
BRDA:34,6,1,0
BRDA:34,7,0,0
BRDA:34,7,1,0
BRDA:35,8,0,0
BRDA:35,8,1,0
BRDA:35,9,0,0
BRDA:35,9,1,0
BRDA:35,10,0,0
BRDA:35,10,1,0
BRDA:35,11,0,0
BRDA:35,11,1,0
BRDA:36,12,0,0
BRDA:36,12,1,0
BRDA:38,13,0,0
BRDA:38,13,1,0
BRDA:46,14,0,0
BRDA:46,14,1,0
BRDA:47,15,0,0
BRDA:47,15,1,0
BRF:30
BRH:0
end_of_record
TN:
SF:src/utils/resolve-appId.ts
FN:6,(anonymous_0)
FNF:1
FNH:1
FNDA:11,(anonymous_0)
DA:1,19
DA:6,19
DA:7,11
DA:8,8
DA:9,8
DA:10,5
DA:12,3
DA:15,3
DA:16,2
DA:18,1
LF:10
LH:10
BRDA:7,0,0,8
BRDA:7,0,1,3
BRDA:9,1,0,5
BRDA:9,2,0,1
BRDA:9,2,1,7
BRDA:9,3,0,8
BRDA:9,3,1,8
BRDA:9,4,0,1
BRDA:9,4,1,7
BRDA:9,5,0,8
BRDA:9,5,1,8
BRDA:9,6,0,0
BRDA:9,6,1,8
BRDA:9,7,0,8
BRDA:9,7,1,8
BRDA:15,8,0,2
BRDA:15,8,1,1
BRDA:15,9,0,1
BRDA:15,9,1,2
BRDA:15,10,0,3
BRDA:15,10,1,3
BRDA:15,11,0,1
BRDA:15,11,1,2
BRDA:15,12,0,3
BRDA:15,12,1,3
BRDA:15,13,0,1
BRDA:15,13,1,2
BRDA:15,14,0,3
BRDA:15,14,1,3
BRDA:15,15,0,0
BRDA:15,15,1,3
BRDA:15,16,0,3
BRDA:15,16,1,3
BRF:33
BRH:31
end_of_record
TN:
SF:src/utils/upload-auth-trigger-template.ts
FN:15,(anonymous_7)
FNF:1
FNH:0
FNDA:0,(anonymous_7)
DA:1,4
DA:2,4
DA:3,4
DA:5,4
DA:6,4
DA:8,4
DA:9,4
DA:10,4
DA:15,4
DA:16,0
DA:20,0
DA:21,0
DA:24,0
DA:25,0
DA:26,0
DA:27,0
DA:29,0
DA:30,0
DA:33,0
DA:34,0
DA:35,0
DA:38,0
DA:39,0
DA:44,0
DA:48,0
DA:49,0
DA:52,0
DA:54,0
LF:28
LH:9
BRDA:20,0,0,0
BRDA:29,1,0,0
BRDA:38,2,0,0
BRDA:48,3,0,0
BRF:4
BRH:0
end_of_record
TN:
SF:src/utils/upload-current-cloud-backend.ts
FN:16,(anonymous_7)
FN:30,(anonymous_8)
FN:31,(anonymous_9)
FN:32,(anonymous_10)
FN:37,(anonymous_11)
FN:43,(anonymous_12)
FNF:6
FNH:0
FNDA:0,(anonymous_7)
FNDA:0,(anonymous_8)
FNDA:0,(anonymous_9)
FNDA:0,(anonymous_10)
FNDA:0,(anonymous_11)
FNDA:0,(anonymous_12)
DA:1,4
DA:2,4
DA:3,4
DA:4,4
DA:5,4
DA:6,4
DA:7,4
DA:8,4
DA:10,4
DA:16,4
DA:17,0
DA:18,0
DA:20,0
DA:22,0
DA:30,0
DA:31,0
DA:32,0
DA:37,0
DA:43,4
DA:44,0
DA:45,0
DA:46,0
DA:47,0
DA:49,0
DA:50,0
DA:53,0
DA:54,0
DA:55,0
DA:58,0
DA:59,0
DA:60,0
DA:61,0
DA:64,0
DA:69,0
DA:70,0
DA:71,0
DA:72,0
DA:74,0
DA:79,0
DA:80,0
DA:81,0
DA:82,0
DA:84,0
DA:85,0
DA:93,0
LF:45
LH:11
BRDA:49,0,0,0
BRDA:60,1,0,0
BRF:2
BRH:0
end_of_record
TN:
SF:src/utils/ssm-utils/delete-ssm-parameters.ts
FN:12,(anonymous_0)
FN:24,(anonymous_1)
FN:31,(anonymous_2)
FN:33,(anonymous_3)
FN:48,isAmplifyParameter
FN:55,(anonymous_5)
FN:60,(anonymous_6)
FN:62,(anonymous_7)
FN:62,(anonymous_8)
FN:69,(anonymous_9)
FN:74,(anonymous_10)
FNF:11
FNH:11
FNDA:1,(anonymous_0)
FNDA:1,(anonymous_1)
FNDA:1,(anonymous_2)
FNDA:1,(anonymous_3)
FNDA:3,isAmplifyParameter
FNDA:1,(anonymous_5)
FNDA:1,(anonymous_6)
FNDA:3,(anonymous_7)
FNDA:3,(anonymous_8)
FNDA:1,(anonymous_9)
FNDA:2,(anonymous_10)
DA:1,5
DA:2,5
DA:4,5
DA:5,5
DA:6,5
DA:7,5
DA:12,5
DA:14,1
DA:15,1
DA:17,0
DA:18,0
DA:20,1
DA:21,1
DA:24,5
DA:25,1
DA:26,1
DA:27,1
DA:28,0
DA:30,1
DA:31,1
DA:32,1
DA:33,1
DA:36,1
DA:38,0
DA:49,3
DA:50,3
DA:51,3
DA:52,3
DA:55,5
DA:56,1
DA:57,1
DA:58,1
DA:59,1
DA:60,1
DA:61,1
DA:62,3
DA:64,1
DA:66,1
DA:69,5
DA:70,1
DA:71,1
DA:72,1
DA:73,1
DA:74,1
DA:75,2
DA:76,0
DA:77,0
DA:79,2
DA:81,1
LF:49
LH:43
BRDA:27,0,0,0
BRDA:75,1,0,0
BRF:2
BRH:0
end_of_record
TN:
SF:src/utils/ssm-utils/env-parameter-ssm-helpers.ts
FN:11,(anonymous_0)
FN:20,(anonymous_1)
FN:21,(anonymous_2)
FN:30,(anonymous_3)
FN:35,(anonymous_4)
FN:45,(anonymous_5)
FN:61,(anonymous_6)
FN:70,(anonymous_7)
FN:71,(anonymous_8)
FN:80,(anonymous_9)
FN:85,(anonymous_10)
FN:90,(anonymous_11)
FN:93,(anonymous_12)
FN:94,(anonymous_13)
FN:112,(anonymous_14)
FN:120,(anonymous_15)
FN:120,(anonymous_16)
FNF:17
FNH:17
FNDA:2,(anonymous_0)
FNDA:2,(anonymous_1)
FNDA:2,(anonymous_2)
FNDA:1,(anonymous_3)
FNDA:1,(anonymous_4)
FNDA:1,(anonymous_5)
FNDA:4,(anonymous_6)
FNDA:1,(anonymous_7)
FNDA:1,(anonymous_8)
FNDA:3,(anonymous_9)
FNDA:3,(anonymous_10)
FNDA:13,(anonymous_11)
FNDA:3,(anonymous_12)
FNDA:13,(anonymous_13)
FNDA:2,(anonymous_14)
FNDA:3,(anonymous_15)
FNDA:3,(anonymous_16)
DA:1,5
DA:2,5
DA:4,5
DA:5,5
DA:6,5
DA:11,5
DA:15,2
DA:16,2
DA:18,1
DA:20,1
DA:21,2
DA:22,2
DA:25,1
DA:26,1
DA:27,1
DA:30,5
DA:35,1
DA:36,1
DA:37,1
DA:38,1
DA:45,1
DA:47,0
DA:61,5
DA:65,4
DA:66,4
DA:68,1
DA:70,1
DA:71,1
DA:72,1
DA:75,3
DA:76,3
DA:77,3
DA:80,5
DA:85,3
DA:86,3
DA:87,1
DA:89,2
DA:90,13
DA:91,2
DA:92,2
DA:93,2
DA:94,3
DA:95,13
DA:96,13
DA:98,3
DA:101,0
DA:112,5
DA:113,2
DA:114,2
DA:115,3
DA:120,3
LF:51
LH:49
BRDA:86,0,0,1
BRF:1
BRH:1
end_of_record
TN:
SF:src/utils/ssm-utils/exp-backoff-executor.ts
FN:1,(anonymous_0)
FN:20,(anonymous_1)
FNF:2
FNH:1
FNDA:5,(anonymous_0)
FNDA:0,(anonymous_1)
DA:1,6
DA:2,5
DA:3,5
DA:4,5
DA:5,5
DA:7,5
DA:8,5
DA:9,5
DA:10,6
DA:11,6
DA:12,6
DA:14,6
DA:15,6
DA:17,0
DA:18,0
DA:19,0
DA:20,0
DA:21,0
DA:22,0
DA:23,0
DA:26,0
DA:30,5
LF:22
LH:14
BRDA:17,0,0,0
BRDA:17,1,0,0
BRDA:17,1,1,0
BRDA:17,2,0,0
BRDA:17,2,1,0
BRDA:17,3,0,0
BRDA:17,3,1,0
BRDA:17,4,0,0
BRDA:17,4,1,0
BRDA:17,5,0,0
BRDA:17,5,1,0
BRDA:18,6,0,0
BRF:12
BRH:0
end_of_record
TN:
SF:src/utils/ssm-utils/get-ssm-sdk-parameters.ts
FN:1,(anonymous_0)
FN:8,(anonymous_1)
FNF:2
FNH:2
FNDA:2,(anonymous_0)
FNDA:2,(anonymous_1)
DA:1,5
DA:2,2
DA:5,2
DA:8,5
DA:13,2
DA:16,2
DA:17,0
DA:19,2
LF:8
LH:7
BRDA:16,0,0,0
BRF:1
BRH:0
end_of_record
