<?xml version="1.0" encoding="UTF-8"?>
<testsuites name="jest tests" tests="5" failures="2" errors="0" time="201.299">
  <testsuite name="Templategen E2E tests" errors="0" failures="1" skipped="0" timestamp="2025-04-29T03:26:05" time="176.896" tests="1">
    <testcase classname="Templategen E2E tests Full Migration Templategen Flow should init a project with auth, function, storage, api &amp; perform execute followed by revert" name="Templategen E2E tests Full Migration Templategen Flow should init a project with auth, function, storage, api &amp; perform execute followed by revert" time="165.954">
      <failure>Error: Process exited with non zero exit code 1
    at exitHandler (/Users/rjabhi/amplify-cli/packages/amplify-e2e-core/src/utils/nexpect.ts:442:24)
    at Recorder.onExit (/Users/rjabhi/amplify-cli/packages/amplify-e2e-core/src/asciinema-recorder.ts:139:9)
    at EventEmitter2.Object.&lt;anonymous&gt;.EventEmitter2.fire (/Users/rjabhi/amplify-cli/node_modules/node-pty/src/eventEmitter2.ts:45:16)
    at PipeSocket.&lt;anonymous&gt; (/Users/rjabhi/amplify-cli/node_modules/node-pty/src/terminal.ts:97:56)
    at PipeSocket.emit (node:events:519:28)
    at PipeSocket.emit (node:domain:488:12)
    at UnixTerminal.Object.&lt;anonymous&gt;.Terminal.emit (/Users/rjabhi/amplify-cli/node_modules/node-pty/src/terminal.ts:162:30)
    at onexit (/Users/rjabhi/amplify-cli/node_modules/node-pty/src/unixTerminal.ts:110:12)</failure>
      <failure>assert(received)

Expected value to be equal to:
  true
Received:
  undefined

Message:
  gen2StackName is required for revert

Difference:

  Comparing two different types of values. Expected boolean but received undefined.
    at cleanupProjects (/Users/rjabhi/amplify-cli/packages/amplify-migration-e2e/src/index.ts:89:11)
    at processTicksAndRejections (node:internal/process/task_queues:95:5)
    at Object.&lt;anonymous&gt; (/Users/rjabhi/amplify-cli/packages/amplify-migration-e2e/src/__tests__/migration_templategen_e2e.test.ts:38:7)</failure>
    </testcase>
  </testsuite>
  <testsuite name="Gen 2 Codegen E2E tests" errors="0" failures="1" skipped="3" timestamp="2025-04-29T03:26:05" time="200.443" tests="4">
    <testcase classname="Gen 2 Codegen E2E tests render pipeline renders a project with no parameters" name="Gen 2 Codegen E2E tests render pipeline renders a project with no parameters" time="0">
      <skipped/>
    </testcase>
    <testcase classname="Gen 2 Codegen E2E tests Full Migration Gen 2 Codegen Flow should init a project &amp; add auth, function, storage, api with defaults &amp; perform full migration codegen flow" name="Gen 2 Codegen E2E tests Full Migration Gen 2 Codegen Flow should init a project &amp; add auth, function, storage, api with defaults &amp; perform full migration codegen flow" time="189.374">
      <failure>Error: Process exited with non zero exit code 1
    at exitHandler (/Users/rjabhi/amplify-cli/packages/amplify-e2e-core/src/utils/nexpect.ts:442:24)
    at Recorder.onExit (/Users/rjabhi/amplify-cli/packages/amplify-e2e-core/src/asciinema-recorder.ts:139:9)
    at EventEmitter2.Object.&lt;anonymous&gt;.EventEmitter2.fire (/Users/rjabhi/amplify-cli/node_modules/node-pty/src/eventEmitter2.ts:45:16)
    at PipeSocket.&lt;anonymous&gt; (/Users/rjabhi/amplify-cli/node_modules/node-pty/src/terminal.ts:97:56)
    at PipeSocket.emit (node:events:519:28)
    at PipeSocket.emit (node:domain:488:12)
    at UnixTerminal.Object.&lt;anonymous&gt;.Terminal.emit (/Users/rjabhi/amplify-cli/node_modules/node-pty/src/terminal.ts:162:30)
    at onexit (/Users/rjabhi/amplify-cli/node_modules/node-pty/src/unixTerminal.ts:110:12)</failure>
      <failure>Error: Process exited with non zero exit code 1
    at exitHandler (/Users/rjabhi/amplify-cli/packages/amplify-e2e-core/src/utils/nexpect.ts:442:24)
    at Recorder.onExit (/Users/rjabhi/amplify-cli/packages/amplify-e2e-core/src/asciinema-recorder.ts:139:9)
    at EventEmitter2.Object.&lt;anonymous&gt;.EventEmitter2.fire (/Users/rjabhi/amplify-cli/node_modules/node-pty/src/eventEmitter2.ts:45:16)
    at PipeSocket.&lt;anonymous&gt; (/Users/rjabhi/amplify-cli/node_modules/node-pty/src/terminal.ts:97:56)
    at PipeSocket.emit (node:events:519:28)
    at PipeSocket.emit (node:domain:488:12)
    at UnixTerminal.Object.&lt;anonymous&gt;.Terminal.emit (/Users/rjabhi/amplify-cli/node_modules/node-pty/src/terminal.ts:162:30)
    at onexit (/Users/rjabhi/amplify-cli/node_modules/node-pty/src/unixTerminal.ts:110:12)</failure>
    </testcase>
    <testcase classname="Gen 2 Codegen E2E tests Full Migration Gen 2 Codegen Flow should init a project where all possible auth options are selected and perform full migration codegen flow " name="Gen 2 Codegen E2E tests Full Migration Gen 2 Codegen Flow should init a project where all possible auth options are selected and perform full migration codegen flow " time="0">
      <skipped/>
    </testcase>
    <testcase classname="Gen 2 Codegen E2E tests Full Migration Gen 2 Codegen Flow should init a project where default auth, all possible s3 bucket resource options are selected and perform full migration codegen flow " name="Gen 2 Codegen E2E tests Full Migration Gen 2 Codegen Flow should init a project where default auth, all possible s3 bucket resource options are selected and perform full migration codegen flow " time="0">
      <skipped/>
    </testcase>
  </testsuite>
</testsuites>