{"/Users/eddvar/Documents/amplify-cli/packages/amplify-category-function/src/constants.ts": {"path":"/Users/eddvar/Documents/amplify-cli/packages/amplify-category-function/src/constants.ts","statementMap":{"0":{"start":{"line":1,"column":13},"end":{"line":1,"column":39}},"1":{"start":{"line":3,"column":13},"end":{"line":4,"column":110}},"2":{"start":{"line":5,"column":34},"end":{"line":5,"column":64}},"3":{"start":{"line":6,"column":13},"end":{"line":6,"column":75}},"4":{"start":{"line":7,"column":13},"end":{"line":7,"column":73}},"5":{"start":{"line":9,"column":0},"end":{"line":9,"column":null}},"6":{"start":{"line":10,"column":2},"end":{"line":10,"column":null}},"7":{"start":{"line":11,"column":2},"end":{"line":11,"column":null}},"8":{"start":{"line":12,"column":2},"end":{"line":12,"column":null}},"9":{"start":{"line":13,"column":2},"end":{"line":13,"column":null}},"10":{"start":{"line":16,"column":0},"end":{"line":16,"column":null}},"11":{"start":{"line":17,"column":2},"end":{"line":17,"column":null}},"12":{"start":{"line":18,"column":2},"end":{"line":18,"column":null}},"13":{"start":{"line":19,"column":2},"end":{"line":19,"column":null}}},"fnMap":{"0":{"name":"(anonymous_0)","decl":{"start":{"line":9,"column":0},"end":{"line":9,"column":12}},"loc":{"start":{"line":9,"column":25},"end":{"line":14,"column":1}}},"1":{"name":"(anonymous_1)","decl":{"start":{"line":16,"column":0},"end":{"line":16,"column":12}},"loc":{"start":{"line":16,"column":28},"end":{"line":20,"column":1}}}},"branchMap":{"0":{"loc":{"start":{"line":9,"column":12},"end":{"line":9,"column":null}},"type":"binary-expr","locations":[{"start":{"line":9,"column":12},"end":{"line":9,"column":25}},{"start":{"line":9,"column":12},"end":{"line":9,"column":null}}]},"1":{"loc":{"start":{"line":16,"column":12},"end":{"line":16,"column":null}},"type":"binary-expr","locations":[{"start":{"line":16,"column":12},"end":{"line":16,"column":28}},{"start":{"line":16,"column":12},"end":{"line":16,"column":null}}]}},"s":{"0":38,"1":38,"2":38,"3":38,"4":38,"5":38,"6":38,"7":38,"8":38,"9":38,"10":38,"11":38,"12":38,"13":38},"f":{"0":38,"1":38},"b":{"0":[38,38],"1":[38,38]}}
,"/Users/eddvar/Documents/amplify-cli/packages/amplify-category-function/src/index.ts": {"path":"/Users/eddvar/Documents/amplify-cli/packages/amplify-category-function/src/index.ts","statementMap":{"0":{"start":{"line":1,"column":0},"end":{"line":1,"column":84}},"1":{"start":{"line":2,"column":0},"end":{"line":2,"column":81}},"2":{"start":{"line":4,"column":0},"end":{"line":4,"column":23}},"3":{"start":{"line":5,"column":0},"end":{"line":5,"column":29}},"4":{"start":{"line":6,"column":0},"end":{"line":6,"column":44}},"5":{"start":{"line":7,"column":0},"end":{"line":7,"column":43}},"6":{"start":{"line":8,"column":0},"end":{"line":8,"column":69}},"7":{"start":{"line":9,"column":0},"end":{"line":9,"column":59}},"8":{"start":{"line":10,"column":0},"end":{"line":10,"column":61}},"9":{"start":{"line":11,"column":0},"end":{"line":11,"column":57}},"10":{"start":{"line":13,"column":0},"end":{"line":13,"column":75}},"11":{"start":{"line":14,"column":0},"end":{"line":14,"column":119}},"12":{"start":{"line":15,"column":0},"end":{"line":15,"column":117}},"13":{"start":{"line":16,"column":0},"end":{"line":16,"column":109}},"14":{"start":{"line":17,"column":0},"end":{"line":17,"column":104}},"15":{"start":{"line":19,"column":0},"end":{"line":19,"column":131}},"16":{"start":{"line":20,"column":0},"end":{"line":20,"column":null}},"17":{"start":{"line":24,"column":0},"end":{"line":24,"column":92}},"18":{"start":{"line":26,"column":0},"end":{"line":26,"column":72}},"19":{"start":{"line":28,"column":0},"end":{"line":28,"column":9}},"20":{"start":{"line":28,"column":9},"end":{"line":28,"column":33}},"21":{"start":{"line":29,"column":0},"end":{"line":29,"column":9}},"22":{"start":{"line":29,"column":9},"end":{"line":29,"column":133}},"23":{"start":{"line":30,"column":0},"end":{"line":30,"column":9}},"24":{"start":{"line":30,"column":9},"end":{"line":30,"column":79}},"25":{"start":{"line":31,"column":0},"end":{"line":31,"column":9}},"26":{"start":{"line":31,"column":9},"end":{"line":31,"column":89}},"27":{"start":{"line":32,"column":0},"end":{"line":32,"column":9}},"28":{"start":{"line":32,"column":9},"end":{"line":32,"column":81}},"29":{"start":{"line":33,"column":0},"end":{"line":33,"column":9}},"30":{"start":{"line":33,"column":9},"end":{"line":33,"column":105}},"31":{"start":{"line":34,"column":0},"end":{"line":34,"column":9}},"32":{"start":{"line":34,"column":9},"end":{"line":34,"column":90}},"33":{"start":{"line":35,"column":0},"end":{"line":35,"column":9}},"34":{"start":{"line":35,"column":9},"end":{"line":35,"column":98}},"35":{"start":{"line":36,"column":0},"end":{"line":36,"column":9}},"36":{"start":{"line":36,"column":9},"end":{"line":36,"column":83}},"37":{"start":{"line":37,"column":0},"end":{"line":37,"column":9}},"38":{"start":{"line":37,"column":9},"end":{"line":37,"column":118}},"39":{"start":{"line":38,"column":0},"end":{"line":38,"column":null}},"40":{"start":{"line":39,"column":2},"end":{"line":39,"column":null}},"41":{"start":{"line":40,"column":2},"end":{"line":40,"column":null}},"42":{"start":{"line":42,"column":0},"end":{"line":42,"column":9}},"43":{"start":{"line":42,"column":9},"end":{"line":42,"column":105}},"44":{"start":{"line":46,"column":19},"end":{"line":59,"column":1}},"45":{"start":{"line":47,"column":18},"end":{"line":51,"column":4}},"46":{"start":{"line":53,"column":29},"end":{"line":53,"column":78}},"47":{"start":{"line":54,"column":2},"end":{"line":57,"column":null}},"48":{"start":{"line":55,"column":4},"end":{"line":55,"column":69}},"49":{"start":{"line":56,"column":4},"end":{"line":56,"column":21}},"50":{"start":{"line":58,"column":2},"end":{"line":58,"column":93}},"51":{"start":{"line":46,"column":13},"end":{"line":46,"column":19}},"52":{"start":{"line":64,"column":22},"end":{"line":72,"column":1}},"53":{"start":{"line":66,"column":29},"end":{"line":66,"column":78}},"54":{"start":{"line":67,"column":2},"end":{"line":70,"column":null}},"55":{"start":{"line":68,"column":4},"end":{"line":68,"column":69}},"56":{"start":{"line":69,"column":4},"end":{"line":69,"column":21}},"57":{"start":{"line":71,"column":2},"end":{"line":71,"column":105}},"58":{"start":{"line":64,"column":13},"end":{"line":64,"column":22}},"59":{"start":{"line":77,"column":23},"end":{"line":79,"column":1}},"60":{"start":{"line":78,"column":2},"end":{"line":78,"column":67}},"61":{"start":{"line":77,"column":13},"end":{"line":77,"column":23}},"62":{"start":{"line":84,"column":23},"end":{"line":109,"column":1}},"63":{"start":{"line":85,"column":39},"end":{"line":85,"column":60}},"64":{"start":{"line":86,"column":34},"end":{"line":86,"column":36}},"65":{"start":{"line":87,"column":2},"end":{"line":106,"column":5}},"66":{"start":{"line":88,"column":4},"end":{"line":105,"column":null}},"67":{"start":{"line":89,"column":6},"end":{"line":104,"column":9}},"68":{"start":{"line":90,"column":8},"end":{"line":103,"column":null}},"69":{"start":{"line":92,"column":37},"end":{"line":92,"column":124}},"70":{"start":{"line":93,"column":10},"end":{"line":99,"column":null}},"71":{"start":{"line":94,"column":12},"end":{"line":96,"column":14}},"72":{"start":{"line":98,"column":12},"end":{"line":98,"column":92}},"73":{"start":{"line":101,"column":10},"end":{"line":101,"column":92}},"74":{"start":{"line":102,"column":10},"end":{"line":102,"column":18}},"75":{"start":{"line":108,"column":2},"end":{"line":108,"column":45}},"76":{"start":{"line":84,"column":13},"end":{"line":84,"column":23}},"77":{"start":{"line":114,"column":37},"end":{"line":145,"column":1}},"78":{"start":{"line":118,"column":22},"end":{"line":118,"column":54}},"79":{"start":{"line":119,"column":29},"end":{"line":119,"column":31}},"80":{"start":{"line":120,"column":29},"end":{"line":120,"column":31}},"81":{"start":{"line":122,"column":2},"end":{"line":143,"column":5}},"82":{"start":{"line":123,"column":4},"end":{"line":142,"column":null}},"83":{"start":{"line":124,"column":27},"end":{"line":124,"column":81}},"84":{"start":{"line":125,"column":6},"end":{"line":138,"column":null}},"85":{"start":{"line":127,"column":35},"end":{"line":127,"column":84}},"86":{"start":{"line":128,"column":39},"end":{"line":132,"column":null}},"87":{"start":{"line":134,"column":8},"end":{"line":134,"column":40}},"88":{"start":{"line":135,"column":8},"end":{"line":135,"column":86}},"89":{"start":{"line":137,"column":8},"end":{"line":137,"column":92}},"90":{"start":{"line":140,"column":6},"end":{"line":140,"column":91}},"91":{"start":{"line":141,"column":6},"end":{"line":141,"column":14}},"92":{"start":{"line":144,"column":2},"end":{"line":144,"column":52}},"93":{"start":{"line":114,"column":13},"end":{"line":114,"column":37}},"94":{"start":{"line":150,"column":23},"end":{"line":224,"column":1}},"95":{"start":{"line":151,"column":22},"end":{"line":151,"column":29}},"96":{"start":{"line":152,"column":22},"end":{"line":152,"column":42}},"97":{"start":{"line":153,"column":93},"end":{"line":153,"column":138}},"98":{"start":{"line":156,"column":33},"end":{"line":156,"column":112}},"99":{"start":{"line":156,"column":78},"end":{"line":156,"column":112}},"100":{"start":{"line":158,"column":2},"end":{"line":160,"column":5}},"101":{"start":{"line":159,"column":4},"end":{"line":159,"column":91}},"102":{"start":{"line":162,"column":16},"end":{"line":162,"column":96}},"103":{"start":{"line":164,"column":24},"end":{"line":170,"column":4}},"104":{"start":{"line":165,"column":38},"end":{"line":165,"column":54}},"105":{"start":{"line":166,"column":4},"end":{"line":169,"column":6}},"106":{"start":{"line":167,"column":21},"end":{"line":167,"column":80}},"107":{"start":{"line":168,"column":6},"end":{"line":168,"column":85}},"108":{"start":{"line":171,"column":20},"end":{"line":171,"column":50}},"109":{"start":{"line":172,"column":19},"end":{"line":172,"column":44}},"110":{"start":{"line":176,"column":26},"end":{"line":176,"column":66}},"111":{"start":{"line":177,"column":22},"end":{"line":177,"column":51}},"112":{"start":{"line":178,"column":29},"end":{"line":178,"column":69}},"113":{"start":{"line":179,"column":22},"end":{"line":179,"column":55}},"114":{"start":{"line":180,"column":27},"end":{"line":180,"column":102}},"115":{"start":{"line":181,"column":2},"end":{"line":198,"column":7}},"116":{"start":{"line":183,"column":19},"end":{"line":183,"column":48}},"117":{"start":{"line":185,"column":57},"end":{"line":185,"column":58}},"118":{"start":{"line":186,"column":35},"end":{"line":186,"column":102}},"119":{"start":{"line":188,"column":23},"end":{"line":188,"column":101}},"120":{"start":{"line":189,"column":6},"end":{"line":192,"column":null}},"121":{"start":{"line":190,"column":8},"end":{"line":190,"column":49}},"122":{"start":{"line":191,"column":8},"end":{"line":191,"column":83}},"123":{"start":{"line":195,"column":6},"end":{"line":197,"column":null}},"124":{"start":{"line":196,"column":8},"end":{"line":196,"column":78}},"125":{"start":{"line":199,"column":32},"end":{"line":199,"column":81}},"126":{"start":{"line":200,"column":2},"end":{"line":213,"column":5}},"127":{"start":{"line":201,"column":38},"end":{"line":201,"column":46}},"128":{"start":{"line":202,"column":42},"end":{"line":202,"column":115}},"129":{"start":{"line":203,"column":43},"end":{"line":203,"column":110}},"130":{"start":{"line":205,"column":4},"end":{"line":212,"column":null}},"131":{"start":{"line":206,"column":6},"end":{"line":211,"column":null}},"132":{"start":{"line":207,"column":26},"end":{"line":207,"column":73}},"133":{"start":{"line":208,"column":8},"end":{"line":210,"column":null}},"134":{"start":{"line":209,"column":10},"end":{"line":209,"column":70}},"135":{"start":{"line":215,"column":2},"end":{"line":215,"column":49}},"136":{"start":{"line":217,"column":2},"end":{"line":217,"column":34}},"137":{"start":{"line":219,"column":2},"end":{"line":223,"column":null}},"138":{"start":{"line":220,"column":23},"end":{"line":220,"column":78}},"139":{"start":{"line":221,"column":4},"end":{"line":221,"column":87}},"140":{"start":{"line":222,"column":4},"end":{"line":222,"column":68}},"141":{"start":{"line":150,"column":13},"end":{"line":150,"column":23}},"142":{"start":{"line":229,"column":26},"end":{"line":245,"column":1}},"143":{"start":{"line":233,"column":23},"end":{"line":233,"column":93}},"144":{"start":{"line":234,"column":61},"end":{"line":234,"column":120}},"145":{"start":{"line":235,"column":58},"end":{"line":235,"column":116}},"146":{"start":{"line":237,"column":2},"end":{"line":244,"column":7}},"147":{"start":{"line":238,"column":4},"end":{"line":244,"column":6}},"148":{"start":{"line":229,"column":13},"end":{"line":229,"column":26}},"149":{"start":{"line":250,"column":26},"end":{"line":263,"column":1}},"150":{"start":{"line":251,"column":15},"end":{"line":251,"column":37}},"151":{"start":{"line":252,"column":29},"end":{"line":252,"column":98}},"152":{"start":{"line":253,"column":24},"end":{"line":253,"column":82}},"153":{"start":{"line":255,"column":2},"end":{"line":262,"column":4}},"154":{"start":{"line":256,"column":4},"end":{"line":261,"column":7}},"155":{"start":{"line":250,"column":13},"end":{"line":250,"column":26}},"156":{"start":{"line":268,"column":26},"end":{"line":296,"column":1}},"157":{"start":{"line":269,"column":24},"end":{"line":269,"column":93}},"158":{"start":{"line":270,"column":2},"end":{"line":275,"column":null}},"159":{"start":{"line":271,"column":4},"end":{"line":274,"column":6}},"160":{"start":{"line":276,"column":33},"end":{"line":276,"column":46}},"161":{"start":{"line":278,"column":26},"end":{"line":283,"column":8}},"162":{"start":{"line":280,"column":32},"end":{"line":280,"column":68}},"163":{"start":{"line":281,"column":22},"end":{"line":281,"column":95}},"164":{"start":{"line":282,"column":25},"end":{"line":282,"column":64}},"165":{"start":{"line":285,"column":19},"end":{"line":285,"column":123}},"166":{"start":{"line":286,"column":2},"end":{"line":294,"column":null}},"167":{"start":{"line":287,"column":4},"end":{"line":293,"column":6}},"168":{"start":{"line":295,"column":2},"end":{"line":295,"column":75}},"169":{"start":{"line":268,"column":13},"end":{"line":268,"column":26}},"170":{"start":{"line":301,"column":37},"end":{"line":313,"column":1}},"171":{"start":{"line":302,"column":2},"end":{"line":302,"column":32}},"172":{"start":{"line":303,"column":20},"end":{"line":303,"column":68}},"173":{"start":{"line":304,"column":2},"end":{"line":308,"column":null}},"174":{"start":{"line":305,"column":4},"end":{"line":305,"column":55}},"175":{"start":{"line":307,"column":4},"end":{"line":307,"column":78}},"176":{"start":{"line":311,"column":24},"end":{"line":311,"column":44}},"177":{"start":{"line":312,"column":2},"end":{"line":312,"column":35}},"178":{"start":{"line":301,"column":13},"end":{"line":301,"column":37}},"179":{"start":{"line":318,"column":34},"end":{"line":335,"column":1}},"180":{"start":{"line":319,"column":2},"end":{"line":334,"column":null}},"181":{"start":{"line":321,"column":6},"end":{"line":321,"column":36}},"182":{"start":{"line":322,"column":6},"end":{"line":322,"column":12}},"183":{"start":{"line":324,"column":6},"end":{"line":324,"column":37}},"184":{"start":{"line":325,"column":6},"end":{"line":325,"column":12}},"185":{"start":{"line":327,"column":6},"end":{"line":327,"column":63}},"186":{"start":{"line":328,"column":6},"end":{"line":328,"column":12}},"187":{"start":{"line":330,"column":6},"end":{"line":330,"column":31}},"188":{"start":{"line":331,"column":6},"end":{"line":331,"column":12}},"189":{"start":{"line":318,"column":13},"end":{"line":318,"column":34}},"190":{"start":{"line":340,"column":33},"end":{"line":343,"column":1}},"191":{"start":{"line":341,"column":30},"end":{"line":341,"column":64}},"192":{"start":{"line":342,"column":2},"end":{"line":342,"column":58}},"193":{"start":{"line":340,"column":13},"end":{"line":340,"column":33}},"194":{"start":{"line":345,"column":32},"end":{"line":346,"column":95}},"195":{"start":{"line":346,"column":2},"end":{"line":346,"column":95}},"196":{"start":{"line":346,"column":26},"end":{"line":346,"column":94}},"197":{"start":{"line":351,"column":31},"end":{"line":357,"column":1}},"198":{"start":{"line":352,"column":30},"end":{"line":352,"column":63}},"199":{"start":{"line":353,"column":2},"end":{"line":356,"column":5}},"200":{"start":{"line":354,"column":4},"end":{"line":354,"column":74}},"201":{"start":{"line":355,"column":4},"end":{"line":355,"column":84}},"202":{"start":{"line":351,"column":13},"end":{"line":351,"column":31}}},"fnMap":{"0":{"name":"(anonymous_7)","decl":{"start":{"line":28,"column":9},"end":{"line":28,"column":21}},"loc":{"start":{"line":28,"column":9},"end":{"line":28,"column":33}}},"1":{"name":"(anonymous_8)","decl":{"start":{"line":29,"column":9},"end":{"line":29,"column":40}},"loc":{"start":{"line":29,"column":9},"end":{"line":29,"column":133}}},"2":{"name":"(anonymous_9)","decl":{"start":{"line":30,"column":9},"end":{"line":30,"column":22}},"loc":{"start":{"line":30,"column":9},"end":{"line":30,"column":79}}},"3":{"name":"(anonymous_10)","decl":{"start":{"line":31,"column":9},"end":{"line":31,"column":24}},"loc":{"start":{"line":31,"column":9},"end":{"line":31,"column":89}}},"4":{"name":"(anonymous_11)","decl":{"start":{"line":32,"column":9},"end":{"line":32,"column":20}},"loc":{"start":{"line":32,"column":9},"end":{"line":32,"column":81}}},"5":{"name":"(anonymous_12)","decl":{"start":{"line":33,"column":9},"end":{"line":33,"column":33}},"loc":{"start":{"line":33,"column":9},"end":{"line":33,"column":105}}},"6":{"name":"(anonymous_13)","decl":{"start":{"line":34,"column":9},"end":{"line":34,"column":26}},"loc":{"start":{"line":34,"column":9},"end":{"line":34,"column":90}}},"7":{"name":"(anonymous_14)","decl":{"start":{"line":35,"column":9},"end":{"line":35,"column":27}},"loc":{"start":{"line":35,"column":9},"end":{"line":35,"column":98}}},"8":{"name":"(anonymous_15)","decl":{"start":{"line":36,"column":9},"end":{"line":36,"column":24}},"loc":{"start":{"line":36,"column":9},"end":{"line":36,"column":83}}},"9":{"name":"(anonymous_16)","decl":{"start":{"line":37,"column":9},"end":{"line":37,"column":41}},"loc":{"start":{"line":37,"column":9},"end":{"line":37,"column":118}}},"10":{"name":"(anonymous_17)","decl":{"start":{"line":39,"column":2},"end":{"line":39,"column":29}},"loc":{"start":{"line":39,"column":2},"end":{"line":39,"column":null}}},"11":{"name":"(anonymous_18)","decl":{"start":{"line":40,"column":2},"end":{"line":40,"column":34}},"loc":{"start":{"line":40,"column":2},"end":{"line":40,"column":null}}},"12":{"name":"(anonymous_19)","decl":{"start":{"line":42,"column":9},"end":{"line":42,"column":31}},"loc":{"start":{"line":42,"column":9},"end":{"line":42,"column":105}}},"13":{"name":"(anonymous_20)","decl":{"start":{"line":46,"column":19},"end":{"line":46,"column":24}},"loc":{"start":{"line":46,"column":89},"end":{"line":59,"column":1}}},"14":{"name":"(anonymous_21)","decl":{"start":{"line":64,"column":22},"end":{"line":64,"column":27}},"loc":{"start":{"line":64,"column":110},"end":{"line":72,"column":1}}},"15":{"name":"(anonymous_22)","decl":{"start":{"line":77,"column":23},"end":{"line":77,"column":28}},"loc":{"start":{"line":77,"column":68},"end":{"line":79,"column":1}}},"16":{"name":"(anonymous_23)","decl":{"start":{"line":84,"column":23},"end":{"line":84,"column":28}},"loc":{"start":{"line":84,"column":68},"end":{"line":109,"column":1}}},"17":{"name":"(anonymous_24)","decl":{"start":{"line":87,"column":35},"end":{"line":87,"column":36}},"loc":{"start":{"line":87,"column":48},"end":{"line":106,"column":3}}},"18":{"name":"(anonymous_25)","decl":{"start":{"line":89,"column":49},"end":{"line":89,"column":50}},"loc":{"start":{"line":89,"column":66},"end":{"line":104,"column":7}}},"19":{"name":"(anonymous_26)","decl":{"start":{"line":114,"column":37},"end":{"line":114,"column":42}},"loc":{"start":{"line":117,"column":77},"end":{"line":145,"column":1}}},"20":{"name":"(anonymous_27)","decl":{"start":{"line":122,"column":42},"end":{"line":122,"column":43}},"loc":{"start":{"line":122,"column":59},"end":{"line":143,"column":3}}},"21":{"name":"(anonymous_28)","decl":{"start":{"line":150,"column":23},"end":{"line":150,"column":28}},"loc":{"start":{"line":150,"column":68},"end":{"line":224,"column":1}}},"22":{"name":"(anonymous_29)","decl":{"start":{"line":156,"column":33},"end":{"line":156,"column":34}},"loc":{"start":{"line":156,"column":78},"end":{"line":156,"column":112}}},"23":{"name":"(anonymous_30)","decl":{"start":{"line":158,"column":62},"end":{"line":158,"column":63}},"loc":{"start":{"line":158,"column":83},"end":{"line":160,"column":3}}},"24":{"name":"(anonymous_31)","decl":{"start":{"line":164,"column":34},"end":{"line":164,"column":35}},"loc":{"start":{"line":164,"column":55},"end":{"line":170,"column":3}}},"25":{"name":"(anonymous_32)","decl":{"start":{"line":166,"column":11},"end":{"line":166,"column":16}},"loc":{"start":{"line":166,"column":22},"end":{"line":169,"column":5}}},"26":{"name":"(anonymous_33)","decl":{"start":{"line":183,"column":12},"end":{"line":183,"column":13}},"loc":{"start":{"line":183,"column":19},"end":{"line":183,"column":48}}},"27":{"name":"(anonymous_34)","decl":{"start":{"line":184,"column":13},"end":{"line":184,"column":14}},"loc":{"start":{"line":184,"column":19},"end":{"line":198,"column":5}}},"28":{"name":"(anonymous_35)","decl":{"start":{"line":200,"column":31},"end":{"line":200,"column":32}},"loc":{"start":{"line":200,"column":44},"end":{"line":213,"column":3}}},"29":{"name":"(anonymous_36)","decl":{"start":{"line":229,"column":26},"end":{"line":229,"column":31}},"loc":{"start":{"line":232,"column":65},"end":{"line":245,"column":1}}},"30":{"name":"(anonymous_37)","decl":{"start":{"line":237,"column":9},"end":{"line":237,"column":10}},"loc":{"start":{"line":238,"column":4},"end":{"line":244,"column":6}}},"31":{"name":"(anonymous_38)","decl":{"start":{"line":250,"column":26},"end":{"line":250,"column":27}},"loc":{"start":{"line":250,"column":117},"end":{"line":263,"column":1}}},"32":{"name":"(anonymous_39)","decl":{"start":{"line":255,"column":9},"end":{"line":255,"column":14}},"loc":{"start":{"line":255,"column":20},"end":{"line":262,"column":3}}},"33":{"name":"(anonymous_40)","decl":{"start":{"line":268,"column":26},"end":{"line":268,"column":27}},"loc":{"start":{"line":268,"column":92},"end":{"line":296,"column":1}}},"34":{"name":"(anonymous_41)","decl":{"start":{"line":280,"column":16},"end":{"line":280,"column":17}},"loc":{"start":{"line":280,"column":32},"end":{"line":280,"column":68}}},"35":{"name":"(anonymous_42)","decl":{"start":{"line":281,"column":13},"end":{"line":281,"column":14}},"loc":{"start":{"line":281,"column":22},"end":{"line":281,"column":95}}},"36":{"name":"(anonymous_43)","decl":{"start":{"line":282,"column":16},"end":{"line":282,"column":17}},"loc":{"start":{"line":282,"column":25},"end":{"line":282,"column":64}}},"37":{"name":"(anonymous_44)","decl":{"start":{"line":301,"column":37},"end":{"line":301,"column":42}},"loc":{"start":{"line":301,"column":82},"end":{"line":313,"column":1}}},"38":{"name":"(anonymous_45)","decl":{"start":{"line":318,"column":34},"end":{"line":318,"column":39}},"loc":{"start":{"line":318,"column":93},"end":{"line":335,"column":1}}},"39":{"name":"(anonymous_46)","decl":{"start":{"line":340,"column":33},"end":{"line":340,"column":38}},"loc":{"start":{"line":340,"column":99},"end":{"line":343,"column":1}}},"40":{"name":"(anonymous_47)","decl":{"start":{"line":345,"column":32},"end":{"line":345,"column":33}},"loc":{"start":{"line":346,"column":2},"end":{"line":346,"column":95}}},"41":{"name":"(anonymous_48)","decl":{"start":{"line":346,"column":19},"end":{"line":346,"column":20}},"loc":{"start":{"line":346,"column":26},"end":{"line":346,"column":94}}},"42":{"name":"(anonymous_49)","decl":{"start":{"line":351,"column":31},"end":{"line":351,"column":36}},"loc":{"start":{"line":351,"column":92},"end":{"line":357,"column":1}}},"43":{"name":"(anonymous_50)","decl":{"start":{"line":353,"column":30},"end":{"line":353,"column":31}},"loc":{"start":{"line":353,"column":45},"end":{"line":356,"column":3}}}},"branchMap":{"0":{"loc":{"start":{"line":54,"column":2},"end":{"line":57,"column":null}},"type":"if","locations":[{"start":{"line":54,"column":2},"end":{"line":57,"column":null}}]},"1":{"loc":{"start":{"line":67,"column":2},"end":{"line":70,"column":null}},"type":"if","locations":[{"start":{"line":67,"column":2},"end":{"line":70,"column":null}}]},"2":{"loc":{"start":{"line":88,"column":4},"end":{"line":105,"column":null}},"type":"if","locations":[{"start":{"line":88,"column":4},"end":{"line":105,"column":null}}]},"3":{"loc":{"start":{"line":93,"column":10},"end":{"line":99,"column":null}},"type":"if","locations":[{"start":{"line":93,"column":10},"end":{"line":99,"column":null}},{"start":{"line":97,"column":17},"end":{"line":99,"column":null}}]},"4":{"loc":{"start":{"line":125,"column":6},"end":{"line":138,"column":null}},"type":"if","locations":[{"start":{"line":125,"column":6},"end":{"line":138,"column":null}},{"start":{"line":136,"column":13},"end":{"line":138,"column":null}}]},"5":{"loc":{"start":{"line":171,"column":20},"end":{"line":171,"column":50}},"type":"cond-expr","locations":[{"start":{"line":171,"column":35},"end":{"line":171,"column":37}},{"start":{"line":171,"column":35},"end":{"line":171,"column":50}}]},"6":{"loc":{"start":{"line":171,"column":20},"end":{"line":171,"column":37}},"type":"binary-expr","locations":[{"start":{"line":171,"column":20},"end":{"line":171,"column":37}},{"start":{"line":171,"column":35},"end":{"line":171,"column":37}}]},"7":{"loc":{"start":{"line":172,"column":19},"end":{"line":172,"column":44}},"type":"cond-expr","locations":[{"start":{"line":172,"column":34},"end":{"line":172,"column":36}},{"start":{"line":172,"column":34},"end":{"line":172,"column":44}}]},"8":{"loc":{"start":{"line":172,"column":19},"end":{"line":172,"column":36}},"type":"binary-expr","locations":[{"start":{"line":172,"column":19},"end":{"line":172,"column":36}},{"start":{"line":172,"column":34},"end":{"line":172,"column":36}}]},"9":{"loc":{"start":{"line":189,"column":6},"end":{"line":192,"column":null}},"type":"if","locations":[{"start":{"line":189,"column":6},"end":{"line":192,"column":null}}]},"10":{"loc":{"start":{"line":195,"column":6},"end":{"line":197,"column":null}},"type":"if","locations":[{"start":{"line":195,"column":6},"end":{"line":197,"column":null}}]},"11":{"loc":{"start":{"line":205,"column":4},"end":{"line":212,"column":null}},"type":"if","locations":[{"start":{"line":205,"column":4},"end":{"line":212,"column":null}}]},"12":{"loc":{"start":{"line":206,"column":6},"end":{"line":211,"column":null}},"type":"if","locations":[{"start":{"line":206,"column":6},"end":{"line":211,"column":null}}]},"13":{"loc":{"start":{"line":206,"column":10},"end":{"line":206,"column":31}},"type":"binary-expr","locations":[{"start":{"line":206,"column":10},"end":{"line":206,"column":19}},{"start":{"line":206,"column":23},"end":{"line":206,"column":31}}]},"14":{"loc":{"start":{"line":208,"column":8},"end":{"line":210,"column":null}},"type":"if","locations":[{"start":{"line":208,"column":8},"end":{"line":210,"column":null}}]},"15":{"loc":{"start":{"line":219,"column":2},"end":{"line":223,"column":null}},"type":"if","locations":[{"start":{"line":219,"column":2},"end":{"line":223,"column":null}}]},"16":{"loc":{"start":{"line":270,"column":2},"end":{"line":275,"column":null}},"type":"if","locations":[{"start":{"line":270,"column":2},"end":{"line":275,"column":null}}]},"17":{"loc":{"start":{"line":278,"column":26},"end":{"line":283,"column":8}},"type":"cond-expr","locations":[{"start":{"line":279,"column":6},"end":{"line":282,"column":65}},{"start":{"line":283,"column":6},"end":{"line":283,"column":8}}]},"18":{"loc":{"start":{"line":285,"column":19},"end":{"line":285,"column":123}},"type":"binary-expr","locations":[{"start":{"line":285,"column":19},"end":{"line":285,"column":57}},{"start":{"line":285,"column":61},"end":{"line":285,"column":91}},{"start":{"line":285,"column":95},"end":{"line":285,"column":123}}]},"19":{"loc":{"start":{"line":286,"column":2},"end":{"line":294,"column":null}},"type":"if","locations":[{"start":{"line":286,"column":2},"end":{"line":294,"column":null}}]},"20":{"loc":{"start":{"line":304,"column":2},"end":{"line":308,"column":null}},"type":"if","locations":[{"start":{"line":304,"column":2},"end":{"line":308,"column":null}},{"start":{"line":306,"column":9},"end":{"line":308,"column":null}}]},"21":{"loc":{"start":{"line":319,"column":2},"end":{"line":334,"column":null}},"type":"switch","locations":[{"start":{"line":320,"column":4},"end":{"line":322,"column":12}},{"start":{"line":323,"column":4},"end":{"line":325,"column":12}},{"start":{"line":326,"column":4},"end":{"line":328,"column":12}},{"start":{"line":329,"column":4},"end":{"line":331,"column":12}},{"start":{"line":332,"column":4},"end":{"line":332,"column":12}}]},"22":{"loc":{"start":{"line":327,"column":42},"end":{"line":327,"column":61}},"type":"cond-expr","locations":[{"start":{"line":327,"column":52},"end":{"line":327,"column":54}},{"start":{"line":327,"column":52},"end":{"line":327,"column":61}}]},"23":{"loc":{"start":{"line":327,"column":42},"end":{"line":327,"column":54}},"type":"binary-expr","locations":[{"start":{"line":327,"column":42},"end":{"line":327,"column":54}},{"start":{"line":327,"column":52},"end":{"line":327,"column":54}}]},"24":{"loc":{"start":{"line":327,"column":42},"end":{"line":327,"column":52}},"type":"cond-expr","locations":[{"start":{"line":327,"column":46},"end":{"line":327,"column":48}},{"start":{"line":327,"column":42},"end":{"line":327,"column":52}}]},"25":{"loc":{"start":{"line":327,"column":42},"end":{"line":327,"column":48}},"type":"binary-expr","locations":[{"start":{"line":327,"column":42},"end":{"line":327,"column":48}},{"start":{"line":327,"column":42},"end":{"line":327,"column":48}}]},"26":{"loc":{"start":{"line":346,"column":26},"end":{"line":346,"column":94}},"type":"binary-expr","locations":[{"start":{"line":346,"column":26},"end":{"line":346,"column":63}},{"start":{"line":346,"column":67},"end":{"line":346,"column":94}}]}},"s":{"0":2,"1":2,"2":2,"3":2,"4":2,"5":2,"6":2,"7":2,"8":2,"9":2,"10":2,"11":2,"12":2,"13":2,"14":2,"15":2,"16":2,"17":2,"18":2,"19":2,"20":2,"21":2,"22":2,"23":2,"24":2,"25":2,"26":2,"27":2,"28":2,"29":2,"30":2,"31":2,"32":2,"33":2,"34":2,"35":2,"36":2,"37":2,"38":2,"39":2,"40":2,"41":2,"42":2,"43":2,"44":2,"45":0,"46":0,"47":0,"48":0,"49":0,"50":0,"51":2,"52":2,"53":0,"54":0,"55":0,"56":0,"57":0,"58":2,"59":2,"60":0,"61":2,"62":2,"63":0,"64":0,"65":0,"66":0,"67":0,"68":0,"69":0,"70":0,"71":0,"72":0,"73":0,"74":0,"75":0,"76":2,"77":2,"78":0,"79":0,"80":0,"81":0,"82":0,"83":0,"84":0,"85":0,"86":0,"87":0,"88":0,"89":0,"90":0,"91":0,"92":0,"93":2,"94":2,"95":2,"96":2,"97":2,"98":2,"99":13,"100":2,"101":1,"102":2,"103":2,"104":2,"105":2,"106":0,"107":0,"108":2,"109":2,"110":2,"111":2,"112":2,"113":2,"114":2,"115":2,"116":4,"117":1,"118":1,"119":1,"120":1,"121":0,"122":0,"123":1,"124":1,"125":2,"126":2,"127":2,"128":2,"129":2,"130":2,"131":0,"132":0,"133":0,"134":0,"135":2,"136":2,"137":2,"138":0,"139":0,"140":0,"141":2,"142":2,"143":0,"144":0,"145":0,"146":0,"147":0,"148":2,"149":2,"150":2,"151":2,"152":2,"153":2,"154":2,"155":2,"156":2,"157":3,"158":3,"159":0,"160":3,"161":3,"162":4,"163":4,"164":4,"165":3,"166":3,"167":1,"168":2,"169":2,"170":2,"171":0,"172":0,"173":0,"174":0,"175":0,"176":0,"177":0,"178":2,"179":2,"180":0,"181":0,"182":0,"183":0,"184":0,"185":0,"186":0,"187":0,"188":0,"189":2,"190":2,"191":0,"192":0,"193":2,"194":2,"195":0,"196":0,"197":2,"198":0,"199":0,"200":0,"201":0,"202":2},"f":{"0":0,"1":0,"2":0,"3":0,"4":0,"5":0,"6":0,"7":0,"8":0,"9":0,"10":0,"11":0,"12":0,"13":0,"14":0,"15":0,"16":0,"17":0,"18":0,"19":0,"20":0,"21":2,"22":13,"23":1,"24":2,"25":0,"26":4,"27":1,"28":2,"29":0,"30":0,"31":2,"32":2,"33":3,"34":4,"35":4,"36":4,"37":0,"38":0,"39":0,"40":0,"41":0,"42":0,"43":0},"b":{"0":[0],"1":[0],"2":[0],"3":[0,0],"4":[0,0],"5":[2,0],"6":[2,2],"7":[2,0],"8":[2,2],"9":[0],"10":[1],"11":[0],"12":[0],"13":[0,0],"14":[0],"15":[0],"16":[0],"17":[2,1],"18":[3,3,3],"19":[1],"20":[0,0],"21":[0,0,0,0,0],"22":[0,0],"23":[0,0],"24":[0,0],"25":[0,0],"26":[0,0]}}
,"/Users/eddvar/Documents/amplify-cli/packages/amplify-category-function/src/__tests__/provider-utils/awscloudformation/utils/determineServiceSelection.ts": {"path":"/Users/eddvar/Documents/amplify-cli/packages/amplify-category-function/src/__tests__/provider-utils/awscloudformation/utils/determineServiceSelection.ts","statementMap":{"0":{"start":{"line":1,"column":0},"end":{"line":1,"column":121}},"1":{"start":{"line":4,"column":35},"end":{"line":4,"column":44}},"2":{"start":{"line":5,"column":33},"end":{"line":5,"column":59}},"3":{"start":{"line":6,"column":20},"end":{"line":13,"column":2}},"4":{"start":{"line":9,"column":6},"end":{"line":9,"column":34}},"5":{"start":{"line":15,"column":0},"end":{"line":87,"column":3}},"6":{"start":{"line":16,"column":2},"end":{"line":20,"column":5}},"7":{"start":{"line":17,"column":21},"end":{"line":17,"column":91}},"8":{"start":{"line":18,"column":4},"end":{"line":18,"column":60}},"9":{"start":{"line":19,"column":4},"end":{"line":19,"column":58}},"10":{"start":{"line":22,"column":2},"end":{"line":35,"column":5}},"11":{"start":{"line":23,"column":4},"end":{"line":31,"column":6}},"12":{"start":{"line":24,"column":6},"end":{"line":30,"column":8}},"13":{"start":{"line":32,"column":21},"end":{"line":32,"column":91}},"14":{"start":{"line":33,"column":4},"end":{"line":33,"column":60}},"15":{"start":{"line":34,"column":4},"end":{"line":34,"column":58}},"16":{"start":{"line":37,"column":2},"end":{"line":50,"column":5}},"17":{"start":{"line":38,"column":4},"end":{"line":46,"column":6}},"18":{"start":{"line":39,"column":6},"end":{"line":45,"column":8}},"19":{"start":{"line":47,"column":21},"end":{"line":47,"column":91}},"20":{"start":{"line":48,"column":4},"end":{"line":48,"column":57}},"21":{"start":{"line":49,"column":4},"end":{"line":49,"column":58}},"22":{"start":{"line":52,"column":2},"end":{"line":69,"column":5}},"23":{"start":{"line":53,"column":4},"end":{"line":65,"column":6}},"24":{"start":{"line":54,"column":6},"end":{"line":64,"column":8}},"25":{"start":{"line":66,"column":21},"end":{"line":66,"column":91}},"26":{"start":{"line":67,"column":4},"end":{"line":67,"column":57}},"27":{"start":{"line":68,"column":4},"end":{"line":68,"column":58}},"28":{"start":{"line":71,"column":2},"end":{"line":86,"column":5}},"29":{"start":{"line":72,"column":4},"end":{"line":83,"column":6}},"30":{"start":{"line":73,"column":6},"end":{"line":82,"column":8}},"31":{"start":{"line":84,"column":4},"end":{"line":84,"column":75}},"32":{"start":{"line":85,"column":4},"end":{"line":85,"column":58}}},"fnMap":{"0":{"name":"(anonymous_0)","decl":{"start":{"line":8,"column":23},"end":{"line":8,"column":28}},"loc":{"start":{"line":8,"column":34},"end":{"line":10,"column":5}}},"1":{"name":"(anonymous_1)","decl":{"start":{"line":15,"column":38},"end":{"line":15,"column":41}},"loc":{"start":{"line":15,"column":43},"end":{"line":87,"column":1}}},"2":{"name":"(anonymous_2)","decl":{"start":{"line":16,"column":56},"end":{"line":16,"column":61}},"loc":{"start":{"line":16,"column":67},"end":{"line":20,"column":3}}},"3":{"name":"(anonymous_3)","decl":{"start":{"line":22,"column":73},"end":{"line":22,"column":78}},"loc":{"start":{"line":22,"column":84},"end":{"line":35,"column":3}}},"4":{"name":"(anonymous_4)","decl":{"start":{"line":23,"column":44},"end":{"line":23,"column":49}},"loc":{"start":{"line":23,"column":55},"end":{"line":31,"column":5}}},"5":{"name":"(anonymous_5)","decl":{"start":{"line":37,"column":67},"end":{"line":37,"column":72}},"loc":{"start":{"line":37,"column":78},"end":{"line":50,"column":3}}},"6":{"name":"(anonymous_6)","decl":{"start":{"line":38,"column":44},"end":{"line":38,"column":49}},"loc":{"start":{"line":38,"column":55},"end":{"line":46,"column":5}}},"7":{"name":"(anonymous_7)","decl":{"start":{"line":52,"column":90},"end":{"line":52,"column":95}},"loc":{"start":{"line":52,"column":101},"end":{"line":69,"column":3}}},"8":{"name":"(anonymous_8)","decl":{"start":{"line":53,"column":44},"end":{"line":53,"column":49}},"loc":{"start":{"line":53,"column":55},"end":{"line":65,"column":5}}},"9":{"name":"(anonymous_9)","decl":{"start":{"line":71,"column":88},"end":{"line":71,"column":93}},"loc":{"start":{"line":71,"column":99},"end":{"line":86,"column":3}}},"10":{"name":"(anonymous_10)","decl":{"start":{"line":72,"column":44},"end":{"line":72,"column":49}},"loc":{"start":{"line":72,"column":55},"end":{"line":83,"column":5}}}},"branchMap":{},"s":{"0":0,"1":0,"2":0,"3":0,"4":0,"5":0,"6":0,"7":0,"8":0,"9":0,"10":0,"11":0,"12":0,"13":0,"14":0,"15":0,"16":0,"17":0,"18":0,"19":0,"20":0,"21":0,"22":0,"23":0,"24":0,"25":0,"26":0,"27":0,"28":0,"29":0,"30":0,"31":0,"32":0},"f":{"0":0,"1":0,"2":0,"3":0,"4":0,"5":0,"6":0,"7":0,"8":0,"9":0,"10":0},"b":{}}
,"/Users/eddvar/Documents/amplify-cli/packages/amplify-category-function/src/commands/function.ts": {"path":"/Users/eddvar/Documents/amplify-cli/packages/amplify-category-function/src/commands/function.ts","statementMap":{"0":{"start":{"line":1,"column":0},"end":{"line":1,"column":44}},"1":{"start":{"line":2,"column":0},"end":{"line":2,"column":49}},"2":{"start":{"line":4,"column":0},"end":{"line":21,"column":2}},"3":{"start":{"line":7,"column":4},"end":{"line":10,"column":null}},"4":{"start":{"line":8,"column":6},"end":{"line":8,"column":23}},"5":{"start":{"line":9,"column":6},"end":{"line":9,"column":13}},"6":{"start":{"line":11,"column":4},"end":{"line":19,"column":null}},"7":{"start":{"line":12,"column":6},"end":{"line":18,"column":null}},"8":{"start":{"line":13,"column":24},"end":{"line":13,"column":80}},"9":{"start":{"line":14,"column":8},"end":{"line":14,"column":21}},"10":{"start":{"line":15,"column":8},"end":{"line":15,"column":15}},"11":{"start":{"line":17,"column":8},"end":{"line":17,"column":49}}},"fnMap":{"0":{"name":"(anonymous_0)","decl":{"start":{"line":6,"column":7},"end":{"line":6,"column":12}},"loc":{"start":{"line":6,"column":40},"end":{"line":20,"column":3}}}},"branchMap":{"0":{"loc":{"start":{"line":7,"column":4},"end":{"line":10,"column":null}},"type":"if","locations":[{"start":{"line":7,"column":4},"end":{"line":10,"column":null}}]},"1":{"loc":{"start":{"line":11,"column":4},"end":{"line":19,"column":null}},"type":"if","locations":[{"start":{"line":11,"column":4},"end":{"line":19,"column":null}}]}},"s":{"0":0,"1":0,"2":0,"3":0,"4":0,"5":0,"6":0,"7":0,"8":0,"9":0,"10":0,"11":0},"f":{"0":0},"b":{"0":[0],"1":[0]}}
,"/Users/eddvar/Documents/amplify-cli/packages/amplify-category-function/src/commands/function/add.ts": {"path":"/Users/eddvar/Documents/amplify-cli/packages/amplify-category-function/src/commands/function/add.ts","statementMap":{"0":{"start":{"line":1,"column":0},"end":{"line":1,"column":97}},"1":{"start":{"line":2,"column":0},"end":{"line":2,"column":47}},"2":{"start":{"line":3,"column":0},"end":{"line":3,"column":76}},"3":{"start":{"line":5,"column":19},"end":{"line":5,"column":24}},"4":{"start":{"line":9,"column":0},"end":{"line":39,"column":2}},"5":{"start":{"line":12,"column":24},"end":{"line":12,"column":31}},"6":{"start":{"line":13,"column":29},"end":{"line":13,"column":46}},"7":{"start":{"line":14,"column":4},"end":{"line":37,"column":9}},"8":{"start":{"line":17,"column":8},"end":{"line":21,"column":10}},"9":{"start":{"line":22,"column":35},"end":{"line":22,"column":86}},"10":{"start":{"line":23,"column":8},"end":{"line":26,"column":null}},"11":{"start":{"line":24,"column":10},"end":{"line":24,"column":75}},"12":{"start":{"line":25,"column":10},"end":{"line":25,"column":27}},"13":{"start":{"line":27,"column":8},"end":{"line":27,"column":94}},"14":{"start":{"line":30,"column":8},"end":{"line":30,"column":31}},"15":{"start":{"line":33,"column":8},"end":{"line":33,"column":38}},"16":{"start":{"line":34,"column":8},"end":{"line":34,"column":79}},"17":{"start":{"line":35,"column":8},"end":{"line":35,"column":41}},"18":{"start":{"line":36,"column":8},"end":{"line":36,"column":29}}},"fnMap":{"0":{"name":"(anonymous_0)","decl":{"start":{"line":11,"column":7},"end":{"line":11,"column":12}},"loc":{"start":{"line":11,"column":25},"end":{"line":38,"column":3}}},"1":{"name":"(anonymous_1)","decl":{"start":{"line":16,"column":12},"end":{"line":16,"column":13}},"loc":{"start":{"line":16,"column":23},"end":{"line":28,"column":7}}},"2":{"name":"(anonymous_2)","decl":{"start":{"line":29,"column":12},"end":{"line":29,"column":15}},"loc":{"start":{"line":29,"column":17},"end":{"line":31,"column":7}}},"3":{"name":"(anonymous_3)","decl":{"start":{"line":32,"column":13},"end":{"line":32,"column":14}},"loc":{"start":{"line":32,"column":21},"end":{"line":37,"column":7}}}},"branchMap":{"0":{"loc":{"start":{"line":23,"column":8},"end":{"line":26,"column":null}},"type":"if","locations":[{"start":{"line":23,"column":8},"end":{"line":26,"column":null}}]}},"s":{"0":0,"1":0,"2":0,"3":0,"4":0,"5":0,"6":0,"7":0,"8":0,"9":0,"10":0,"11":0,"12":0,"13":0,"14":0,"15":0,"16":0,"17":0,"18":0},"f":{"0":0,"1":0,"2":0,"3":0},"b":{"0":[0]}}
,"/Users/eddvar/Documents/amplify-cli/packages/amplify-category-function/src/commands/function/build.ts": {"path":"/Users/eddvar/Documents/amplify-cli/packages/amplify-category-function/src/commands/function/build.ts","statementMap":{"0":{"start":{"line":2,"column":0},"end":{"line":2,"column":56}},"1":{"start":{"line":4,"column":0},"end":{"line":4,"column":47}},"2":{"start":{"line":6,"column":0},"end":{"line":6,"column":91}},"3":{"start":{"line":7,"column":0},"end":{"line":7,"column":87}},"4":{"start":{"line":8,"column":0},"end":{"line":8,"column":48}},"5":{"start":{"line":9,"column":13},"end":{"line":9,"column":28}},"6":{"start":{"line":14,"column":19},"end":{"line":42,"column":1}},"7":{"start":{"line":15,"column":23},"end":{"line":15,"column":55}},"8":{"start":{"line":17,"column":4},"end":{"line":19,"column":96}},"9":{"start":{"line":20,"column":2},"end":{"line":22,"column":null}},"10":{"start":{"line":21,"column":4},"end":{"line":21,"column":11}},"11":{"start":{"line":23,"column":2},"end":{"line":41,"column":null}},"12":{"start":{"line":24,"column":29},"end":{"line":26,"column":76}},"13":{"start":{"line":25,"column":28},"end":{"line":25,"column":42}},"14":{"start":{"line":26,"column":28},"end":{"line":26,"column":75}},"15":{"start":{"line":27,"column":4},"end":{"line":30,"column":null}},"16":{"start":{"line":28,"column":6},"end":{"line":28,"column":75}},"17":{"start":{"line":29,"column":6},"end":{"line":29,"column":47}},"18":{"start":{"line":32,"column":4},"end":{"line":32,"column":34}},"19":{"start":{"line":33,"column":4},"end":{"line":33,"column":78}},"20":{"start":{"line":34,"column":25},"end":{"line":37,"column":null}},"21":{"start":{"line":39,"column":4},"end":{"line":39,"column":51}},"22":{"start":{"line":40,"column":4},"end":{"line":40,"column":25}},"23":{"start":{"line":14,"column":13},"end":{"line":14,"column":19}},"24":{"start":{"line":44,"column":29},"end":{"line":46,"column":1}},"25":{"start":{"line":45,"column":2},"end":{"line":45,"column":116}}},"fnMap":{"0":{"name":"(anonymous_0)","decl":{"start":{"line":14,"column":19},"end":{"line":14,"column":24}},"loc":{"start":{"line":14,"column":49},"end":{"line":42,"column":1}}},"1":{"name":"(anonymous_1)","decl":{"start":{"line":25,"column":14},"end":{"line":25,"column":15}},"loc":{"start":{"line":25,"column":28},"end":{"line":25,"column":42}}},"2":{"name":"(anonymous_2)","decl":{"start":{"line":26,"column":14},"end":{"line":26,"column":15}},"loc":{"start":{"line":26,"column":28},"end":{"line":26,"column":75}}},"3":{"name":"(anonymous_3)","decl":{"start":{"line":44,"column":29},"end":{"line":44,"column":34}},"loc":{"start":{"line":44,"column":82},"end":{"line":46,"column":1}}}},"branchMap":{"0":{"loc":{"start":{"line":15,"column":23},"end":{"line":15,"column":55}},"type":"cond-expr","locations":[{"start":{"line":15,"column":50},"end":{"line":15,"column":53}},{"start":{"line":15,"column":50},"end":{"line":15,"column":55}}]},"1":{"loc":{"start":{"line":15,"column":23},"end":{"line":15,"column":53}},"type":"binary-expr","locations":[{"start":{"line":15,"column":23},"end":{"line":15,"column":53}},{"start":{"line":15,"column":50},"end":{"line":15,"column":53}}]},"2":{"loc":{"start":{"line":15,"column":23},"end":{"line":15,"column":50}},"type":"cond-expr","locations":[{"start":{"line":15,"column":37},"end":{"line":15,"column":39}},{"start":{"line":15,"column":37},"end":{"line":15,"column":50}}]},"3":{"loc":{"start":{"line":15,"column":23},"end":{"line":15,"column":39}},"type":"binary-expr","locations":[{"start":{"line":15,"column":23},"end":{"line":15,"column":39}},{"start":{"line":15,"column":37},"end":{"line":15,"column":39}}]},"4":{"loc":{"start":{"line":15,"column":23},"end":{"line":15,"column":37}},"type":"cond-expr","locations":[{"start":{"line":15,"column":30},"end":{"line":15,"column":32}},{"start":{"line":15,"column":23},"end":{"line":15,"column":37}}]},"5":{"loc":{"start":{"line":15,"column":23},"end":{"line":15,"column":32}},"type":"binary-expr","locations":[{"start":{"line":15,"column":23},"end":{"line":15,"column":32}},{"start":{"line":15,"column":23},"end":{"line":15,"column":32}}]},"6":{"loc":{"start":{"line":17,"column":4},"end":{"line":19,"column":96}},"type":"binary-expr","locations":[{"start":{"line":17,"column":4},"end":{"line":17,"column":18}},{"start":{"line":18,"column":4},"end":{"line":18,"column":31}},{"start":{"line":19,"column":5},"end":{"line":19,"column":95}}]},"7":{"loc":{"start":{"line":18,"column":4},"end":{"line":18,"column":31}},"type":"cond-expr","locations":[{"start":{"line":18,"column":26},"end":{"line":18,"column":28}},{"start":{"line":18,"column":26},"end":{"line":18,"column":31}}]},"8":{"loc":{"start":{"line":18,"column":4},"end":{"line":18,"column":28}},"type":"binary-expr","locations":[{"start":{"line":18,"column":4},"end":{"line":18,"column":28}},{"start":{"line":18,"column":26},"end":{"line":18,"column":28}}]},"9":{"loc":{"start":{"line":18,"column":4},"end":{"line":18,"column":26}},"type":"cond-expr","locations":[{"start":{"line":18,"column":17},"end":{"line":18,"column":19}},{"start":{"line":18,"column":17},"end":{"line":18,"column":26}}]},"10":{"loc":{"start":{"line":18,"column":4},"end":{"line":18,"column":19}},"type":"binary-expr","locations":[{"start":{"line":18,"column":4},"end":{"line":18,"column":19}},{"start":{"line":18,"column":17},"end":{"line":18,"column":19}}]},"11":{"loc":{"start":{"line":20,"column":2},"end":{"line":22,"column":null}},"type":"if","locations":[{"start":{"line":20,"column":2},"end":{"line":22,"column":null}}]}},"s":{"0":0,"1":0,"2":0,"3":0,"4":0,"5":0,"6":0,"7":0,"8":0,"9":0,"10":0,"11":0,"12":0,"13":0,"14":0,"15":0,"16":0,"17":0,"18":0,"19":0,"20":0,"21":0,"22":0,"23":0,"24":0,"25":0},"f":{"0":0,"1":0,"2":0,"3":0},"b":{"0":[0,0],"1":[0,0],"2":[0,0],"3":[0,0],"4":[0,0],"5":[0,0],"6":[0,0,0],"7":[0,0],"8":[0,0],"9":[0,0],"10":[0,0],"11":[0]}}
,"/Users/eddvar/Documents/amplify-cli/packages/amplify-category-function/src/commands/function/console.ts": {"path":"/Users/eddvar/Documents/amplify-cli/packages/amplify-category-function/src/commands/function/console.ts","statementMap":{"0":{"start":{"line":1,"column":0},"end":{"line":1,"column":96}},"1":{"start":{"line":2,"column":0},"end":{"line":2,"column":47}},"2":{"start":{"line":4,"column":13},"end":{"line":4,"column":30}},"3":{"start":{"line":6,"column":19},"end":{"line":16,"column":1}},"4":{"start":{"line":7,"column":22},"end":{"line":7,"column":29}},"5":{"start":{"line":8,"column":2},"end":{"line":15,"column":5}},"6":{"start":{"line":9,"column":31},"end":{"line":9,"column":82}},"7":{"start":{"line":10,"column":4},"end":{"line":13,"column":null}},"8":{"start":{"line":11,"column":6},"end":{"line":11,"column":71}},"9":{"start":{"line":12,"column":6},"end":{"line":12,"column":13}},"10":{"start":{"line":14,"column":4},"end":{"line":14,"column":66}},"11":{"start":{"line":6,"column":13},"end":{"line":6,"column":19}}},"fnMap":{"0":{"name":"(anonymous_0)","decl":{"start":{"line":6,"column":19},"end":{"line":6,"column":24}},"loc":{"start":{"line":6,"column":37},"end":{"line":16,"column":1}}},"1":{"name":"(anonymous_1)","decl":{"start":{"line":8,"column":86},"end":{"line":8,"column":91}},"loc":{"start":{"line":8,"column":103},"end":{"line":15,"column":3}}}},"branchMap":{"0":{"loc":{"start":{"line":10,"column":4},"end":{"line":13,"column":null}},"type":"if","locations":[{"start":{"line":10,"column":4},"end":{"line":13,"column":null}}]}},"s":{"0":1,"1":1,"2":1,"3":1,"4":1,"5":1,"6":1,"7":1,"8":0,"9":0,"10":1,"11":1},"f":{"0":1,"1":1},"b":{"0":[0]}}
,"/Users/eddvar/Documents/amplify-cli/packages/amplify-category-function/src/commands/function/help.ts": {"path":"/Users/eddvar/Documents/amplify-cli/packages/amplify-category-function/src/commands/function/help.ts","statementMap":{"0":{"start":{"line":1,"column":0},"end":{"line":1,"column":69}},"1":{"start":{"line":3,"column":19},"end":{"line":5,"column":1}},"2":{"start":{"line":4,"column":2},"end":{"line":4,"column":33}},"3":{"start":{"line":3,"column":13},"end":{"line":3,"column":19}}},"fnMap":{"0":{"name":"(anonymous_0)","decl":{"start":{"line":3,"column":19},"end":{"line":3,"column":20}},"loc":{"start":{"line":3,"column":43},"end":{"line":5,"column":1}}}},"branchMap":{},"s":{"0":0,"1":0,"2":0,"3":0},"f":{"0":0},"b":{}}
,"/Users/eddvar/Documents/amplify-cli/packages/amplify-category-function/src/commands/function/push.ts": {"path":"/Users/eddvar/Documents/amplify-cli/packages/amplify-category-function/src/commands/function/push.ts","statementMap":{"0":{"start":{"line":1,"column":0},"end":{"line":1,"column":47}},"1":{"start":{"line":3,"column":19},"end":{"line":3,"column":25}},"2":{"start":{"line":5,"column":0},"end":{"line":18,"column":2}},"3":{"start":{"line":8,"column":36},"end":{"line":8,"column":43}},"4":{"start":{"line":9,"column":25},"end":{"line":9,"column":41}},"5":{"start":{"line":10,"column":4},"end":{"line":10,"column":46}},"6":{"start":{"line":11,"column":4},"end":{"line":16,"column":7}},"7":{"start":{"line":12,"column":6},"end":{"line":12,"column":36}},"8":{"start":{"line":13,"column":6},"end":{"line":13,"column":82}},"9":{"start":{"line":14,"column":6},"end":{"line":14,"column":39}},"10":{"start":{"line":15,"column":6},"end":{"line":15,"column":27}}},"fnMap":{"0":{"name":"(anonymous_0)","decl":{"start":{"line":7,"column":7},"end":{"line":7,"column":12}},"loc":{"start":{"line":7,"column":25},"end":{"line":17,"column":3}}},"1":{"name":"(anonymous_1)","decl":{"start":{"line":11,"column":76},"end":{"line":11,"column":77}},"loc":{"start":{"line":11,"column":84},"end":{"line":16,"column":5}}}},"branchMap":{},"s":{"0":0,"1":0,"2":0,"3":0,"4":0,"5":0,"6":0,"7":0,"8":0,"9":0,"10":0},"f":{"0":0,"1":0},"b":{}}
,"/Users/eddvar/Documents/amplify-cli/packages/amplify-category-function/src/commands/function/remove.ts": {"path":"/Users/eddvar/Documents/amplify-cli/packages/amplify-category-function/src/commands/function/remove.ts","statementMap":{"0":{"start":{"line":2,"column":0},"end":{"line":2,"column":47}},"1":{"start":{"line":3,"column":0},"end":{"line":3,"column":null}},"2":{"start":{"line":7,"column":0},"end":{"line":7,"column":98}},"3":{"start":{"line":8,"column":0},"end":{"line":8,"column":119}},"4":{"start":{"line":9,"column":0},"end":{"line":9,"column":119}},"5":{"start":{"line":11,"column":19},"end":{"line":11,"column":27}},"6":{"start":{"line":13,"column":13},"end":{"line":13,"column":31}},"7":{"start":{"line":18,"column":19},"end":{"line":66,"column":1}},"8":{"start":{"line":19,"column":34},"end":{"line":19,"column":41}},"9":{"start":{"line":21,"column":21},"end":{"line":21,"column":37}},"10":{"start":{"line":22,"column":28},"end":{"line":22,"column":30}},"11":{"start":{"line":24,"column":19},"end":{"line":24,"column":53}},"12":{"start":{"line":26,"column":2},"end":{"line":40,"column":null}},"13":{"start":{"line":27,"column":4},"end":{"line":29,"column":6}},"14":{"start":{"line":31,"column":4},"end":{"line":31,"column":82}},"15":{"start":{"line":33,"column":4},"end":{"line":35,"column":null}},"16":{"start":{"line":34,"column":6},"end":{"line":34,"column":23}},"17":{"start":{"line":37,"column":4},"end":{"line":37,"column":39}},"18":{"start":{"line":39,"column":4},"end":{"line":39,"column":41}},"19":{"start":{"line":42,"column":19},"end":{"line":42,"column":24}},"20":{"start":{"line":44,"column":31},"end":{"line":46,"column":3}},"21":{"start":{"line":45,"column":4},"end":{"line":45,"column":66}},"22":{"start":{"line":48,"column":2},"end":{"line":65,"column":7}},"23":{"start":{"line":53,"column":6},"end":{"line":55,"column":null}},"24":{"start":{"line":54,"column":8},"end":{"line":54,"column":110}},"25":{"start":{"line":58,"column":6},"end":{"line":61,"column":null}},"26":{"start":{"line":59,"column":8},"end":{"line":59,"column":38}},"27":{"start":{"line":60,"column":8},"end":{"line":60,"column":85}},"28":{"start":{"line":63,"column":6},"end":{"line":63,"column":44}},"29":{"start":{"line":64,"column":6},"end":{"line":64,"column":27}},"30":{"start":{"line":18,"column":13},"end":{"line":18,"column":19}}},"fnMap":{"0":{"name":"(anonymous_0)","decl":{"start":{"line":18,"column":19},"end":{"line":18,"column":24}},"loc":{"start":{"line":18,"column":64},"end":{"line":66,"column":1}}},"1":{"name":"(anonymous_1)","decl":{"start":{"line":44,"column":31},"end":{"line":44,"column":36}},"loc":{"start":{"line":44,"column":73},"end":{"line":46,"column":3}}},"2":{"name":"(anonymous_2)","decl":{"start":{"line":50,"column":10},"end":{"line":50,"column":15}},"loc":{"start":{"line":50,"column":21},"end":{"line":56,"column":5}}},"3":{"name":"(anonymous_3)","decl":{"start":{"line":57,"column":11},"end":{"line":57,"column":12}},"loc":{"start":{"line":57,"column":19},"end":{"line":65,"column":5}}}},"branchMap":{"0":{"loc":{"start":{"line":26,"column":2},"end":{"line":40,"column":null}},"type":"if","locations":[{"start":{"line":26,"column":2},"end":{"line":40,"column":null}},{"start":{"line":38,"column":9},"end":{"line":40,"column":null}}]},"1":{"loc":{"start":{"line":33,"column":4},"end":{"line":35,"column":null}},"type":"if","locations":[{"start":{"line":33,"column":4},"end":{"line":35,"column":null}}]},"2":{"loc":{"start":{"line":53,"column":6},"end":{"line":55,"column":null}},"type":"if","locations":[{"start":{"line":53,"column":6},"end":{"line":55,"column":null}}]},"3":{"loc":{"start":{"line":53,"column":10},"end":{"line":53,"column":55}},"type":"binary-expr","locations":[{"start":{"line":53,"column":10},"end":{"line":53,"column":41}},{"start":{"line":53,"column":45},"end":{"line":53,"column":55}}]},"4":{"loc":{"start":{"line":58,"column":6},"end":{"line":61,"column":null}},"type":"if","locations":[{"start":{"line":58,"column":6},"end":{"line":61,"column":null}}]}},"s":{"0":0,"1":0,"2":0,"3":0,"4":0,"5":0,"6":0,"7":0,"8":0,"9":0,"10":0,"11":0,"12":0,"13":0,"14":0,"15":0,"16":0,"17":0,"18":0,"19":0,"20":0,"21":0,"22":0,"23":0,"24":0,"25":0,"26":0,"27":0,"28":0,"29":0,"30":0},"f":{"0":0,"1":0,"2":0,"3":0},"b":{"0":[0,0],"1":[0],"2":[0],"3":[0,0],"4":[0]}}
,"/Users/eddvar/Documents/amplify-cli/packages/amplify-category-function/src/commands/function/update.ts": {"path":"/Users/eddvar/Documents/amplify-cli/packages/amplify-category-function/src/commands/function/update.ts","statementMap":{"0":{"start":{"line":1,"column":0},"end":{"line":1,"column":76}},"1":{"start":{"line":2,"column":0},"end":{"line":2,"column":100}},"2":{"start":{"line":3,"column":0},"end":{"line":3,"column":47}},"3":{"start":{"line":4,"column":0},"end":{"line":4,"column":115}},"4":{"start":{"line":6,"column":19},"end":{"line":6,"column":27}},"5":{"start":{"line":8,"column":0},"end":{"line":32,"column":2}},"6":{"start":{"line":12,"column":29},"end":{"line":12,"column":46}},"7":{"start":{"line":13,"column":4},"end":{"line":30,"column":9}},"8":{"start":{"line":15,"column":35},"end":{"line":15,"column":86}},"9":{"start":{"line":16,"column":8},"end":{"line":19,"column":null}},"10":{"start":{"line":17,"column":10},"end":{"line":17,"column":75}},"11":{"start":{"line":18,"column":10},"end":{"line":18,"column":27}},"12":{"start":{"line":20,"column":8},"end":{"line":20,"column":88}},"13":{"start":{"line":23,"column":8},"end":{"line":23,"column":31}},"14":{"start":{"line":26,"column":8},"end":{"line":26,"column":38}},"15":{"start":{"line":27,"column":8},"end":{"line":27,"column":79}},"16":{"start":{"line":28,"column":8},"end":{"line":28,"column":41}},"17":{"start":{"line":29,"column":8},"end":{"line":29,"column":29}}},"fnMap":{"0":{"name":"(anonymous_0)","decl":{"start":{"line":11,"column":7},"end":{"line":11,"column":12}},"loc":{"start":{"line":11,"column":25},"end":{"line":31,"column":3}}},"1":{"name":"(anonymous_1)","decl":{"start":{"line":14,"column":12},"end":{"line":14,"column":13}},"loc":{"start":{"line":14,"column":23},"end":{"line":21,"column":7}}},"2":{"name":"(anonymous_2)","decl":{"start":{"line":22,"column":12},"end":{"line":22,"column":15}},"loc":{"start":{"line":22,"column":17},"end":{"line":24,"column":7}}},"3":{"name":"(anonymous_3)","decl":{"start":{"line":25,"column":13},"end":{"line":25,"column":14}},"loc":{"start":{"line":25,"column":21},"end":{"line":30,"column":7}}}},"branchMap":{"0":{"loc":{"start":{"line":16,"column":8},"end":{"line":19,"column":null}},"type":"if","locations":[{"start":{"line":16,"column":8},"end":{"line":19,"column":null}}]}},"s":{"0":0,"1":0,"2":0,"3":0,"4":0,"5":0,"6":0,"7":0,"8":0,"9":0,"10":0,"11":0,"12":0,"13":0,"14":0,"15":0,"16":0,"17":0},"f":{"0":0,"1":0,"2":0,"3":0},"b":{"0":[0]}}
,"/Users/eddvar/Documents/amplify-cli/packages/amplify-category-function/src/events/postEnvRemoveHandler.ts": {"path":"/Users/eddvar/Documents/amplify-cli/packages/amplify-category-function/src/events/postEnvRemoveHandler.ts","statementMap":{"0":{"start":{"line":1,"column":0},"end":{"line":1,"column":55}},"1":{"start":{"line":3,"column":0},"end":{"line":3,"column":118}},"2":{"start":{"line":5,"column":36},"end":{"line":16,"column":1}},"3":{"start":{"line":6,"column":2},"end":{"line":15,"column":null}},"4":{"start":{"line":7,"column":4},"end":{"line":7,"column":48}},"5":{"start":{"line":12,"column":4},"end":{"line":12,"column":75}},"6":{"start":{"line":13,"column":4},"end":{"line":13,"column":76}},"7":{"start":{"line":14,"column":4},"end":{"line":14,"column":23}},"8":{"start":{"line":5,"column":13},"end":{"line":5,"column":36}},"9":{"start":{"line":18,"column":28},"end":{"line":19,"column":95}},"10":{"start":{"line":19,"column":2},"end":{"line":19,"column":95}}},"fnMap":{"0":{"name":"(anonymous_0)","decl":{"start":{"line":5,"column":36},"end":{"line":5,"column":41}},"loc":{"start":{"line":5,"column":83},"end":{"line":16,"column":1}}},"1":{"name":"(anonymous_1)","decl":{"start":{"line":18,"column":28},"end":{"line":18,"column":33}},"loc":{"start":{"line":19,"column":2},"end":{"line":19,"column":95}}}},"branchMap":{},"s":{"0":2,"1":2,"2":2,"3":0,"4":0,"5":0,"6":0,"7":0,"8":2,"9":2,"10":0},"f":{"0":0,"1":0},"b":{}}
,"/Users/eddvar/Documents/amplify-cli/packages/amplify-category-function/src/events/postPushHandler.ts": {"path":"/Users/eddvar/Documents/amplify-cli/packages/amplify-category-function/src/events/postPushHandler.ts","statementMap":{"0":{"start":{"line":2,"column":0},"end":{"line":2,"column":118}},"1":{"start":{"line":4,"column":31},"end":{"line":6,"column":1}},"2":{"start":{"line":5,"column":2},"end":{"line":5,"column":38}},"3":{"start":{"line":4,"column":13},"end":{"line":4,"column":31}},"4":{"start":{"line":8,"column":29},"end":{"line":11,"column":1}},"5":{"start":{"line":9,"column":29},"end":{"line":9,"column":83}},"6":{"start":{"line":10,"column":2},"end":{"line":10,"column":55}}},"fnMap":{"0":{"name":"(anonymous_0)","decl":{"start":{"line":4,"column":31},"end":{"line":4,"column":36}},"loc":{"start":{"line":4,"column":61},"end":{"line":6,"column":1}}},"1":{"name":"(anonymous_1)","decl":{"start":{"line":8,"column":29},"end":{"line":8,"column":34}},"loc":{"start":{"line":8,"column":59},"end":{"line":11,"column":1}}}},"branchMap":{},"s":{"0":2,"1":2,"2":0,"3":2,"4":2,"5":0,"6":0},"f":{"0":0,"1":0},"b":{}}
,"/Users/eddvar/Documents/amplify-cli/packages/amplify-category-function/src/events/preExportHandler.ts": {"path":"/Users/eddvar/Documents/amplify-cli/packages/amplify-category-function/src/events/preExportHandler.ts","statementMap":{"0":{"start":{"line":1,"column":0},"end":{"line":1,"column":119}},"1":{"start":{"line":5,"column":32},"end":{"line":7,"column":1}},"2":{"start":{"line":6,"column":2},"end":{"line":6,"column":43}},"3":{"start":{"line":5,"column":13},"end":{"line":5,"column":32}}},"fnMap":{"0":{"name":"(anonymous_0)","decl":{"start":{"line":5,"column":32},"end":{"line":5,"column":37}},"loc":{"start":{"line":5,"column":58},"end":{"line":7,"column":1}}}},"branchMap":{},"s":{"0":2,"1":2,"2":0,"3":2},"f":{"0":0},"b":{}}
,"/Users/eddvar/Documents/amplify-cli/packages/amplify-category-function/src/events/prePushHandler.ts": {"path":"/Users/eddvar/Documents/amplify-cli/packages/amplify-category-function/src/events/prePushHandler.ts","statementMap":{"0":{"start":{"line":1,"column":0},"end":{"line":1,"column":60}},"1":{"start":{"line":2,"column":0},"end":{"line":2,"column":44}},"2":{"start":{"line":3,"column":0},"end":{"line":3,"column":null}},"3":{"start":{"line":8,"column":0},"end":{"line":8,"column":119}},"4":{"start":{"line":9,"column":0},"end":{"line":9,"column":119}},"5":{"start":{"line":13,"column":30},"end":{"line":17,"column":1}},"6":{"start":{"line":14,"column":2},"end":{"line":14,"column":49}},"7":{"start":{"line":15,"column":2},"end":{"line":15,"column":39}},"8":{"start":{"line":16,"column":2},"end":{"line":16,"column":43}},"9":{"start":{"line":13,"column":13},"end":{"line":13,"column":30}},"10":{"start":{"line":19,"column":30},"end":{"line":29,"column":1}},"11":{"start":{"line":20,"column":24},"end":{"line":20,"column":55}},"12":{"start":{"line":21,"column":24},"end":{"line":21,"column":72}},"13":{"start":{"line":22,"column":2},"end":{"line":27,"column":null}},"14":{"start":{"line":23,"column":4},"end":{"line":26,"column":null}},"15":{"start":{"line":24,"column":33},"end":{"line":24,"column":87}},"16":{"start":{"line":25,"column":6},"end":{"line":25,"column":76}},"17":{"start":{"line":28,"column":2},"end":{"line":28,"column":59}}},"fnMap":{"0":{"name":"(anonymous_0)","decl":{"start":{"line":13,"column":30},"end":{"line":13,"column":35}},"loc":{"start":{"line":13,"column":75},"end":{"line":17,"column":1}}},"1":{"name":"(anonymous_1)","decl":{"start":{"line":19,"column":30},"end":{"line":19,"column":35}},"loc":{"start":{"line":19,"column":75},"end":{"line":29,"column":1}}}},"branchMap":{"0":{"loc":{"start":{"line":21,"column":36},"end":{"line":21,"column":71}},"type":"binary-expr","locations":[{"start":{"line":21,"column":36},"end":{"line":21,"column":65}},{"start":{"line":21,"column":69},"end":{"line":21,"column":71}}]},"1":{"loc":{"start":{"line":21,"column":36},"end":{"line":21,"column":65}},"type":"cond-expr","locations":[{"start":{"line":21,"column":49},"end":{"line":21,"column":52}},{"start":{"line":21,"column":36},"end":{"line":21,"column":65}}]},"2":{"loc":{"start":{"line":21,"column":36},"end":{"line":21,"column":52}},"type":"binary-expr","locations":[{"start":{"line":21,"column":36},"end":{"line":21,"column":52}},{"start":{"line":21,"column":36},"end":{"line":21,"column":52}}]},"3":{"loc":{"start":{"line":23,"column":4},"end":{"line":26,"column":null}},"type":"if","locations":[{"start":{"line":23,"column":4},"end":{"line":26,"column":null}}]}},"s":{"0":2,"1":2,"2":2,"3":2,"4":2,"5":2,"6":0,"7":0,"8":0,"9":2,"10":2,"11":0,"12":0,"13":0,"14":0,"15":0,"16":0,"17":0},"f":{"0":0,"1":0},"b":{"0":[0,0],"1":[0,0],"2":[0,0],"3":[0]}}
,"/Users/eddvar/Documents/amplify-cli/packages/amplify-category-function/src/provider-utils/supported-services.ts": {"path":"/Users/eddvar/Documents/amplify-cli/packages/amplify-category-function/src/provider-utils/supported-services.ts","statementMap":{"0":{"start":{"line":1,"column":0},"end":{"line":1,"column":124}},"1":{"start":{"line":2,"column":0},"end":{"line":2,"column":129}},"2":{"start":{"line":3,"column":0},"end":{"line":3,"column":56}},"3":{"start":{"line":5,"column":0},"end":{"line":5,"column":81}},"4":{"start":{"line":6,"column":0},"end":{"line":6,"column":118}},"5":{"start":{"line":8,"column":13},"end":{"line":31,"column":2}}},"fnMap":{},"branchMap":{},"s":{"0":2,"1":2,"2":2,"3":2,"4":2,"5":2},"f":{},"b":{}}
,"/Users/eddvar/Documents/amplify-cli/packages/amplify-category-function/src/provider-utils/awscloudformation/index.ts": {"path":"/Users/eddvar/Documents/amplify-cli/packages/amplify-category-function/src/provider-utils/awscloudformation/index.ts","statementMap":{"0":{"start":{"line":1,"column":0},"end":{"line":1,"column":null}},"1":{"start":{"line":18,"column":0},"end":{"line":18,"column":31}},"2":{"start":{"line":19,"column":0},"end":{"line":19,"column":23}},"3":{"start":{"line":20,"column":0},"end":{"line":20,"column":29}},"4":{"start":{"line":22,"column":0},"end":{"line":22,"column":47}},"5":{"start":{"line":23,"column":0},"end":{"line":23,"column":58}},"6":{"start":{"line":25,"column":0},"end":{"line":25,"column":99}},"7":{"start":{"line":26,"column":0},"end":{"line":26,"column":120}},"8":{"start":{"line":27,"column":0},"end":{"line":27,"column":79}},"9":{"start":{"line":28,"column":0},"end":{"line":28,"column":69}},"10":{"start":{"line":29,"column":0},"end":{"line":29,"column":55}},"11":{"start":{"line":31,"column":0},"end":{"line":31,"column":null}},"12":{"start":{"line":38,"column":0},"end":{"line":38,"column":67}},"13":{"start":{"line":56,"column":92},"end":{"line":56,"column":118}},"14":{"start":{"line":57,"column":26},"end":{"line":57,"column":117}},"15":{"start":{"line":58,"column":2},"end":{"line":60,"column":null}},"16":{"start":{"line":59,"column":4},"end":{"line":59,"column":26}},"17":{"start":{"line":61,"column":2},"end":{"line":68,"column":null}},"18":{"start":{"line":63,"column":6},"end":{"line":63,"column":125}},"19":{"start":{"line":65,"column":6},"end":{"line":65,"column":128}},"20":{"start":{"line":67,"column":6},"end":{"line":67,"column":28}},"21":{"start":{"line":48,"column":0},"end":{"line":48,"column":7}},"22":{"start":{"line":80,"column":2},"end":{"line":117,"column":null}},"23":{"start":{"line":82,"column":50},"end":{"line":88,"column":6}},"24":{"start":{"line":91,"column":4},"end":{"line":91,"column":47}},"25":{"start":{"line":94,"column":4},"end":{"line":94,"column":93}},"26":{"start":{"line":97,"column":4},"end":{"line":106,"column":7}},"27":{"start":{"line":109,"column":4},"end":{"line":109,"column":57}},"28":{"start":{"line":113,"column":4},"end":{"line":113,"column":76}},"29":{"start":{"line":114,"column":4},"end":{"line":114,"column":51}},"30":{"start":{"line":116,"column":4},"end":{"line":116,"column":32}},"31":{"start":{"line":119,"column":2},"end":{"line":119,"column":57}},"32":{"start":{"line":121,"column":2},"end":{"line":121,"column":73}},"33":{"start":{"line":123,"column":2},"end":{"line":125,"column":null}},"34":{"start":{"line":124,"column":4},"end":{"line":124,"column":102}},"35":{"start":{"line":127,"column":2},"end":{"line":129,"column":null}},"36":{"start":{"line":128,"column":4},"end":{"line":128,"column":39}},"37":{"start":{"line":130,"column":20},"end":{"line":130,"column":27}},"38":{"start":{"line":132,"column":29},"end":{"line":132,"column":101}},"39":{"start":{"line":134,"column":2},"end":{"line":134,"column":87}},"40":{"start":{"line":135,"column":2},"end":{"line":135,"column":17}},"41":{"start":{"line":136,"column":2},"end":{"line":136,"column":31}},"42":{"start":{"line":137,"column":2},"end":{"line":137,"column":134}},"43":{"start":{"line":138,"column":2},"end":{"line":138,"column":95}},"44":{"start":{"line":139,"column":2},"end":{"line":139,"column":82}},"45":{"start":{"line":140,"column":2},"end":{"line":140,"column":100}},"46":{"start":{"line":141,"column":2},"end":{"line":141,"column":107}},"47":{"start":{"line":142,"column":2},"end":{"line":144,"column":4}},"48":{"start":{"line":146,"column":2},"end":{"line":146,"column":37}},"49":{"start":{"line":71,"column":0},"end":{"line":71,"column":7}},"50":{"start":{"line":155,"column":2},"end":{"line":159,"column":4}},"51":{"start":{"line":161,"column":26},"end":{"line":161,"column":97}},"52":{"start":{"line":163,"column":2},"end":{"line":163,"column":48}},"53":{"start":{"line":164,"column":2},"end":{"line":164,"column":64}},"54":{"start":{"line":165,"column":2},"end":{"line":165,"column":34}},"55":{"start":{"line":149,"column":0},"end":{"line":149,"column":7}},"56":{"start":{"line":176,"column":92},"end":{"line":176,"column":118}},"57":{"start":{"line":177,"column":26},"end":{"line":177,"column":117}},"58":{"start":{"line":178,"column":2},"end":{"line":180,"column":null}},"59":{"start":{"line":179,"column":4},"end":{"line":179,"column":26}},"60":{"start":{"line":181,"column":2},"end":{"line":188,"column":null}},"61":{"start":{"line":183,"column":6},"end":{"line":183,"column":94}},"62":{"start":{"line":185,"column":6},"end":{"line":185,"column":131}},"63":{"start":{"line":187,"column":6},"end":{"line":187,"column":28}},"64":{"start":{"line":168,"column":0},"end":{"line":168,"column":7}},"65":{"start":{"line":198,"column":59},"end":{"line":198,"column":122}},"66":{"start":{"line":199,"column":2},"end":{"line":201,"column":null}},"67":{"start":{"line":200,"column":4},"end":{"line":200,"column":91}},"68":{"start":{"line":203,"column":2},"end":{"line":228,"column":null}},"69":{"start":{"line":204,"column":31},"end":{"line":204,"column":133}},"70":{"start":{"line":207,"column":4},"end":{"line":217,"column":null}},"71":{"start":{"line":208,"column":6},"end":{"line":208,"column":70}},"72":{"start":{"line":210,"column":6},"end":{"line":216,"column":null}},"73":{"start":{"line":211,"column":8},"end":{"line":211,"column":66}},"74":{"start":{"line":213,"column":8},"end":{"line":215,"column":null}},"75":{"start":{"line":214,"column":10},"end":{"line":214,"column":85}},"76":{"start":{"line":219,"column":4},"end":{"line":219,"column":48}},"77":{"start":{"line":220,"column":4},"end":{"line":220,"column":34}},"78":{"start":{"line":222,"column":4},"end":{"line":222,"column":107}},"79":{"start":{"line":223,"column":4},"end":{"line":225,"column":null}},"80":{"start":{"line":224,"column":6},"end":{"line":224,"column":129}},"81":{"start":{"line":226,"column":4},"end":{"line":226,"column":48}},"82":{"start":{"line":227,"column":4},"end":{"line":227,"column":34}},"83":{"start":{"line":230,"column":2},"end":{"line":234,"column":null}},"84":{"start":{"line":231,"column":23},"end":{"line":231,"column":93}},"85":{"start":{"line":232,"column":24},"end":{"line":232,"column":85}},"86":{"start":{"line":233,"column":4},"end":{"line":233,"column":138}},"87":{"start":{"line":236,"column":2},"end":{"line":236,"column":33}},"88":{"start":{"line":191,"column":0},"end":{"line":191,"column":7}},"89":{"start":{"line":245,"column":2},"end":{"line":247,"column":null}},"90":{"start":{"line":246,"column":4},"end":{"line":246,"column":102}},"91":{"start":{"line":249,"column":2},"end":{"line":256,"column":null}},"92":{"start":{"line":250,"column":4},"end":{"line":250,"column":20}},"93":{"start":{"line":251,"column":4},"end":{"line":255,"column":6}},"94":{"start":{"line":258,"column":35},"end":{"line":258,"column":117}},"95":{"start":{"line":263,"column":2},"end":{"line":265,"column":null}},"96":{"start":{"line":264,"column":4},"end":{"line":264,"column":11}},"97":{"start":{"line":268,"column":2},"end":{"line":271,"column":5}},"98":{"start":{"line":273,"column":2},"end":{"line":273,"column":84}},"99":{"start":{"line":239,"column":0},"end":{"line":239,"column":7}},"100":{"start":{"line":277,"column":20},"end":{"line":277,"column":27}},"101":{"start":{"line":278,"column":24},"end":{"line":278,"column":34}},"102":{"start":{"line":279,"column":26},"end":{"line":279,"column":120}},"103":{"start":{"line":280,"column":2},"end":{"line":280,"column":58}},"104":{"start":{"line":281,"column":2},"end":{"line":281,"column":30}},"105":{"start":{"line":282,"column":2},"end":{"line":282,"column":17}},"106":{"start":{"line":283,"column":2},"end":{"line":283,"column":31}},"107":{"start":{"line":285,"column":2},"end":{"line":292,"column":null}},"108":{"start":{"line":286,"column":4},"end":{"line":286,"column":63}},"109":{"start":{"line":287,"column":4},"end":{"line":290,"column":null}},"110":{"start":{"line":288,"column":26},"end":{"line":288,"column":88}},"111":{"start":{"line":289,"column":6},"end":{"line":289,"column":54}},"112":{"start":{"line":291,"column":4},"end":{"line":291,"column":19}},"113":{"start":{"line":294,"column":2},"end":{"line":294,"column":84}},"114":{"start":{"line":295,"column":2},"end":{"line":295,"column":48}},"115":{"start":{"line":296,"column":2},"end":{"line":296,"column":17}},"116":{"start":{"line":297,"column":2},"end":{"line":297,"column":104}},"117":{"start":{"line":298,"column":2},"end":{"line":298,"column":109}},"118":{"start":{"line":309,"column":20},"end":{"line":309,"column":51}},"119":{"start":{"line":310,"column":2},"end":{"line":326,"column":null}},"120":{"start":{"line":311,"column":21},"end":{"line":311,"column":23}},"121":{"start":{"line":314,"column":4},"end":{"line":321,"column":null}},"122":{"start":{"line":315,"column":6},"end":{"line":320,"column":null}},"123":{"start":{"line":316,"column":8},"end":{"line":316,"column":48}},"124":{"start":{"line":317,"column":13},"end":{"line":320,"column":null}},"125":{"start":{"line":318,"column":24},"end":{"line":318,"column":47}},"126":{"start":{"line":319,"column":8},"end":{"line":319,"column":68}},"127":{"start":{"line":324,"column":19},"end":{"line":324,"column":75}},"128":{"start":{"line":325,"column":4},"end":{"line":325,"column":54}},"129":{"start":{"line":330,"column":2},"end":{"line":332,"column":null}},"130":{"start":{"line":331,"column":4},"end":{"line":331,"column":93}},"131":{"start":{"line":334,"column":59},"end":{"line":334,"column":85}},"132":{"start":{"line":336,"column":2},"end":{"line":339,"column":null}},"133":{"start":{"line":337,"column":4},"end":{"line":337,"column":68}},"134":{"start":{"line":338,"column":4},"end":{"line":338,"column":21}},"135":{"start":{"line":341,"column":2},"end":{"line":341,"column":80}},"136":{"start":{"line":329,"column":0},"end":{"line":329,"column":16}},"137":{"start":{"line":345,"column":2},"end":{"line":347,"column":null}},"138":{"start":{"line":346,"column":4},"end":{"line":346,"column":93}},"139":{"start":{"line":349,"column":59},"end":{"line":349,"column":85}},"140":{"start":{"line":351,"column":2},"end":{"line":354,"column":null}},"141":{"start":{"line":352,"column":4},"end":{"line":352,"column":64}},"142":{"start":{"line":353,"column":4},"end":{"line":353,"column":21}},"143":{"start":{"line":356,"column":2},"end":{"line":356,"column":78}},"144":{"start":{"line":344,"column":0},"end":{"line":344,"column":16}},"145":{"start":{"line":360,"column":2},"end":{"line":360,"column":41}},"146":{"start":{"line":364,"column":31},"end":{"line":364,"column":46}},"147":{"start":{"line":365,"column":2},"end":{"line":367,"column":9}},"148":{"start":{"line":366,"column":50},"end":{"line":366,"column":81}},"149":{"start":{"line":371,"column":2},"end":{"line":428,"column":null}},"150":{"start":{"line":372,"column":63},"end":{"line":372,"column":89}},"151":{"start":{"line":373,"column":27},"end":{"line":373,"column":95}},"152":{"start":{"line":374,"column":35},"end":{"line":374,"column":133}},"153":{"start":{"line":375,"column":33},"end":{"line":375,"column":35}},"154":{"start":{"line":376,"column":37},"end":{"line":376,"column":74}},"155":{"start":{"line":377,"column":4},"end":{"line":379,"column":null}},"156":{"start":{"line":378,"column":6},"end":{"line":378,"column":70}},"157":{"start":{"line":380,"column":20},"end":{"line":380,"column":22}},"158":{"start":{"line":383,"column":4},"end":{"line":386,"column":null}},"159":{"start":{"line":384,"column":29},"end":{"line":384,"column":69}},"160":{"start":{"line":385,"column":6},"end":{"line":385,"column":28}},"161":{"start":{"line":388,"column":4},"end":{"line":390,"column":null}},"162":{"start":{"line":389,"column":6},"end":{"line":389,"column":109}},"163":{"start":{"line":392,"column":4},"end":{"line":399,"column":null}},"164":{"start":{"line":393,"column":22},"end":{"line":393,"column":58}},"165":{"start":{"line":394,"column":50},"end":{"line":394,"column":52}},"166":{"start":{"line":395,"column":6},"end":{"line":395,"column":111}},"167":{"start":{"line":396,"column":6},"end":{"line":396,"column":111}},"168":{"start":{"line":397,"column":6},"end":{"line":397,"column":57}},"169":{"start":{"line":398,"column":6},"end":{"line":398,"column":70}},"170":{"start":{"line":401,"column":4},"end":{"line":401,"column":21}},"171":{"start":{"line":402,"column":9},"end":{"line":428,"column":null}},"172":{"start":{"line":403,"column":24},"end":{"line":403,"column":53}},"173":{"start":{"line":404,"column":31},"end":{"line":404,"column":71}},"174":{"start":{"line":405,"column":24},"end":{"line":405,"column":57}},"175":{"start":{"line":406,"column":44},"end":{"line":406,"column":123}},"176":{"start":{"line":407,"column":4},"end":{"line":409,"column":null}},"177":{"start":{"line":408,"column":6},"end":{"line":408,"column":97}},"178":{"start":{"line":413,"column":4},"end":{"line":427,"column":null}},"179":{"start":{"line":415,"column":8},"end":{"line":415,"column":135}},"180":{"start":{"line":416,"column":6},"end":{"line":420,"column":null}},"181":{"start":{"line":417,"column":38},"end":{"line":417,"column":75}},"182":{"start":{"line":418,"column":8},"end":{"line":418,"column":78}},"183":{"start":{"line":419,"column":8},"end":{"line":419,"column":111}},"184":{"start":{"line":422,"column":37},"end":{"line":422,"column":115}},"185":{"start":{"line":423,"column":50},"end":{"line":423,"column":123}},"186":{"start":{"line":424,"column":6},"end":{"line":426,"column":null}},"187":{"start":{"line":425,"column":8},"end":{"line":425,"column":132}},"188":{"start":{"line":429,"column":2},"end":{"line":429,"column":19}},"189":{"start":{"line":370,"column":0},"end":{"line":370,"column":7}},"190":{"start":{"line":433,"column":2},"end":{"line":462,"column":null}},"191":{"start":{"line":434,"column":33},"end":{"line":434,"column":138}},"192":{"start":{"line":436,"column":6},"end":{"line":436,"column":131}},"193":{"start":{"line":437,"column":27},"end":{"line":437,"column":101}},"194":{"start":{"line":438,"column":4},"end":{"line":461,"column":null}},"195":{"start":{"line":439,"column":34},"end":{"line":439,"column":127}},"196":{"start":{"line":440,"column":29},"end":{"line":440,"column":103}},"197":{"start":{"line":441,"column":26},"end":{"line":446,"column":null}},"198":{"start":{"line":448,"column":27},"end":{"line":448,"column":58}},"199":{"start":{"line":450,"column":6},"end":{"line":460,"column":null}},"200":{"start":{"line":451,"column":8},"end":{"line":457,"column":10}},"201":{"start":{"line":459,"column":8},"end":{"line":459,"column":40}},"202":{"start":{"line":463,"column":2},"end":{"line":463,"column":19}},"203":{"start":{"line":467,"column":22},"end":{"line":467,"column":44}},"204":{"start":{"line":468,"column":17},"end":{"line":468,"column":55}},"205":{"start":{"line":469,"column":20},"end":{"line":469,"column":83}},"206":{"start":{"line":470,"column":14},"end":{"line":470,"column":99}},"207":{"start":{"line":471,"column":2},"end":{"line":471,"column":35}},"208":{"start":{"line":466,"column":0},"end":{"line":466,"column":7}},"209":{"start":{"line":475,"column":2},"end":{"line":478,"column":4}},"210":{"start":{"line":474,"column":0},"end":{"line":474,"col
[...]
lumn":4},"end":{"line":14,"column":104}},"7":{"start":{"line":17,"column":2},"end":{"line":19,"column":null}},"8":{"start":{"line":18,"column":4},"end":{"line":18,"column":96}},"9":{"start":{"line":20,"column":2},"end":{"line":20,"column":16}},"10":{"start":{"line":11,"column":13},"end":{"line":11,"column":37}},"11":{"start":{"line":26,"column":19},"end":{"line":26,"column":69}},"12":{"start":{"line":27,"column":19},"end":{"line":27,"column":35}},"13":{"start":{"line":28,"column":19},"end":{"line":28,"column":32}},"14":{"start":{"line":33,"column":4},"end":{"line":33,"column":86}},"15":{"start":{"line":34,"column":4},"end":{"line":34,"column":87}},"16":{"start":{"line":38,"column":4},"end":{"line":38,"column":62}},"17":{"start":{"line":42,"column":4},"end":{"line":44,"column":null}},"18":{"start":{"line":43,"column":6},"end":{"line":43,"column":26}},"19":{"start":{"line":46,"column":19},"end":{"line":46,"column":73}},"20":{"start":{"line":47,"column":19},"end":{"line":47,"column":92}},"21":{"start":{"line":48,"column":19},"end":{"line":48,"column":125}},"22":{"start":{"line":49,"column":17},"end":{"line":49,"column":44}},"23":{"start":{"line":50,"column":22},"end":{"line":50,"column":60}},"24":{"start":{"line":51,"column":4},"end":{"line":51,"column":44}}},"fnMap":{"0":{"name":"(anonymous_0)","decl":{"start":{"line":11,"column":37},"end":{"line":11,"column":38}},"loc":{"start":{"line":11,"column":74},"end":{"line":21,"column":1}}},"1":{"name":"(anonymous_1)","decl":{"start":{"line":32,"column":2},"end":{"line":32,"column":22}},"loc":{"start":{"line":32,"column":53},"end":{"line":35,"column":3}}},"2":{"name":"(anonymous_2)","decl":{"start":{"line":37,"column":2},"end":{"line":37,"column":8}},"loc":{"start":{"line":37,"column":50},"end":{"line":39,"column":3}}},"3":{"name":"(anonymous_3)","decl":{"start":{"line":41,"column":2},"end":{"line":41,"column":10}},"loc":{"start":{"line":41,"column":31},"end":{"line":52,"column":3}}}},"branchMap":{"0":{"loc":{"start":{"line":13,"column":2},"end":{"line":15,"column":null}},"type":"if","locations":[{"start":{"line":13,"column":2},"end":{"line":15,"column":null}}]},"1":{"loc":{"start":{"line":17,"column":2},"end":{"line":19,"column":null}},"type":"if","locations":[{"start":{"line":17,"column":2},"end":{"line":19,"column":null}}]},"2":{"loc":{"start":{"line":42,"column":4},"end":{"line":44,"column":null}},"type":"if","locations":[{"start":{"line":42,"column":4},"end":{"line":44,"column":null}}]}},"s":{"0":17,"1":17,"2":17,"3":17,"4":7,"5":7,"6":4,"7":7,"8":5,"9":7,"10":17,"11":9,"12":9,"13":9,"14":9,"15":9,"16":9,"17":9,"18":2,"19":7,"20":7,"21":7,"22":7,"23":7,"24":7},"f":{"0":7,"1":9,"2":9,"3":9},"b":{"0":[4],"1":[5],"2":[2]}}
,"/Users/eddvar/Documents/amplify-cli/packages/amplify-category-function/src/provider-utils/awscloudformation/utils/updateDependentFunctionCfn.ts": {"path":"/Users/eddvar/Documents/amplify-cli/packages/amplify-category-function/src/provider-utils/awscloudformation/utils/updateDependentFunctionCfn.ts","statementMap":{"0":{"start":{"line":1,"column":0},"end":{"line":1,"column":93}},"1":{"start":{"line":3,"column":0},"end":{"line":3,"column":116}},"2":{"start":{"line":4,"column":0},"end":{"line":4,"column":97}},"3":{"start":{"line":5,"column":0},"end":{"line":5,"column":66}},"4":{"start":{"line":6,"column":0},"end":{"line":6,"column":29}},"5":{"start":{"line":7,"column":0},"end":{"line":7,"column":57}},"6":{"start":{"line":8,"column":0},"end":{"line":8,"column":50}},"7":{"start":{"line":26,"column":2},"end":{"line":84,"column":null}},"8":{"start":{"line":27,"column":28},"end":{"line":27,"column":84}},"9":{"start":{"line":28,"column":30},"end":{"line":28,"column":69}},"10":{"start":{"line":29,"column":31},"end":{"line":29,"column":60}},"11":{"start":{"line":30,"column":27},"end":{"line":30,"column":29}},"12":{"start":{"line":31,"column":24},"end":{"line":31,"column":26}},"13":{"start":{"line":32,"column":20},"end":{"line":32,"column":22}},"14":{"start":{"line":33,"column":60},"end":{"line":43,"column":6}},"15":{"start":{"line":45,"column":4},"end":{"line":67,"column":null}},"16":{"start":{"line":48,"column":32},"end":{"line":48,"column":68}},"17":{"start":{"line":49,"column":6},"end":{"line":66,"column":null}},"18":{"start":{"line":50,"column":8},"end":{"line":65,"column":null}},"19":{"start":{"line":51,"column":33},"end":{"line":51,"column":64}},"20":{"start":{"line":52,"column":55},"end":{"line":57,"column":null}},"21":{"start":{"line":59,"column":10},"end":{"line":59,"column":73}},"22":{"start":{"line":60,"column":10},"end":{"line":62,"column":null}},"23":{"start":{"line":61,"column":12},"end":{"line":61,"column":47}},"24":{"start":{"line":63,"column":10},"end":{"line":63,"column":71}},"25":{"start":{"line":64,"column":10},"end":{"line":64,"column":53}},"26":{"start":{"line":68,"column":42},"end":{"line":68,"column":98}},"27":{"start":{"line":69,"column":4},"end":{"line":69,"column":59}},"28":{"start":{"line":70,"column":4},"end":{"line":70,"column":64}},"29":{"start":{"line":71,"column":4},"end":{"line":71,"column":55}},"30":{"start":{"line":72,"column":4},"end":{"line":72,"column":45}},"31":{"start":{"line":73,"column":4},"end":{"line":73,"column":69}},"32":{"start":{"line":74,"column":4},"end":{"line":74,"column":109}},"33":{"start":{"line":76,"column":4},"end":{"line":76,"column":48}},"34":{"start":{"line":78,"column":31},"end":{"line":78,"column":85}},"35":{"start":{"line":79,"column":4},"end":{"line":79,"column":67}},"36":{"start":{"line":81,"column":4},"end":{"line":81,"column":52}},"37":{"start":{"line":83,"column":4},"end":{"line":83,"column":123}},"38":{"start":{"line":10,"column":0},"end":{"line":10,"column":7}},"39":{"start":{"line":88,"column":26},"end":{"line":88,"column":101}},"40":{"start":{"line":89,"column":22},"end":{"line":89,"column":68}},"41":{"start":{"line":90,"column":22},"end":{"line":90,"column":61}},"42":{"start":{"line":91,"column":21},"end":{"line":91,"column":64}},"43":{"start":{"line":93,"column":2},"end":{"line":104,"column":null}},"44":{"start":{"line":94,"column":4},"end":{"line":103,"column":6}},"45":{"start":{"line":105,"column":2},"end":{"line":105,"column":51}},"46":{"start":{"line":87,"column":0},"end":{"line":87,"column":16}}},"fnMap":{"0":{"name":"updateDependentFunctionsCfn","decl":{"start":{"line":10,"column":22},"end":{"line":10,"column":49}},"loc":{"start":{"line":15,"column":21},"end":{"line":85,"column":1}}},"1":{"name":"addAppSyncInvokeMethodPermission","decl":{"start":{"line":87,"column":16},"end":{"line":87,"column":48}},"loc":{"start":{"line":87,"column":69},"end":{"line":106,"column":1}}}},"branchMap":{"0":{"loc":{"start":{"line":50,"column":8},"end":{"line":65,"column":null}},"type":"if","locations":[{"start":{"line":50,"column":8},"end":{"line":65,"column":null}}]},"1":{"loc":{"start":{"line":60,"column":10},"end":{"line":62,"column":null}},"type":"if","locations":[{"start":{"line":60,"column":10},"end":{"line":62,"column":null}}]},"2":{"loc":{"start":{"line":93,"column":2},"end":{"line":104,"column":null}},"type":"if","locations":[{"start":{"line":93,"column":2},"end":{"line":104,"column":null}}]},"3":{"loc":{"start":{"line":93,"column":7},"end":{"line":93,"column":64}},"type":"cond-expr","locations":[{"start":{"line":93,"column":28},"end":{"line":93,"column":30}},{"start":{"line":93,"column":28},"end":{"line":93,"column":64}}]},"4":{"loc":{"start":{"line":93,"column":7},"end":{"line":93,"column":30}},"type":"binary-expr","locations":[{"start":{"line":93,"column":7},"end":{"line":93,"column":30}},{"start":{"line":93,"column":28},"end":{"line":93,"column":30}}]},"5":{"loc":{"start":{"line":93,"column":7},"end":{"line":93,"column":28}},"type":"cond-expr","locations":[{"start":{"line":93,"column":17},"end":{"line":93,"column":19}},{"start":{"line":93,"column":7},"end":{"line":93,"column":28}}]},"6":{"loc":{"start":{"line":93,"column":7},"end":{"line":93,"column":19}},"type":"binary-expr","locations":[{"start":{"line":93,"column":7},"end":{"line":93,"column":19}},{"start":{"line":93,"column":7},"end":{"line":93,"column":19}}]}},"s":{"0":3,"1":3,"2":3,"3":3,"4":3,"5":3,"6":3,"7":2,"8":4,"9":4,"10":4,"11":4,"12":4,"13":4,"14":4,"15":4,"16":4,"17":4,"18":8,"19":4,"20":4,"21":4,"22":4,"23":3,"24":4,"25":4,"26":4,"27":4,"28":4,"29":4,"30":4,"31":4,"32":4,"33":4,"34":4,"35":4,"36":4,"37":4,"38":3,"39":0,"40":0,"41":0,"42":0,"43":0,"44":0,"45":0,"46":3},"f":{"0":2,"1":0},"b":{"0":[4],"1":[3],"2":[0],"3":[0,0],"4":[0,0],"5":[0,0],"6":[0,0]}}
,"/Users/eddvar/Documents/amplify-cli/packages/amplify-category-function/src/provider-utils/awscloudformation/utils/updateTopLevelComment.ts": {"path":"/Users/eddvar/Documents/amplify-cli/packages/amplify-category-function/src/provider-utils/awscloudformation/utils/updateTopLevelComment.ts","statementMap":{"0":{"start":{"line":1,"column":0},"end":{"line":1,"column":26}},"1":{"start":{"line":2,"column":0},"end":{"line":2,"column":25}},"2":{"start":{"line":3,"column":0},"end":{"line":3,"column":24}},"3":{"start":{"line":4,"column":0},"end":{"line":4,"column":96}},"4":{"start":{"line":5,"column":0},"end":{"line":5,"column":23}},"5":{"start":{"line":6,"column":0},"end":{"line":6,"column":47}},"6":{"start":{"line":11,"column":40},"end":{"line":18,"column":1}},"7":{"start":{"line":12,"column":25},"end":{"line":12,"column":59}},"8":{"start":{"line":13,"column":2},"end":{"line":15,"column":null}},"9":{"start":{"line":14,"column":4},"end":{"line":14,"column":11}},"10":{"start":{"line":16,"column":21},"end":{"line":16,"column":51}},"11":{"start":{"line":17,"column":2},"end":{"line":17,"column":52}},"12":{"start":{"line":11,"column":13},"end":{"line":11,"column":40}},"13":{"start":{"line":20,"column":30},"end":{"line":20,"column":137}},"14":{"start":{"line":20,"column":53},"end":{"line":20,"column":137}},"15":{"start":{"line":22,"column":30},"end":{"line":32,"column":1}},"16":{"start":{"line":23,"column":23},"end":{"line":23,"column":138}},"17":{"start":{"line":24,"column":21},"end":{"line":24,"column":57}},"18":{"start":{"line":25,"column":25},"end":{"line":25,"column":57}},"19":{"start":{"line":26,"column":2},"end":{"line":30,"column":null}},"20":{"start":{"line":27,"column":4},"end":{"line":27,"column":45}},"21":{"start":{"line":29,"column":4},"end":{"line":29,"column":66}},"22":{"start":{"line":31,"column":2},"end":{"line":31,"column":43}},"23":{"start":{"line":34,"column":26},"end":{"line":38,"column":1}},"24":{"start":{"line":35,"column":24},"end":{"line":35,"column":67}},"25":{"start":{"line":36,"column":26},"end":{"line":36,"column":71}},"26":{"start":{"line":37,"column":2},"end":{"line":37,"column":117}},"27":{"start":{"line":40,"column":45},"end":{"line":54,"column":1}},"28":{"start":{"line":41,"column":25},"end":{"line":41,"column":114}},"29":{"start":{"line":42,"column":2},"end":{"line":44,"column":null}},"30":{"start":{"line":43,"column":4},"end":{"line":43,"column":11}},"31":{"start":{"line":45,"column":24},"end":{"line":45,"column":88}},"32":{"start":{"line":46,"column":20},"end":{"line":46,"column":61}},"33":{"start":{"line":47,"column":16},"end":{"line":47,"column":52}},"34":{"start":{"line":48,"column":2},"end":{"line":52,"column":null}},"35":{"start":{"line":49,"column":4},"end":{"line":49,"column":72}},"36":{"start":{"line":51,"column":4},"end":{"line":51,"column":46}},"37":{"start":{"line":53,"column":2},"end":{"line":53,"column":50}},"38":{"start":{"line":40,"column":13},"end":{"line":40,"column":45}},"39":{"start":{"line":56,"column":27},"end":{"line":56,"column":100}},"40":{"start":{"line":58,"column":27},"end":{"line":58,"column":125}},"41":{"start":{"line":60,"column":29},"end":{"line":72,"column":22}},"42":{"start":{"line":61,"column":2},"end":{"line":72,"column":22}},"43":{"start":{"line":74,"column":26},"end":{"line":74,"column":122}}},"fnMap":{"0":{"name":"(anonymous_1)","decl":{"start":{"line":11,"column":40},"end":{"line":11,"column":41}},"loc":{"start":{"line":11,"column":87},"end":{"line":18,"column":1}}},"1":{"name":"(anonymous_2)","decl":{"start":{"line":20,"column":30},"end":{"line":20,"column":31}},"loc":{"start":{"line":20,"column":53},"end":{"line":20,"column":137}}},"2":{"name":"(anonymous_3)","decl":{"start":{"line":22,"column":30},"end":{"line":22,"column":31}},"loc":{"start":{"line":22,"column":55},"end":{"line":32,"column":1}}},"3":{"name":"(anonymous_4)","decl":{"start":{"line":34,"column":26},"end":{"line":34,"column":27}},"loc":{"start":{"line":34,"column":74},"end":{"line":38,"column":1}}},"4":{"name":"(anonymous_5)","decl":{"start":{"line":40,"column":45},"end":{"line":40,"column":50}},"loc":{"start":{"line":40,"column":114},"end":{"line":54,"column":1}}},"5":{"name":"(anonymous_6)","decl":{"start":{"line":60,"column":29},"end":{"line":60,"column":30}},"loc":{"start":{"line":61,"column":2},"end":{"line":72,"column":22}}}},"branchMap":{"0":{"loc":{"start":{"line":13,"column":2},"end":{"line":15,"column":null}},"type":"if","locations":[{"start":{"line":13,"column":2},"end":{"line":15,"column":null}}]},"1":{"loc":{"start":{"line":26,"column":2},"end":{"line":30,"column":null}},"type":"if","locations":[{"start":{"line":26,"column":2},"end":{"line":30,"column":null}},{"start":{"line":28,"column":9},"end":{"line":30,"column":null}}]},"2":{"loc":{"start":{"line":26,"column":6},"end":{"line":26,"column":52}},"type":"binary-expr","locations":[{"start":{"line":26,"column":6},"end":{"line":26,"column":21}},{"start":{"line":26,"column":25},"end":{"line":26,"column":52}}]},"3":{"loc":{"start":{"line":37,"column":9},"end":{"line":37,"column":116}},"type":"cond-expr","locations":[{"start":{"line":37,"column":40},"end":{"line":37,"column":53}},{"start":{"line":37,"column":56},"end":{"line":37,"column":116}}]},"4":{"loc":{"start":{"line":37,"column":56},"end":{"line":37,"column":116}},"type":"cond-expr","locations":[{"start":{"line":37,"column":89},"end":{"line":37,"column":104}},{"start":{"line":37,"column":107},"end":{"line":37,"column":116}}]},"5":{"loc":{"start":{"line":42,"column":2},"end":{"line":44,"column":null}},"type":"if","locations":[{"start":{"line":42,"column":2},"end":{"line":44,"column":null}}]},"6":{"loc":{"start":{"line":45,"column":24},"end":{"line":45,"column":88}},"type":"cond-expr","locations":[{"start":{"line":45,"column":50},"end":{"line":45,"column":83}},{"start":{"line":45,"column":86},"end":{"line":45,"column":88}}]},"7":{"loc":{"start":{"line":45,"column":24},"end":{"line":45,"column":43}},"type":"cond-expr","locations":[{"start":{"line":45,"column":35},"end":{"line":45,"column":37}},{"start":{"line":45,"column":24},"end":{"line":45,"column":43}}]},"8":{"loc":{"start":{"line":45,"column":24},"end":{"line":45,"column":37}},"type":"binary-expr","locations":[{"start":{"line":45,"column":24},"end":{"line":45,"column":37}},{"start":{"line":45,"column":24},"end":{"line":45,"column":37}}]},"9":{"loc":{"start":{"line":48,"column":2},"end":{"line":52,"column":null}},"type":"if","locations":[{"start":{"line":48,"column":2},"end":{"line":52,"column":null}},{"start":{"line":50,"column":9},"end":{"line":52,"column":null}}]},"10":{"loc":{"start":{"line":48,"column":6},"end":{"line":48,"column":19}},"type":"cond-expr","locations":[{"start":{"line":48,"column":11},"end":{"line":48,"column":13}},{"start":{"line":48,"column":6},"end":{"line":48,"column":19}}]},"11":{"loc":{"start":{"line":48,"column":6},"end":{"line":48,"column":13}},"type":"binary-expr","locations":[{"start":{"line":48,"column":6},"end":{"line":48,"column":13}},{"start":{"line":48,"column":6},"end":{"line":48,"column":13}}]}},"s":{"0":16,"1":16,"2":16,"3":16,"4":16,"5":16,"6":16,"7":0,"8":0,"9":0,"10":0,"11":0,"12":16,"13":16,"14":0,"15":16,"16":0,"17":0,"18":0,"19":0,"20":0,"21":0,"22":0,"23":16,"24":0,"25":0,"26":0,"27":16,"28":0,"29":0,"30":0,"31":0,"32":0,"33":0,"34":0,"35":0,"36":0,"37":0,"38":16,"39":16,"40":16,"41":16,"42":0,"43":16},"f":{"0":0,"1":0,"2":0,"3":0,"4":0,"5":0},"b":{"0":[0],"1":[0,0],"2":[0,0],"3":[0,0],"4":[0,0],"5":[0],"6":[0,0],"7":[0,0],"8":[0,0],"9":[0,0],"10":[0,0],"11":[0,0]}}
,"/Users/eddvar/Documents/amplify-cli/packages/amplify-category-function/src/provider-utils/awscloudformation/utils/zipResource.ts": {"path":"/Users/eddvar/Documents/amplify-cli/packages/amplify-category-function/src/provider-utils/awscloudformation/utils/zipResource.ts","statementMap":{"0":{"start":{"line":2,"column":0},"end":{"line":2,"column":31}},"1":{"start":{"line":3,"column":0},"end":{"line":3,"column":32}},"2":{"start":{"line":5,"column":26},"end":{"line":33,"column":1}},"3":{"start":{"line":6,"column":2},"end":{"line":31,"column":null}},"4":{"start":{"line":7,"column":17},"end":{"line":7,"column":54}},"5":{"start":{"line":8,"column":16},"end":{"line":8,"column":42}},"6":{"start":{"line":9,"column":4},"end":{"line":30,"column":7}},"7":{"start":{"line":10,"column":6},"end":{"line":12,"column":9}},"8":{"start":{"line":11,"column":8},"end":{"line":11,"column":39}},"9":{"start":{"line":13,"column":6},"end":{"line":15,"column":9}},"10":{"start":{"line":14,"column":8},"end":{"line":14,"column":64}},"11":{"start":{"line":16,"column":6},"end":{"line":16,"column":21}},"12":{"start":{"line":17,"column":6},"end":{"line":28,"column":9}},"13":{"start":{"line":18,"column":8},"end":{"line":24,"column":null}},"14":{"start":{"line":19,"column":10},"end":{"line":23,"column":13}},"15":{"start":{"line":25,"column":8},"end":{"line":27,"column":null}},"16":{"start":{"line":26,"column":10},"end":{"line":26,"column":53}},"17":{"start":{"line":29,"column":6},"end":{"line":29,"column":35}},"18":{"start":{"line":32,"column":2},"end":{"line":32,"column":19}},"19":{"start":{"line":5,"column":13},"end":{"line":5,"column":26}}},"fnMap":{"0":{"name":"(anonymous_7)","decl":{"start":{"line":5,"column":26},"end":{"line":5,"column":27}},"loc":{"start":{"line":5,"column":95},"end":{"line":33,"column":1}}},"1":{"name":"(anonymous_8)","decl":{"start":{"line":9,"column":23},"end":{"line":9,"column":24}},"loc":{"start":{"line":9,"column":43},"end":{"line":30,"column":5}}},"2":{"name":"(anonymous_9)","decl":{"start":{"line":10,"column":23},"end":{"line":10,"column":26}},"loc":{"start":{"line":10,"column":28},"end":{"line":12,"column":7}}},"3":{"name":"(anonymous_10)","decl":{"start":{"line":13,"column":23},"end":{"line":13,"column":24}},"loc":{"start":{"line":13,"column":31},"end":{"line":15,"column":7}}},"4":{"name":"(anonymous_11)","decl":{"start":{"line":17,"column":25},"end":{"line":17,"column":26}},"loc":{"start":{"line":17,"column":35},"end":{"line":28,"column":7}}}},"branchMap":{"0":{"loc":{"start":{"line":6,"column":2},"end":{"line":31,"column":null}},"type":"if","locations":[{"start":{"line":6,"column":2},"end":{"line":31,"column":null}}]},"1":{"loc":{"start":{"line":6,"column":6},"end":{"line":6,"column":37}},"type":"binary-expr","locations":[{"start":{"line":6,"column":6},"end":{"line":6,"column":16}},{"start":{"line":6,"column":20},"end":{"line":6,"column":37}}]},"2":{"loc":{"start":{"line":18,"column":8},"end":{"line":24,"column":null}},"type":"if","locations":[{"start":{"line":18,"column":8},"end":{"line":24,"column":null}}]},"3":{"loc":{"start":{"line":25,"column":8},"end":{"line":27,"column":null}},"type":"if","locations":[{"start":{"line":25,"column":8},"end":{"line":27,"column":null}}]},"4":{"loc":{"start":{"line":26,"column":24},"end":{"line":26,"column":44}},"type":"cond-expr","locations":[{"start":{"line":26,"column":29},"end":{"line":26,"column":31}},{"start":{"line":26,"column":24},"end":{"line":26,"column":44}}]},"5":{"loc":{"start":{"line":26,"column":24},"end":{"line":26,"column":31}},"type":"binary-expr","locations":[{"start":{"line":26,"column":24},"end":{"line":26,"column":31}},{"start":{"line":26,"column":24},"end":{"line":26,"column":31}}]}},"s":{"0":17,"1":17,"2":17,"3":0,"4":0,"5":0,"6":0,"7":0,"8":0,"9":0,"10":0,"11":0,"12":0,"13":0,"14":0,"15":0,"16":0,"17":0,"18":0,"19":17},"f":{"0":0,"1":0,"2":0,"3":0,"4":0},"b":{"0":[0],"1":[0,0],"2":[0],"3":[0],"4":[0,0],"5":[0,0]}}
}
