TN:
SF:src/constants.ts
FN:9,(anonymous_0)
FN:16,(anonymous_1)
FNF:2
FNH:2
FNDA:38,(anonymous_0)
FNDA:38,(anonymous_1)
DA:1,38
DA:3,38
DA:5,38
DA:6,38
DA:7,38
DA:9,38
DA:10,38
DA:11,38
DA:12,38
DA:13,38
DA:16,38
DA:17,38
DA:18,38
DA:19,38
LF:14
LH:14
BRDA:9,0,0,38
BRDA:9,0,1,38
BRDA:16,1,0,38
BRDA:16,1,1,38
BRF:4
BRH:4
end_of_record
TN:
SF:src/index.ts
FN:28,(anonymous_7)
FN:29,(anonymous_8)
FN:30,(anonymous_9)
FN:31,(anonymous_10)
FN:32,(anonymous_11)
FN:33,(anonymous_12)
FN:34,(anonymous_13)
FN:35,(anonymous_14)
FN:36,(anonymous_15)
FN:37,(anonymous_16)
FN:39,(anonymous_17)
FN:40,(anonymous_18)
FN:42,(anonymous_19)
FN:46,(anonymous_20)
FN:64,(anonymous_21)
FN:77,(anonymous_22)
FN:84,(anonymous_23)
FN:87,(anonymous_24)
FN:89,(anonymous_25)
FN:114,(anonymous_26)
FN:122,(anonymous_27)
FN:150,(anonymous_28)
FN:156,(anonymous_29)
FN:158,(anonymous_30)
FN:164,(anonymous_31)
FN:166,(anonymous_32)
FN:183,(anonymous_33)
FN:184,(anonymous_34)
FN:200,(anonymous_35)
FN:229,(anonymous_36)
FN:237,(anonymous_37)
FN:250,(anonymous_38)
FN:255,(anonymous_39)
FN:268,(anonymous_40)
FN:280,(anonymous_41)
FN:281,(anonymous_42)
FN:282,(anonymous_43)
FN:301,(anonymous_44)
FN:318,(anonymous_45)
FN:340,(anonymous_46)
FN:345,(anonymous_47)
FN:346,(anonymous_48)
FN:351,(anonymous_49)
FN:353,(anonymous_50)
FNF:44
FNH:13
FNDA:0,(anonymous_7)
FNDA:0,(anonymous_8)
FNDA:0,(anonymous_9)
FNDA:0,(anonymous_10)
FNDA:0,(anonymous_11)
FNDA:0,(anonymous_12)
FNDA:0,(anonymous_13)
FNDA:0,(anonymous_14)
FNDA:0,(anonymous_15)
FNDA:0,(anonymous_16)
FNDA:0,(anonymous_17)
FNDA:0,(anonymous_18)
FNDA:0,(anonymous_19)
FNDA:0,(anonymous_20)
FNDA:0,(anonymous_21)
FNDA:0,(anonymous_22)
FNDA:0,(anonymous_23)
FNDA:0,(anonymous_24)
FNDA:0,(anonymous_25)
FNDA:0,(anonymous_26)
FNDA:0,(anonymous_27)
FNDA:2,(anonymous_28)
FNDA:13,(anonymous_29)
FNDA:1,(anonymous_30)
FNDA:2,(anonymous_31)
FNDA:0,(anonymous_32)
FNDA:4,(anonymous_33)
FNDA:1,(anonymous_34)
FNDA:2,(anonymous_35)
FNDA:0,(anonymous_36)
FNDA:0,(anonymous_37)
FNDA:2,(anonymous_38)
FNDA:2,(anonymous_39)
FNDA:3,(anonymous_40)
FNDA:4,(anonymous_41)
FNDA:4,(anonymous_42)
FNDA:4,(anonymous_43)
FNDA:0,(anonymous_44)
FNDA:0,(anonymous_45)
FNDA:0,(anonymous_46)
FNDA:0,(anonymous_47)
FNDA:0,(anonymous_48)
FNDA:0,(anonymous_49)
FNDA:0,(anonymous_50)
DA:1,2
DA:2,2
DA:4,2
DA:5,2
DA:6,2
DA:7,2
DA:8,2
DA:9,2
DA:10,2
DA:11,2
DA:13,2
DA:14,2
DA:15,2
DA:16,2
DA:17,2
DA:19,2
DA:20,2
DA:24,2
DA:26,2
DA:28,2
DA:29,2
DA:30,2
DA:31,2
DA:32,2
DA:33,2
DA:34,2
DA:35,2
DA:36,2
DA:37,2
DA:38,2
DA:39,2
DA:40,2
DA:42,2
DA:46,2
DA:47,0
DA:53,0
DA:54,0
DA:55,0
DA:56,0
DA:58,0
DA:64,2
DA:66,0
DA:67,0
DA:68,0
DA:69,0
DA:71,0
DA:77,2
DA:78,0
DA:84,2
DA:85,0
DA:86,0
DA:87,0
DA:88,0
DA:89,0
DA:90,0
DA:92,0
DA:93,0
DA:94,0
DA:98,0
DA:101,0
DA:102,0
DA:108,0
DA:114,2
DA:118,0
DA:119,0
DA:120,0
DA:122,0
DA:123,0
DA:124,0
DA:125,0
DA:127,0
DA:128,0
DA:134,0
DA:135,0
DA:137,0
DA:140,0
DA:141,0
DA:144,0
DA:150,2
DA:151,2
DA:152,2
DA:153,2
DA:156,13
DA:158,2
DA:159,1
DA:162,2
DA:164,2
DA:165,2
DA:166,2
DA:167,0
DA:168,0
DA:171,2
DA:172,2
DA:176,2
DA:177,2
DA:178,2
DA:179,2
DA:180,2
DA:181,2
DA:183,4
DA:185,1
DA:186,1
DA:188,1
DA:189,1
DA:190,0
DA:191,0
DA:195,1
DA:196,1
DA:199,2
DA:200,2
DA:201,2
DA:202,2
DA:203,2
DA:205,2
DA:206,0
DA:207,0
DA:208,0
DA:209,0
DA:215,2
DA:217,2
DA:219,2
DA:220,0
DA:221,0
DA:222,0
DA:229,2
DA:233,0
DA:234,0
DA:235,0
DA:237,0
DA:238,0
DA:250,2
DA:251,2
DA:252,2
DA:253,2
DA:255,2
DA:256,2
DA:268,2
DA:269,3
DA:270,3
DA:271,0
DA:276,3
DA:278,3
DA:280,4
DA:281,4
DA:282,4
DA:285,3
DA:286,3
DA:287,1
DA:295,2
DA:301,2
DA:302,0
DA:303,0
DA:304,0
DA:305,0
DA:307,0
DA:311,0
DA:312,0
DA:318,2
DA:319,0
DA:321,0
DA:322,0
DA:324,0
DA:325,0
DA:327,0
DA:328,0
DA:330,0
DA:331,0
DA:340,2
DA:341,0
DA:342,0
DA:345,2
DA:346,0
DA:351,2
DA:352,0
DA:353,0
DA:354,0
DA:355,0
LF:177
LH:97
BRDA:54,0,0,0
BRDA:67,1,0,0
BRDA:88,2,0,0
BRDA:93,3,0,0
BRDA:93,3,1,0
BRDA:125,4,0,0
BRDA:125,4,1,0
BRDA:171,5,0,2
BRDA:171,5,1,0
BRDA:171,6,0,2
BRDA:171,6,1,2
BRDA:172,7,0,2
BRDA:172,7,1,0
BRDA:172,8,0,2
BRDA:172,8,1,2
BRDA:189,9,0,0
BRDA:195,10,0,1
BRDA:205,11,0,0
BRDA:206,12,0,0
BRDA:206,13,0,0
BRDA:206,13,1,0
BRDA:208,14,0,0
BRDA:219,15,0,0
BRDA:270,16,0,0
BRDA:278,17,0,2
BRDA:278,17,1,1
BRDA:285,18,0,3
BRDA:285,18,1,3
BRDA:285,18,2,3
BRDA:286,19,0,1
BRDA:304,20,0,0
BRDA:304,20,1,0
BRDA:319,21,0,0
BRDA:319,21,1,0
BRDA:319,21,2,0
BRDA:319,21,3,0
BRDA:319,21,4,0
BRDA:327,22,0,0
BRDA:327,22,1,0
BRDA:327,23,0,0
BRDA:327,23,1,0
BRDA:327,24,0,0
BRDA:327,24,1,0
BRDA:327,25,0,0
BRDA:327,25,1,0
BRDA:346,26,0,0
BRDA:346,26,1,0
BRF:47
BRH:13
end_of_record
TN:
SF:src/__tests__/provider-utils/awscloudformation/utils/determineServiceSelection.ts
FN:8,(anonymous_0)
FN:15,(anonymous_1)
FN:16,(anonymous_2)
FN:22,(anonymous_3)
FN:23,(anonymous_4)
FN:37,(anonymous_5)
FN:38,(anonymous_6)
FN:52,(anonymous_7)
FN:53,(anonymous_8)
FN:71,(anonymous_9)
FN:72,(anonymous_10)
FNF:11
FNH:0
FNDA:0,(anonymous_0)
FNDA:0,(anonymous_1)
FNDA:0,(anonymous_2)
FNDA:0,(anonymous_3)
FNDA:0,(anonymous_4)
FNDA:0,(anonymous_5)
FNDA:0,(anonymous_6)
FNDA:0,(anonymous_7)
FNDA:0,(anonymous_8)
FNDA:0,(anonymous_9)
FNDA:0,(anonymous_10)
DA:1,0
DA:4,0
DA:5,0
DA:6,0
DA:9,0
DA:15,0
DA:16,0
DA:17,0
DA:18,0
DA:19,0
DA:22,0
DA:23,0
DA:24,0
DA:32,0
DA:33,0
DA:34,0
DA:37,0
DA:38,0
DA:39,0
DA:47,0
DA:48,0
DA:49,0
DA:52,0
DA:53,0
DA:54,0
DA:66,0
DA:67,0
DA:68,0
DA:71,0
DA:72,0
DA:73,0
DA:84,0
DA:85,0
LF:33
LH:0
BRF:0
BRH:0
end_of_record
TN:
SF:src/commands/function.ts
FN:6,(anonymous_0)
FNF:1
FNH:0
FNDA:0,(anonymous_0)
DA:1,0
DA:2,0
DA:4,0
DA:7,0
DA:8,0
DA:9,0
DA:11,0
DA:12,0
DA:13,0
DA:14,0
DA:15,0
DA:17,0
LF:12
LH:0
BRDA:7,0,0,0
BRDA:11,1,0,0
BRF:2
BRH:0
end_of_record
TN:
SF:src/commands/function/add.ts
FN:11,(anonymous_0)
FN:16,(anonymous_1)
FN:29,(anonymous_2)
FN:32,(anonymous_3)
FNF:4
FNH:0
FNDA:0,(anonymous_0)
FNDA:0,(anonymous_1)
FNDA:0,(anonymous_2)
FNDA:0,(anonymous_3)
DA:1,0
DA:2,0
DA:3,0
DA:5,0
DA:9,0
DA:12,0
DA:13,0
DA:14,0
DA:17,0
DA:22,0
DA:23,0
DA:24,0
DA:25,0
DA:27,0
DA:30,0
DA:33,0
DA:34,0
DA:35,0
DA:36,0
LF:19
LH:0
BRDA:23,0,0,0
BRF:1
BRH:0
end_of_record
TN:
SF:src/commands/function/build.ts
FN:14,(anonymous_0)
FN:25,(anonymous_1)
FN:26,(anonymous_2)
FN:44,(anonymous_3)
FNF:4
FNH:0
FNDA:0,(anonymous_0)
FNDA:0,(anonymous_1)
FNDA:0,(anonymous_2)
FNDA:0,(anonymous_3)
DA:2,0
DA:4,0
DA:6,0
DA:7,0
DA:8,0
DA:9,0
DA:14,0
DA:15,0
DA:17,0
DA:20,0
DA:21,0
DA:23,0
DA:24,0
DA:25,0
DA:26,0
DA:27,0
DA:28,0
DA:29,0
DA:32,0
DA:33,0
DA:34,0
DA:39,0
DA:40,0
DA:44,0
DA:45,0
LF:25
LH:0
BRDA:15,0,0,0
BRDA:15,0,1,0
BRDA:15,1,0,0
BRDA:15,1,1,0
BRDA:15,2,0,0
BRDA:15,2,1,0
BRDA:15,3,0,0
BRDA:15,3,1,0
BRDA:15,4,0,0
BRDA:15,4,1,0
BRDA:15,5,0,0
BRDA:15,5,1,0
BRDA:17,6,0,0
BRDA:17,6,1,0
BRDA:17,6,2,0
BRDA:18,7,0,0
BRDA:18,7,1,0
BRDA:18,8,0,0
BRDA:18,8,1,0
BRDA:18,9,0,0
BRDA:18,9,1,0
BRDA:18,10,0,0
BRDA:18,10,1,0
BRDA:20,11,0,0
BRF:24
BRH:0
end_of_record
TN:
SF:src/commands/function/console.ts
FN:6,(anonymous_0)
FN:8,(anonymous_1)
FNF:2
FNH:2
FNDA:1,(anonymous_0)
FNDA:1,(anonymous_1)
DA:1,1
DA:2,1
DA:4,1
DA:6,1
DA:7,1
DA:8,1
DA:9,1
DA:10,1
DA:11,0
DA:12,0
DA:14,1
LF:11
LH:9
BRDA:10,0,0,0
BRF:1
BRH:0
end_of_record
TN:
SF:src/commands/function/help.ts
FN:3,(anonymous_0)
FNF:1
FNH:0
FNDA:0,(anonymous_0)
DA:1,0
DA:3,0
DA:4,0
LF:3
LH:0
BRF:0
BRH:0
end_of_record
TN:
SF:src/commands/function/push.ts
FN:7,(anonymous_0)
FN:11,(anonymous_1)
FNF:2
FNH:0
FNDA:0,(anonymous_0)
FNDA:0,(anonymous_1)
DA:1,0
DA:3,0
DA:5,0
DA:8,0
DA:9,0
DA:10,0
DA:11,0
DA:12,0
DA:13,0
DA:14,0
DA:15,0
LF:11
LH:0
BRF:0
BRH:0
end_of_record
TN:
SF:src/commands/function/remove.ts
FN:18,(anonymous_0)
FN:44,(anonymous_1)
FN:50,(anonymous_2)
FN:57,(anonymous_3)
FNF:4
FNH:0
FNDA:0,(anonymous_0)
FNDA:0,(anonymous_1)
FNDA:0,(anonymous_2)
FNDA:0,(anonymous_3)
DA:2,0
DA:3,0
DA:7,0
DA:8,0
DA:9,0
DA:11,0
DA:13,0
DA:18,0
DA:19,0
DA:21,0
DA:22,0
DA:24,0
DA:26,0
DA:27,0
DA:31,0
DA:33,0
DA:34,0
DA:37,0
DA:39,0
DA:42,0
DA:44,0
DA:45,0
DA:48,0
DA:53,0
DA:54,0
DA:58,0
DA:59,0
DA:60,0
DA:63,0
DA:64,0
LF:30
LH:0
BRDA:26,0,0,0
BRDA:26,0,1,0
BRDA:33,1,0,0
BRDA:53,2,0,0
BRDA:53,3,0,0
BRDA:53,3,1,0
BRDA:58,4,0,0
BRF:7
BRH:0
end_of_record
TN:
SF:src/commands/function/update.ts
FN:11,(anonymous_0)
FN:14,(anonymous_1)
FN:22,(anonymous_2)
FN:25,(anonymous_3)
FNF:4
FNH:0
FNDA:0,(anonymous_0)
FNDA:0,(anonymous_1)
FNDA:0,(anonymous_2)
FNDA:0,(anonymous_3)
DA:1,0
DA:2,0
DA:3,0
DA:4,0
DA:6,0
DA:8,0
DA:12,0
DA:13,0
DA:15,0
DA:16,0
DA:17,0
DA:18,0
DA:20,0
DA:23,0
DA:26,0
DA:27,0
DA:28,0
DA:29,0
LF:18
LH:0
BRDA:16,0,0,0
BRF:1
BRH:0
end_of_record
TN:
SF:src/events/postEnvRemoveHandler.ts
FN:5,(anonymous_0)
FN:18,(anonymous_1)
FNF:2
FNH:0
FNDA:0,(anonymous_0)
FNDA:0,(anonymous_1)
DA:1,2
DA:3,2
DA:5,2
DA:6,0
DA:7,0
DA:12,0
DA:13,0
DA:14,0
DA:18,2
DA:19,0
LF:10
LH:4
BRF:0
BRH:0
end_of_record
TN:
SF:src/events/postPushHandler.ts
FN:4,(anonymous_0)
FN:8,(anonymous_1)
FNF:2
FNH:0
FNDA:0,(anonymous_0)
FNDA:0,(anonymous_1)
DA:2,2
DA:4,2
DA:5,0
DA:8,2
DA:9,0
DA:10,0
LF:6
LH:3
BRF:0
BRH:0
end_of_record
TN:
SF:src/events/preExportHandler.ts
FN:5,(anonymous_0)
FNF:1
FNH:0
FNDA:0,(anonymous_0)
DA:1,2
DA:5,2
DA:6,0
LF:3
LH:2
BRF:0
BRH:0
end_of_record
TN:
SF:src/events/prePushHandler.ts
FN:13,(anonymous_0)
FN:19,(anonymous_1)
FNF:2
FNH:0
FNDA:0,(anonymous_0)
FNDA:0,(anonymous_1)
DA:1,2
DA:2,2
DA:3,2
DA:8,2
DA:9,2
DA:13,2
DA:14,0
DA:15,0
DA:16,0
DA:19,2
DA:20,0
DA:21,0
DA:22,0
DA:23,0
DA:24,0
DA:25,0
DA:28,0
LF:17
LH:7
BRDA:21,0,0,0
BRDA:21,0,1,0
BRDA:21,1,0,0
BRDA:21,1,1,0
BRDA:21,2,0,0
BRDA:21,2,1,0
BRDA:23,3,0,0
BRF:7
BRH:0
end_of_record
TN:
SF:src/provider-utils/supported-services.ts
FNF:0
FNH:0
DA:1,2
DA:2,2
DA:3,2
DA:5,2
DA:6,2
DA:8,2
LF:6
LH:6
BRF:0
BRH:0
end_of_record
TN:
SF:src/provider-utils/awscloudformation/index.ts
FN:48,addResource
FN:71,addFunctionResource
FN:149,addLayerResource
FN:168,updateResource
FN:191,updateFunctionResource
FN:239,updateLayerResource
FN:276,printLayerSuccessMessages
FN:301,openEditor
FN:329,migrateResource
FN:344,getPermissionPolicies
FN:359,isInHeadlessMode
FN:363,getHeadlessParams
FN:366,(anonymous_19)
FN:370,updateConfigOnEnvInit
FN:432,initTriggerEnvs
FN:466,openConsole
FN:474,isMockable
FNF:17
FNH:2
FNDA:0,addResource
FNDA:0,addFunctionResource
FNDA:0,addLayerResource
FNDA:0,updateResource
FNDA:0,updateFunctionResource
FNDA:0,updateLayerResource
FNDA:0,printLayerSuccessMessages
FNDA:0,openEditor
FNDA:0,migrateResource
FNDA:0,getPermissionPolicies
FNDA:0,isInHeadlessMode
FNDA:0,getHeadlessParams
FNDA:0,(anonymous_19)
FNDA:0,updateConfigOnEnvInit
FNDA:0,initTriggerEnvs
FNDA:2,openConsole
FNDA:4,isMockable
DA:1,2
DA:18,2
DA:19,2
DA:20,2
DA:22,2
DA:23,2
DA:25,2
DA:26,2
DA:27,2
DA:28,2
DA:29,2
DA:31,2
DA:38,2
DA:48,2
DA:56,0
DA:57,0
DA:58,0
DA:59,0
DA:61,0
DA:63,0
DA:65,0
DA:67,0
DA:71,2
DA:80,0
DA:82,0
DA:91,0
DA:94,0
DA:97,0
DA:109,0
DA:113,0
DA:114,0
DA:116,0
DA:119,0
DA:121,0
DA:123,0
DA:124,0
DA:127,0
DA:128,0
DA:130,0
DA:132,0
DA:134,0
DA:135,0
DA:136,0
DA:137,0
DA:138,0
DA:139,0
DA:140,0
DA:141,0
DA:142,0
DA:146,0
DA:149,2
DA:155,0
DA:161,0
DA:163,0
DA:164,0
DA:165,0
DA:168,2
DA:176,0
DA:177,0
DA:178,0
DA:179,0
DA:181,0
DA:183,0
DA:185,0
DA:187,0
DA:191,2
DA:198,0
DA:199,0
DA:200,0
DA:203,0
DA:204,0
DA:207,0
DA:208,0
DA:210,0
DA:211,0
DA:213,0
DA:214,0
DA:219,0
DA:220,0
DA:222,0
DA:223,0
DA:224,0
DA:226,0
DA:227,0
DA:230,0
DA:231,0
DA:232,0
DA:233,0
DA:236,0
DA:239,2
DA:245,0
DA:246,0
DA:249,0
DA:250,0
DA:251,0
DA:258,0
DA:263,0
DA:264,0
DA:268,0
DA:273,0
DA:277,0
DA:278,0
DA:279,0
DA:280,0
DA:281,0
DA:282,0
DA:283,0
DA:285,0
DA:286,0
DA:287,0
DA:288,0
DA:289,0
DA:291,0
DA:294,0
DA:295,0
DA:296,0
DA:297,0
DA:298,0
DA:309,0
DA:310,0
DA:311,0
DA:314,0
DA:315,0
DA:316,0
DA:317,0
DA:318,0
DA:319,0
DA:324,0
DA:325,0
DA:329,2
DA:330,0
DA:331,0
DA:334,0
DA:336,0
DA:337,0
DA:338,0
DA:341,0
DA:344,2
DA:345,0
DA:346,0
DA:349,0
DA:351,0
DA:352,0
DA:353,0
DA:356,0
DA:360,0
DA:364,0
DA:365,0
DA:366,0
DA:370,2
DA:371,0
DA:372,0
DA:373,0
DA:374,0
DA:375,0
DA:376,0
DA:377,0
DA:378,0
DA:380,0
DA:383,0
DA:384,0
DA:385,0
DA:388,0
DA:389,0
DA:392,0
DA:393,0
DA:394,0
DA:395,0
DA:396,0
DA:397,0
DA:398,0
DA:401,0
DA:402,0
DA:403,0
DA:404,0
DA:405,0
DA:406,0
DA:407,0
DA:408,0
DA:413,0
DA:415,0
DA:416,0
DA:417,0
DA:418,0
DA:419,0
DA:422,0
DA:423,0
DA:424,0
DA:425,0
DA:429,0
DA:433,0
DA:434,0
DA:436,0
DA:437,0
DA:438,0
DA:439,0
DA:440,0
DA:441,0
DA:448,0
DA:450,0
DA:451,0
DA:459,0
DA:463,0
DA:466,2
DA:467,2
DA:468,2
DA:469,2
DA:470,2
DA:471,2
DA:474,2
DA:475,4
LF:211
LH:30
BRDA:58,0,0,0
BRDA:61,1,0,0
BRDA:61,1,1,0
BRDA:61,1,2,0
BRDA:80,2,0,0
BRDA:80,2,1,0
BRDA:80,3,0,0
BRDA:80,3,1,0
BRDA:80,3,2,0
BRDA:123,4,0,0
BRDA:127,5,0,0
BRDA:153,6,0,0
BRDA:178,7,0,0
BRDA:181,8,0,0
BRDA:181,8,1,0
BRDA:181,8,2,0
BRDA:199,9,0,0
BRDA:203,10,0,0
BRDA:203,10,1,0
BRDA:203,11,0,0
BRDA:203,11,1,0
BRDA:207,12,0,0
BRDA:210,13,0,0
BRDA:213,14,0,0
BRDA:213,15,0,0
BRDA:213,15,1,0
BRDA:214,16,0,0
BRDA:214,16,1,0
BRDA:223,17,0,0
BRDA:230,18,0,0
BRDA:230,19,0,0
BRDA:230,19,1,0
BRDA:230,19,2,0
BRDA:232,20,0,0
BRDA:232,20,1,0
BRDA:245,21,0,0
BRDA:249,22,0,0
BRDA:263,23,0,0
BRDA:285,24,0,0
BRDA:306,25,0,0
BRDA:307,26,0,0
BRDA:310,27,0,0
BRDA:314,28,0,0
BRDA:315,29,0,0
BRDA:315,29,1,0
BRDA:317,30,0,0
BRDA:317,31,0,0
BRDA:317,31,1,0
BRDA:330,32,0,0
BRDA:336,33,0,0
BRDA:345,34,0,0
BRDA:351,35,0,0
BRDA:364,36,0,0
BRDA:365,37,0,0
BRDA:365,37,1,0
BRDA:365,38,0,0
BRDA:365,38,1,0
BRDA:365,38,2,0
BRDA:366,39,0,0
BRDA:366,39,1,0
BRDA:371,40,0,0
BRDA:371,40,1,0
BRDA:377,41,0,0
BRDA:383,42,0,0
BRDA:388,43,0,0
BRDA:392,44,0,0
BRDA:392,45,0,0
BRDA:392,45,1,0
BRDA:402,46,0,0
BRDA:402,47,0,0
BRDA:402,47,1,0
BRDA:407,48,0,0
BRDA:413,49,0,0
BRDA:413,50,0,0
BRDA:413,50,1,0
BRDA:413,50,2,0
BRDA:413,51,0,0
BRDA:413,51,1,0
BRDA:413,52,0,0
BRDA:413,52,1,0
BRDA:413,53,0,0
BRDA:413,53,1,0
BRDA:413,54,0,0
BRDA:413,54,1,0
BRDA:413,55,0,0
BRDA:413,55,1,0
BRDA:413,56,0,0
BRDA:413,56,1,0
BRDA:415,57,0,0
BRDA:415,57,1,0
BRDA:416,58,0,0
BRDA:423,59,0,0
BRDA:423,59,1,0
BRDA:424,60,0,0
BRDA:433,61,0,0
BRDA:433,62,0,0
BRDA:433,62,1,0
BRDA:433,62,2,0
BRDA:436,63,0,0
BRDA:436,63,1,0
BRDA:438,64,0,0
BRDA:438,65,0,0
BRDA:438,65,1,0
BRDA:450,66,0,0
BRDA:450,66,1,0
BRDA:469,67,0,1
BRDA:469,67,1,1
BRF:107
BRH:2
end_of_record
TN:
SF:src/provider-utils/awscloudformation/secrets/cloneSecretsOnEnvInitHandler.ts
FN:7,(anonymous_0)
FN:9,(anonymous_1)
FN:27,(anonymous_2)
FNF:3
FNH:0
FNDA:0,(anonymous_0)
FNDA:0,(anonymous_1)
FNDA:0,(anonymous_2)
DA:1,2
DA:3,2
DA:4,2
DA:5,2
DA:7,2
DA:8,0
DA:9,0
DA:12,0
DA:13,0
DA:16,0
DA:18,0
DA:19,0
DA:20,0
DA:23,0
DA:25,0
DA:27,0
LF:16
LH:5
BRDA:8,0,0,0
BRDA:8,0,1,0
BRDA:8,1,0,0
BRDA:8,1,1,0
BRDA:8,2,0,0
BRDA:8,2,1,0
BRDA:12,3,0,0
BRDA:23,4,0,0
BRDA:23,4,1,0
BRDA:23,5,0,0
BRDA:23,5,1,0
BRDA:23,6,0,0
BRDA:23,6,1,0
BRDA:23,7,0,0
BRDA:23,7,1,0
BRDA:23,8,0,0
BRDA:23,8,1,0
BRDA:23,9,0,0
BRDA:23,9,1,0
BRF:19
BRH:0
end_of_record
TN:
SF:src/provider-utils/awscloudformation/secrets/functionSecretsStateManager.ts
FN:46,(anonymous_6)
FN:57,(anonymous_7)
FN:63,(anonymous_8)
FN:97,(anonymous_9)
FN:103,(anonymous_10)
FN:111,(anonymous_11)
FN:126,(anonymous_12)
FN:136,(anonymous_13)
FN:138,(anonymous_14)
FN:155,(anonymous_15)
FN:166,(anonymous_16)
FN:170,(anonymous_17)
FN:172,(anonymous_18)
FN:186,(anonymous_19)
FN:190,(anonymous_20)
FN:190,(anonymous_21)
FN:197,(anonymous_22)
FN:202,(anonymous_23)
FN:39,(anonymous_24)
FN:218,(anonymous_25)
FN:219,(anonymous_26)
FN:222,(anonymous_27)
FN:244,(anonymous_28)
FN:267,(anonymous_29)
FN:286,(anonymous_30)
FN:290,(anonymous_31)
FN:297,(anonymous_32)
FN:305,(anonymous_33)
FN:306,(anonymous_34)
FNF:29
FNH:15
FNDA:1,(anonymous_6)
FNDA:2,(anonymous_7)
FNDA:2,(anonymous_8)
FNDA:1,(anonymous_9)
FNDA:2,(anonymous_10)
FNDA:1,(anonymous_11)
FNDA:0,(anonymous_12)
FNDA:0,(anonymous_13)
FNDA:0,(anonymous_14)
FNDA:0,(anonymous_15)
FNDA:0,(anonymous_16)
FNDA:0,(anonymous_17)
FNDA:0,(anonymous_18)
FNDA:1,(anonymous_19)
FNDA:1,(anonymous_20)
FNDA:1,(anonymous_21)
FNDA:1,(anonymous_22)
FNDA:1,(anonymous_23)
FNDA:1,(anonymous_24)
FNDA:0,(anonymous_25)
FNDA:0,(anonymous_26)
FNDA:0,(anonymous_27)
FNDA:0,(anonymous_28)
FNDA:2,(anonymous_29)
FNDA:1,(anonymous_30)
FNDA:1,(anonymous_31)
FNDA:0,(anonymous_32)
FNDA:0,(anonymous_33)
FNDA:0,(anonymous_34)
DA:1,15
DA:2,15
DA:3,15
DA:4,15
DA:5,15
DA:6,15
DA:7,15
DA:8,15
DA:9,15
DA:10,15
DA:12,15
DA:13,15
DA:14,15
DA:15,15
DA:22,15
DA:23,15
DA:25,15
DA:36,15
DA:39,15
DA:40,1
DA:41,1
DA:43,1
DA:46,1
DA:57,1
DA:58,2
DA:59,0
DA:62,2
DA:64,2
DA:65,2
DA:67,1
DA:68,1
DA:70,1
DA:72,0
DA:73,0
DA:80,2
DA:81,2
DA:82,2
DA:83,2
DA:85,0
DA:86,0
DA:89,2
DA:90,2
DA:91,2
DA:97,1
DA:98,1
DA:99,1
DA:100,0
DA:102,1
DA:103,2
DA:104,1
DA:105,0
DA:107,1
DA:109,1
DA:111,1
DA:112,1
DA:119,0
DA:120,0
DA:126,1
DA:127,0
DA:128,0
DA:136,1
DA:137,0
DA:139,0
DA:148,0
DA:155,1
DA:156,0
DA:157,0
DA:166,1
DA:167,0
DA:168,0
DA:169,0
DA:170,0
DA:172,0
DA:173,0
DA:174,0
DA:175,0
DA:177,0
DA:186,1
DA:187,1
DA:188,1
DA:189,1
DA:190,1
DA:197,1
DA:198,1
DA:199,1
DA:202,1
DA:218,15
DA:219,0
DA:220,0
DA:221,0
DA:222,0
DA:223,0
DA:224,0
DA:228,0
DA:235,15
DA:244,15
DA:249,0
DA:250,0
DA:256,0
DA:257,0
DA:267,15
DA:268,2
DA:269,2
DA:272,2
DA:275,2
DA:276,0
DA:279,2
DA:280,1
DA:282,1
DA:286,15
DA:287,1
DA:290,15
DA:291,1
DA:297,15
DA:298,0
DA:299,0
DA:304,0
DA:305,0
DA:306,0
DA:307,0
DA:308,0
DA:309,0
DA:312,0
DA:313,0
DA:314,0
LF:125
LH:77
BRDA:58,0,0,0
BRDA:65,1,0,1
BRDA:65,1,1,0
BRDA:65,1,2,1
BRDA:67,2,0,1
BRDA:85,3,0,0
BRDA:99,4,0,0
BRDA:104,5,0,0
BRDA:107,6,0,1
BRDA:114,7,0,0
BRDA:114,7,1,1
BRDA:199,8,0,1
BRDA:199,8,1,0
BRDA:202,9,0,0
BRDA:202,9,1,1
BRDA:202,10,0,1
BRDA:202,10,1,1
BRDA:202,11,0,0
BRDA:202,11,1,1
BRDA:202,12,0,1
BRDA:202,12,1,1
BRDA:202,13,0,0
BRDA:202,13,1,1
BRDA:202,14,0,1
BRDA:202,14,1,1
BRDA:40,15,0,1
BRDA:223,16,0,0
BRDA:246,17,0,0
BRDA:251,18,0,0
BRDA:251,18,1,0
BRDA:257,19,0,0
BRDA:257,19,1,0
BRDA:257,20,0,0
BRDA:257,20,1,0
BRDA:257,21,0,0
BRDA:257,21,1,0
BRDA:275,22,0,0
BRDA:279,23,0,1
BRDA:279,23,1,1
BRDA:299,24,0,0
BRDA:299,24,1,0
BRDA:299,25,0,0
BRDA:299,25,1,0
BRDA:299,26,0,0
BRDA:299,26,1,0
BRDA:313,27,0,0
BRF:46
BRH:18
end_of_record
TN:
SF:src/provider-utils/awscloudformation/secrets/secretDeltaUtilities.ts
FN:10,(anonymous_0)
FN:16,(anonymous_1)
FN:18,(anonymous_2)
FN:19,(anonymous_3)
FN:24,(anonymous_4)
FN:25,(anonymous_5)
FN:30,(anonymous_6)
FN:31,(anonymous_7)
FN:33,(anonymous_8)
FNF:9
FNH:5
FNDA:4,(anonymous_0)
FNDA:4,(anonymous_1)
FNDA:4,(anonymous_2)
FNDA:2,(anonymous_3)
FNDA:0,(anonymous_4)
FNDA:0,(anonymous_5)
FNDA:0,(anonymous_6)
FNDA:0,(anonymous_7)
FNDA:8,(anonymous_8)
DA:5,19
DA:10,19
DA:11,4
DA:16,19
DA:17,4
DA:18,4
DA:19,2
DA:24,19
DA:25,0
DA:30,19
DA:31,0
DA:33,19
LF:12
LH:10
BRDA:24,0,0,0
BRF:1
BRH:0
end_of_record
TN:
SF:src/provider-utils/awscloudformation/secrets/secretName.ts
FN:19,(anonymous_6)
FN:27,(anonymous_7)
FN:35,(anonymous_8)
FN:47,(anonymous_9)
FN:53,(anonymous_10)
FN:60,(anonymous_11)
FNF:6
FNH:0
FNDA:0,(anonymous_6)
FNDA:0,(anonymous_7)
FNDA:0,(anonymous_8)
FNDA:0,(anonymous_9)
FNDA:0,(anonymous_10)
FNDA:0,(anonymous_11)
DA:8,16
DA:9,16
DA:10,16
DA:12,16
DA:19,16
DA:20,0
DA:27,16
DA:28,0
DA:35,16
DA:36,0
DA:37,0
DA:39,0
DA:47,16
DA:48,0
DA:53,16
DA:54,0
DA:60,16
DA:61,0
DA:62,0
DA:63,0
DA:64,0
DA:66,0
LF:22
LH:10
BRDA:35,0,0,0
BRDA:35,1,0,0
BRDA:35,1,1,0
BRDA:35,2,0,0
BRDA:35,2,1,0
BRDA:36,3,0,0
BRDA:62,4,0,0
BRDA:62,4,1,0
BRDA:62,5,0,0
BRDA:62,5,1,0
BRDA:62,6,0,0
BRDA:62,6,1,0
BRDA:62,7,0,0
BRDA:62,7,1,0
BRDA:62,8,0,0
BRDA:62,8,1,0
BRDA:62,9,0,0
BRDA:62,9,1,0
BRDA:63,10,0,0
BRF:19
BRH:0
end_of_record
TN:
SF:src/provider-utils/awscloudformation/secrets/secretsCfnModifier.ts
FN:19,(anonymous_1)
FN:37,(anonymous_2)
FN:72,(anonymous_3)
FNF:3
FNH:3
FNDA:2,(anonymous_1)
FNDA:2,(anonymous_2)
FNDA:1,(anonymous_3)
DA:2,16
DA:3,16
DA:6,16
DA:7,16
DA:8,16
DA:19,16
DA:24,2
DA:26,2
DA:27,0
DA:31,2
DA:32,2
DA:33,0
DA:34,0
DA:37,2
DA:38,2
DA:40,1
DA:41,1
DA:44,1
DA:45,1
DA:49,2
DA:52,2
DA:53,1
DA:56,1
DA:60,2
DA:61,1
DA:65,1
DA:68,2
DA:72,16
DA:73,1
DA:97,1
DA:98,1
LF:31
LH:28
BRDA:24,0,0,0
BRDA:24,0,1,2
BRDA:24,1,0,2
BRDA:24,1,1,2
BRDA:24,2,0,0
BRDA:24,2,1,2
BRDA:24,3,0,2
BRDA:24,3,1,2
BRDA:26,4,0,0
BRDA:31,5,0,0
BRDA:31,5,1,2
BRDA:31,6,0,2
BRDA:31,6,1,2
BRDA:31,7,0,0
BRDA:31,7,1,2
BRDA:31,8,0,2
BRDA:31,8,1,2
BRDA:31,9,0,0
BRDA:31,9,1,2
BRDA:31,10,0,2
BRDA:31,10,1,2
BRDA:32,11,0,0
BRDA:38,12,0,1
BRDA:38,12,1,0
BRDA:38,12,2,1
BRDA:52,13,0,1
BRDA:52,13,1,1
BRDA:60,14,0,1
BRDA:60,14,1,1
BRF:29
BRH:21
end_of_record
TN:
SF:src/provider-utils/awscloudformation/secrets/ssmClientWrapper.ts
FN:17,(anonymous_0)
FN:22,(anonymous_1)
FN:33,(anonymous_2)
FN:39,(anonymous_3)
FN:59,(anonymous_4)
FN:59,(anonymous_5)
FN:70,(anonymous_6)
FN:84,(anonymous_7)
FN:90,(anonymous_8)
FN:101,(anonymous_9)
FN:10,(anonymous_10)
FN:113,(anonymous_11)
FNF:12
FNH:0
FNDA:0,(anonymous_0)
FNDA:0,(anonymous_1)
FNDA:0,(anonymous_2)
FNDA:0,(anonymous_3)
FNDA:0,(anonymous_4)
FNDA:0,(anonymous_5)
FNDA:0,(anonymous_6)
FNDA:0,(anonymous_7)
FNDA:0,(anonymous_8)
FNDA:0,(anonymous_9)
FNDA:0,(anonymous_10)
FNDA:0,(anonymous_11)
DA:7,15
DA:10,15
DA:11,0
DA:12,0
DA:14,0
DA:17,0
DA:22,0
DA:23,0
DA:24,0
DA:26,0
DA:33,0
DA:39,0
DA:41,0
DA:42,0
DA:43,0
DA:58,0
DA:59,0
DA:62,0
DA:64,0
DA:70,0
DA:71,0
DA:84,0
DA:85,0
DA:91,0
DA:93,0
DA:101,0
DA:102,0
DA:103,0
DA:106,0
DA:107,0
DA:113,15
DA:114,0
DA:122,0
LF:33
LH:3
BRDA:23,0,0,0
BRDA:23,1,0,0
BRDA:23,1,1,0
BRDA:33,2,0,0
BRDA:33,2,1,0
BRDA:33,3,0,0
BRDA:33,3,1,0
BRDA:33,4,0,0
BRDA:33,4,1,0
BRDA:33,5,0,0
BRDA:33,5,1,0
BRDA:58,6,0,0
BRDA:58,7,0,0
BRDA:58,7,1,0
BRDA:58,8,0,0
BRDA:58,8,1,0
BRDA:59,9,0,0
BRDA:59,9,1,0
BRDA:59,10,0,0
BRDA:59,10,1,0
BRDA:91,11,0,0
BRDA:106,12,0,0
BRDA:11,13,0,0
BRF:23
BRH:0
end_of_record
TN:
SF:src/provider-utils/awscloudformation/service-walkthroughs/addLayerToFunctionWalkthrough.ts
FN:14,(anonymous_0)
FNF:1
FNH:1
FNDA:5,(anonymous_0)
DA:1,5
DA:3,5
DA:5,5
DA:14,5
DA:20,5
DA:21,5
DA:24,5
DA:25,1
DA:27,4
DA:29,4
DA:30,4
DA:32,4
DA:33,3
DA:36,4
DA:37,0
DA:38,0
DA:39,0
DA:40,0
DA:41,0
DA:45,4
DA:47,4
LF:21
LH:16
BRDA:17,0,0,4
BRDA:18,1,0,5
BRDA:24,2,0,1
BRDA:32,3,0,3
BRDA:36,4,0,0
BRDA:38,5,0,0
BRDA:39,6,0,0
BRDA:39,6,1,0
BRF:8
BRH:4
end_of_record
TN:
SF:src/provider-utils/awscloudformation/service-walkthroughs/autogeneratedParameters.ts
FN:8,(anonymous_0)
FNF:1
FNH:0
FNDA:0,(anonymous_0)
DA:1,4
DA:8,4
DA:9,0
DA:13,0
DA:15,0
LF:5
LH:2
BRF:0
BRH:0
end_of_record
TN:
SF:src/provider-utils/awscloudformation/service-walkthroughs/environmentVariableWalkthrough.ts
FN:10,(anonymous_1)
FN:53,(anonymous_2)
FN:63,(anonymous_3)
FN:102,(anonymous_4)
FN:111,(anonymous_5)
FN:134,(anonymous_6)
FN:152,(anonymous_7)
FN:179,(anonymous_8)
FN:192,(anonymous_9)
FNF:9
FNH:4
FNDA:1,(anonymous_1)
FNDA:1,(anonymous_2)
FNDA:2,(anonymous_3)
FNDA:1,(anonymous_4)
FNDA:0,(anonymous_5)
FNDA:0,(anonymous_6)
FNDA:0,(anonymous_7)
FNDA:0,(anonymous_8)
FNDA:0,(anonymous_9)
DA:1,5
DA:2,5
DA:3,5
DA:4,5
DA:10,5
DA:15,1
DA:16,1
DA:18,1
DA:19,1
DA:20,1
DA:24,1
DA:26,1
DA:30,1
DA:31,1
DA:34,0
DA:38,0
DA:39,0
DA:40,0
DA:43,0
DA:44,0
DA:45,0
DA:49,1
DA:51,1
DA:53,1
DA:63,5
DA:67,2
DA:68,1
DA:70,1
DA:99,1
DA:102,5
DA:106,1
DA:112,0
DA:113,0
DA:115,0
DA:116,0
DA:118,0
DA:128,1
DA:134,5
DA:138,0
DA:147,0
DA:153,0
DA:154,0
DA:156,0
DA:157,0
DA:159,0
DA:172,0
DA:179,5
DA:180,0
DA:189,0
DA:192,5
DA:193,0
DA:194,0
DA:196,0
LF:53
LH:28
BRDA:15,0,0,1
BRDA:20,1,0,0
BRDA:20,1,1,1
BRDA:24,2,0,1
BRDA:24,2,1,0
BRDA:24,2,2,0
BRDA:24,2,3,0
BRDA:67,3,0,1
BRDA:67,4,0,2
BRDA:67,4,1,1
BRDA:95,5,0,0
BRDA:95,5,1,1
BRDA:112,6,0,0
BRDA:115,7,0,0
BRDA:115,8,0,0
BRDA:115,8,1,0
BRDA:136,9,0,0
BRDA:153,10,0,0
BRDA:156,11,0,0
BRDA:156,12,0,0
BRDA:156,12,1,0
BRDA:156,12,2,0
BRDA:193,13,0,0
BRDA:193,14,0,0
BRDA:193,14,1,0
BRF:25
BRH:7
end_of_record
TN:
SF:src/provider-utils/awscloudformation/service-walkthroughs/execPermissionsWalkthrough.ts
FN:28,(anonymous_7)
FN:41,(anonymous_8)
FN:68,(anonymous_9)
FN:76,(anonymous_10)
FN:77,(anonymous_11)
FN:89,(anonymous_12)
FN:95,(anonymous_13)
FN:191,(anonymous_14)
FN:199,(anonymous_15)
FN:207,(anonymous_16)
FN:212,(anonymous_17)
FN:216,getResourcesForCfn
FN:243,(anonymous_19)
FN:269,generateEnvVariablesForCfn
FN:273,(anonymous_21)
FN:296,(anonymous_22)
FN:303,(anonymous_23)
FN:313,(anonymous_24)
FNF:18
FNH:13
FNDA:2,(anonymous_7)
FNDA:8,(anonymous_8)
FNDA:4,(anonymous_9)
FNDA:0,(anonymous_10)
FNDA:0,(anonymous_11)
FNDA:4,(anonymous_12)
FNDA:0,(anonymous_13)
FNDA:1,(anonymous_14)
FNDA:2,(anonymous_15)
FNDA:2,(anonymous_16)
FNDA:0,(anonymous_17)
FNDA:4,getResourcesForCfn
FNDA:6,(anonymous_19)
FNDA:4,generateEnvVariablesForCfn
FNDA:5,(anonymous_21)
FNDA:5,(anonymous_22)
FNDA:1,(anonymous_23)
FNDA:0,(anonymous_24)
DA:1,5
DA:3,5
DA:4,5
DA:5,5
DA:6,5
DA:7,5
DA:8,5
DA:16,5
DA:17,5
DA:18,5
DA:19,5
DA:28,5
DA:37,2
DA:39,2
DA:41,8
DA:45,2
DA:49,2
DA:50,0
DA:53,2
DA:54,2
DA:55,2
DA:57,2
DA:58,2
DA:59,2
DA:60,2
DA:61,2
DA:62,2
DA:64,2
DA:65,2
DA:68,4
DA:70,2
DA:71,0
DA:72,0
DA:73,0
DA:74,0
DA:75,0
DA:76,0
DA:77,0
DA:78,0
DA:80,2
DA:84,2
DA:85,2
DA:87,2
DA:88,2
DA:90,4
DA:94,0
DA:95,0
DA:100,2
DA:101,0
DA:102,0
DA:105,2
DA:106,2
DA:107,2
DA:109,1
DA:110,1
DA:111,1
DA:114,1
DA:117,2
DA:120,2
DA:122,2
DA:124,0
DA:125,0
DA:127,2
DA:128,2
DA:132,2
DA:133,2
DA:134,0
DA:135,0
DA:137,2
DA:138,2
DA:139,2
DA:140,2
DA:141,2
DA:148,2
DA:149,2
DA:150,2
DA:152,2
DA:153,2
DA:157,0
DA:158,0
DA:160,0
DA:174,2
DA:176,2
DA:191,5
DA:199,5
DA:207,5
DA:212,0
DA:216,5
DA:217,4
DA:218,0
DA:219,0
DA:220,0
DA:223,0
DA:233,4
DA:242,4
DA:244,6
DA:266,4
DA:269,5
DA:270,4
DA:271,4
DA:272,4
DA:273,4
DA:274,5
DA:282,5
DA:283,0
DA:284,0
DA:285,0
DA:287,0
DA:288,0
DA:292,0
DA:293,0
DA:296,5
DA:297,5
DA:298,5
DA:299,5
DA:300,5
DA:303,5
DA:304,5
DA:312,4
DA:313,2
DA:314,0
DA:318,4
DA:320,4
DA:321,4
DA:323,4
LF:125
LH:92
BRDA:41,0,0,8
BRDA:41,0,1,6
BRDA:49,1,0,0
BRDA:49,2,0,2
BRDA:49,2,1,0
BRDA:65,3,0,2
BRDA:65,3,1,0
BRDA:70,4,0,0
BRDA:70,4,1,2
BRDA:70,5,0,2
BRDA:70,5,1,0
BRDA:71,6,0,0
BRDA:80,7,0,2
BRDA:80,8,0,2
BRDA:80,8,1,2
BRDA:84,9,0,2
BRDA:84,9,1,0
BRDA:84,10,0,2
BRDA:84,10,1,2
BRDA:90,11,0,4
BRDA:90,11,1,3
BRDA:90,11,2,1
BRDA:95,12,0,0
BRDA:95,12,1,0
BRDA:100,13,0,0
BRDA:107,14,0,1
BRDA:107,14,1,1
BRDA:122,15,0,0
BRDA:122,15,1,2
BRDA:124,16,0,0
BRDA:124,16,1,0
BRDA:133,17,0,0
BRDA:133,17,1,2
BRDA:149,18,0,2
BRDA:157,19,0,0
BRDA:157,19,1,0
BRDA:212,20,0,0
BRDA:212,20,1,0
BRDA:217,21,0,0
BRDA:244,22,0,2
BRDA:244,22,1,4
BRDA:244,23,0,2
BRDA:244,23,1,4
BRDA:244,24,0,6
BRDA:244,24,1,6
BRDA:282,25,0,0
BRDA:303,26,0,5
BRDA:303,27,0,1
BRDA:303,27,1,1
BRDA:312,28,0,2
BRDA:320,29,0,4
BRF:51
BRH:31
end_of_record
TN:
SF:src/provider-utils/awscloudformation/service-walkthroughs/generalQuestionsWalkthrough.ts
FN:10,generalQuestionsWalkthrough
FN:14,generalQuestions
FN:26,(anonymous_3)
FN:38,settingsUpdateSelection
FNF:4
FNH:0
FNDA:0,generalQuestionsWalkthrough
FNDA:0,generalQuestions
FNDA:0,(anonymous_3)
FNDA:0,settingsUpdateSelection
DA:1,4
DA:2,4
DA:4,4
DA:10,4
DA:11,0
DA:15,0
DA:27,0
DA:31,0
DA:32,0
DA:38,4
DA:39,0
DA:45,0
LF:12
LH:5
BRF:0
BRH:0
end_of_record
TN:
SF:src/provider-utils/awscloudformation/service-walkthroughs/lambda-walkthrough.ts
FN:46,(anonymous_1)
FN:77,(anonymous_2)
FN:122,(anonymous_3)
FN:133,(anonymous_4)
FN:140,(anonymous_5)
FN:151,(anonymous_6)
FN:153,(anonymous_7)
FN:179,(anonymous_8)
FN:196,(anonymous_9)
FN:208,(anonymous_10)
FN:218,(anonymous_11)
FN:220,(anonymous_12)
FN:221,(anonymous_13)
FN:328,(anonymous_14)
FN:404,(anonymous_15)
FN:416,(anonymous_16)
FN:417,(anonymous_17)
FN:418,(anonymous_18)
FN:419,(anonymous_19)
FN:471,(anonymous_20)
FN:475,(anonymous_21)
FNF:21
FNH:2
FNDA:0,(anonymous_1)
FNDA:0,(anonymous_2)
FNDA:1,(anonymous_3)
FNDA:1,(anonymous_4)
FNDA:0,(anonymous_5)
FNDA:0,(anonymous_6)
FNDA:0,(anonymous_7)
FNDA:0,(anonymous_8)
FNDA:0,(anonymous_9)
FNDA:0,(anonymous_10)
FNDA:0,(anonymous_11)
FNDA:0,(anonymous_12)
FNDA:0,(anonymous_13)
FNDA:0,(anonymous_14)
FNDA:0,(anonymous_15)
FNDA:0,(anonymous_16)
FNDA:0,(anonymous_17)
FNDA:0,(anonymous_18)
FNDA:0,(anonymous_19)
FNDA:0,(anonymous_20)
FNDA:0,(anonymous_21)
DA:1,4
DA:3,4
DA:4,4
DA:5,4
DA:6,4
DA:7,4
DA:8,4
DA:19,4
DA:20,4
DA:21,4
DA:22,4
DA:23,4
DA:24,4
DA:25,4
DA:30,4
DA:31,4
DA:32,4
DA:33,4
DA:34,4
DA:35,4
DA:37,4
DA:38,4
DA:39,4
DA:40,4
DA:46,4
DA:51,0
DA:54,0
DA:55,0
DA:57,0
DA:58,0
DA:62,0
DA:63,0
DA:64,0
DA:68,0
DA:70,0
DA:71,0
DA:75,0
DA:76,0
DA:77,0
DA:78,0
DA:81,0
DA:82,0
DA:83,0
DA:90,0
DA:93,0
DA:96,0
DA:97,0
DA:99,0
DA:101,0
DA:102,0
DA:106,0
DA:115,0
DA:122,4
DA:123,1
DA:124,1
DA:125,1
DA:126,1
DA:133,4
DA:134,1
DA:135,1
DA:136,1
DA:137,1
DA:140,4
DA:142,0
DA:143,0
DA:144,0
DA:145,0
DA:148,0
DA:149,0
DA:150,0
DA:151,0
DA:152,0
DA:153,0
DA:154,0
DA:155,0
DA:156,0
DA:160,0
DA:162,0
DA:165,0
DA:167,0
DA:169,0
DA:170,0
DA:172,0
DA:173,0
DA:177,0
DA:178,0
DA:179,0
DA:180,0
DA:181,0
DA:183,0
DA:186,0
DA:188,0
DA:189,0
DA:193,0
DA:194,0
DA:195,0
DA:196,0
DA:197,0
DA:200,0
DA:202,0
DA:205,0
DA:206,0
DA:207,0
DA:208,0
DA:210,0
DA:212,0
DA:218,4
DA:219,0
DA:220,0
DA:221,0
DA:223,0
DA:224,0
DA:225,0
DA:228,0
DA:229,0
DA:230,0
DA:231,0
DA:234,0
DA:242,0
DA:246,0
DA:258,0
DA:259,0
DA:260,0
DA:261,0
DA:263,0
DA:264,0
DA:270,0
DA:273,0
DA:275,0
DA:276,0
DA:277,0
DA:278,0
DA:279,0
DA:283,0
DA:284,0
DA:288,0
DA:290,0
DA:291,0
DA:297,0
DA:300,0
DA:301,0
DA:314,0
DA:315,0
DA:316,0
DA:321,0
DA:322,0
DA:328,4
DA:329,0
DA:330,0
DA:331,0
DA:332,0
DA:333,0
DA:336,0
DA:337,0
DA:339,0
DA:344,0
DA:345,0
DA:347,0
DA:357,0
DA:359,0
DA:378,0
DA:380,0
DA:382,0
DA:401,0
DA:404,4
DA:410,0
DA:411,0
DA:412,0
DA:413,0
DA:415,0
DA:416,0
DA:417,0
DA:418,0
DA:420,0
DA:426,0
DA:434,0
DA:435,0
DA:453,0
DA:454,0
DA:456,0
DA:459,0
DA:467,0
DA:468,0
DA:471,4
DA:472,0
DA:473,0
DA:474,0
DA:475,0
DA:476,0
DA:477,0
DA:478,0
DA:479,0
DA:480,0
DA:487,0
DA:491,0
LF:195
LH:40
BRDA:54,0,0,0
BRDA:57,1,0,0
BRDA:62,2,0,0
BRDA:70,3,0,0
BRDA:81,4,0,0
BRDA:82,5,0,0
BRDA:96,6,0,0
BRDA:150,7,0,0
BRDA:150,7,1,0
BRDA:167,8,0,0
BRDA:167,8,1,0
BRDA:167,9,0,0
BRDA:167,9,1,0
BRDA:178,10,0,0
BRDA:178,10,1,0
BRDA:178,11,0,0
BRDA:178,11,1,0
BRDA:180,12,0,0
BRDA:180,12,1,0
BRDA:195,13,0,0
BRDA:195,13,1,0
BRDA:207,14,0,0
BRDA:207,14,1,0
BRDA:220,15,0,0
BRDA:220,15,1,0
BRDA:223,16,0,0
BRDA:228,17,0,0
BRDA:228,17,1,0
BRDA:229,18,0,0
BRDA:263,19,0,0
BRDA:263,19,1,0
BRDA:275,20,0,0
BRDA:277,21,0,0
BRDA:277,21,1,0
BRDA:283,22,0,0
BRDA:288,23,0,0
BRDA:290,24,0,0
BRDA:290,24,1,0
BRDA:300,25,0,0
BRDA:336,26,0,0
BRDA:344,27,0,0
BRDA:434,28,0,0
BRDA:453,29,0,0
BRDA:453,29,1,0
BRDA:477,30,0,0
BRDA:479,31,0,0
BRF:46
BRH:0
end_of_record
TN:
SF:src/provider-utils/awscloudformation/service-walkthroughs/lambdaLayerWalkthrough.ts
FN:23,createLayerWalkthrough
FN:37,(anonymous_2)
FN:64,updateLayerWalkthrough
FN:71,(anonymous_4)
FN:72,(anonymous_5)
FN:122,(anonymous_6)
FN:130,(anonymous_7)
FN:136,(anonymous_8)
FN:138,(anonymous_9)
FN:139,(anonymous_10)
FN:142,(anonymous_11)
FN:143,(anonymous_12)
FN:181,lambdaLayerNewVersionWalkthrough
FN:196,descriptionQuestion
FN:201,(anonymous_15)
FNF:15
FNH:0
FNDA:0,createLayerWalkthrough
FNDA:0,(anonymous_2)
FNDA:0,updateLayerWalkthrough
FNDA:0,(anonymous_4)
FNDA:0,(anonymous_5)
FNDA:0,(anonymous_6)
FNDA:0,(anonymous_7)
FNDA:0,(anonymous_8)
FNDA:0,(anonymous_9)
FNDA:0,(anonymous_10)
FNDA:0,(anonymous_11)
FNDA:0,(anonymous_12)
FNDA:0,lambdaLayerNewVersionWalkthrough
FNDA:0,descriptionQuestion
FNDA:0,(anonymous_15)
DA:1,16
DA:2,16
DA:3,16
DA:5,16
DA:6,16
DA:7,16
DA:8,16
DA:20,16
DA:21,16
DA:23,16
DA:27,0
DA:31,0
DA:32,0
DA:34,0
DA:37,0
DA:46,0
DA:47,0
DA:49,0
DA:50,0
DA:52,0
DA:53,0
DA:55,0
DA:56,0
DA:59,0
DA:60,0
DA:61,0
DA:64,16
DA:69,0
DA:70,0
DA:71,0
DA:72,0
DA:74,0
DA:75,0
DA:76,0
DA:77,0
DA:78,0
DA:81,0
DA:82,0
DA:83,0
DA:84,0
DA:86,0
DA:94,0
DA:95,0
DA:99,0
DA:102,0
DA:103,0
DA:106,0
DA:107,0
DA:109,0
DA:110,0
DA:111,0
DA:112,0
DA:116,0
DA:117,0
DA:118,0
DA:119,0
DA:120,0
DA:122,0
DA:124,0
DA:128,0
DA:129,0
DA:130,0
DA:131,0
DA:136,0
DA:137,0
DA:138,0
DA:139,0
DA:141,0
DA:142,0
DA:143,0
DA:146,0
DA:148,0
DA:149,0
DA:151,0
DA:152,0
DA:154,0
DA:155,0
DA:160,0
DA:163,0
DA:164,0
DA:165,0
DA:169,0
DA:172,0
DA:173,0
DA:176,0
DA:177,0
DA:178,0
DA:181,16
DA:182,0
DA:183,0
DA:184,0
DA:185,0
DA:187,0
DA:189,0
DA:197,0
DA:202,0
DA:203,0
DA:204,0
DA:207,0
LF:99
LH:12
BRDA:25,0,0,0
BRDA:42,1,0,0
BRDA:42,1,1,0
BRDA:42,2,0,0
BRDA:42,2,1,0
BRDA:42,3,0,0
BRDA:42,3,1,0
BRDA:42,4,0,0
BRDA:42,4,1,0
BRDA:50,5,0,0
BRDA:50,5,1,0
BRDA:74,6,0,0
BRDA:81,7,0,0
BRDA:81,7,1,0
BRDA:83,8,0,0
BRDA:83,8,1,0
BRDA:83,9,0,0
BRDA:83,9,1,0
BRDA:109,10,0,0
BRDA:116,11,0,0
BRDA:128,12,0,0
BRDA:149,13,0,0
BRDA:149,13,1,0
BRDA:163,14,0,0
BRDA:169,15,0,0
BRDA:169,15,1,0
BRDA:172,16,0,0
BRDA:172,17,0,0
BRDA:172,17,1,0
BRDA:184,18,0,0
BRDA:202,19,0,0
BRDA:203,20,0,0
BRF:32
BRH:0
end_of_record
TN:
SF:src/provider-utils/awscloudformation/service-walkthroughs/removeFunctionWalkthrough.ts
FN:7,removeResource
FN:17,(anonymous_2)
FN:34,getEnabledResources
FN:36,(anonymous_4)
FNF:4
FNH:0
FNDA:0,removeResource
FNDA:0,(anonymous_2)
FNDA:0,getEnabledResources
FNDA:0,(anonymous_4)
DA:1,0
DA:2,0
DA:3,0
DA:4,0
DA:7,0
DA:8,0
DA:10,0
DA:11,0
DA:16,0
DA:17,0
DA:18,0
DA:21,0
DA:29,0
DA:31,0
DA:35,0
DA:36,0
DA:37,0
DA:38,0
LF:18
LH:0
BRDA:10,0,0,0
BRDA:16,1,0,0
BRDA:39,2,0,0
BRDA:39,2,1,0
BRF:4
BRH:0
end_of_record
TN:
SF:src/provider-utils/awscloudformation/service-walkthroughs/removeLayerWalkthrough.ts
FN:15,removeWalkthrough
FN:36,(anonymous_8)
FN:37,(anonymous_9)
FN:45,(anonymous_10)
FN:56,(anonymous_11)
FN:66,(anonymous_12)
FN:86,warnLegacyRemoval
FN:92,(anonymous_14)
FN:110,deleteLayerVersionsWithSdk
FN:111,(anonymous_16)
FN:125,disablePinnedVersions
FN:130,(anonymous_18)
FN:135,(anonymous_19)
FN:149,(anonymous_20)
FN:155,(anonymous_21)
FN:156,(anonymous_22)
FNF:16
FNH:14
FNDA:5,removeWalkthrough
FNDA:8,(anonymous_8)
FNDA:8,(anonymous_9)
FNDA:6,(anonymous_10)
FNDA:3,(anonymous_11)
FNDA:3,(anonymous_12)
FNDA:3,warnLegacyRemoval
FNDA:3,(anonymous_14)
FNDA:2,deleteLayerVersionsWithSdk
FNDA:2,(anonymous_16)
FNDA:5,disablePinnedVersions
FNDA:0,(anonymous_18)
FNDA:0,(anonymous_19)
FNDA:5,(anonymous_20)
FNDA:14,(anonymous_21)
FNDA:13,(anonymous_22)
DA:1,1
DA:2,1
DA:3,1
DA:4,1
DA:5,1
DA:6,1
DA:7,1
DA:8,1
DA:10,1
DA:11,1
DA:13,1
DA:15,1
DA:16,5
DA:17,5
DA:20,5
DA:21,0
DA:25,5
DA:26,5
DA:28,5
DA:29,5
DA:32,5
DA:33,1
DA:36,8
DA:37,8
DA:40,4
DA:41,1
DA:44,3
DA:45,3
DA:46,6
DA:49,3
DA:50,3
DA:52,3
DA:53,2
DA:56,3
DA:61,3
DA:62,3
DA:63,2
DA:64,2
DA:66,3
DA:72,3
DA:73,3
DA:80,3
DA:83,0
DA:91,3
DA:92,3
DA:94,3
DA:95,1
DA:100,2
DA:101,1
DA:102,1
DA:103,1
DA:106,3
DA:107,3
DA:111,2
DA:112,2
DA:113,2
DA:114,2
DA:115,2
DA:116,2
DA:118,0
DA:119,0
DA:121,2
DA:130,5
DA:131,0
DA:135,0
DA:136,0
DA:137,0
DA:138,0
DA:139,0
DA:140,0
DA:141,0
DA:149,5
DA:155,14
DA:156,13
LF:74
LH:62
BRDA:20,0,0,0
BRDA:32,1,0,1
BRDA:40,2,0,1
BRDA:40,3,0,4
BRDA:40,3,1,1
BRDA:46,4,0,6
BRDA:46,4,1,6
BRDA:52,5,0,2
BRDA:61,6,0,3
BRDA:62,7,0,2
BRDA:94,8,0,1
BRDA:94,8,1,2
BRDA:94,9,0,3
BRDA:94,9,1,2
BRDA:100,10,0,1
BRDA:100,10,1,1
BRDA:102,11,0,1
BRDA:136,12,0,0
BRDA:136,13,0,0
BRDA:136,13,1,0
BRDA:138,14,0,0
BRDA:139,15,0,0
BRDA:139,15,1,0
BRDA:158,16,0,0
BRDA:158,16,1,13
BRDA:158,17,0,13
BRDA:158,17,1,0
BRDA:160,18,0,0
BRDA:160,18,1,0
BRF:29
BRH:18
end_of_record
TN:
SF:src/provider-utils/awscloudformation/service-walkthroughs/scheduleWalkthrough.ts
FN:13,scheduleWalkthrough
FN:81,cronServiceWalkthrough
FN:150,replaceAt
FN:154,ValidCronExpression
FN:155,(anonymous_5)
FN:160,isValidCronExpression
FNF:6
FNH:1
FNDA:0,scheduleWalkthrough
FNDA:0,cronServiceWalkthrough
FNDA:0,replaceAt
FNDA:0,ValidCronExpression
FNDA:0,(anonymous_5)
FNDA:81,isValidCronExpression
DA:1,5
DA:2,5
DA:3,5
DA:5,5
DA:6,5
DA:7,5
DA:8,5
DA:10,5
DA:11,5
DA:13,5
DA:18,0
DA:19,0
DA:20,0
DA:21,0
DA:22,0
DA:23,0
DA:24,0
DA:25,0
DA:26,0
DA:27,0
DA:28,0
DA:30,0
DA:31,0
DA:32,0
DA:35,0
DA:39,0
DA:40,0
DA:41,0
DA:57,0
DA:58,0
DA:61,0
DA:62,0
DA:63,0
DA:66,0
DA:67,0
DA:68,0
DA:69,0
DA:70,0
DA:73,0
DA:76,0
DA:81,5
DA:84,0
DA:90,0
DA:91,0
DA:93,0
DA:94,0
DA:97,0
DA:98,0
DA:101,0
DA:102,0
DA:103,0
DA:104,0
DA:105,0
DA:108,0
DA:109,0
DA:110,0
DA:111,0
DA:112,0
DA:113,0
DA:116,0
DA:117,0
DA:118,0
DA:119,0
DA:120,0
DA:121,0
DA:124,0
DA:125,0
DA:126,0
DA:127,0
DA:128,0
DA:130,0
DA:133,0
DA:141,0
DA:142,0
DA:144,0
DA:147,0
DA:151,0
DA:155,0
DA:156,0
DA:160,5
DA:161,81
DA:162,81
DA:163,24
DA:165,57
LF:84
LH:16
BRDA:16,0,0,0
BRDA:23,1,0,0
BRDA:23,1,1,0
BRDA:23,2,0,0
BRDA:23,2,1,0
BRDA:24,3,0,0
BRDA:28,4,0,0
BRDA:39,5,0,0
BRDA:58,6,0,0
BRDA:58,6,1,0
BRDA:91,7,0,0
BRDA:91,7,1,0
BRDA:91,7,2,0
BRDA:91,7,3,0
BRDA:91,7,4,0
BRDA:91,7,5,0
BRDA:91,7,6,0
BRDA:156,8,0,0
BRDA:156,8,1,0
BRF:19
BRH:0
end_of_record
TN:
SF:src/provider-utils/awscloudformation/service-walkthroughs/secretValuesWalkthrough.ts
FN:20,(anonymous_1)
FN:47,(anonymous_2)
FN:64,(anonymous_3)
FN:83,(anonymous_4)
FN:89,(anonymous_5)
FN:95,(anonymous_6)
FN:97,(anonymous_7)
FN:106,(anonymous_8)
FN:125,(anonymous_9)
FN:132,(anonymous_10)
FN:137,(anonymous_11)
FN:154,(anonymous_12)
FN:154,(anonymous_13)
FN:167,(anonymous_14)
FN:177,(anonymous_15)
FN:179,(anonymous_16)
FN:186,(anonymous_17)
FN:196,(anonymous_18)
FN:206,(anonymous_19)
FN:216,(anonymous_20)
FNF:20
FNH:1
FNDA:0,(anonymous_1)
FNDA:0,(anonymous_2)
FNDA:0,(anonymous_3)
FNDA:0,(anonymous_4)
FNDA:0,(anonymous_5)
FNDA:0,(anonymous_6)
FNDA:0,(anonymous_7)
FNDA:0,(anonymous_8)
FNDA:0,(anonymous_9)
FNDA:0,(anonymous_10)
FNDA:0,(anonymous_11)
FNDA:0,(anonymous_12)
FNDA:0,(anonymous_13)
FNDA:0,(anonymous_14)
FNDA:0,(anonymous_15)
FNDA:2,(anonymous_16)
FNDA:0,(anonymous_17)
FNDA:0,(anonymous_18)
FNDA:0,(anonymous_19)
FNDA:0,(anonymous_20)
DA:6,17
DA:7,17
DA:8,17
DA:9,17
DA:11,17
DA:20,17
DA:25,0
DA:26,0
DA:27,0
DA:29,0
DA:30,0
DA:31,0
DA:35,0
DA:36,0
DA:38,0
DA:47,17
DA:48,0
DA:49,0
DA:50,0
DA:53,0
DA:55,0
DA:64,17
DA:68,0
DA:69,0
DA:70,0
DA:73,0
DA:74,0
DA:75,0
DA:78,0
DA:83,17
DA:84,0
DA:85,0
DA:86,0
DA:89,17
DA:90,0
DA:91,0
DA:92,0
DA:95,17
DA:96,0
DA:97,0
DA:100,17
DA:106,17
DA:107,0
DA:125,17
DA:126,0
DA:132,0
DA:137,17
DA:138,0
DA:139,0
DA:142,0
DA:152,17
DA:154,17
DA:155,0
DA:156,0
DA:158,0
DA:159,0
DA:161,0
DA:162,0
DA:164,0
DA:167,17
DA:168,0
DA:177,17
DA:179,17
DA:180,2
DA:181,2
DA:183,0
DA:186,17
DA:187,0
DA:196,17
DA:197,0
DA:206,17
DA:207,0
DA:216,17
DA:217,0
DA:218,0
DA:221,0
LF:76
LH:26
BRDA:22,0,0,0
BRDA:23,1,0,0
BRDA:26,2,0,0
BRDA:65,3,0,0
BRDA:66,4,0,0
BRDA:68,5,0,0
BRDA:68,5,1,0
BRDA:69,6,0,0
BRDA:83,7,0,0
BRDA:137,8,0,0
BRDA:138,9,0,0
BRDA:155,10,0,0
BRDA:155,11,0,0
BRDA:155,11,1,0
BRDA:155,11,2,0
BRDA:158,12,0,0
BRDA:161,13,0,0
BRDA:180,14,0,2
BRDA:180,15,0,2
BRDA:180,15,1,2
BRDA:180,15,2,1
BRDA:217,16,0,0
BRDA:217,17,0,0
BRDA:217,17,1,0
BRDA:246,18,0,0
BRDA:246,18,1,0
BRF:26
BRH:4
end_of_record
TN:
SF:src/provider-utils/awscloudformation/utils/addLayerToFunctionUtils.ts
FN:22,(anonymous_1)
FN:23,(anonymous_2)
FN:35,(anonymous_3)
FN:46,(anonymous_4)
FN:47,(anonymous_5)
FN:63,(anonymous_6)
FN:64,(anonymous_7)
FN:71,(anonymous_8)
FN:80,(anonymous_9)
FN:84,(anonymous_10)
FN:102,(anonymous_11)
FN:109,(anonymous_12)
FN:153,(anonymous_13)
FN:162,(anonymous_14)
FN:165,(anonymous_15)
FN:173,(anonymous_16)
FN:178,(anonymous_17)
FN:182,(anonymous_18)
FN:185,(anonymous_19)
FN:196,(anonymous_20)
FN:203,(anonymous_21)
FN:205,(anonymous_22)
FN:211,(anonymous_23)
FN:212,(anonymous_24)
FN:212,(anonymous_25)
FN:215,(anonymous_26)
FN:216,(anonymous_27)
FN:219,(anonymous_28)
FN:220,(anonymous_29)
FN:223,(anonymous_30)
FN:226,(anonymous_31)
FN:227,(anonymous_32)
FN:231,(anonymous_33)
FN:232,(anonymous_34)
FNF:34
FNH:26
FNDA:1,(anonymous_1)
FNDA:2,(anonymous_2)
FNDA:4,(anonymous_3)
FNDA:3,(anonymous_4)
FNDA:3,(anonymous_5)
FNDA:1,(anonymous_6)
FNDA:3,(anonymous_7)
FNDA:1,(anonymous_8)
FNDA:0,(anonymous_9)
FNDA:3,(anonymous_10)
FNDA:0,(anonymous_11)
FNDA:0,(anonymous_12)
FNDA:2,(anonymous_13)
FNDA:1,(anonymous_14)
FNDA:2,(anonymous_15)
FNDA:3,(anonymous_16)
FNDA:2,(anonymous_17)
FNDA:1,(anonymous_18)
FNDA:2,(anonymous_19)
FNDA:6,(anonymous_20)
FNDA:6,(anonymous_21)
FNDA:12,(anonymous_22)
FNDA:3,(anonymous_23)
FNDA:3,(anonymous_24)
FNDA:3,(anonymous_25)
FNDA:4,(anonymous_26)
FNDA:1,(anonymous_27)
FNDA:2,(anonymous_28)
FNDA:2,(anonymous_29)
FNDA:0,(anonymous_30)
FNDA:0,(anonymous_31)
FNDA:0,(anonymous_32)
FNDA:0,(anonymous_33)
FNDA:0,(anonymous_34)
DA:9,6
DA:10,6
DA:11,6
DA:12,6
DA:14,6
DA:15,6
DA:16,6
DA:17,6
DA:19,6
DA:20,6
DA:21,6
DA:22,6
DA:23,6
DA:24,6
DA:25,6
DA:35,6
DA:41,4
DA:42,4
DA:44,4
DA:45,4
DA:46,3
DA:50,3
DA:51,3
DA:54,4
DA:55,1
DA:62,3
DA:63,3
DA:64,3
DA:69,3
DA:71,1
DA:75,3
DA:80,0
DA:82,3
DA:83,3
DA:84,3
DA:86,3
DA:87,1
DA:88,1
DA:89,1
DA:91,1
DA:100,1
DA:101,1
DA:102,1
DA:106,1
DA:107,1
DA:109,0
DA:112,0
DA:117,1
DA:121,1
DA:123,1
DA:125,1
DA:126,1
DA:128,0
DA:129,0
DA:132,1
DA:134,1
DA:141,3
DA:153,6
DA:154,2
DA:162,1
DA:165,2
DA:173,6
DA:174,3
DA:175,1
DA:178,2
DA:179,2
DA:180,2
DA:182,1
DA:183,1
DA:185,2
DA:187,2
DA:188,2
DA:192,2
DA:196,6
DA:199,2
DA:202,2
DA:203,2
DA:204,6
DA:205,12
DA:208,2
DA:211,6
DA:212,3
DA:215,6
DA:216,4
DA:219,6
DA:220,2
DA:223,6
DA:224,0
DA:226,0
DA:227,0
DA:231,6
DA:232,0
DA:233,0
LF:93
LH:83
BRDA:39,0,0,0
BRDA:44,1,0,4
BRDA:44,1,1,1
BRDA:50,2,0,3
BRDA:50,2,1,0
BRDA:51,3,0,3
BRDA:51,3,1,3
BRDA:51,3,2,3
BRDA:54,4,0,1
BRDA:67,5,0,3
BRDA:67,5,1,0
BRDA:80,6,0,0
BRDA:80,6,1,0
BRDA:100,7,0,1
BRDA:100,7,1,0
BRDA:106,8,0,1
BRDA:106,8,1,0
BRDA:106,9,0,1
BRDA:106,9,1,0
BRDA:112,10,0,0
BRDA:112,10,1,0
BRDA:123,11,0,0
BRDA:123,11,1,1
BRDA:153,12,0,0
BRDA:161,13,0,2
BRDA:161,13,1,1
BRDA:173,14,0,2
BRDA:174,15,0,1
BRDA:180,16,0,1
BRDA:180,16,1,1
BRDA:182,17,0,1
BRDA:182,17,1,1
BRDA:185,18,0,2
BRDA:185,18,1,1
BRDA:187,19,0,2
BRDA:196,20,0,2
BRDA:196,20,1,4
BRDA:205,21,0,5
BRDA:205,21,1,7
BRDA:233,22,0,0
BRDA:233,22,1,0
BRF:41
BRH:27
end_of_record
TN:
SF:src/provider-utils/awscloudformation/utils/appSyncHelper.ts
FN:3,getAppSyncResourceName
FN:6,(anonymous_1)
FNF:2
FNH:1
FNDA:2,getAppSyncResourceName
FNDA:0,(anonymous_1)
DA:1,20
DA:3,20
DA:4,2
DA:6,2
DA:7,2
LF:5
LH:5
BRDA:6,0,0,0
BRDA:6,0,1,2
BRF:2
BRH:1
end_of_record
TN:
SF:src/provider-utils/awscloudformation/utils/build.ts
FN:6,(anonymous_0)
FN:15,(anonymous_1)
FNF:2
FNH:0
FNDA:0,(anonymous_0)
FNDA:0,(anonymous_1)
DA:2,2
DA:3,2
DA:6,2
DA:8,0
DA:9,0
DA:11,0
DA:15,2
LF:7
LH:4
BRDA:8,0,0,0
BRDA:8,1,0,0
BRDA:8,1,1,0
BRDA:15,2,0,0
BRDA:15,2,1,0
BRF:5
BRH:0
end_of_record
TN:
SF:src/provider-utils/awscloudformation/utils/buildFunction.ts
FN:6,(anonymous_0)
FNF:1
FNH:1
FNDA:4,(anonymous_0)
DA:1,2
DA:2,2
DA:3,2
DA:4,2
DA:6,2
DA:10,4
DA:12,4
DA:17,4
DA:18,4
DA:19,0
DA:20,0
DA:23,4
DA:26,4
DA:27,4
DA:29,0
DA:31,4
DA:42,4
DA:44,4
DA:45,3
DA:46,3
DA:48,1
DA:59,2
LF:22
LH:19
BRDA:8,0,0,3
BRDA:18,1,0,0
BRDA:19,2,0,0
BRDA:19,2,1,0
BRDA:23,3,0,0
BRDA:23,3,1,4
BRDA:27,4,0,0
BRDA:27,4,1,4
BRDA:27,5,0,4
BRDA:27,5,1,0
BRDA:44,6,0,3
BRDA:44,6,1,1
BRF:12
BRH:6
end_of_record
TN:
SF:src/provider-utils/awscloudformation/utils/buildLayer.ts
FN:9,(anonymous_6)
FNF:1
FNH:1
FNDA:3,(anonymous_6)
DA:1,3
DA:2,3
DA:3,3
DA:4,3
DA:7,3
DA:9,3
DA:10,3
DA:11,3
DA:13,3
DA:14,3
DA:16,3
DA:17,3
DA:19,3
DA:24,3
DA:25,3
DA:26,0
DA:27,0
DA:30,3
DA:33,3
DA:44,3
DA:47,3
DA:48,2
DA:49,2
DA:51,1
LF:24
LH:22
BRDA:25,0,0,0
BRDA:26,1,0,0
BRDA:26,1,1,0
BRDA:30,2,0,0
BRDA:30,2,1,3
BRDA:47,3,0,2
BRDA:47,3,1,1
BRF:7
BRH:3
end_of_record
TN:
SF:src/provider-utils/awscloudformation/utils/cloudformationHelpers.ts
FN:8,(anonymous_6)
FN:11,(anonymous_7)
FN:16,(anonymous_8)
FN:19,getNewCFNEnvVariables
FN:26,(anonymous_10)
FN:27,(anonymous_11)
FN:35,(anonymous_12)
FN:36,(anonymous_13)
FN:46,(anonymous_14)
FN:52,(anonymous_15)
FN:53,(anonymous_16)
FN:54,(anonymous_17)
FN:67,(anonymous_18)
FN:76,(anonymous_19)
FN:85,getNewCFNParameters
FN:92,(anonymous_21)
FN:93,(anonymous_22)
FN:101,(anonymous_23)
FN:102,(anonymous_24)
FN:113,(anonymous_25)
FN:121,(anonymous_26)
FN:129,(anonymous_27)
FN:138,getIAMPolicies
FN:142,(anonymous_29)
FN:191,constructCFModelTableArnComponent
FN:203,constructCFModelTableNameComponent
FN:212,constructCloudWatchEventComponent
FN:260,apiResourceAddCheck
FN:261,(anonymous_34)
FN:267,mapModelNameToTableName
FNF:30
FNH:0
FNDA:0,(anonymous_6)
FNDA:0,(anonymous_7)
FNDA:0,(anonymous_8)
FNDA:0,getNewCFNEnvVariables
FNDA:0,(anonymous_10)
FNDA:0,(anonymous_11)
FNDA:0,(anonymous_12)
FNDA:0,(anonymous_13)
FNDA:0,(anonymous_14)
FNDA:0,(anonymous_15)
FNDA:0,(anonymous_16)
FNDA:0,(anonymous_17)
FNDA:0,(anonymous_18)
FNDA:0,(anonymous_19)
FNDA:0,getNewCFNParameters
FNDA:0,(anonymous_21)
FNDA:0,(anonymous_22)
FNDA:0,(anonymous_23)
FNDA:0,(anonymous_24)
FNDA:0,(anonymous_25)
FNDA:0,(anonymous_26)
FNDA:0,(anonymous_27)
FNDA:0,getIAMPolicies
FNDA:0,(anonymous_29)
FNDA:0,constructCFModelTableArnComponent
FNDA:0,constructCFModelTableNameComponent
FNDA:0,constructCloudWatchEventComponent
FNDA:0,apiResourceAddCheck
FNDA:0,(anonymous_34)
FNDA:0,mapModelNameToTableName
DA:1,19
DA:2,19
DA:3,19
DA:4,19
DA:5,19
DA:6,19
DA:8,19
DA:9,0
DA:11,19
DA:12,0
DA:13,0
DA:16,19
DA:17,0
DA:19,19
DA:20,0
DA:21,0
DA:22,0
DA:23,0
DA:25,0
DA:26,0
DA:27,0
DA:28,0
DA:29,0
DA:34,0
DA:35,0
DA:36,0
DA:37,0
DA:42,0
DA:43,0
DA:46,0
DA:47,0
DA:48,0
DA:52,0
DA:53,0
DA:54,0
DA:55,0
DA:56,0
DA:57,0
DA:60,0
DA:61,0
DA:62,0
DA:63,0
DA:66,0
DA:67,0
DA:68,0
DA:69,0
DA:70,0
DA:71,0
DA:76,0
DA:77,0
DA:80,0
DA:82,0
DA:85,19
DA:86,0
DA:87,0
DA:88,0
DA:90,0
DA:91,0
DA:92,0
DA:93,0
DA:94,0
DA:95,0
DA:100,0
DA:101,0
DA:102,0
DA:103,0
DA:109,0
DA:110,0
DA:113,0
DA:114,0
DA:115,0
DA:119,0
DA:121,0
DA:122,0
DA:123,0
DA:124,0
DA:125,0
DA:129,0
DA:130,0
DA:133,0
DA:135,0
DA:138,19
DA:139,0
DA:140,0
DA:142,0
DA:143,0
DA:145,0
DA:146,0
DA:148,0
DA:149,0
DA:151,0
DA:152,0
DA:154,0
DA:155,0
DA:157,0
DA:161,0
DA:185,0
DA:187,0
DA:191,19
DA:192,0
DA:203,19
DA:204,0
DA:205,0
DA:212,19
DA:213,0
DA:232,0
DA:244,0
DA:251,0
DA:252,0
DA:261,0
DA:262,0
DA:263,0
DA:268,0
DA:269,0
DA:270,0
DA:271,0
LF:116
LH:15
BRDA:25,0,0,0
BRDA:34,1,0,0
BRDA:42,2,0,0
BRDA:47,3,0,0
BRDA:69,4,0,0
BRDA:91,5,0,0
BRDA:100,6,0,0
BRDA:109,7,0,0
BRDA:114,8,0,0
BRDA:123,9,0,0
BRDA:143,10,0,0
BRDA:143,10,1,0
BRDA:143,10,2,0
BRDA:143,10,3,0
BRDA:143,10,4,0
BRDA:251,11,0,0
BRDA:261,12,0,0
BRDA:261,12,1,0
BRDA:262,13,0,0
BRDA:263,14,0,0
BRDA:263,14,1,0
BRF:21
BRH:0
end_of_record
TN:
SF:src/provider-utils/awscloudformation/utils/consolidateDependsOn.ts
FN:5,(anonymous_0)
FN:16,(anonymous_1)
FN:23,(anonymous_2)
FNF:3
FNH:3
FNDA:5,(anonymous_0)
FNDA:6,(anonymous_1)
FNDA:7,(anonymous_2)
DA:3,5
DA:5,5
DA:12,5
DA:13,5
DA:15,2
DA:16,6
DA:18,2
DA:20,5
DA:22,3
DA:23,7
DA:25,3
DA:27,5
LF:12
LH:12
BRDA:12,0,0,5
BRDA:12,0,1,0
BRDA:12,1,0,5
BRDA:12,1,1,5
BRDA:12,2,0,0
BRDA:12,2,1,5
BRDA:12,3,0,5
BRDA:12,3,1,5
BRDA:12,4,0,0
BRDA:12,4,1,5
BRDA:12,5,0,5
BRDA:12,5,1,5
BRDA:12,6,0,0
BRDA:12,6,1,5
BRDA:12,7,0,5
BRDA:12,7,1,5
BRDA:13,8,0,2
BRDA:16,9,0,2
BRDA:16,9,1,4
BRDA:16,10,0,6
BRDA:16,10,1,6
BRDA:16,11,0,0
BRDA:16,11,1,6
BRDA:16,12,0,6
BRDA:16,12,1,6
BRDA:16,13,0,0
BRDA:16,13,1,6
BRDA:16,14,0,6
BRDA:16,14,1,6
BRDA:20,15,0,3
BRDA:23,16,0,3
BRDA:23,16,1,4
BRDA:23,17,0,7
BRDA:23,17,1,7
BRDA:23,18,0,0
BRDA:23,18,1,7
BRDA:23,19,0,7
BRDA:23,19,1,7
BRDA:23,20,0,0
BRDA:23,20,1,7
BRDA:23,21,0,7
BRDA:23,21,1,7
BRF:42
BRH:34
end_of_record
TN:
SF:src/provider-utils/awscloudformation/utils/constants.ts
FN:22,(anonymous_0)
FN:28,(anonymous_1)
FN:33,(anonymous_2)
FN:43,(anonymous_3)
FNF:4
FNH:4
FNDA:34,(anonymous_0)
FNDA:34,(anonymous_1)
FNDA:34,(anonymous_2)
FNDA:34,(anonymous_3)
DA:1,34
DA:2,34
DA:3,34
DA:4,34
DA:5,34
DA:6,34
DA:7,34
DA:8,34
DA:9,34
DA:10,34
DA:11,34
DA:12,34
DA:13,34
DA:14,34
DA:15,34
DA:16,34
DA:17,34
DA:18,34
DA:20,34
DA:22,34
DA:23,34
DA:24,34
DA:26,34
DA:28,34
DA:29,34
DA:30,34
DA:33,34
DA:34,34
DA:35,34
DA:36,34
DA:37,34
DA:38,34
DA:39,34
DA:40,34
DA:43,34
DA:44,34
DA:45,34
DA:48,34
LF:38
LH:38
BRDA:22,0,0,34
BRDA:22,0,1,34
BRDA:28,1,0,34
BRDA:28,1,1,34
BRDA:33,2,0,34
BRDA:33,2,1,34
BRDA:43,3,0,34
BRDA:43,3,1,34
BRF:8
BRH:8
end_of_record
TN:
SF:src/provider-utils/awscloudformation/utils/convertLayersTypes.ts
FN:10,(anonymous_0)
FN:12,(anonymous_1)
FN:40,(anonymous_2)
FN:42,(anonymous_3)
FNF:4
FNH:4
FNDA:2,(anonymous_0)
FNDA:6,(anonymous_1)
FNDA:2,(anonymous_2)
FNDA:7,(anonymous_3)
DA:2,3
DA:3,3
DA:4,3
DA:6,3
DA:10,3
DA:11,2
DA:12,2
DA:13,6
DA:14,5
DA:15,1
DA:19,1
DA:21,4
DA:22,4
DA:29,4
DA:33,2
DA:40,3
DA:41,2
DA:42,2
DA:43,7
DA:44,6
DA:45,6
DA:46,6
DA:47,6
DA:48,6
DA:49,6
DA:50,2
DA:52,4
DA:62,2
LF:28
LH:28
BRDA:13,0,0,5
BRDA:14,1,0,1
BRDA:14,1,1,4
BRDA:14,2,0,5
BRDA:14,2,1,3
BRDA:43,3,0,6
BRDA:43,4,0,7
BRDA:43,4,1,6
BRDA:49,5,0,2
BRDA:49,5,1,4
BRF:10
BRH:10
end_of_record
TN:
SF:src/provider-utils/awscloudformation/utils/cronBuilder.ts
FN:8,(anonymous_0)
FN:37,(anonymous_1)
FN:48,(anonymous_2)
FN:22,(anonymous_3)
FNF:4
FNH:0
FNDA:0,(anonymous_0)
FNDA:0,(anonymous_1)
FNDA:0,(anonymous_2)
FNDA:0,(anonymous_3)
DA:1,5
DA:6,5
DA:9,0
DA:23,0
DA:37,0
DA:38,0
DA:48,0
DA:49,0
DA:50,0
DA:52,0
DA:53,0
LF:11
LH:2
BRDA:49,0,0,0
BRF:1
BRH:0
end_of_record
TN:
SF:src/provider-utils/awscloudformation/utils/cronExpression.ts
FN:60,(anonymous_0)
FN:68,(anonymous_1)
FN:98,(anonymous_2)
FN:171,(anonymous_3)
FN:337,(anonymous_4)
FN:345,(anonymous_5)
FN:355,(anonymous_6)
FN:364,(anonymous_7)
FN:455,(anonymous_8)
FN:476,(anonymous_9)
FN:492,(anonymous_10)
FN:498,(anonymous_11)
FN:504,(anonymous_12)
FN:628,(anonymous_13)
FNF:14
FNH:14
FNDA:81,(anonymous_0)
FNDA:81,(anonymous_1)
FNDA:167,(anonymous_2)
FNDA:858,(anonymous_3)
FNDA:858,(anonymous_4)
FNDA:20,(anonymous_5)
FNDA:27,(anonymous_6)
FNDA:735,(anonymous_7)
FNDA:795,(anonymous_8)
FNDA:401,(anonymous_9)
FNDA:20,(anonymous_10)
FNDA:20,(anonymous_11)
FNDA:413,(anonymous_12)
FNDA:86,(anonymous_13)
DA:5,5
DA:6,5
DA:7,5
DA:8,5
DA:9,5
DA:10,5
DA:11,5
DA:12,5
DA:13,5
DA:14,5
DA:15,5
DA:16,5
DA:18,5
DA:19,5
DA:20,5
DA:21,5
DA:22,5
DA:23,5
DA:24,5
DA:25,5
DA:26,5
DA:27,5
DA:28,5
DA:29,5
DA:31,5
DA:32,5
DA:33,5
DA:34,5
DA:35,5
DA:36,5
DA:37,5
DA:39,5
DA:40,81
DA:41,81
DA:42,81
DA:43,81
DA:44,81
DA:45,81
DA:46,81
DA:47,81
DA:48,81
DA:49,81
DA:50,81
DA:51,81
DA:52,81
DA:54,81
DA:55,81
DA:56,81
DA:57,81
DA:58,81
DA:61,81
DA:62,0
DA:64,81
DA:65,81
DA:68,81
DA:69,81
DA:70,81
DA:72,81
DA:73,5
DA:77,81
DA:78,81
DA:79,81
DA:81,81
DA:82,19
DA:84,62
DA:86,57
DA:88,5
DA:89,5
DA:93,24
DA:94,0
DA:98,81
DA:99,167
DA:100,167
DA:101,167
DA:102,0
DA:104,167
DA:105,0
DA:107,167
DA:108,0
DA:110,167
DA:111,0
DA:113,167
DA:114,0
DA:116,167
DA:117,0
DA:119,167
DA:120,0
DA:123,167
DA:125,167
DA:126,167
DA:127,167
DA:128,805
DA:129,805
DA:130,805
DA:131,805
DA:132,805
DA:133,851
DA:134,851
DA:135,851
DA:137,713
DA:139,667
DA:141,667
DA:144,29
DA:145,0
DA:148,29
DA:149,7
DA:151,29
DA:153,29
DA:156,29
DA:157,29
DA:159,29
DA:161,18
DA:164,0
DA:167,138
DA:171,81
DA:172,858
DA:173,858
DA:174,858
DA:175,0
DA:177,858
DA:178,858
DA:179,64
DA:180,64
DA:181,64
DA:182,64
DA:183,16
DA:184,16
DA:185,9
DA:187,7
DA:188,4
DA:189,4
DA:190,4
DA:191,4
DA:192,4
DA:193,4
DA:194,2
DA:198,48
DA:199,24
DA:200,24
DA:201,8
DA:203,16
DA:204,12
DA:205,12
DA:206,3
DA:207,3
DA:208,3
DA:209,3
DA:210,1
DA:212,2
DA:213,0
DA:215,9
DA:216,8
DA:217,8
DA:218,8
DA:219,8
DA:220,1
DA:223,1
DA:225,1
DA:226,1
DA:227,1
DA:231,24
DA:233,19
DA:234,4
DA:236,19
DA:237,19
DA:240,794
DA:241,86
DA:242,86
DA:243,2
DA:245,84
DA:246,42
DA:248,42
DA:249,11
DA:250,11
DA:251,0
DA:255,42
DA:256,42
DA:259,708
DA:260,122
DA:261,93
DA:262,93
DA:263,29
DA:264,9
DA:265,20
DA:266,0
DA:268,20
DA:269,20
DA:271,20
DA:272,20
DA:273,0
DA:276,20
DA:278,20
DA:279,20
DA:280,8
DA:282,20
DA:283,1
DA:284,19
DA:285,2
DA:286,17
DA:287,1
DA:288,16
DA:289,2
DA:290,14
DA:291,2
DA:294,0
DA:297,12
DA:298,12
DA:299,586
DA:300,5
DA:301,5
DA:302,2
DA:304,5
DA:305,1
DA:307,5
DA:308,1
DA:309,1
DA:310,1
DA:311,1
DA:314,5
DA:315,581
DA:316,572
DA:317,572
DA:318,572
DA:319,159
DA:321,413
DA:322,413
DA:323,365
DA:324,365
DA:325,365
DA:327,413
DA:328,395
DA:331,9
DA:334,154
DA:337,81
DA:338,858
DA:342,858
DA:345,81
DA:346,20
DA:348,20
DA:349,11
DA:352,9
DA:355,81
DA:356,27
DA:358,27
DA:359,9
DA:362,18
DA:364,81
DA:365,735
DA:367,735
DA:368,332
DA:369,3
DA:371,403
DA:372,143
DA:373,6
DA:375,260
DA:376,115
DA:377,4
DA:379,145
DA:380,68
DA:381,4
DA:383,77
DA:384,46
DA:385,4
DA:389,714
DA:390,530
DA:391,530
DA:393,0
DA:396,530
DA:398,184
DA:399,184
DA:401,184
DA:402,93
DA:403,93
DA:406,184
DA:407,37
DA:408,25
DA:410,37
DA:411,13
DA:413,147
DA:414,26
DA:415,18
DA:417,26
DA:418,10
DA:420,121
DA:421,34
DA:422,28
DA:424,34
DA:425,22
DA:427,87
DA:428,56
DA:429,50
DA:431,56
DA:432,44
DA:434,31
DA:435,13
DA:436,10
DA:438,13
DA:439,6
DA:441,18
DA:442,18
DA:443,14
DA:445,18
DA:446,10
DA:450,184
DA:451,3959
DA:455,81
DA:456,795
DA:458,168
DA:460,164
DA:462,143
DA:464,145
DA:466,68
DA:468,76
DA:470,31
DA:472,0
DA:476,81
DA:477,401
DA:478,401
DA:479,401
DA:480,461
DA:481,461
DA:482,461
DA:483,357
DA:485,104
DA:488,401
DA:489,401
DA:492,81
DA:493,20
DA:494,20
DA:495,20
DA:498,81
DA:499,20
DA:502,20
DA:504,81
DA:505,413
DA:506,413
DA:508,413
DA:509,321
DA:510,318
DA:513,92
DA:515,92
DA:516,1
DA:517,1
DA:519,0
DA:521,1
DA:522,1
DA:523,1
DA:524,1
DA:527,91
DA:528,2
DA:529,1
DA:531,1
DA:533,1
DA:534,1
DA:535,1
DA:536,1
DA:539,89
DA:540,1
DA:541,0
DA:543,1
DA:544,1
DA:545,1
DA:546,1
DA:547,1
DA:550,1
DA:553,0
DA:554,0
DA:555,0
DA:556,0
DA:559,88
DA:560,48
DA:561,48
DA:562,48
DA:563,48
DA:564,48
DA:565,48
DA:566,12
DA:567,11
DA:569,36
DA:570,36
DA:571,36
DA:572,36
DA:573,36
DA:574,36
DA:576,36
DA:577,0
DA:578,0
DA:579,0
DA:580,0
DA:581,0
DA:582,0
DA:583,0
DA:585,0
DA:586,0
DA:587,0
DA:588,0
DA:589,0
DA:590,0
DA:591,0
DA:593,0
DA:594,0
DA:597,36
DA:598,24
DA:602,40
DA:603,40
DA:604,40
DA:605,40
DA:606,40
DA:607,40
DA:608,40
DA:609,40
DA:611,0
DA:612,0
DA:613,0
DA:614,0
DA:615,0
DA:616,0
DA:617,0
DA:619,0
DA:623,0
DA:624,0
DA:625,0
DA:628,81
DA:630,86
DA:632,86
DA:633,86
DA:634,86
DA:635,86
DA:636,86
DA:637,86
DA:638,86
DA:640,86
DA:641,86
DA:642,86
DA:643,86
DA:644,86
LF:436
LH:384
BRDA:84,0,0,57
BRDA:84,0,1,5
BRDA:93,1,0,0
BRDA:93,2,0,24
BRDA:93,2,1,5
BRDA:101,3,0,0
BRDA:104,4,0,0
BRDA:107,5,0,0
BRDA:110,6,0,0
BRDA:113,7,0,0
BRDA:116,8,0,0
BRDA:119,9,0,0
BRDA:127,10,0,834
BRDA:127,10,1,805
BRDA:128,11,0,805
BRDA:133,12,0,851
BRDA:144,13,0,0
BRDA:148,14,0,7
BRDA:159,15,0,11
BRDA:159,15,1,18
BRDA:159,16,0,29
BRDA:159,16,1,11
BRDA:161,17,0,18
BRDA:161,17,1,0
BRDA:161,18,0,18
BRDA:161,18,1,18
BRDA:174,19,0,0
BRDA:178,20,0,64
BRDA:178,21,0,858
BRDA:178,21,1,69
BRDA:178,21,2,69
BRDA:178,21,3,66
BRDA:182,22,0,16
BRDA:182,22,1,48
BRDA:184,23,0,9
BRDA:187,24,0,4
BRDA:189,25,0,4
BRDA:193,26,0,2
BRDA:198,27,0,24
BRDA:198,27,1,24
BRDA:200,28,0,8
BRDA:203,29,0,12
BRDA:205,30,0,3
BRDA:205,30,1,9
BRDA:209,31,0,1
BRDA:212,32,0,0
BRDA:215,33,0,8
BRDA:215,33,1,1
BRDA:219,34,0,1
BRDA:219,35,0,8
BRDA:219,35,1,8
BRDA:225,36,0,1
BRDA:233,37,0,4
BRDA:240,38,0,86
BRDA:242,39,0,2
BRDA:242,40,0,86
BRDA:242,40,1,2
BRDA:242,40,2,2
BRDA:245,41,0,42
BRDA:245,42,0,84
BRDA:245,42,1,71
BRDA:248,43,0,11
BRDA:248,44,0,42
BRDA:248,44,1,13
BRDA:250,45,0,0
BRDA:259,46,0,122
BRDA:259,46,1,586
BRDA:259,47,0,708
BRDA:259,47,1,615
BRDA:260,48,0,93
BRDA:260,48,1,29
BRDA:260,49,0,122
BRDA:260,49,1,93
BRDA:263,50,0,9
BRDA:263,50,1,20
BRDA:263,51,0,29
BRDA:263,51,1,29
BRDA:263,51,2,20
BRDA:263,51,3,20
BRDA:265,52,0,0
BRDA:269,53,0,20
BRDA:269,53,1,0
BRDA:272,54,0,0
BRDA:279,55,0,8
BRDA:282,56,0,1
BRDA:282,56,1,19
BRDA:282,57,0,20
BRDA:282,57,1,2
BRDA:282,57,2,2
BRDA:284,58,0,2
BRDA:284,58,1,17
BRDA:284,59,0,19
BRDA:284,59,1,5
BRDA:286,60,0,1
BRDA:286,60,1,16
BRDA:286,61,0,17
BRDA:286,61,1,2
BRDA:288,62,0,2
BRDA:288,62,1,14
BRDA:288,63,0,16
BRDA:288,63,1,5
BRDA:290,64,0,2
BRDA:290,65,0,14
BRDA:290,65,1,3
BRDA:299,66,0,5
BRDA:299,66,1,581
BRDA:301,67,0,2
BRDA:304,68,0,1
BRDA:307,69,0,1
BRDA:307,70,0,5
BRDA:307,70,1,2
BRDA:309,71,0,1
BRDA:315,72,0,572
BRDA:315,72,1,9
BRDA:315,73,0,581
BRDA:315,73,1,572
BRDA:318,74,0,159
BRDA:318,74,1,413
BRDA:322,75,0,365
BRDA:322,76,0,413
BRDA:322,76,1,366
BRDA:338,77,0,858
BRDA:338,77,1,858
BRDA:338,77,2,858
BRDA:348,78,0,11
BRDA:358,79,0,9
BRDA:367,80,0,332
BRDA:367,80,1,403
BRDA:367,81,0,735
BRDA:367,81,1,567
BRDA:368,82,0,3
BRDA:368,83,0,332
BRDA:368,83,1,332
BRDA:368,83,2,318
BRDA:368,83,3,16
BRDA:371,84,0,143
BRDA:371,84,1,260
BRDA:372,85,0,6
BRDA:372,86,0,143
BRDA:372,86,1,143
BRDA:372,86,2,131
BRDA:372,86,3,16
BRDA:375,87,0,115
BRDA:375,87,1,145
BRDA:376,88,0,4
BRDA:376,89,0,115
BRDA:376,89,1,114
BRDA:376,89,2,63
BRDA:376,89,3,55
BRDA:376,89,4,33
BRDA:379,90,0,68
BRDA:379,90,1,77
BRDA:380,91,0,4
BRDA:380,92,0,68
BRDA:380,92,1,66
BRDA:380,92,2,22
BRDA:380,92,3,48
BRDA:383,93,0,46
BRDA:384,94,0,4
BRDA:384,95,0,46
BRDA:384,95,1,45
BRDA:384,95,2,25
BRDA:384,95,3,23
BRDA:384,95,4,17
BRDA:389,96,0,530
BRDA:389,97,0,714
BRDA:389,97,1,563
BRDA:389,97,2,623
BRDA:390,98,0,530
BRDA:390,98,1,0
BRDA:401,99,0,93
BRDA:401,100,0,184
BRDA:401,100,1,105
BRDA:406,101,0,37
BRDA:406,101,1,147
BRDA:406,102,0,184
BRDA:406,102,1,172
BRDA:407,103,0,25
BRDA:410,104,0,13
BRDA:410,105,0,37
BRDA:410,105,1,37
BRDA:413,106,0,26
BRDA:413,106,1,121
BRDA:414,107,0,18
BRDA:417,108,0,10
BRDA:417,109,0,26
BRDA:417,109,1,26
BRDA:420,110,0,34
BRDA:420,110,1,87
BRDA:421,111,0,28
BRDA:424,112,0,22
BRDA:424,113,0,34
BRDA:424,113,1,34
BRDA:427,114,0,56
BRDA:427,114,1,31
BRDA:428,115,0,50
BRDA:431,116,0,44
BRDA:431,117,0,56
BRDA:431,117,1,56
BRDA:434,118,0,13
BRDA:434,118,1,18
BRDA:435,119,0,10
BRDA:438,120,0,6
BRDA:438,121,0,13
BRDA:438,121,1,13
BRDA:441,122,0,18
BRDA:442,123,0,14
BRDA:445,124,0,10
BRDA:445,125,0,18
BRDA:445,125,1,18
BRDA:456,126,0,168
BRDA:456,126,1,164
BRDA:456,126,2,143
BRDA:456,126,3,145
BRDA:456,126,4,68
BRDA:456,126,5,76
BRDA:456,126,6,31
BRDA:479,127,0,505
BRDA:479,127,1,463
BRDA:482,128,0,357
BRDA:488,129,0,44
BRDA:488,129,1,357
BRDA:499,130,0,48
BRDA:499,130,1,28
BRDA:499,130,2,0
BRDA:508,131,0,321
BRDA:515,132,0,1
BRDA:516,133,0,1
BRDA:516,133,1,0
BRDA:527,134,0,2
BRDA:528,135,0,1
BRDA:528,135,1,1
BRDA:539,136,0,1
BRDA:540,137,0,0
BRDA:546,138,0,1
BRDA:546,139,0,1
BRDA:546,139,1,1
BRDA:559,140,0,48
BRDA:565,141,0,12
BRDA:570,142,0,36
BRDA:570,143,0,36
BRDA:570,143,1,36
BRDA:576,144,0,0
BRDA:576,144,1,36
BRDA:576,145,0,36
BRDA:576,145,1,0
BRDA:581,146,0,0
BRDA:586,147,0,0
BRDA:586,147,1,0
BRDA:586,148,0,0
BRDA:586,148,1,0
BRDA:602,149,0,40
BRDA:607,150,0,40
BRDA:612,151,0,0
BRDA:612,151,1,0
BRDA:612,152,0,0
BRDA:612,152,1,0
BRDA:61,153,0,0
BRF:258
BRH:226
end_of_record
TN:
SF:src/provider-utils/awscloudformation/utils/cronHelper.ts
FN:6,minuteHelper
FN:23,hourHelper
FN:42,timeHelper
FN:56,weekHelper
FN:77,monthHelper
FN:93,yearHelper
FNF:6
FNH:0
FNDA:0,minuteHelper
FNDA:0,hourHelper
FNDA:0,timeHelper
FNDA:0,weekHelper
FNDA:0,monthHelper
FNDA:0,yearHelper
DA:1,5
DA:2,5
DA:6,5
DA:7,0
DA:18,0
DA:19,0
DA:20,0
DA:23,5
DA:24,0
DA:37,0
DA:38,0
DA:39,0
DA:42,5
DA:43,0
DA:50,0
DA:51,0
DA:52,0
DA:53,0
DA:56,5
DA:57,0
DA:71,0
DA:72,0
DA:73,0
DA:74,0
DA:77,5
DA:78,0
DA:84,0
DA:85,0
DA:86,0
DA:87,0
DA:89,0
DA:90,0
DA:93,5
DA:94,0
DA:100,0
DA:101,0
DA:102,0
DA:103,0
DA:105,0
DA:106,0
DA:107,0
LF:41
LH:8
BRDA:19,0,0,0
BRDA:19,0,1,0
BRDA:38,1,0,0
BRDA:38,1,1,0
BRDA:85,2,0,0
BRDA:86,3,0,0
BRDA:86,3,1,0
BRDA:101,4,0,0
BRDA:102,5,0,0
BRDA:102,5,1,0
BRF:10
BRH:0
end_of_record
TN:
SF:src/provider-utils/awscloudformation/utils/determineServiceSelection.ts
FN:5,(anonymous_0)
FN:7,(anonymous_1)
FN:9,(anonymous_2)
FNF:3
FNH:0
FNDA:0,(anonymous_0)
FNDA:0,(anonymous_1)
FNDA:0,(anonymous_2)
DA:2,0
DA:3,0
DA:5,0
DA:6,0
DA:7,0
DA:9,0
DA:11,0
DA:12,0
DA:17,0
DA:18,0
DA:23,0
LF:11
LH:0
BRDA:9,0,0,0
BRDA:9,0,1,0
BRDA:11,1,0,0
BRDA:11,2,0,0
BRDA:11,2,1,0
BRDA:11,2,2,0
BRDA:11,2,3,0
BRDA:17,3,0,0
BRDA:17,4,0,0
BRDA:17,4,1,0
BRF:10
BRH:0
end_of_record
TN:
SF:src/provider-utils/awscloudformation/utils/ensure-lambda-arn-outputs.ts
FN:7,(anonymous_6)
FN:11,(anonymous_7)
FNF:2
FNH:2
FNDA:3,(anonymous_6)
FNDA:4,(anonymous_7)
DA:1,3
DA:2,3
DA:7,3
DA:8,3
DA:9,3
DA:11,3
DA:12,4
DA:13,4
DA:15,3
DA:16,4
DA:22,4
DA:23,4
DA:24,1
DA:29,1
LF:14
LH:14
BRDA:9,0,0,1
BRDA:9,0,1,2
BRDA:9,1,0,3
BRDA:9,1,1,3
BRDA:9,2,0,1
BRDA:9,2,1,2
BRDA:9,3,0,3
BRDA:9,3,1,3
BRDA:12,4,0,0
BRDA:12,4,1,4
BRDA:12,5,0,4
BRDA:12,5,1,4
BRDA:12,6,0,0
BRDA:12,6,1,4
BRDA:12,7,0,4
BRDA:12,7,1,4
BRDA:23,8,0,1
BRDA:23,9,0,4
BRDA:23,9,1,4
BRDA:23,10,0,0
BRDA:23,10,1,4
BRDA:23,11,0,4
BRDA:23,11,1,4
BRDA:23,12,0,0
BRDA:23,12,1,4
BRDA:23,13,0,4
BRDA:23,13,1,4
BRF:27
BRH:23
end_of_record
TN:
SF:src/provider-utils/awscloudformation/utils/environmentVariablesHelper.ts
FN:15,(anonymous_7)
FN:24,(anonymous_8)
FN:44,(anonymous_9)
FN:47,(anonymous_10)
FN:50,(anonymous_11)
FN:58,(anonymous_12)
FN:70,(anonymous_13)
FN:76,(anonymous_14)
FN:89,(anonymous_15)
FN:116,(anonymous_16)
FN:119,(anonymous_17)
FN:133,(anonymous_18)
FN:137,(anonymous_19)
FN:153,(anonymous_20)
FN:171,(anonymous_21)
FN:183,(anonymous_22)
FN:189,(anonymous_23)
FN:192,(anonymous_24)
FN:204,(anonymous_25)
FN:205,(anonymous_26)
FN:227,(anonymous_27)
FN:247,(anonymous_28)
FN:253,(anonymous_29)
FN:264,(anonymous_30)
FN:272,(anonymous_31)
FN:281,(anonymous_32)
FN:290,(anonymous_33)
FN:300,(anonymous_34)
FN:309,(anonymous_35)
FN:319,(anonymous_36)
FN:322,(anonymous_37)
FNF:31
FNH:25
FNDA:2,(anonymous_7)
FNDA:0,(anonymous_8)
FNDA:1,(anonymous_9)
FNDA:0,(anonymous_10)
FNDA:1,(anonymous_11)
FNDA:11,(anonymous_12)
FNDA:10,(anonymous_13)
FNDA:8,(anonymous_14)
FNDA:7,(anonymous_15)
FNDA:6,(anonymous_16)
FNDA:6,(anonymous_17)
FNDA:3,(anonymous_18)
FNDA:3,(anonymous_19)
FNDA:1,(anonymous_20)
FNDA:1,(anonymous_21)
FNDA:1,(anonymous_22)
FNDA:3,(anonymous_23)
FNDA:1,(anonymous_24)
FNDA:0,(anonymous_25)
FNDA:0,(anonymous_26)
FNDA:1,(anonymous_27)
FNDA:0,(anonymous_28)
FNDA:0,(anonymous_29)
FNDA:4,(anonymous_30)
FNDA:1,(anonymous_31)
FNDA:3,(anonymous_32)
FNDA:1,(anonymous_33)
FNDA:3,(anonymous_34)
FNDA:1,(anonymous_35)
FNDA:4,(anonymous_36)
FNDA:2,(anonymous_37)
DA:1,17
DA:2,17
DA:3,17
DA:4,17
DA:5,17
DA:6,17
DA:7,17
DA:8,17
DA:10,17
DA:15,17
DA:16,2
DA:17,2
DA:18,2
DA:19,2
DA:20,2
DA:24,2
DA:26,0
DA:27,0
DA:29,0
DA:30,0
DA:32,0
DA:35,0
DA:38,2
DA:44,17
DA:45,1
DA:47,1
DA:48,0
DA:50,1
DA:51,1
DA:58,17
DA:63,11
DA:64,11
DA:65,11
DA:66,11
DA:67,1
DA:70,10
DA:71,10
DA:72,2
DA:76,8
DA:77,8
DA:83,8
DA:84,8
DA:86,7
DA:89,17
DA:90,7
DA:100,7
DA:108,7
DA:109,4
DA:113,7
DA:116,17
DA:117,6
DA:118,6
DA:119,6
DA:127,6
DA:129,6
DA:130,2
DA:133,17
DA:134,3
DA:135,3
DA:136,3
DA:137,3
DA:145,3
DA:146,3
DA:147,2
DA:148,2
DA:150,1
DA:153,17
DA:159,1
DA:160,1
DA:164,1
DA:165,1
DA:171,17
DA:172,1
DA:173,1
DA:176,1
DA:177,1
DA:178,1
DA:179,0
DA:182,1
DA:184,1
DA:185,1
DA:186,1
DA:189,3
DA:192,1
DA:194,1
DA:195,0
DA:200,1
DA:202,0
DA:203,0
DA:204,0
DA:205,0
DA:206,0
DA:208,0
DA:209,0
DA:210,0
DA:213,1
DA:216,1
DA:217,1
DA:218,2
DA:221,2
DA:223,1
DA:227,17
DA:228,1
DA:229,1
DA:230,1
DA:231,1
DA:232,1
DA:233,1
DA:237,1
DA:238,1
DA:239,1
DA:241,1
DA:242,1
DA:243,1
DA:244,1
DA:247,17
DA:248,0
DA:249,0
DA:250,0
DA:251,0
DA:252,0
DA:253,0
DA:254,0
DA:255,0
DA:256,0
DA:258,0
DA:259,0
DA:260,0
DA:261,0
DA:264,17
DA:265,4
DA:266,4
DA:267,4
DA:268,4
DA:269,4
DA:272,17
DA:273,1
DA:274,1
DA:275,1
DA:276,1
DA:277,1
DA:278,1
DA:281,17
DA:282,3
DA:283,3
DA:284,3
DA:285,3
DA:286,3
DA:287,3
DA:290,17
DA:291,1
DA:292,1
DA:293,1
DA:294,1
DA:295,1
DA:296,1
DA:297,1
DA:300,17
DA:301,3
DA:302,3
DA:303,3
DA:304,3
DA:305,3
DA:306,3
DA:309,17
DA:310,1
DA:311,1
DA:312,1
DA:313,1
DA:314,1
DA:315,1
DA:316,1
DA:319,17
DA:320,4
DA:322,17
DA:323,2
LF:176
LH:146
BRDA:26,0,0,0
BRDA:27,1,0,0
BRDA:29,2,0,0
BRDA:30,3,0,0
BRDA:30,4,0,0
BRDA:30,4,1,0
BRDA:30,5,0,0
BRDA:30,5,1,0
BRDA:32,6,0,0
BRDA:65,7,0,0
BRDA:65,7,1,11
BRDA:65,8,0,11
BRDA:65,8,1,11
BRDA:66,9,0,1
BRDA:71,10,0,2
BRDA:83,11,0,0
BRDA:83,12,0,8
BRDA:83,12,1,0
BRDA:83,13,0,8
BRDA:83,13,1,8
BRDA:83,14,0,8
BRDA:83,14,1,0
BRDA:83,15,0,8
BRDA:83,15,1,8
BRDA:84,16,0,1
BRDA:108,17,0,4
BRDA:129,18,0,4
BRDA:146,19,0,2
BRDA:172,20,0,1
BRDA:172,20,1,1
BRDA:172,21,0,1
BRDA:172,21,1,0
BRDA:172,22,0,1
BRDA:172,22,1,1
BRDA:172,23,0,1
BRDA:172,23,1,0
BRDA:172,24,0,1
BRDA:172,24,1,1
BRDA:172,25,0,0
BRDA:172,25,1,1
BRDA:172,26,0,1
BRDA:172,26,1,1
BRDA:172,27,0,1
BRDA:172,27,1,0
BRDA:172,28,0,1
BRDA:172,28,1,1
BRDA:172,29,0,1
BRDA:172,29,1,0
BRDA:172,30,0,1
BRDA:172,30,1,1
BRDA:172,31,0,0
BRDA:172,31,1,1
BRDA:172,32,0,1
BRDA:172,32,1,1
BRDA:173,33,0,0
BRDA:173,33,1,1
BRDA:174,34,0,0
BRDA:174,34,1,0
BRDA:174,35,0,0
BRDA:174,35,1,0
BRDA:175,36,0,1
BRDA:175,36,1,0
BRDA:175,37,0,1
BRDA:175,37,1,1
BRDA:175,38,0,1
BRDA:175,38,1,0
BRDA:175,39,0,1
BRDA:175,39,1,1
BRDA:175,40,0,1
BRDA:175,40,1,0
BRDA:175,41,0,1
BRDA:175,41,1,1
BRDA:175,42,0,0
BRDA:175,42,1,1
BRDA:175,43,0,1
BRDA:175,43,1,1
BRDA:177,44,0,1
BRDA:177,44,1,0
BRDA:177,45,0,0
BRDA:177,45,1,1
BRDA:177,46,0,1
BRDA:177,46,1,1
BRDA:178,47,0,0
BRDA:194,48,0,0
BRDA:200,49,0,0
BRDA:253,50,0,0
BRDA:253,50,1,0
BRDA:268,51,0,4
BRDA:268,51,1,3
BRDA:276,52,0,1
BRDA:276,52,1,1
BRDA:286,53,0,3
BRDA:286,53,1,3
BRDA:295,54,0,1
BRDA:295,54,1,1
BRDA:305,55,0,3
BRDA:305,55,1,3
BRDA:314,56,0,1
BRDA:314,56,1,1
BRF:99
BRH:64
end_of_record
TN:
SF:src/provider-utils/awscloudformation/utils/funcParamsUtils.ts
FN:8,merge
FN:9,(anonymous_2)
FN:21,isComplete
FN:23,(anonymous_4)
FN:27,convertToComplete
FNF:5
FNH:0
FNDA:0,merge
FNDA:0,(anonymous_2)
FNDA:0,isComplete
FNDA:0,(anonymous_4)
FNDA:0,convertToComplete
DA:2,4
DA:8,4
DA:9,0
DA:10,0
DA:11,0
DA:13,0
DA:14,0
DA:16,0
DA:18,0
DA:21,4
DA:22,0
DA:23,0
DA:24,0
DA:27,4
DA:28,0
DA:29,0
DA:31,0
LF:17
LH:4
BRDA:10,0,0,0
BRDA:13,1,0,0
BRDA:28,2,0,0
BRF:3
BRH:0
end_of_record
TN:
SF:src/provider-utils/awscloudformation/utils/funcionStateUtils.ts
FN:4,(anonymous_0)
FNF:1
FNH:1
FNDA:1,(anonymous_0)
DA:1,16
DA:2,16
DA:4,16
DA:5,1
LF:4
LH:4
BRDA:5,0,0,1
BRDA:5,0,1,0
BRDA:5,1,0,1
BRDA:5,1,1,1
BRDA:5,2,0,1
BRDA:5,2,1,0
BRDA:5,3,0,1
BRDA:5,3,1,1
BRF:8
BRH:6
end_of_record
TN:
SF:src/provider-utils/awscloudformation/utils/functionPluginLoader.ts
FN:24,templateWalkthrough
FN:29,(anonymous_8)
FN:60,runtimeWalkthrough
FN:68,(anonymous_10)
FN:73,(anonymous_11)
FN:98,_functionRuntimeWalkthroughHelper
FN:124,getSelectionsFromContributors
FN:140,(anonymous_14)
FN:141,(anonymous_15)
FN:144,(anonymous_16)
FN:149,(anonymous_17)
FN:150,(anonymous_18)
FN:151,(anonymous_19)
FN:152,(anonymous_20)
FN:190,(anonymous_21)
FN:199,isDefaultDefined
FN:206,loadPluginFromFactory
FN:209,(anonymous_24)
FN:219,getRuntimeManager
FN:254,isLayerParameter
FN:258,defaultSelection
FN:268,(anonymous_28)
FN:269,(anonymous_29)
FNF:23
FNH:0
FNDA:0,templateWalkthrough
FNDA:0,(anonymous_8)
FNDA:0,runtimeWalkthrough
FNDA:0,(anonymous_10)
FNDA:0,(anonymous_11)
FNDA:0,_functionRuntimeWalkthroughHelper
FNDA:0,getSelectionsFromContributors
FNDA:0,(anonymous_14)
FNDA:0,(anonymous_15)
FNDA:0,(anonymous_16)
FNDA:0,(anonymous_17)
FNDA:0,(anonymous_18)
FNDA:0,(anonymous_19)
FNDA:0,(anonymous_20)
FNDA:0,(anonymous_21)
FNDA:0,isDefaultDefined
FNDA:0,loadPluginFromFactory
FNDA:0,(anonymous_24)
FNDA:0,getRuntimeManager
FNDA:0,isLayerParameter
FNDA:0,defaultSelection
FNDA:0,(anonymous_28)
FNDA:0,(anonymous_29)
DA:1,19
DA:13,19
DA:16,19
DA:24,19
DA:25,0
DA:26,0
DA:30,0
DA:42,0
DA:43,0
DA:44,0
DA:45,0
DA:53,0
DA:60,19
DA:64,0
DA:67,0
DA:68,0
DA:70,0
DA:74,0
DA:83,0
DA:84,0
DA:85,0
DA:86,0
DA:87,0
DA:88,0
DA:89,0
DA:93,0
DA:95,0
DA:103,0
DA:104,0
DA:105,0
DA:112,0
DA:113,0
DA:118,0
DA:128,0
DA:130,0
DA:131,0
DA:132,0
DA:133,0
DA:134,0
DA:138,0
DA:139,0
DA:140,0
DA:142,0
DA:143,0
DA:144,0
DA:145,0
DA:147,0
DA:149,0
DA:150,0
DA:151,0
DA:152,0
DA:156,0
DA:157,0
DA:158,0
DA:159,0
DA:160,0
DA:162,0
DA:163,0
DA:164,0
DA:165,0
DA:166,0
DA:168,0
DA:169,0
DA:170,0
DA:171,0
DA:174,0
DA:183,0
DA:186,0
DA:187,0
DA:190,0
DA:191,0
DA:200,0
DA:206,19
DA:208,0
DA:209,0
DA:211,0
DA:213,0
DA:214,0
DA:216,0
DA:219,19
DA:223,0
DA:224,0
DA:255,0
DA:259,0
DA:260,0
DA:261,0
DA:263,0
DA:266,0
DA:267,0
DA:268,0
DA:269,0
DA:271,0
LF:92
LH:7
BRDA:31,0,0,0
BRDA:31,0,1,0
BRDA:31,0,2,0
BRDA:31,0,3,0
BRDA:31,0,4,0
BRDA:67,1,0,0
BRDA:74,2,0,0
BRDA:74,2,1,0
BRDA:88,3,0,0
BRDA:90,4,0,0
BRDA:90,4,1,0
BRDA:104,5,0,0
BRDA:104,5,1,0
BRDA:108,6,0,0
BRDA:108,6,1,0
BRDA:109,7,0,0
BRDA:109,7,1,0
BRDA:131,8,0,0
BRDA:156,9,0,0
BRDA:156,9,1,0
BRDA:160,10,0,0
BRDA:160,10,1,0
BRDA:163,11,0,0
BRDA:163,11,1,0
BRDA:165,12,0,0
BRDA:170,13,0,0
BRDA:170,13,1,0
BRDA:186,14,0,0
BRDA:201,15,0,0
BRDA:201,15,1,0
BRDA:201,15,2,0
BRDA:213,16,0,0
BRDA:259,17,0,0
BRDA:259,17,1,0
BRDA:260,18,0,0
BRDA:260,18,1,0
BRDA:266,19,0,0
BRDA:266,19,1,0
BRF:38
BRH:0
end_of_record
TN:
SF:src/provider-utils/awscloudformation/utils/getDependentFunction.ts
FN:7,lambdasWithApiDependency
FN:16,(anonymous_7)
FN:20,(anonymous_8)
FN:32,(anonymous_9)
FNF:4
FNH:4
FNDA:2,lambdasWithApiDependency
FNDA:10,(anonymous_7)
FNDA:4,(anonymous_8)
FNDA:6,(anonymous_9)
DA:2,3
DA:3,3
DA:5,3
DA:7,3
DA:14,2
DA:15,2
DA:17,10
DA:20,4
DA:24,2
DA:25,4
DA:26,4
DA:27,4
DA:30,4
DA:31,3
DA:32,6
DA:33,3
DA:34,3
DA:39,2
LF:18
LH:18
BRDA:17,0,0,10
BRDA:17,0,1,8
BRDA:17,0,2,8
BRDA:17,0,3,6
BRDA:30,1,0,3
BRDA:30,2,0,4
BRDA:30,2,1,3
BRDA:33,3,0,3
BRF:8
BRH:8
end_of_record
TN:
SF:src/provider-utils/awscloudformation/utils/lambda-layer-cloudformation-template.ts
FN:18,generateLayerCfnObj
FN:48,(anonymous_2)
FN:55,(anonymous_3)
FN:61,getLayerCfnObjBase
FN:93,constructLayerVersionCfnObject
FN:122,constructLayerVersionPermissionObjects
FN:142,(anonymous_7)
FN:156,(anonymous_8)
FN:168,(anonymous_9)
FN:179,(anonymous_10)
FN:197,getPublicLayerVersionPermissionName
FN:203,getPrivateLayerVersionPermissionName
FN:209,getAccountLayerVersionPermissionName
FN:215,getOrgLayerVersionPermissionName
FN:222,getLayerVersionArn
FNF:15
FNH:15
FNDA:5,generateLayerCfnObj
FNDA:8,(anonymous_2)
FNDA:16,(anonymous_3)
FNDA:5,getLayerCfnObjBase
FNDA:8,constructLayerVersionCfnObject
FNDA:8,constructLayerVersionPermissionObjects
FNDA:18,(anonymous_7)
FNDA:10,(anonymous_8)
FNDA:4,(anonymous_9)
FNDA:4,(anonymous_10)
FNDA:2,getPublicLayerVersionPermissionName
FNDA:6,getPrivateLayerVersionPermissionName
FNDA:4,getAccountLayerVersionPermissionName
FNDA:4,getOrgLayerVersionPermissionName
FNDA:8,getLayerVersionArn
DA:1,16
DA:2,16
DA:3,16
DA:4,16
DA:5,16
DA:7,16
DA:8,16
DA:9,16
DA:11,16
DA:12,16
DA:18,16
DA:19,5
DA:20,5
DA:21,5
DA:22,5
DA:25,5
DA:26,4
DA:27,4
DA:28,4
DA:30,4
DA:31,4
DA:33,1
DA:36,5
DA:43,5
DA:44,5
DA:45,5
DA:46,5
DA:48,8
DA:50,8
DA:51,8
DA:52,8
DA:54,8
DA:55,16
DA:58,5
DA:62,5
DA:84,5
DA:85,5
DA:90,5
DA:99,8
DA:101,8
DA:102,8
DA:105,8
DA:117,8
DA:118,8
DA:119,8
DA:129,8
DA:130,4
DA:133,8
DA:136,8
DA:142,18
DA:143,2
DA:154,6
DA:156,6
DA:157,10
DA:159,6
DA:166,6
DA:168,2
DA:169,4
DA:177,2
DA:179,2
DA:180,4
DA:189,2
DA:191,0
DA:194,6
DA:198,2
DA:204,6
DA:210,4
DA:216,4
DA:223,8
LF:69
LH:68
BRDA:18,0,0,1
BRDA:21,1,0,5
BRDA:21,1,1,0
BRDA:25,2,0,4
BRDA:25,2,1,1
BRDA:50,3,0,8
BRDA:84,4,0,5
BRDA:99,5,0,0
BRDA:99,5,1,8
BRDA:101,6,0,8
BRDA:102,7,0,8
BRDA:102,7,1,4
BRDA:109,8,0,0
BRDA:109,8,1,8
BRDA:129,9,0,4
BRDA:133,10,0,8
BRDA:133,10,1,8
BRDA:134,11,0,4
BRDA:134,11,1,4
BRDA:134,12,0,8
BRDA:134,12,1,4
BRDA:142,13,0,2
BRDA:157,14,0,6
BRDA:157,14,1,2
BRDA:157,14,2,2
BRDA:157,14,3,0
BRDA:199,15,0,0
BRDA:199,15,1,2
BRDA:205,16,0,0
BRDA:205,16,1,6
BRDA:211,17,0,0
BRDA:211,17,1,4
BRDA:217,18,0,0
BRDA:217,18,1,4
BRDA:223,19,0,8
BRDA:223,19,1,4
BRDA:223,20,0,0
BRDA:223,20,1,8
BRDA:223,21,0,8
BRDA:223,21,1,8
BRF:40
BRH:31
end_of_record
TN:
SF:src/provider-utils/awscloudformation/utils/layerArnConverter.ts
FN:7,(anonymous_0)
FN:11,(anonymous_1)
FN:22,(anonymous_2)
FNF:3
FNH:0
FNDA:0,(anonymous_0)
FNDA:0,(anonymous_1)
FNDA:0,(anonymous_2)
DA:2,15
DA:7,15
DA:11,0
DA:12,0
DA:13,0
DA:14,0
DA:16,0
DA:18,0
DA:22,15
DA:23,0
DA:24,0
DA:25,0
DA:29,0
DA:33,0
LF:14
LH:3
BRDA:12,0,0,0
BRDA:13,1,0,0
BRDA:23,2,0,0
BRDA:24,3,0,0
BRF:4
BRH:0
end_of_record
TN:
SF:src/provider-utils/awscloudformation/utils/layerCloudState.ts
FN:15,(anonymous_7)
FN:17,(anonymous_8)
FN:24,(anonymous_9)
FN:28,(anonymous_10)
FN:35,(anonymous_11)
FN:46,(anonymous_12)
FN:48,(anonymous_13)
FN:56,(anonymous_14)
FN:107,(anonymous_15)
FN:120,(anonymous_16)
FNF:10
FNH:2
FNDA:1,(anonymous_7)
FNDA:4,(anonymous_8)
FNDA:0,(anonymous_9)
FNDA:0,(anonymous_10)
FNDA:0,(anonymous_11)
FNDA:0,(anonymous_12)
FNDA:0,(anonymous_13)
FNDA:0,(anonymous_14)
FNDA:0,(anonymous_15)
FNDA:0,(anonymous_16)
DA:1,14
DA:2,14
DA:5,14
DA:7,14
DA:9,14
DA:10,14
DA:18,4
DA:19,1
DA:21,4
DA:25,0
DA:26,0
DA:27,0
DA:28,0
DA:29,0
DA:30,0
DA:31,0
DA:32,0
DA:33,0
DA:35,0
DA:39,0
DA:40,0
DA:42,0
DA:43,0
DA:46,0
DA:48,0
DA:49,0
DA:51,0
DA:52,0
DA:56,0
DA:57,0
DA:62,0
DA:64,0
DA:69,0
DA:70,0
DA:71,0
DA:72,0
DA:73,0
DA:74,0
DA:75,0
DA:76,0
DA:77,0
DA:78,0
DA:79,0
DA:80,0
DA:81,0
DA:82,0
DA:83,0
DA:84,0
DA:85,0
DA:88,0
DA:89,0
DA:94,0
DA:95,0
DA:105,0
DA:107,0
DA:108,0
DA:110,0
DA:111,0
DA:112,0
DA:113,0
DA:114,0
DA:116,0
DA:117,0
DA:121,0
LF:64
LH:9
BRDA:18,0,0,1
BRDA:30,1,0,0
BRDA:30,1,1,0
BRDA:33,2,0,0
BRDA:33,2,1,0
BRDA:33,3,0,0
BRDA:33,3,1,0
BRDA:33,4,0,0
BRDA:33,4,1,0
BRDA:33,5,0,0
BRDA:33,5,1,0
BRDA:35,6,0,0
BRDA:35,6,1,0
BRDA:39,7,0,0
BRDA:39,7,1,0
BRDA:39,8,0,0
BRDA:39,8,1,0
BRDA:39,9,0,0
BRDA:39,9,1,0
BRDA:49,10,0,0
BRDA:49,11,0,0
BRDA:49,11,1,0
BRDA:57,12,0,0
BRDA:58,13,0,0
BRDA:58,13,1,0
BRDA:62,14,0,0
BRDA:62,14,1,0
BRDA:71,15,0,0
BRDA:71,15,1,0
BRDA:71,16,0,0
BRDA:71,16,1,0
BRDA:73,17,0,0
BRDA:73,17,1,0
BRDA:73,18,0,0
BRDA:73,18,1,0
BRDA:75,19,0,0
BRDA:75,19,1,0
BRDA:77,20,0,0
BRDA:77,20,1,0
BRDA:79,21,0,0
BRDA:79,21,1,0
BRDA:82,22,0,0
BRDA:88,23,0,0
BRDA:94,24,0,0
BRDA:105,25,0,0
BRDA:105,25,1,0
BRDA:111,26,0,0
BRDA:111,26,1,0
BRDA:121,27,0,0
BRDA:121,27,1,0
BRF:50
BRH:1
end_of_record
TN:
SF:src/provider-utils/awscloudformation/utils/layerConfiguration.ts
FN:11,createLayerConfiguration
FN:17,getLayerConfiguration
FN:20,(anonymous_9)
FN:21,(anonymous_10)
FN:27,getLayerRuntimes
FN:40,saveLayerRuntimes
FN:47,getLayerVersionsToBeRemovedByCfn
FN:52,deleteLayerVersionsToBeRemovedByCfn
FN:58,saveLayerVersionsToBeRemovedByCfn
FN:64,saveLayerVersionPermissionsToBeUpdatedInCfn
FN:75,getLayerVersionPermissionsToBeUpdatedInCfn
FN:80,deleteLayerVersionPermissionsToBeUpdatedInCfn
FN:86,saveLayerPermissions
FN:100,loadLayerParametersJson
FN:113,loadLayerConfigurationFile
FN:122,writeLayerConfigurationFile
FN:131,toStoredRuntimeMetadata
FN:132,(anonymous_24)
FNF:18
FNH:3
FNDA:0,createLayerConfiguration
FNDA:0,getLayerConfiguration
FNDA:0,(anonymous_9)
FNDA:0,(anonymous_10)
FNDA:0,getLayerRuntimes
FNDA:0,saveLayerRuntimes
FNDA:5,getLayerVersionsToBeRemovedByCfn
FNDA:0,deleteLayerVersionsToBeRemovedByCfn
FNDA:0,saveLayerVersionsToBeRemovedByCfn
FNDA:0,saveLayerVersionPermissionsToBeUpdatedInCfn
FNDA:4,getLayerVersionPermissionsToBeUpdatedInCfn
FNDA:0,deleteLayerVersionPermissionsToBeUpdatedInCfn
FNDA:0,saveLayerPermissions
FNDA:0,loadLayerParametersJson
FNDA:9,loadLayerConfigurationFile
FNDA:0,writeLayerConfigurationFile
FNDA:0,toStoredRuntimeMetadata
FNDA:0,(anonymous_24)
DA:1,16
DA:2,16
DA:3,16
DA:4,16
DA:5,16
DA:6,16
DA:7,16
DA:11,16
DA:12,0
DA:13,0
DA:14,0
DA:17,16
DA:18,0
DA:19,0
DA:20,0
DA:21,0
DA:23,0
DA:24,0
DA:27,16
DA:28,0
DA:29,0
DA:32,0
DA:33,0
DA:34,0
DA:36,0
DA:40,16
DA:41,0
DA:42,0
DA:43,0
DA:44,0
DA:47,16
DA:48,5
DA:49,5
DA:52,16
DA:53,0
DA:54,0
DA:55,0
DA:58,16
DA:59,0
DA:60,0
DA:61,0
DA:64,16
DA:70,0
DA:71,0
DA:72,0
DA:75,16
DA:76,4
DA:77,4
DA:80,16
DA:81,0
DA:82,0
DA:83,0
DA:86,16
DA:87,0
DA:88,0
DA:89,0
DA:91,0
DA:92,0
DA:93,0
DA:94,0
DA:97,0
DA:100,16
DA:101,0
DA:103,0
DA:106,0
DA:107,0
DA:110,0
DA:113,16
DA:114,9
DA:119,9
DA:122,16
DA:123,0
DA:128,0
DA:132,0
LF:74
LH:27
BRDA:33,0,0,0
BRDA:40,1,0,0
BRDA:86,2,0,0
BRDA:91,3,0,0
BRDA:103,4,0,0
BRDA:103,5,0,0
BRDA:103,5,1,0
BRDA:113,6,0,9
BRF:8
BRH:1
end_of_record
TN:
SF:src/provider-utils/awscloudformation/utils/layerHelpers.ts
FN:33,mapVersionNumberToChoice
FN:37,layerVersionQuestion
FN:47,layerNameQuestion
FN:52,(anonymous_10)
FN:66,layerPermissionsQuestion
FN:94,layerAccountAccessPrompt
FN:100,(anonymous_13)
FN:111,(anonymous_14)
FN:114,layerOrgAccessPrompt
FN:120,(anonymous_16)
FN:131,(anonymous_17)
FN:134,previousPermissionsQuestion
FN:155,layerInputParamsToLayerPermissionArray
FN:158,(anonymous_20)
FN:168,(anonymous_21)
FN:197,loadStoredLayerParameters
FN:213,isNewVersion
FN:220,isMultiEnvLayer
FN:238,getLayerName
FN:244,getLambdaFunctionsDependentOnLayerFromMeta
FN:246,(anonymous_27)
FN:248,(anonymous_28)
FN:253,ensureLayerVersion
FN:267,loadPreviousLayerHash
FN:275,(anonymous_31)
FN:279,getChangedResources
FN:280,(anonymous_33)
FN:295,(anonymous_34)
FN:298,(anonymous_35)
FN:343,(anonymous_36)
FN:368,(anonymous_37)
FN:385,(anonymous_38)
FN:398,(anonymous_39)
FN:399,(anonymous_40)
FN:409,(anonymous_41)
FN:411,(anonymous_42)
FN:414,(anonymous_43)
FN:437,(anonymous_44)
FN:441,(anonymous_45)
FN:442,(anonymous_46)
FNF:40
FNH:0
FNDA:0,mapVersionNumberToChoice
FNDA:0,layerVersionQuestion
FNDA:0,layerNameQuestion
FNDA:0,(anonymous_10)
FNDA:0,layerPermissionsQuestion
FNDA:0,layerAccountAccessPrompt
FNDA:0,(anonymous_13)
FNDA:0,(anonymous_14)
FNDA:0,layerOrgAccessPrompt
FNDA:0,(anonymous_16)
FNDA:0,(anonymous_17)
FNDA:0,previousPermissionsQuestion
FNDA:0,layerInputParamsToLayerPermissionArray
FNDA:0,(anonymous_20)
FNDA:0,(anonymous_21)
FNDA:0,loadStoredLayerParameters
FNDA:0,isNewVersion
FNDA:0,isMultiEnvLayer
FNDA:0,getLayerName
FNDA:0,getLambdaFunctionsDependentOnLayerFromMeta
FNDA:0,(anonymous_27)
FNDA:0,(anonymous_28)
FNDA:0,ensureLayerVersion
FNDA:0,loadPreviousLayerHash
FNDA:0,(anonymous_31)
FNDA:0,getChangedResources
FNDA:0,(anonymous_33)
FNDA:0,(anonymous_34)
FNDA:0,(anonymous_35)
FNDA:0,(anonymous_36)
FNDA:0,(anonymous_37)
FNDA:0,(anonymous_38)
FNDA:0,(anonymous_39)
FNDA:0,(anonymous_40)
FNDA:0,(anonymous_41)
FNDA:0,(anonymous_42)
FNDA:0,(anonymous_43)
FNDA:0,(anonymous_44)
FNDA:0,(anonymous_45)
FNDA:0,(anonymous_46)
DA:1,14
DA:2,14
DA:3,14
DA:4,14
DA:5,14
DA:6,14
DA:7,14
DA:8,14
DA:9,14
DA:10,14
DA:11,14
DA:12,14
DA:13,14
DA:14,14
DA:18,14
DA:21,14
DA:22,14
DA:23,14
DA:24,14
DA:25,14
DA:33,14
DA:34,0
DA:37,14
DA:38,0
DA:47,14
DA:48,0
DA:53,0
DA:54,0
DA:55,0
DA:56,0
DA:57,0
DA:58,0
DA:60,0
DA:66,14
DA:67,0
DA:94,14
DA:95,0
DA:96,0
DA:101,0
DA:102,0
DA:103,0
DA:104,0
DA:107,0
DA:111,0
DA:114,14
DA:115,0
DA:116,0
DA:121,0
DA:122,0
DA:123,0
DA:124,0
DA:127,0
DA:131,0
DA:134,14
DA:135,0
DA:155,14
DA:156,0
DA:158,0
DA:159,0
DA:166,0
DA:168,0
DA:170,0
DA:171,0
DA:174,0
DA:175,0
DA:179,0
DA:180,0
DA:185,0
DA:188,0
DA:192,0
DA:194,0
DA:197,14
DA:198,0
DA:199,0
DA:213,14
DA:214,0
DA:215,0
DA:217,0
DA:220,14
DA:221,0
DA:226,0
DA:227,0
DA:230,0
DA:231,0
DA:232,0
DA:235,0
DA:238,14
DA:239,0
DA:241,0
DA:244,14
DA:245,0
DA:247,0
DA:248,0
DA:253,14
DA:254,0
DA:256,0
DA:257,0
DA:260,0
DA:262,0
DA:264,0
DA:267,14
DA:268,0
DA:269,0
DA:271,0
DA:275,14
DA:276,0
DA:279,14
DA:280,0
DA:281,0
DA:282,0
DA:284,0
DA:285,0
DA:288,0
DA:290,0
DA:293,0
DA:295,0
DA:298,14
DA:304,0
DA:306,0
DA:307,0
DA:311,0
DA:313,0
DA:314,0
DA:317,0
DA:318,0
DA:322,0
DA:323,0
DA:327,0
DA:329,0
DA:332,0
DA:334,0
DA:335,0
DA:341,0
DA:344,0
DA:348,0
DA:349,0
DA:351,0
DA:353,0
DA:354,0
DA:358,0
DA:360,0
DA:361,0
DA:366,0
DA:368,0
DA:371,0
DA:372,0
DA:373,0
DA:374,0
DA:376,0
DA:380,0
DA:385,14
DA:386,0
DA:388,0
DA:389,0
DA:391,0
DA:395,0
DA:397,0
DA:398,0
DA:399,0
DA:403,0
DA:409,14
DA:411,0
DA:412,0
DA:413,0
DA:415,0
DA:420,0
DA:423,0
DA:424,0
DA:429,0
DA:430,0
DA:432,0
DA:434,0
DA:437,14
DA:438,0
DA:440,0
DA:441,0
DA:442,0
DA:446,0
LF:178
LH:41
BRDA:34,0,0,0
BRDA:34,0,1,0
BRDA:43,1,0,0
BRDA:43,1,1,0
BRDA:55,2,0,0
BRDA:55,2,1,0
BRDA:57,3,0,0
BRDA:57,4,0,0
BRDA:57,4,1,0
BRDA:57,5,0,0
BRDA:57,5,1,0
BRDA:57,6,0,0
BRDA:57,6,1,0
BRDA:57,7,0,0
BRDA:57,7,1,0
BRDA:57,8,0,0
BRDA:57,8,1,0
BRDA:57,9,0,0
BRDA:57,9,1,0
BRDA:57,10,0,0
BRDA:57,10,1,0
BRDA:57,11,0,0
BRDA:57,11,1,0
BRDA:57,12,0,0
BRDA:57,12,1,0
BRDA:95,13,0,0
BRDA:95,13,1,0
BRDA:103,14,0,0
BRDA:109,15,0,0
BRDA:109,15,1,0
BRDA:115,16,0,0
BRDA:115,16,1,0
BRDA:123,17,0,0
BRDA:129,18,0,0
BRDA:129,18,1,0
BRDA:156,19,0,0
BRDA:158,20,0,0
BRDA:170,21,0,0
BRDA:170,21,1,0
BRDA:174,22,0,0
BRDA:174,22,1,0
BRDA:179,23,0,0
BRDA:226,24,0,0
BRDA:231,25,0,0
BRDA:231,26,0,0
BRDA:231,26,1,0
BRDA:231,27,0,0
BRDA:231,27,1,0
BRDA:241,28,0,0
BRDA:241,28,1,0
BRDA:247,29,0,0
BRDA:247,29,1,0
BRDA:248,30,0,0
BRDA:248,30,1,0
BRDA:248,31,0,0
BRDA:248,31,1,0
BRDA:248,32,0,0
BRDA:248,32,1,0
BRDA:248,33,0,0
BRDA:248,33,1,0
BRDA:256,34,0,0
BRDA:256,35,0,0
BRDA:256,35,1,0
BRDA:284,36,0,0
BRDA:306,37,0,0
BRDA:317,38,0,0
BRDA:322,39,0,0
BRDA:322,39,1,0
BRDA:327,40,0,0
BRDA:334,41,0,0
BRDA:349,42,0,0
BRDA:349,42,1,0
BRDA:353,43,0,0
BRDA:360,44,0,0
BRDA:372,45,0,0
BRDA:385,46,0,0
BRDA:388,47,0,0
BRDA:388,47,1,0
BRDA:403,48,0,0
BRDA:403,48,1,0
BRDA:412,49,0,0
BRF:81
BRH:0
end_of_record
TN:
SF:src/provider-utils/awscloudformation/utils/layerMigrationUtils.ts
FN:17,(anonymous_7)
FN:26,(anonymous_8)
FN:64,(anonymous_9)
FN:101,(anonymous_10)
FN:102,(anonymous_11)
FN:108,(anonymous_12)
FN:122,(anonymous_13)
FN:123,(anonymous_14)
FN:132,(anonymous_15)
FN:168,(anonymous_16)
FN:189,(anonymous_17)
FN:200,(anonymous_18)
FN:203,(anonymous_19)
FNF:13
FNH:2
FNDA:18,(anonymous_7)
FNDA:18,(anonymous_8)
FNDA:0,(anonymous_9)
FNDA:0,(anonymous_10)
FNDA:0,(anonymous_11)
FNDA:0,(anonymous_12)
FNDA:0,(anonymous_13)
FNDA:0,(anonymous_14)
FNDA:0,(anonymous_15)
FNDA:0,(anonymous_16)
FNDA:0,(anonymous_17)
FNDA:0,(anonymous_18)
FNDA:0,(anonymous_19)
DA:1,18
DA:2,18
DA:3,18
DA:4,18
DA:5,18
DA:6,18
DA:7,18
DA:8,18
DA:9,18
DA:11,18
DA:12,18
DA:17,18
DA:18,18
DA:19,18
DA:20,18
DA:26,18
DA:28,18
DA:29,18
DA:30,18
DA:31,18
DA:59,18
DA:64,18
DA:65,0
DA:66,0
DA:68,0
DA:69,0
DA:72,0
DA:73,0
DA:74,0
DA:78,0
DA:79,0
DA:80,0
DA:81,0
DA:85,0
DA:92,0
DA:93,0
DA:94,0
DA:96,0
DA:97,0
DA:101,0
DA:102,0
DA:103,0
DA:105,0
DA:107,0
DA:109,0
DA:110,0
DA:111,0
DA:112,0
DA:114,0
DA:115,0
DA:116,0
DA:121,0
DA:122,0
DA:123,0
DA:125,0
DA:127,0
DA:128,0
DA:129,0
DA:131,0
DA:132,0
DA:133,0
DA:135,0
DA:136,0
DA:138,0
DA:139,0
DA:141,0
DA:142,0
DA:144,0
DA:145,0
DA:147,0
DA:152,0
DA:157,0
DA:158,0
DA:160,0
DA:161,0
DA:162,0
DA:168,18
DA:169,0
DA:170,0
DA:171,0
DA:174,0
DA:175,0
DA:178,0
DA:179,0
DA:182,0
DA:189,18
DA:190,0
DA:191,0
DA:192,0
DA:194,0
DA:195,0
DA:197,0
DA:200,18
DA:201,0
DA:203,18
DA:204,0
DA:205,0
DA:207,0
DA:208,0
DA:211,0
DA:212,0
LF:101
LH:26
BRDA:17,0,0,18
BRDA:17,0,1,18
BRDA:26,1,0,18
BRDA:26,1,1,18
BRDA:68,2,0,0
BRDA:78,3,0,0
BRDA:78,4,0,0
BRDA:78,4,1,0
BRDA:78,5,0,0
BRDA:78,5,1,0
BRDA:78,6,0,0
BRDA:78,6,1,0
BRDA:78,7,0,0
BRDA:78,7,1,0
BRDA:78,8,0,0
BRDA:78,8,1,0
BRDA:78,9,0,0
BRDA:78,9,1,0
BRDA:80,10,0,0
BRDA:92,11,0,0
BRDA:92,11,1,0
BRDA:94,12,0,0
BRDA:94,12,1,0
BRDA:94,13,0,0
BRDA:94,13,1,0
BRDA:94,14,0,0
BRDA:94,14,1,0
BRDA:94,15,0,0
BRDA:94,15,1,0
BRDA:94,16,0,0
BRDA:94,16,1,0
BRDA:94,17,0,0
BRDA:94,17,1,0
BRDA:94,18,0,0
BRDA:94,18,1,0
BRDA:94,19,0,0
BRDA:94,19,1,0
BRDA:109,20,0,0
BRDA:109,20,1,0
BRDA:111,21,0,0
BRDA:125,22,0,0
BRDA:125,22,1,0
BRDA:125,23,0,0
BRDA:125,23,1,0
BRDA:127,24,0,0
BRDA:127,24,1,0
BRDA:133,25,0,0
BRDA:133,25,1,0
BRDA:133,25,2,0
BRDA:133,25,3,0
BRDA:133,25,4,0
BRDA:153,26,0,0
BRDA:153,26,1,0
BRDA:170,27,0,0
BRDA:174,28,0,0
BRDA:178,29,0,0
BRDA:191,30,0,0
BRDA:194,31,0,0
BRDA:207,32,0,0
BRDA:207,33,0,0
BRDA:207,33,1,0
BRDA:207,34,0,0
BRDA:207,34,1,0
BRDA:207,35,0,0
BRDA:207,35,1,0
BRDA:207,36,0,0
BRDA:207,36,1,0
BRDA:207,37,0,0
BRDA:207,37,1,0
BRDA:207,38,0,0
BRDA:207,38,1,0
BRF:71
BRH:4
end_of_record
TN:
SF:src/provider-utils/awscloudformation/utils/layerParams.ts
FN:20,(anonymous_0)
FNF:1
FNH:1
FNDA:21,(anonymous_0)
DA:20,21
DA:21,21
DA:22,21
DA:23,21
DA:24,21
DA:43,21
LF:6
LH:6
BRDA:20,0,0,21
BRDA:20,0,1,21
BRF:2
BRH:2
end_of_record
TN:
SF:src/provider-utils/awscloudformation/utils/loadFunctionParameters.ts
FN:6,(anonymous_7)
FNF:1
FNH:1
FNDA:4,(anonymous_7)
DA:1,8
DA:2,8
DA:3,8
DA:4,8
DA:6,8
DA:7,4
DA:11,4
DA:12,1
DA:13,1
DA:15,4
LF:10
LH:10
BRDA:7,0,0,4
BRDA:7,0,1,3
BRDA:11,1,0,1
BRF:3
BRH:3
end_of_record
TN:
SF:src/provider-utils/awscloudformation/utils/package.ts
FN:6,(anonymous_0)
FN:11,(anonymous_1)
FNF:2
FNH:0
FNDA:0,(anonymous_0)
FNDA:0,(anonymous_1)
DA:3,2
DA:4,2
DA:6,2
DA:7,0
DA:11,2
LF:5
LH:4
BRDA:11,0,0,0
BRDA:11,0,1,0
BRF:2
BRH:0
end_of_record
TN:
SF:src/provider-utils/awscloudformation/utils/packageFunction.ts
FN:15,(anonymous_6)
FNF:1
FNH:1
FNDA:3,(anonymous_6)
DA:1,3
DA:3,3
DA:4,3
DA:5,3
DA:6,3
DA:8,3
DA:9,3
DA:10,3
DA:15,3
DA:16,3
DA:17,3
DA:18,3
DA:19,3
DA:20,3
DA:21,3
DA:30,3
DA:31,3
DA:32,3
DA:33,3
DA:36,3
DA:37,3
DA:39,3
DA:41,3
DA:43,0
DA:44,0
DA:45,0
DA:49,3
DA:50,1
DA:61,2
DA:64,2
DA:65,2
LF:31
LH:28
BRDA:26,0,0,3
BRDA:26,0,1,0
BRDA:27,1,0,3
BRDA:27,1,1,0
BRDA:32,2,0,3
BRDA:41,3,0,3
BRDA:41,3,1,3
BRDA:41,4,0,0
BRDA:41,4,1,3
BRDA:41,5,0,3
BRDA:41,5,1,3
BRDA:43,6,0,0
BRDA:49,7,0,1
BRDA:61,8,0,2
BRDA:61,8,1,0
BRDA:63,9,0,0
BRDA:63,9,1,0
BRDA:63,10,0,0
BRDA:63,10,1,0
BRF:19
BRH:10
end_of_record
TN:
SF:src/provider-utils/awscloudformation/utils/packageLayer.ts
FN:21,(anonymous_7)
FN:94,checkContentChanges
FN:97,(anonymous_9)
FN:105,(anonymous_10)
FN:112,(anonymous_11)
FN:149,createLayerZipFilename
FNF:6
FNH:2
FNDA:3,(anonymous_7)
FNDA:0,checkContentChanges
FNDA:0,(anonymous_9)
FNDA:0,(anonymous_10)
FNDA:0,(anonymous_11)
FNDA:2,createLayerZipFilename
DA:1,16
DA:3,16
DA:4,16
DA:5,16
DA:6,16
DA:7,16
DA:8,16
DA:10,16
DA:11,16
DA:12,16
DA:13,16
DA:14,16
DA:15,16
DA:16,16
DA:21,16
DA:22,3
DA:23,3
DA:25,3
DA:27,0
DA:30,3
DA:32,3
DA:33,3
DA:34,3
DA:35,3
DA:38,3
DA:40,3
DA:42,3
DA:43,1
DA:48,2
DA:50,2
DA:51,2
DA:54,2
DA:60,2
DA:71,2
DA:73,2
DA:74,0
DA:78,2
DA:80,2
DA:81,2
DA:83,0
DA:86,2
DA:87,2
DA:89,2
DA:91,2
DA:94,16
DA:95,0
DA:97,0
DA:98,0
DA:99,0
DA:100,0
DA:103,0
DA:104,0
DA:105,0
DA:106,0
DA:108,0
DA:109,0
DA:111,0
DA:112,0
DA:113,0
DA:114,0
DA:115,0
DA:116,0
DA:117,0
DA:119,0
DA:122,0
DA:123,0
DA:126,0
DA:127,0
DA:128,0
DA:129,0
DA:130,0
DA:131,0
DA:132,0
DA:133,0
DA:135,0
DA:139,0
DA:149,16
DA:150,2
LF:78
LH:44
BRDA:25,0,0,0
BRDA:25,1,0,3
BRDA:25,1,1,3
BRDA:42,2,0,1
BRDA:65,3,0,2
BRDA:65,3,1,0
BRDA:66,4,0,2
BRDA:66,4,1,0
BRDA:73,5,0,0
BRDA:73,6,0,2
BRDA:73,6,1,2
BRDA:73,7,0,2
BRDA:73,7,1,0
BRDA:73,8,0,2
BRDA:73,8,1,2
BRDA:73,9,0,0
BRDA:73,9,1,2
BRDA:73,10,0,2
BRDA:73,10,1,2
BRDA:81,11,0,0
BRDA:87,12,0,2
BRDA:100,13,0,0
BRDA:100,13,1,0
BRDA:103,14,0,0
BRDA:105,15,0,0
BRDA:116,16,0,0
BRDA:126,17,0,0
BRDA:126,17,1,0
BRDA:126,18,0,0
BRDA:126,18,1,0
BRDA:126,19,0,0
BRDA:126,19,1,0
BRDA:129,20,0,0
BRDA:129,20,1,0
BRF:34
BRH:14
end_of_record
TN:
SF:src/provider-utils/awscloudformation/utils/permissionMapUtils.ts
FN:3,(anonymous_1)
FN:7,(anonymous_2)
FN:11,(anonymous_3)
FNF:3
FNH:3
FNDA:2,(anonymous_1)
FNDA:1,(anonymous_2)
FNDA:2,(anonymous_3)
DA:1,6
DA:3,6
DA:4,2
DA:7,6
DA:8,1
DA:11,6
DA:12,2
LF:7
LH:7
BRDA:11,0,0,2
BRF:1
BRH:1
end_of_record
TN:
SF:src/provider-utils/awscloudformation/utils/storeResources.ts
FN:25,(anonymous_7)
FN:45,(anonymous_8)
FN:64,(anonymous_9)
FN:103,(anonymous_10)
FN:122,(anonymous_11)
FN:143,(anonymous_12)
FN:166,(anonymous_13)
FN:172,(anonymous_14)
FN:173,(anonymous_15)
FN:183,(anonymous_16)
FN:199,(anonymous_17)
FN:202,(anonymous_18)
FN:225,(anonymous_19)
FN:254,(anonymous_20)
FN:258,(anonymous_21)
FN:263,(anonymous_22)
FN:268,(anonymous_23)
FN:274,(anonymous_24)
FN:281,(anonymous_25)
FN:296,(anonymous_26)
FN:302,(anonymous_27)
FN:310,(anonymous_28)
FN:315,(anonymous_29)
FN:326,(anonymous_30)
FN:343,(anonymous_31)
FN:350,(anonymous_32)
FN:359,(anonymous_33)
FN:371,(anonymous_34)
FN:388,(anonymous_35)
FN:401,(anonymous_36)
FNF:30
FNH:4
FNDA:0,(anonymous_7)
FNDA:0,(anonymous_8)
FNDA:0,(anonymous_9)
FNDA:2,(anonymous_10)
FNDA:0,(anonymous_11)
FNDA:2,(anonymous_12)
FNDA:0,(anonymous_13)
FNDA:0,(anonymous_14)
FNDA:0,(anonymous_15)
FNDA:0,(anonymous_16)
FNDA:0,(anonymous_17)
FNDA:0,(anonymous_18)
FNDA:0,(anonymous_19)
FNDA:0,(anonymous_20)
FNDA:0,(anonymous_21)
FNDA:0,(anonymous_22)
FNDA:0,(anonymous_23)
FNDA:0,(anonymous_24)
FNDA:0,(anonymous_25)
FNDA:0,(anonymous_26)
FNDA:0,(anonymous_27)
FNDA:0,(anonymous_28)
FNDA:0,(anonymous_29)
FNDA:0,(anonymous_30)
FNDA:2,(anonymous_31)
FNDA:2,(anonymous_32)
FNDA:0,(anonymous_33)
FNDA:0,(anonymous_34)
FNDA:0,(anonymous_35)
FNDA:0,(anonymous_36)
DA:2,16
DA:4,16
DA:5,16
DA:6,16
DA:7,16
DA:8,16
DA:9,16
DA:10,16
DA:11,16
DA:12,16
DA:13,16
DA:14,16
DA:15,16
DA:16,16
DA:18,16
DA:19,16
DA:25,16
DA:29,0
DA:36,0
DA:37,0
DA:38,0
DA:39,0
DA:45,16
DA:46,0
DA:47,0
DA:48,0
DA:49,0
DA:50,0
DA:54,16
DA:64,16
DA:70,0
DA:71,0
DA:72,0
DA:74,0
DA:75,0
DA:78,0
DA:79,0
DA:82,0
DA:83,0
DA:84,0
DA:88,0
DA:90,0
DA:93,0
DA:94,0
DA:97,0
DA:103,16
DA:114,2
DA:115,2
DA:116,2
DA:122,16
DA:126,0
DA:127,0
DA:131,0
DA:134,0
DA:135,0
DA:139,0
DA:143,16
DA:147,2
DA:148,0
DA:149,0
DA:152,0
DA:153,0
DA:154,0
DA:157,0
DA:158,0
DA:159,0
DA:166,16
DA:167,0
DA:168,0
DA:169,0
DA:172,16
DA:173,0
DA:175,0
DA:176,0
DA:178,0
DA:179,0
DA:183,16
DA:184,0
DA:185,0
DA:187,0
DA:188,0
DA:193,0
DA:196,0
DA:199,16
DA:201,0
DA:202,0
DA:213,0
DA:219,0
DA:220,0
DA:221,0
DA:223,0
DA:225,0
DA:226,0
DA:228,0
DA:230,0
DA:234,0
DA:237,0
DA:243,0
DA:244,0
DA:245,0
DA:246,0
DA:248,0
DA:254,16
DA:255,0
DA:256,0
DA:257,0
DA:258,0
DA:259,0
DA:263,16
DA:264,0
DA:265,0
DA:266,0
DA:267,0
DA:268,0
DA:269,0
DA:274,16
DA:275,0
DA:276,0
DA:278,0
DA:281,16
DA:282,0
DA:284,0
DA:285,0
DA:287,0
DA:289,0
DA:291,0
DA:293,0
DA:296,16
DA:297,0
DA:298,0
DA:299,0
DA:302,16
DA:303,0
DA:304,0
DA:305,0
DA:306,0
DA:307,0
DA:310,16
DA:311,0
DA:312,0
DA:315,16
DA:316,0
DA:326,16
DA:327,0
DA:333,0
DA:334,0
DA:337,0
DA:343,16
DA:344,2
DA:345,2
DA:346,2
DA:347,2
DA:350,16
DA:353,2
DA:354,0
DA:356,2
DA:359,16
DA:360,0
DA:365,0
DA:366,0
DA:368,0
DA:371,16
DA:372,0
DA:373,0
DA:380,0
DA:388,16
DA:394,0
DA:396,0
DA:398,0
DA:401,16
LF:170
LH:52
BRDA:31,0,0,0
BRDA:31,0,1,0
BRDA:67,1,0,0
BRDA:74,2,0,0
BRDA:75,3,0,0
BRDA:75,3,1,0
BRDA:78,4,0,0
BRDA:79,5,0,0
BRDA:79,5,1,0
BRDA:82,6,0,0
BRDA:90,7,0,0
BRDA:90,7,1,0
BRDA:93,8,0,0
BRDA:114,9,0,2
BRDA:114,9,1,0
BRDA:126,10,0,0
BRDA:134,11,0,0
BRDA:147,12,0,0
BRDA:148,13,0,0
BRDA:148,13,1,0
BRDA:149,14,0,0
BRDA:149,14,1,0
BRDA:152,15,0,0
BRDA:154,16,0,0
BRDA:154,16,1,0
BRDA:154,17,0,0
BRDA:154,17,1,0
BRDA:157,18,0,0
BRDA:178,19,0,0
BRDA:187,20,0,0
BRDA:220,21,0,0
BRDA:223,22,0,0
BRDA:223,22,1,0
BRDA:244,23,0,0
BRDA:265,24,0,0
BRDA:268,25,0,0
BRDA:268,25,1,0
BRDA:284,26,0,0
BRDA:333,27,0,0
BRDA:345,28,0,2
BRDA:345,28,1,1
BRDA:353,29,0,0
BRDA:365,30,0,0
BRDA:372,31,0,0
BRF:44
BRH:3
end_of_record
TN:
SF:src/provider-utils/awscloudformation/utils/truncateResourceNames.ts
FN:11,(anonymous_0)
FN:32,(anonymous_1)
FN:37,(anonymous_2)
FN:41,(anonymous_3)
FNF:4
FNH:4
FNDA:7,(anonymous_0)
FNDA:9,(anonymous_1)
FNDA:9,(anonymous_2)
FNDA:9,(anonymous_3)
DA:1,17
DA:3,17
DA:4,17
DA:11,17
DA:12,7
DA:13,7
DA:14,4
DA:17,7
DA:18,5
DA:20,7
DA:26,9
DA:27,9
DA:28,9
DA:33,9
DA:34,9
DA:38,9
DA:42,9
DA:43,2
DA:46,7
DA:47,7
DA:48,7
DA:49,7
DA:50,7
DA:51,7
LF:24
LH:24
BRDA:13,0,0,4
BRDA:17,1,0,5
BRDA:42,2,0,2
BRF:3
BRH:3
end_of_record
TN:
SF:src/provider-utils/awscloudformation/utils/updateDependentFunctionCfn.ts
FN:10,updateDependentFunctionsCfn
FN:87,addAppSyncInvokeMethodPermission
FNF:2
FNH:1
FNDA:2,updateDependentFunctionsCfn
FNDA:0,addAppSyncInvokeMethodPermission
DA:1,3
DA:3,3
DA:4,3
DA:5,3
DA:6,3
DA:7,3
DA:8,3
DA:10,3
DA:26,2
DA:27,4
DA:28,4
DA:29,4
DA:30,4
DA:31,4
DA:32,4
DA:33,4
DA:45,4
DA:48,4
DA:49,4
DA:50,8
DA:51,4
DA:52,4
DA:59,4
DA:60,4
DA:61,3
DA:63,4
DA:64,4
DA:68,4
DA:69,4
DA:70,4
DA:71,4
DA:72,4
DA:73,4
DA:74,4
DA:76,4
DA:78,4
DA:79,4
DA:81,4
DA:83,4
DA:87,3
DA:88,0
DA:89,0
DA:90,0
DA:91,0
DA:93,0
DA:94,0
DA:105,0
LF:47
LH:40
BRDA:50,0,0,4
BRDA:60,1,0,3
BRDA:93,2,0,0
BRDA:93,3,0,0
BRDA:93,3,1,0
BRDA:93,4,0,0
BRDA:93,4,1,0
BRDA:93,5,0,0
BRDA:93,5,1,0
BRDA:93,6,0,0
BRDA:93,6,1,0
BRF:11
BRH:2
end_of_record
TN:
SF:src/provider-utils/awscloudformation/utils/updateTopLevelComment.ts
FN:11,(anonymous_1)
FN:20,(anonymous_2)
FN:22,(anonymous_3)
FN:34,(anonymous_4)
FN:40,(anonymous_5)
FN:60,(anonymous_6)
FNF:6
FNH:0
FNDA:0,(anonymous_1)
FNDA:0,(anonymous_2)
FNDA:0,(anonymous_3)
FNDA:0,(anonymous_4)
FNDA:0,(anonymous_5)
FNDA:0,(anonymous_6)
DA:1,16
DA:2,16
DA:3,16
DA:4,16
DA:5,16
DA:6,16
DA:11,16
DA:12,0
DA:13,0
DA:14,0
DA:16,0
DA:17,0
DA:20,16
DA:22,16
DA:23,0
DA:24,0
DA:25,0
DA:26,0
DA:27,0
DA:29,0
DA:31,0
DA:34,16
DA:35,0
DA:36,0
DA:37,0
DA:40,16
DA:41,0
DA:42,0
DA:43,0
DA:45,0
DA:46,0
DA:47,0
DA:48,0
DA:49,0
DA:51,0
DA:53,0
DA:56,16
DA:58,16
DA:60,16
DA:61,0
DA:74,16
LF:41
LH:15
BRDA:13,0,0,0
BRDA:26,1,0,0
BRDA:26,1,1,0
BRDA:26,2,0,0
BRDA:26,2,1,0
BRDA:37,3,0,0
BRDA:37,3,1,0
BRDA:37,4,0,0
BRDA:37,4,1,0
BRDA:42,5,0,0
BRDA:45,6,0,0
BRDA:45,6,1,0
BRDA:45,7,0,0
BRDA:45,7,1,0
BRDA:45,8,0,0
BRDA:45,8,1,0
BRDA:48,9,0,0
BRDA:48,9,1,0
BRDA:48,10,0,0
BRDA:48,10,1,0
BRDA:48,11,0,0
BRDA:48,11,1,0
BRF:22
BRH:0
end_of_record
TN:
SF:src/provider-utils/awscloudformation/utils/zipResource.ts
FN:5,(anonymous_7)
FN:9,(anonymous_8)
FN:10,(anonymous_9)
FN:13,(anonymous_10)
FN:17,(anonymous_11)
FNF:5
FNH:0
FNDA:0,(anonymous_7)
FNDA:0,(anonymous_8)
FNDA:0,(anonymous_9)
FNDA:0,(anonymous_10)
FNDA:0,(anonymous_11)
DA:2,17
DA:3,17
DA:5,17
DA:6,0
DA:7,0
DA:8,0
DA:9,0
DA:10,0
DA:11,0
DA:13,0
DA:14,0
DA:16,0
DA:17,0
DA:18,0
DA:19,0
DA:25,0
DA:26,0
DA:29,0
DA:32,0
LF:19
LH:3
BRDA:6,0,0,0
BRDA:6,1,0,0
BRDA:6,1,1,0
BRDA:18,2,0,0
BRDA:25,3,0,0
BRDA:26,4,0,0
BRDA:26,4,1,0
BRDA:26,5,0,0
BRDA:26,5,1,0
BRF:9
BRH:0
end_of_record
