TN:
SF:src/flags.ts
FN:13,(anonymous_0)
FNF:1
FNH:1
FNDA:6,(anonymous_0)
DA:4,3
DA:8,3
DA:13,6
DA:18,3
DA:23,3
LF:5
LH:5
BRDA:4,0,0,3
BRDA:4,0,1,3
BRF:2
BRH:2
end_of_record
TN:
SF:src/formatter.ts
FN:7,(anonymous_0)
FN:8,(anonymous_1)
FN:8,(anonymous_2)
FNF:3
FNH:3
FNDA:1,(anonymous_0)
FNDA:1,(anonymous_1)
FNDA:2,(anonymous_2)
DA:1,1
DA:7,1
DA:8,2
DA:11,1
LF:4
LH:4
BRDA:7,0,0,1
BRF:1
BRH:1
end_of_record
TN:
SF:src/printer.ts
FN:9,(anonymous_1)
FN:11,(anonymous_2)
FN:17,(anonymous_3)
FN:21,(anonymous_4)
FN:25,(anonymous_5)
FN:29,(anonymous_6)
FN:33,(anonymous_7)
FN:37,(anonymous_8)
FN:43,(anonymous_9)
FNF:9
FNH:8
FNDA:4,(anonymous_1)
FNDA:2,(anonymous_2)
FNDA:7,(anonymous_3)
FNDA:0,(anonymous_4)
FNDA:2,(anonymous_5)
FNDA:2,(anonymous_6)
FNDA:2,(anonymous_7)
FNDA:10,(anonymous_8)
FNDA:12,(anonymous_9)
DA:1,3
DA:2,3
DA:3,3
DA:8,3
DA:9,4
DA:11,4
DA:12,2
DA:13,1
DA:17,4
DA:18,7
DA:21,4
DA:22,0
DA:25,4
DA:26,2
DA:29,4
DA:30,2
DA:33,4
DA:34,2
DA:37,4
DA:38,10
DA:39,8
DA:43,4
DA:44,12
DA:51,3
LF:24
LH:23
BRDA:9,0,0,3
BRDA:12,1,0,1
BRDA:17,2,0,6
BRDA:26,3,0,0
BRDA:26,3,1,2
BRDA:30,4,0,0
BRDA:30,4,1,2
BRDA:34,5,0,0
BRDA:34,5,1,2
BRDA:38,6,0,8
BRDA:43,7,0,0
BRF:11
BRH:7
end_of_record
TN:
SF:src/prompter.ts
FN:25,(anonymous_7)
FN:39,(anonymous_8)
FN:44,(anonymous_9)
FN:48,(anonymous_10)
FN:61,(anonymous_11)
FN:75,(anonymous_12)
FN:85,(anonymous_13)
FN:93,(anonymous_14)
FN:94,(anonymous_15)
FN:119,(anonymous_16)
FN:159,(anonymous_17)
FN:185,(anonymous_18)
FN:201,(anonymous_19)
FN:205,(anonymous_20)
FN:212,(anonymous_21)
FN:226,(anonymous_22)
FN:235,(anonymous_23)
FN:242,(anonymous_24)
FN:269,(anonymous_25)
FN:275,(anonymous_26)
FN:278,(anonymous_27)
FN:303,(anonymous_28)
FN:313,(anonymous_29)
FN:29,(anonymous_30)
FN:325,(anonymous_31)
FN:326,(anonymous_32)
FN:327,(anonymous_33)
FN:327,(anonymous_34)
FN:327,(anonymous_35)
FN:336,(anonymous_36)
FN:337,(anonymous_37)
FN:338,(anonymous_38)
FN:342,(anonymous_39)
FN:342,(anonymous_40)
FN:346,(anonymous_41)
FN:346,(anonymous_42)
FN:347,(anonymous_43)
FN:354,(anonymous_44)
FN:366,(anonymous_45)
FN:475,(anonymous_46)
FNF:40
FNH:28
FNDA:1,(anonymous_7)
FNDA:2,(anonymous_8)
FNDA:0,(anonymous_9)
FNDA:18,(anonymous_10)
FNDA:4,(anonymous_11)
FNDA:4,(anonymous_12)
FNDA:5,(anonymous_13)
FNDA:0,(anonymous_14)
FNDA:0,(anonymous_15)
FNDA:6,(anonymous_16)
FNDA:2,(anonymous_17)
FNDA:14,(anonymous_18)
FNDA:27,(anonymous_19)
FNDA:27,(anonymous_20)
FNDA:27,(anonymous_21)
FNDA:3,(anonymous_22)
FNDA:2,(anonymous_23)
FNDA:0,(anonymous_24)
FNDA:0,(anonymous_25)
FNDA:0,(anonymous_26)
FNDA:0,(anonymous_27)
FNDA:10,(anonymous_28)
FNDA:0,(anonymous_29)
FNDA:15,(anonymous_30)
FNDA:3,(anonymous_31)
FNDA:3,(anonymous_32)
FNDA:5,(anonymous_33)
FNDA:18,(anonymous_34)
FNDA:5,(anonymous_35)
FNDA:6,(anonymous_36)
FNDA:6,(anonymous_37)
FNDA:21,(anonymous_38)
FNDA:1,(anonymous_39)
FNDA:0,(anonymous_40)
FNDA:0,(anonymous_41)
FNDA:0,(anonymous_42)
FNDA:0,(anonymous_43)
FNDA:13,(anonymous_44)
FNDA:28,(anonymous_45)
FNDA:1,(anonymous_46)
DA:7,1
DA:11,1
DA:12,1
DA:14,1
DA:16,1
DA:17,1
DA:25,1
DA:29,1
DA:30,15
DA:31,11
DA:33,4
DA:35,1
DA:36,1
DA:39,1
DA:40,2
DA:41,2
DA:44,1
DA:45,0
DA:48,1
DA:49,18
DA:50,18
DA:51,0
DA:52,0
DA:61,1
DA:62,4
DA:63,4
DA:64,1
DA:66,3
DA:68,3
DA:75,1
DA:76,4
DA:77,4
DA:78,2
DA:80,2
DA:82,3
DA:85,1
DA:86,5
DA:87,5
DA:88,5
DA:93,0
DA:95,0
DA:96,0
DA:100,3
DA:101,3
DA:102,3
DA:119,1
DA:123,6
DA:125,6
DA:131,6
DA:132,2
DA:133,1
DA:134,1
DA:136,1
DA:139,4
DA:140,4
DA:141,4
DA:153,3
DA:155,3
DA:157,2
DA:158,1
DA:159,2
DA:162,1
DA:164,2
DA:165,2
DA:168,1
DA:169,1
DA:185,1
DA:191,14
DA:192,1
DA:195,13
DA:199,13
DA:201,27
DA:204,13
DA:205,27
DA:211,13
DA:212,13
DA:213,27
DA:214,27
DA:215,27
DA:218,13
DA:220,13
DA:221,13
DA:222,13
DA:223,2
DA:224,11
DA:226,3
DA:227,2
DA:228,9
DA:229,3
DA:230,1
DA:232,2
DA:233,1
DA:235,2
DA:242,6
DA:244,6
DA:245,6
DA:273,0
DA:276,0
DA:279,0
DA:283,0
DA:284,0
DA:288,0
DA:289,0
DA:292,0
DA:297,5
DA:301,11
DA:303,10
DA:306,5
DA:308,11
DA:309,11
DA:310,11
DA:313,1
DA:316,1
DA:324,1
DA:325,1
DA:326,3
DA:327,18
DA:335,1
DA:336,1
DA:337,6
DA:338,21
DA:339,6
DA:342,1
DA:343,0
DA:344,0
DA:346,0
DA:347,0
DA:348,0
DA:349,0
DA:351,0
DA:354,1
DA:358,13
DA:359,11
DA:361,2
DA:366,28
DA:475,1
DA:476,1
DA:477,1
DA:478,1
LF:139
LH:118
BRDA:25,0,0,1
BRDA:25,1,0,1
BRDA:40,2,0,2
BRDA:40,2,1,0
BRDA:40,3,0,2
BRDA:40,3,1,2
BRDA:48,4,0,14
BRDA:49,5,0,18
BRDA:50,6,0,0
BRDA:50,7,0,18
BRDA:50,7,1,0
BRDA:51,8,0,0
BRDA:51,8,1,0
BRDA:61,9,0,4
BRDA:63,10,0,1
BRDA:63,10,1,3
BRDA:75,11,0,1
BRDA:77,12,0,2
BRDA:77,12,1,2
BRDA:93,13,0,0
BRDA:93,13,1,0
BRDA:93,14,0,0
BRDA:93,14,1,0
BRDA:123,15,0,3
BRDA:123,15,1,3
BRDA:123,16,0,6
BRDA:123,16,1,6
BRDA:123,17,0,0
BRDA:123,17,1,6
BRDA:123,18,0,6
BRDA:123,18,1,6
BRDA:125,19,0,0
BRDA:125,19,1,6
BRDA:125,20,0,6
BRDA:125,20,1,0
BRDA:127,21,0,1
BRDA:127,21,1,5
BRDA:131,22,0,2
BRDA:132,23,0,1
BRDA:139,24,0,1
BRDA:139,24,1,3
BRDA:151,25,0,1
BRDA:151,25,1,3
BRDA:155,26,0,2
BRDA:157,27,0,1
BRDA:157,27,1,1
BRDA:191,28,0,1
BRDA:191,29,0,0
BRDA:191,29,1,14
BRDA:191,30,0,14
BRDA:191,30,1,14
BRDA:195,31,0,13
BRDA:195,31,1,5
BRDA:195,32,0,0
BRDA:195,32,1,13
BRDA:195,33,0,13
BRDA:195,33,1,13
BRDA:199,34,0,13
BRDA:199,34,1,0
BRDA:222,35,0,2
BRDA:222,35,1,11
BRDA:222,36,0,13
BRDA:222,36,1,4
BRDA:224,37,0,2
BRDA:224,37,1,9
BRDA:224,38,0,11
BRDA:224,38,1,3
BRDA:224,39,0,3
BRDA:224,39,1,0
BRDA:228,40,0,3
BRDA:228,40,1,6
BRDA:229,41,0,1
BRDA:229,42,0,3
BRDA:229,42,1,2
BRDA:229,42,2,1
BRDA:232,43,0,1
BRDA:232,43,1,1
BRDA:257,44,0,3
BRDA:257,44,1,3
BRDA:273,45,0,0
BRDA:273,45,1,0
BRDA:276,46,0,0
BRDA:276,46,1,0
BRDA:279,47,0,0
BRDA:279,48,0,0
BRDA:279,48,1,0
BRDA:279,48,2,0
BRDA:283,49,0,0
BRDA:283,50,0,0
BRDA:283,50,1,0
BRDA:283,51,0,0
BRDA:283,51,1,0
BRDA:288,52,0,0
BRDA:288,53,0,0
BRDA:288,53,1,0
BRDA:288,54,0,0
BRDA:288,54,1,0
BRDA:301,55,0,6
BRDA:301,55,1,5
BRDA:30,56,0,11
BRDA:325,57,0,2
BRDA:336,58,0,5
BRDA:339,59,0,1
BRDA:339,59,1,5
BRDA:343,60,0,0
BRDA:348,61,0,0
BRDA:358,62,0,11
BRDA:358,63,0,13
BRDA:358,63,1,3
BRDA:358,63,2,3
BRDA:475,64,0,1
BRDA:475,64,1,1
BRF:112
BRH:76
end_of_record
TN:
SF:src/stopwatch.ts
FN:4,(anonymous_0)
FN:7,(anonymous_1)
FN:17,(anonymous_2)
FN:24,(anonymous_3)
FN:36,(anonymous_4)
FN:37,(anonymous_5)
FNF:6
FNH:5
FNDA:2,(anonymous_0)
FNDA:24,(anonymous_1)
FNDA:0,(anonymous_2)
FNDA:19,(anonymous_3)
FNDA:4,(anonymous_4)
FNDA:6,(anonymous_5)
DA:4,2
DA:5,2
DA:7,2
DA:8,24
DA:9,24
DA:17,2
DA:18,0
DA:24,2
DA:25,19
DA:26,19
DA:27,0
DA:30,19
DA:36,2
DA:37,6
LF:14
LH:12
BRDA:26,0,0,0
BRDA:37,1,0,6
BRDA:37,1,1,0
BRF:3
BRH:1
end_of_record
TN:
SF:src/validators.ts
FN:16,(anonymous_0)
FN:17,(anonymous_1)
FN:21,(anonymous_2)
FN:22,(anonymous_3)
FN:26,(anonymous_4)
FN:27,(anonymous_5)
FN:31,(anonymous_6)
FN:32,(anonymous_7)
FN:36,(anonymous_8)
FN:37,(anonymous_9)
FN:41,(anonymous_10)
FN:42,(anonymous_11)
FN:46,(anonymous_12)
FN:47,(anonymous_13)
FN:55,(anonymous_14)
FN:56,(anonymous_15)
FN:71,(anonymous_16)
FN:72,(anonymous_17)
FN:88,(anonymous_18)
FN:89,(anonymous_19)
FNF:20
FNH:16
FNDA:3,(anonymous_0)
FNDA:3,(anonymous_1)
FNDA:3,(anonymous_2)
FNDA:3,(anonymous_3)
FNDA:3,(anonymous_4)
FNDA:3,(anonymous_5)
FNDA:4,(anonymous_6)
FNDA:4,(anonymous_7)
FNDA:4,(anonymous_8)
FNDA:4,(anonymous_9)
FNDA:0,(anonymous_10)
FNDA:0,(anonymous_11)
FNDA:0,(anonymous_12)
FNDA:0,(anonymous_13)
FNDA:3,(anonymous_14)
FNDA:3,(anonymous_15)
FNDA:3,(anonymous_16)
FNDA:3,(anonymous_17)
FNDA:2,(anonymous_18)
FNDA:2,(anonymous_19)
DA:15,1
DA:16,1
DA:17,3
DA:18,3
DA:20,1
DA:21,1
DA:22,3
DA:23,3
DA:25,1
DA:26,1
DA:27,3
DA:28,3
DA:30,1
DA:31,1
DA:32,4
DA:33,4
DA:35,1
DA:36,1
DA:37,4
DA:38,4
DA:40,1
DA:41,1
DA:42,0
DA:43,0
DA:45,1
DA:46,1
DA:47,0
DA:48,0
DA:54,1
DA:55,1
DA:56,3
DA:57,3
DA:58,6
DA:59,6
DA:60,2
DA:63,1
DA:70,1
DA:71,1
DA:72,3
DA:73,3
DA:74,3
DA:75,6
DA:76,6
DA:77,1
DA:80,2
DA:87,1
DA:88,1
DA:89,2
DA:90,2
LF:49
LH:45
BRDA:16,0,0,2
BRDA:18,1,0,1
BRDA:18,1,1,2
BRDA:23,2,0,1
BRDA:23,2,1,2
BRDA:23,3,0,2
BRDA:23,3,1,1
BRDA:26,4,0,2
BRDA:28,5,0,1
BRDA:28,5,1,2
BRDA:33,6,0,2
BRDA:33,6,1,2
BRDA:33,7,0,2
BRDA:33,7,1,1
BRDA:38,8,0,2
BRDA:38,8,1,2
BRDA:38,9,0,2
BRDA:38,9,1,1
BRDA:43,10,0,0
BRDA:43,10,1,0
BRDA:43,11,0,0
BRDA:43,11,1,0
BRDA:43,12,0,0
BRDA:43,12,1,0
BRDA:48,13,0,0
BRDA:48,13,1,0
BRDA:48,14,0,0
BRDA:48,14,1,0
BRDA:48,15,0,0
BRDA:48,15,1,0
BRDA:59,16,0,2
BRDA:60,17,0,1
BRDA:60,17,1,1
BRDA:60,18,0,2
BRDA:60,18,1,2
BRDA:76,19,0,1
BRDA:80,20,0,1
BRDA:80,20,1,1
BRDA:80,21,0,2
BRDA:80,21,1,2
BRDA:90,22,0,1
BRDA:90,22,1,1
BRF:42
BRH:30
end_of_record
TN:
SF:src/progressbars/multibar.ts
FN:26,(anonymous_0)
FN:54,(anonymous_1)
FN:61,(anonymous_2)
FN:69,(anonymous_3)
FN:82,(anonymous_4)
FN:112,(anonymous_5)
FN:113,(anonymous_6)
FN:119,(anonymous_7)
FN:153,(anonymous_8)
FN:166,(anonymous_9)
FN:181,(anonymous_10)
FN:182,(anonymous_11)
FN:188,(anonymous_12)
FN:203,(anonymous_13)
FN:219,(anonymous_14)
FN:226,(anonymous_15)
FN:233,(anonymous_16)
FN:254,(anonymous_17)
FNF:18
FNH:14
FNDA:5,(anonymous_0)
FNDA:5,(anonymous_1)
FNDA:10,(anonymous_2)
FNDA:10,(anonymous_3)
FNDA:5,(anonymous_4)
FNDA:11,(anonymous_5)
FNDA:11,(anonymous_6)
FNDA:4,(anonymous_7)
FNDA:1,(anonymous_8)
FNDA:1,(anonymous_9)
FNDA:0,(anonymous_10)
FNDA:0,(anonymous_11)
FNDA:5,(anonymous_12)
FNDA:5,(anonymous_13)
FNDA:0,(anonymous_14)
FNDA:0,(anonymous_15)
FNDA:5,(anonymous_16)
FNDA:5,(anonymous_17)
DA:5,1
DA:6,1
DA:11,1
DA:27,5
DA:28,5
DA:29,5
DA:31,5
DA:32,5
DA:35,5
DA:36,5
DA:37,5
DA:39,5
DA:42,5
DA:43,5
DA:44,5
DA:47,5
DA:48,5
DA:55,5
DA:62,10
DA:63,10
DA:64,10
DA:65,10
DA:68,10
DA:69,10
DA:70,10
DA:71,10
DA:74,0
DA:76,10
DA:83,5
DA:87,5
DA:88,0
DA:91,5
DA:92,0
DA:94,5
DA:96,5
DA:97,5
DA:100,5
DA:101,5
DA:104,5
DA:106,5
DA:113,11
DA:120,4
DA:121,4
DA:122,0
DA:124,4
DA:125,4
DA:127,4
DA:128,4
DA:130,4
DA:131,1
DA:132,1
DA:134,1
DA:135,1
DA:136,1
DA:139,3
DA:140,3
DA:144,4
DA:145,1
DA:146,1
DA:154,1
DA:155,1
DA:156,0
DA:158,1
DA:159,1
DA:160,1
DA:167,1
DA:168,1
DA:169,0
DA:171,1
DA:172,1
DA:173,1
DA:174,1
DA:182,0
DA:196,5
DA:197,5
DA:198,5
DA:199,5
DA:201,5
DA:203,5
DA:204,5
DA:205,5
DA:206,5
DA:207,5
DA:209,5
DA:210,5
DA:211,5
DA:213,5
DA:220,0
DA:227,0
DA:234,5
DA:235,5
DA:238,5
DA:242,5
DA:243,5
DA:244,0
DA:248,0
DA:251,5
DA:254,5
DA:255,5
DA:256,5
DA:257,5
DA:258,5
DA:260,5
LF:103
LH:92
BRDA:31,0,0,5
BRDA:64,1,0,10
BRDA:68,2,0,10
BRDA:68,2,1,0
BRDA:87,3,0,0
BRDA:91,4,0,0
BRDA:100,5,0,5
BRDA:121,6,0,0
BRDA:130,7,0,1
BRDA:130,7,1,3
BRDA:134,8,0,1
BRDA:134,9,0,1
BRDA:134,9,1,1
BRDA:144,10,0,1
BRDA:144,11,0,4
BRDA:144,11,1,1
BRDA:144,11,2,1
BRDA:155,12,0,0
BRDA:168,13,0,0
BRDA:172,14,0,1
BRDA:172,15,0,1
BRDA:172,15,1,1
BRDA:196,16,0,5
BRDA:198,17,0,5
BRDA:209,18,0,5
BRDA:239,19,0,5
BRDA:239,19,1,5
BRDA:243,20,0,0
BRDA:245,21,0,0
BRDA:245,21,1,0
BRDA:257,22,0,5
BRF:31
BRH:22
end_of_record
TN:
SF:src/progressbars/progressbar.ts
FN:71,(anonymous_0)
FN:90,(anonymous_1)
FN:103,(anonymous_2)
FN:111,(anonymous_3)
FN:124,(anonymous_4)
FN:131,(anonymous_5)
FN:141,(anonymous_6)
FN:148,(anonymous_7)
FN:149,(anonymous_8)
FN:155,(anonymous_9)
FN:175,(anonymous_10)
FN:187,(anonymous_11)
FN:194,(anonymous_12)
FN:195,(anonymous_13)
FN:201,(anonymous_14)
FN:215,(anonymous_15)
FN:216,(anonymous_16)
FN:236,(anonymous_17)
FN:246,(anonymous_18)
FNF:19
FNH:18
FNDA:10,(anonymous_0)
FNDA:10,(anonymous_1)
FNDA:10,(anonymous_2)
FNDA:3,(anonymous_3)
FNDA:4,(anonymous_4)
FNDA:8,(anonymous_5)
FNDA:2,(anonymous_6)
FNDA:7,(anonymous_7)
FNDA:4,(anonymous_8)
FNDA:10,(anonymous_9)
FNDA:5,(anonymous_10)
FNDA:0,(anonymous_11)
FNDA:8,(anonymous_12)
FNDA:5,(anonymous_13)
FNDA:6,(anonymous_14)
FNDA:2,(anonymous_15)
FNDA:2,(anonymous_16)
FNDA:5,(anonymous_17)
FNDA:2,(anonymous_18)
DA:1,2
DA:52,2
DA:57,2
DA:72,10
DA:73,0
DA:75,10
DA:76,10
DA:77,10
DA:78,10
DA:79,10
DA:80,10
DA:81,10
DA:83,10
DA:84,10
DA:91,10
DA:92,10
DA:95,10
DA:97,10
DA:104,10
DA:105,10
DA:106,10
DA:110,10
DA:112,3
DA:118,10
DA:125,4
DA:132,8
DA:133,0
DA:134,0
DA:142,2
DA:149,7
DA:156,10
DA:157,10
DA:159,10
DA:160,10
DA:162,10
DA:164,10
DA:165,0
DA:166,0
DA:168,0
DA:176,5
DA:177,5
DA:178,0
DA:179,0
DA:188,0
DA:195,8
DA:202,6
DA:203,6
DA:209,6
DA:216,2
DA:217,2
DA:218,2
DA:219,2
DA:227,2
DA:229,2
DA:230,2
DA:237,5
DA:238,5
DA:239,0
DA:247,2
DA:248,2
LF:60
LH:50
BRDA:72,0,0,0
BRDA:81,1,0,10
BRDA:81,1,1,0
BRDA:83,2,0,10
BRDA:83,2,1,0
BRDA:84,3,0,10
BRDA:84,3,1,0
BRDA:132,4,0,0
BRDA:156,5,0,10
BRDA:156,5,1,10
BRDA:157,6,0,10
BRDA:157,6,1,0
BRDA:159,7,0,10
BRDA:159,7,1,0
BRDA:164,8,0,0
BRDA:165,9,0,0
BRDA:177,10,0,0
BRDA:178,11,0,0
BRDA:218,12,0,2
BRDA:223,13,0,2
BRDA:223,13,1,2
BRDA:227,14,0,2
BRDA:227,14,1,0
BRDA:236,15,0,2
BRDA:238,16,0,0
BRF:25
BRH:12
end_of_record
TN:
SF:src/progressbars/terminal.ts
FN:15,(anonymous_1)
FN:20,(anonymous_2)
FN:24,(anonymous_3)
FN:39,(anonymous_4)
FN:48,(anonymous_5)
FN:55,(anonymous_6)
FN:62,(anonymous_7)
FN:69,(anonymous_8)
FN:76,(anonymous_9)
FN:80,(anonymous_10)
FN:102,(anonymous_11)
FN:116,(anonymous_12)
FNF:12
FNH:10
FNDA:11,(anonymous_1)
FNDA:25,(anonymous_2)
FNDA:0,(anonymous_3)
FNDA:6,(anonymous_4)
FNDA:20,(anonymous_5)
FNDA:25,(anonymous_6)
FNDA:1,(anonymous_7)
FNDA:0,(anonymous_8)
FNDA:11,(anonymous_9)
FNDA:25,(anonymous_10)
FNDA:15,(anonymous_11)
FNDA:15,(anonymous_12)
DA:1,3
DA:2,3
DA:12,3
DA:13,3
DA:15,3
DA:16,11
DA:17,11
DA:20,25
DA:21,3
DA:22,3
DA:24,3
DA:25,0
DA:26,0
DA:28,0
DA:34,3
DA:40,6
DA:41,6
DA:42,6
DA:49,20
DA:56,25
DA:63,1
DA:70,0
DA:78,11
DA:80,11
DA:82,25
DA:83,25
DA:84,25
DA:85,0
DA:87,25
DA:90,11
DA:93,11
DA:94,0
DA:96,11
DA:103,15
DA:104,15
DA:106,0
DA:107,0
DA:109,0
DA:117,15
LF:39
LH:30
BRDA:16,0,0,11
BRDA:16,0,1,0
BRDA:17,1,0,5
BRDA:17,1,1,6
BRDA:25,2,0,0
BRDA:84,3,0,0
BRDA:103,4,0,15
BRDA:106,5,0,0
BRDA:106,5,1,0
BRF:9
BRH:4
end_of_record
