{"/Users/eddvar/Documents/amplify-cli/packages/amplify-util-uibuilder/src/index.ts": {"path":"/Users/eddvar/Documents/amplify-cli/packages/amplify-util-uibuilder/src/index.ts","statementMap":{"0":{"start":{"line":2,"column":0},"end":{"line":2,"column":24}},"1":{"start":{"line":9,"column":37},"end":{"line":15,"column":1}},"2":{"start":{"line":10,"column":26},"end":{"line":10,"column":74}},"3":{"start":{"line":11,"column":22},"end":{"line":11,"column":78}},"4":{"start":{"line":13,"column":24},"end":{"line":13,"column":44}},"5":{"start":{"line":14,"column":2},"end":{"line":14,"column":35}},"6":{"start":{"line":9,"column":13},"end":{"line":9,"column":37}},"7":{"start":{"line":20,"column":34},"end":{"line":26,"column":1}},"8":{"start":{"line":21,"column":31},"end":{"line":21,"column":85}},"9":{"start":{"line":22,"column":27},"end":{"line":22,"column":77}},"10":{"start":{"line":24,"column":29},"end":{"line":24,"column":54}},"11":{"start":{"line":25,"column":2},"end":{"line":25,"column":40}},"12":{"start":{"line":20,"column":13},"end":{"line":20,"column":34}}},"fnMap":{"0":{"name":"(anonymous_1)","decl":{"start":{"line":9,"column":37},"end":{"line":9,"column":42}},"loc":{"start":{"line":9,"column":95},"end":{"line":15,"column":1}}},"1":{"name":"(anonymous_2)","decl":{"start":{"line":20,"column":34},"end":{"line":20,"column":39}},"loc":{"start":{"line":20,"column":109},"end":{"line":26,"column":1}}}},"branchMap":{"0":{"loc":{"start":{"line":11,"column":49},"end":{"line":11,"column":77}},"type":"binary-expr","locations":[{"start":{"line":11,"column":49},"end":{"line":11,"column":52}},{"start":{"line":11,"column":56},"end":{"line":11,"column":77}}]}},"s":{"0":0,"1":0,"2":0,"3":0,"4":0,"5":0,"6":0,"7":0,"8":0,"9":0,"10":0,"11":0,"12":0},"f":{"0":0,"1":0},"b":{"0":[0,0]}}
,"/Users/eddvar/Documents/amplify-cli/packages/amplify-util-uibuilder/src/clients/amplify-studio-client.ts": {"path":"/Users/eddvar/Documents/amplify-cli/packages/amplify-util-uibuilder/src/clients/amplify-studio-client.ts","statementMap":{"0":{"start":{"line":1,"column":0},"end":{"line":1,"column":89}},"1":{"start":{"line":4,"column":0},"end":{"line":4,"column":59}},"2":{"start":{"line":5,"column":0},"end":{"line":5,"column":55}},"3":{"start":{"line":6,"column":0},"end":{"line":6,"column":76}},"4":{"start":{"line":7,"column":0},"end":{"line":7,"column":71}},"5":{"start":{"line":20,"column":34},"end":{"line":31,"column":1}},"6":{"start":{"line":21,"column":20},"end":{"line":21,"column":40}},"7":{"start":{"line":22,"column":2},"end":{"line":24,"column":null}},"8":{"start":{"line":23,"column":4},"end":{"line":23,"column":62}},"9":{"start":{"line":26,"column":2},"end":{"line":28,"column":null}},"10":{"start":{"line":27,"column":4},"end":{"line":27,"column":58}},"11":{"start":{"line":30,"column":2},"end":{"line":30,"column":39}},"12":{"start":{"line":36,"column":36},"end":{"line":47,"column":1}},"13":{"start":{"line":37,"column":20},"end":{"line":37,"column":40}},"14":{"start":{"line":38,"column":2},"end":{"line":40,"column":null}},"15":{"start":{"line":39,"column":4},"end":{"line":39,"column":57}},"16":{"start":{"line":42,"column":2},"end":{"line":44,"column":null}},"17":{"start":{"line":43,"column":4},"end":{"line":43,"column":53}},"18":{"start":{"line":46,"column":2},"end":{"line":46,"column":41}},"19":{"start":{"line":79,"column":28},"end":{"line":79,"column":56}},"20":{"start":{"line":80,"column":26},"end":{"line":80,"column":50}},"21":{"start":{"line":81,"column":27},"end":{"line":85,"column":6}},"22":{"start":{"line":87,"column":19},"end":{"line":87,"column":89}},"23":{"start":{"line":89,"column":4},"end":{"line":94,"column":null}},"24":{"start":{"line":90,"column":6},"end":{"line":90,"column":34}},"25":{"start":{"line":91,"column":6},"end":{"line":91,"column":39}},"26":{"start":{"line":93,"column":6},"end":{"line":93,"column":40}},"27":{"start":{"line":96,"column":4},"end":{"line":96,"column":18}},"28":{"start":{"line":53,"column":2},"end":{"line":53,"column":38}},"29":{"start":{"line":54,"column":2},"end":{"line":54,"column":34}},"30":{"start":{"line":55,"column":2},"end":{"line":55,"column":17}},"31":{"start":{"line":56,"column":2},"end":{"line":56,"column":19}},"32":{"start":{"line":58,"column":2},"end":{"line":58,"column":29}},"33":{"start":{"line":116,"column":2},"end":{"line":133,"column":4}},"34":{"start":{"line":117,"column":28},"end":{"line":117,"column":52}},"35":{"start":{"line":118,"column":26},"end":{"line":118,"column":46}},"36":{"start":{"line":119,"column":4},"end":{"line":132,"column":null}},"37":{"start":{"line":120,"column":23},"end":{"line":125,"column":18}},"38":{"start":{"line":126,"column":6},"end":{"line":129,"column":8}},"39":{"start":{"line":131,"column":6},"end":{"line":131,"column":65}},"40":{"start":{"line":138,"column":2},"end":{"line":160,"column":4}},"41":{"start":{"line":139,"column":28},"end":{"line":139,"column":52}},"42":{"start":{"line":140,"column":26},"end":{"line":140,"column":46}},"43":{"start":{"line":141,"column":4},"end":{"line":159,"column":null}},"44":{"start":{"line":143,"column":47},"end":{"line":143,"column":49}},"45":{"start":{"line":144,"column":6},"end":{"line":154,"column":26}},"46":{"start":{"line":145,"column":25},"end":{"line":151,"column":20}},"47":{"start":{"line":152,"column":8},"end":{"line":152,"column":55}},"48":{"start":{"line":153,"column":8},"end":{"line":153,"column":39}},"49":{"start":{"line":155,"column":6},"end":{"line":155,"column":66}},"50":{"start":{"line":156,"column":6},"end":{"line":156,"column":47}},"51":{"start":{"line":158,"column":6},"end":{"line":158,"column":67}},"52":{"start":{"line":165,"column":2},"end":{"line":188,"column":4}},"53":{"start":{"line":166,"column":28},"end":{"line":166,"column":52}},"54":{"start":{"line":167,"column":26},"end":{"line":167,"column":46}},"55":{"start":{"line":169,"column":4},"end":{"line":187,"column":null}},"56":{"start":{"line":171,"column":39},"end":{"line":171,"column":41}},"57":{"start":{"line":172,"column":6},"end":{"line":182,"column":26}},"58":{"start":{"line":173,"column":25},"end":{"line":179,"column":20}},"59":{"start":{"line":180,"column":8},"end":{"line":180,"column":51}},"60":{"start":{"line":181,"column":8},"end":{"line":181,"column":39}},"61":{"start":{"line":183,"column":6},"end":{"line":183,"column":62}},"62":{"start":{"line":184,"column":6},"end":{"line":184,"column":43}},"63":{"start":{"line":186,"column":6},"end":{"line":186,"column":63}},"64":{"start":{"line":190,"column":2},"end":{"line":212,"column":4}},"65":{"start":{"line":191,"column":28},"end":{"line":191,"column":52}},"66":{"start":{"line":192,"column":26},"end":{"line":192,"column":46}},"67":{"start":{"line":193,"column":4},"end":{"line":211,"column":null}},"68":{"start":{"line":195,"column":37},"end":{"line":195,"column":39}},"69":{"start":{"line":196,"column":6},"end":{"line":206,"column":26}},"70":{"start":{"line":197,"column":25},"end":{"line":203,"column":20}},"71":{"start":{"line":204,"column":8},"end":{"line":204,"column":50}},"72":{"start":{"line":205,"column":8},"end":{"line":205,"column":39}},"73":{"start":{"line":207,"column":6},"end":{"line":207,"column":61}},"74":{"start":{"line":208,"column":6},"end":{"line":208,"column":42}},"75":{"start":{"line":210,"column":6},"end":{"line":210,"column":62}},"76":{"start":{"line":214,"column":2},"end":{"line":229,"column":4}},"77":{"start":{"line":215,"column":28},"end":{"line":215,"column":52}},"78":{"start":{"line":216,"column":26},"end":{"line":216,"column":46}},"79":{"start":{"line":217,"column":4},"end":{"line":228,"column":null}},"80":{"start":{"line":218,"column":23},"end":{"line":224,"column":18}},"81":{"start":{"line":225,"column":6},"end":{"line":225,"column":29}},"82":{"start":{"line":227,"column":6},"end":{"line":227,"column":68}},"83":{"start":{"line":231,"column":2},"end":{"line":240,"column":4}},"84":{"start":{"line":232,"column":28},"end":{"line":232,"column":52}},"85":{"start":{"line":233,"column":26},"end":{"line":233,"column":46}},"86":{"start":{"line":234,"column":4},"end":{"line":239,"column":null}},"87":{"start":{"line":235,"column":6},"end":{"line":235,"column":111}},"88":{"start":{"line":237,"column":6},"end":{"line":237,"column":36}},"89":{"start":{"line":238,"column":6},"end":{"line":238,"column":16}},"90":{"start":{"line":242,"column":2},"end":{"line":257,"column":4}},"91":{"start":{"line":243,"column":4},"end":{"line":256,"column":null}},"92":{"start":{"line":244,"column":30},"end":{"line":244,"column":54}},"93":{"start":{"line":245,"column":28},"end":{"line":245,"column":48}},"94":{"start":{"line":246,"column":25},"end":{"line":252,"column":18}},"95":{"start":{"line":253,"column":6},"end":{"line":253,"column":20}},"96":{"start":{"line":255,"column":6},"end":{"line":255,"column":105}},"97":{"start":{"line":103,"column":4},"end":{"line":103,"column":72}},"98":{"start":{"line":104,"column":4},"end":{"line":104,"column":68}},"99":{"start":{"line":105,"column":4},"end":{"line":105,"column":24}},"100":{"start":{"line":106,"column":4},"end":{"line":106,"column":28}},"101":{"start":{"line":107,"column":4},"end":{"line":110,"column":6}},"102":{"start":{"line":52,"column":0},"end":{"line":52,"column":21}},"103":{"start":{"line":63,"column":9},"end":{"line":73,"column":4}},"104":{"start":{"line":64,"column":4},"end":{"line":72,"column":null}},"105":{"start":{"line":65,"column":29},"end":{"line":65,"column":97}},"106":{"start":{"line":66,"column":6},"end":{"line":66,"column":24}},"107":{"start":{"line":70,"column":6},"end":{"line":70,"column":62}},"108":{"start":{"line":71,"column":6},"end":{"line":71,"column":19}}},"fnMap":{"0":{"name":"(anonymous_2)","decl":{"start":{"line":20,"column":34},"end":{"line":20,"column":35}},"loc":{"start":{"line":20,"column":97},"end":{"line":31,"column":1}}},"1":{"name":"(anonymous_3)","decl":{"start":{"line":36,"column":36},"end":{"line":36,"column":37}},"loc":{"start":{"line":36,"column":101},"end":{"line":47,"column":1}}},"2":{"name":"(anonymous_4)","decl":{"start":{"line":78,"column":2},"end":{"line":78,"column":8}},"loc":{"start":{"line":78,"column":82},"end":{"line":97,"column":3}}},"3":{"name":"(anonymous_5)","decl":{"start":{"line":102,"column":2},"end":{"line":102,"column":14}},"loc":{"start":{"line":102,"column":88},"end":{"line":111,"column":3}}},"4":{"name":"(anonymous_6)","decl":{"start":{"line":116,"column":17},"end":{"line":116,"column":22}},"loc":{"start":{"line":116,"column":75},"end":{"line":133,"column":3}}},"5":{"name":"(anonymous_7)","decl":{"start":{"line":138,"column":19},"end":{"line":138,"column":24}},"loc":{"start":{"line":138,"column":98},"end":{"line":160,"column":3}}},"6":{"name":"(anonymous_8)","decl":{"start":{"line":165,"column":15},"end":{"line":165,"column":20}},"loc":{"start":{"line":165,"column":90},"end":{"line":188,"column":3}}},"7":{"name":"(anonymous_9)","decl":{"start":{"line":190,"column":14},"end":{"line":190,"column":19}},"loc":{"start":{"line":190,"column":88},"end":{"line":212,"column":3}}},"8":{"name":"(anonymous_10)","decl":{"start":{"line":214,"column":20},"end":{"line":214,"column":25}},"loc":{"start":{"line":214,"column":127},"end":{"line":229,"column":3}}},"9":{"name":"(anonymous_11)","decl":{"start":{"line":231,"column":15},"end":{"line":231,"column":20}},"loc":{"start":{"line":231,"column":89},"end":{"line":240,"column":3}}},"10":{"name":"(anonymous_12)","decl":{"start":{"line":242,"column":14},"end":{"line":242,"column":19}},"loc":{"start":{"line":242,"column":108},"end":{"line":257,"column":3}}},"11":{"name":"(anonymous_13)","decl":{"start":{"line":63,"column":24},"end":{"line":63,"column":29}},"loc":{"start":{"line":63,"column":87},"end":{"line":73,"column":3}}}},"branchMap":{"0":{"loc":{"start":{"line":22,"column":2},"end":{"line":24,"column":null}},"type":"if","locations":[{"start":{"line":22,"column":2},"end":{"line":24,"column":null}}]},"1":{"loc":{"start":{"line":26,"column":2},"end":{"line":28,"column":null}},"type":"if","locations":[{"start":{"line":26,"column":2},"end":{"line":28,"column":null}}]},"2":{"loc":{"start":{"line":38,"column":2},"end":{"line":40,"column":null}},"type":"if","locations":[{"start":{"line":38,"column":2},"end":{"line":40,"column":null}}]},"3":{"loc":{"start":{"line":42,"column":2},"end":{"line":44,"column":null}},"type":"if","locations":[{"start":{"line":42,"column":2},"end":{"line":44,"column":null}}]},"4":{"loc":{"start":{"line":89,"column":4},"end":{"line":94,"column":null}},"type":"if","locations":[{"start":{"line":89,"column":4},"end":{"line":94,"column":null}},{"start":{"line":92,"column":11},"end":{"line":94,"column":null}}]},"5":{"loc":{"start":{"line":117,"column":28},"end":{"line":117,"column":52}},"type":"binary-expr","locations":[{"start":{"line":117,"column":28},"end":{"line":117,"column":35}},{"start":{"line":117,"column":39},"end":{"line":117,"column":52}}]},"6":{"loc":{"start":{"line":118,"column":26},"end":{"line":118,"column":46}},"type":"binary-expr","locations":[{"start":{"line":118,"column":26},"end":{"line":118,"column":31}},{"start":{"line":118,"column":35},"end":{"line":118,"column":46}}]},"7":{"loc":{"start":{"line":127,"column":27},"end":{"line":127,"column":63}},"type":"cond-expr","locations":[{"start":{"line":127,"column":44},"end":{"line":127,"column":46}},{"start":{"line":127,"column":44},"end":{"line":127,"column":63}}]},"8":{"loc":{"start":{"line":127,"column":27},"end":{"line":127,"column":46}},"type":"binary-expr","locations":[{"start":{"line":127,"column":27},"end":{"line":127,"column":46}},{"start":{"line":127,"column":44},"end":{"line":127,"column":46}}]},"9":{"loc":{"start":{"line":128,"column":27},"end":{"line":128,"column":63}},"type":"cond-expr","locations":[{"start":{"line":128,"column":44},"end":{"line":128,"column":46}},{"start":{"line":128,"column":44},"end":{"line":128,"column":63}}]},"10":{"loc":{"start":{"line":128,"column":27},"end":{"line":128,"column":46}},"type":"binary-expr","locations":[{"start":{"line":128,"column":27},"end":{"line":128,"column":46}},{"start":{"line":128,"column":44},"end":{"line":128,"column":46}}]},"11":{"loc":{"start":{"line":139,"column":28},"end":{"line":139,"column":52}},"type":"binary-expr","locations":[{"start":{"line":139,"column":28},"end":{"line":139,"column":35}},{"start":{"line":139,"column":39},"end":{"line":139,"column":52}}]},"12":{"loc":{"start":{"line":140,"column":26},"end":{"line":140,"column":46}},"type":"binary-expr","locations":[{"start":{"line":140,"column":26},"end":{"line":140,"column":31}},{"start":{"line":140,"column":35},"end":{"line":140,"column":46}}]},"13":{"loc":{"start":{"line":166,"column":28},"end":{"line":166,"column":52}},"type":"binary-expr","locations":[{"start":{"line":166,"column":28},"end":{"line":166,"column":35}},{"start":{"line":166,"column":39},"end":{"line":166,"column":52}}]},"14":{"loc":{"start":{"line":167,"column":26},"end":{"line":167,"column":46}},"type":"binary-expr","locations":[{"start":{"line":167,"column":26},"end":{"line":167,"column":31}},{"start":{"line":167,"column":35},"end":{"line":167,"column":46}}]},"15":{"loc":{"start":{"line":191,"column":28},"end":{"line":191,"column":52}},"type":"binary-expr","locations":[{"start":{"line":191,"column":28},"end":{"line":191,"column":35}},{"start":{"line":191,"column":39},"end":{"line":191,"column":52}}]},"16":{"loc":{"start":{"line":192,"column":26},"end":{"line":192,"column":46}},"type":"binary-expr","locations":[{"start":{"line":192,"column":26},"end":{"line":192,"column":31}},{"start":{"line":192,"column":35},"end":{"line":192,"column":46}}]},"17":{"loc":{"start":{"line":215,"column":28},"end":{"line":215,"column":52}},"type":"binary-expr","locations":[{"start":{"line":215,"column":28},"end":{"line":215,"column":35}},{"start":{"line":215,"column":39},"end":{"line":215,"column":52}}]},"18":{"loc":{"start":{"line":216,"column":26},"end":{"line":216,"column":46}},"type":"binary-expr","locations":[{"start":{"line":216,"column":26},"end":{"line":216,"column":31}},{"start":{"line":216,"column":35},"end":{"line":216,"column":46}}]},"19":{"loc":{"start":{"line":232,"column":28},"end":{"line":232,"column":52}},"type":"binary-expr","locations":[{"start":{"line":232,"column":28},"end":{"line":232,"column":35}},{"start":{"line":232,"column":39},"end":{"line":232,"column":52}}]},"20":{"loc":{"start":{"line":233,"column":26},"end":{"line":233,"column":46}},"type":"binary-expr","locations":[{"start":{"line":233,"column":26},"end":{"line":233,"column":31}},{"start":{"line":233,"column":35},"end":{"line":233,"column":46}}]},"21":{"loc":{"start":{"line":244,"column":30},"end":{"line":244,"column":54}},"type":"binary-expr","locations":[{"start":{"line":244,"column":30},"end":{"line":244,"column":37}},{"start":{"line":244,"column":41},"end":{"line":244,"column":54}}]},"22":{"loc":{"start":{"line":245,"column":28},"end":{"line":245,"column":48}},"type":"binary-expr","locations":[{"start":{"line":245,"column":28},"end":{"line":245,"column":33}},{"start":{"line":245,"column":37},"end":{"line":245,"column":48}}]}},"s":{"0":9,"1":9,"2":9,"3":9,"4":9,"5":9,"6":8,"7":8,"8":0,"9":8,"10":0,"11":8,"12":9,"13":8,"14":8,"15":4,"16":8,"17":4,"18":8,"19":8,"20":8,"21":8,"22":8,"23":8,"24":8,"25":8,"26":0,"27":8,"28":8,"29":8,"30":8,"31":8,"32":8,"33":8,"34":8,"35":8,"36":8,"37":8,"38":8,"39":0,"40":8,"41":4,"42":4,"43":4,"44":4,"45":4,"46":4,"47":4,"48":4,"49":4,"50":4,"51":0,"52":8,"53":2,"54":2,"55":2,"56":2,"57":2,"58":2,"59":2,"60":2,"61":2,"62":2,"63":0,"64":8,"65":4,"66":4,"67":4,"68":4,"69":4,"70":4,"71":4,"72":4,"73":4,"74":4,"75":0,"76":8,"77":1,"78":1,"79":1,"80":1,"81":1,"82":0,"83":8,"84":0,"85":0,"86":0,"87":0,"88":0,"89":0,"90":8,"91":0,"92":0,"93":0,"94":0,"95":0,"96":0,"97":8,"98":8,"99":8,"100":8,"101":8,"102":9,"103":9,"104":0,"105":0,"106":0,"107":0,"108":0},"f":{"0":8,"1":8,"2":8,"3":8,"4":8,"5":4,"6":2,"7":4,"8":1,"9":0,"10":0,"11":0},"b":{"0":[0],"1":[0],"2":[4],"3":[4],"4":[8,0],"5":[8,8],"6":[8,8],"7":[0,8],"8":[8,8],"9":[0,8],"10":[8,8],"11":[4,2],"12":[4,4],"13":[2,2],"14":[2,2],"15":[4,4],"16":[4,4],"17":[1,0],"18":[1,0],"19":[0,0],"20":[0,0],"21":[0,0],"22":[0,0]}}
,"/Users/eddvar/Documents/amplify-cli/packages/amplify-util-uibuilder/src/clients/index.ts": {"path":"/Users/eddvar/Documents/amplify-cli/packages/amplify-util-uibuilder/src/clients/index.ts","statementMap":{"0":{"start":{"line":1,"column":0},"end":{"line":1,"column":9}},"1":{"start":{"line":1,"column":9},"end":{"line":1,"column":39}}},"fnMap":{"0":{"name":"(anonymous_1)","decl":{"start":{"line":1,"column":9},"end":{"line":1,"column":16}},"loc":{"start":{"line":1,"column":9},"end":{"line":1,"column":39}}}},"branchMap":{},"s":{"0":9,"1":18},"f":{"0":9},"b":{}}
,"/Users/eddvar/Documents/amplify-cli/packages/amplify-util-uibuilder/src/commands/cloneComponentsFromEnv.ts": {"path":"/Users/eddvar/Documents/amplify-cli/packages/amplify-util-uibuilder/src/commands/cloneComponentsFromEnv.ts","statementMap":{"0":{"start":{"line":1,"column":0},"end":{"line":1,"column":55}},"1":{"start":{"line":3,"column":0},"end":{"line":3,"column":38}},"2":{"start":{"line":4,"column":0},"end":{"line":4,"column":49}},"3":{"start":{"line":9,"column":19},"end":{"line":53,"column":1}},"4":{"start":{"line":10,"column":2},"end":{"line":10,"column":79}},"5":{"start":{"line":11,"column":15},"end":{"line":11,"column":35}},"6":{"start":{"line":12,"column":24},"end":{"line":12,"column":95}},"7":{"start":{"line":13,"column":21},"end":{"line":13,"column":93}},"8":{"start":{"line":14,"column":16},"end":{"line":14,"column":113}},"9":{"start":{"line":15,"column":23},"end":{"line":15,"column":93}},"10":{"start":{"line":17,"column":57},"end":{"line":20,"column":4}},"11":{"start":{"line":21,"column":2},"end":{"line":24,"column":null}},"12":{"start":{"line":22,"column":4},"end":{"line":22,"column":130}},"13":{"start":{"line":23,"column":4},"end":{"line":23,"column":11}},"14":{"start":{"line":26,"column":2},"end":{"line":31,"column":null}},"15":{"start":{"line":27,"column":4},"end":{"line":29,"column":6}},"16":{"start":{"line":30,"column":4},"end":{"line":30,"column":11}},"17":{"start":{"line":33,"column":21},"end":{"line":33,"column":48}},"18":{"start":{"line":34,"column":2},"end":{"line":37,"column":null}},"19":{"start":{"line":35,"column":4},"end":{"line":35,"column":128}},"20":{"start":{"line":36,"column":4},"end":{"line":36,"column":11}},"21":{"start":{"line":38,"column":2},"end":{"line":48,"column":null}},"22":{"start":{"line":38,"column":15},"end":{"line":38,"column":16}},"23":{"start":{"line":46,"column":8},"end":{"line":46,"column":21}},"24":{"start":{"line":47,"column":4},"end":{"line":47,"column":79}},"25":{"start":{"line":50,"column":2},"end":{"line":52,"column":4}},"26":{"start":{"line":9,"column":13},"end":{"line":9,"column":19}}},"fnMap":{"0":{"name":"(anonymous_0)","decl":{"start":{"line":9,"column":19},"end":{"line":9,"column":24}},"loc":{"start":{"line":9,"column":64},"end":{"line":53,"column":1}}}},"branchMap":{"0":{"loc":{"start":{"line":12,"column":24},"end":{"line":12,"column":95}},"type":"cond-expr","locations":[{"start":{"line":12,"column":45},"end":{"line":12,"column":63}},{"start":{"line":12,"column":66},"end":{"line":12,"column":95}}]},"1":{"loc":{"start":{"line":13,"column":21},"end":{"line":13,"column":93}},"type":"cond-expr","locations":[{"start":{"line":13,"column":39},"end":{"line":13,"column":54}},{"start":{"line":13,"column":57},"end":{"line":13,"column":93}}]},"2":{"loc":{"start":{"line":14,"column":16},"end":{"line":14,"column":113}},"type":"cond-expr","locations":[{"start":{"line":14,"column":26},"end":{"line":14,"column":30}},{"start":{"line":14,"column":30},"end":{"line":14,"column":113}}]},"3":{"loc":{"start":{"line":14,"column":16},"end":{"line":14,"column":30}},"type":"binary-expr","locations":[{"start":{"line":14,"column":16},"end":{"line":14,"column":30}},{"start":{"line":14,"column":26},"end":{"line":14,"column":30}}]},"4":{"loc":{"start":{"line":14,"column":30},"end":{"line":14,"column":113}},"type":"cond-expr","locations":[{"start":{"line":14,"column":99},"end":{"line":14,"column":101}},{"start":{"line":14,"column":99},"end":{"line":14,"column":113}}]},"5":{"loc":{"start":{"line":14,"column":30},"end":{"line":14,"column":101}},"type":"binary-expr","locations":[{"start":{"line":14,"column":30},"end":{"line":14,"column":101}},{"start":{"line":14,"column":99},"end":{"line":14,"column":101}}]},"6":{"loc":{"start":{"line":14,"column":30},"end":{"line":14,"column":99}},"type":"cond-expr","locations":[{"start":{"line":14,"column":80},"end":{"line":14,"column":82}},{"start":{"line":14,"column":80},"end":{"line":14,"column":99}}]},"7":{"loc":{"start":{"line":14,"column":30},"end":{"line":14,"column":82}},"type":"binary-expr","locations":[{"start":{"line":14,"column":30},"end":{"line":14,"column":82}},{"start":{"line":14,"column":80},"end":{"line":14,"column":82}}]},"8":{"loc":{"start":{"line":14,"column":30},"end":{"line":14,"column":80}},"type":"cond-expr","locations":[{"start":{"line":14,"column":63},"end":{"line":14,"column":66}},{"start":{"line":14,"column":63},"end":{"line":14,"column":80}}]},"9":{"loc":{"start":{"line":14,"column":30},"end":{"line":14,"column":66}},"type":"binary-expr","locations":[{"start":{"line":14,"column":30},"end":{"line":14,"column":66}},{"start":{"line":14,"column":63},"end":{"line":14,"column":66}}]},"10":{"loc":{"start":{"line":14,"column":30},"end":{"line":14,"column":63}},"type":"cond-expr","locations":[{"start":{"line":14,"column":45},"end":{"line":14,"column":47}},{"start":{"line":14,"column":45},"end":{"line":14,"column":63}}]},"11":{"loc":{"start":{"line":14,"column":30},"end":{"line":14,"column":47}},"type":"binary-expr","locations":[{"start":{"line":14,"column":30},"end":{"line":14,"column":47}},{"start":{"line":14,"column":45},"end":{"line":14,"column":47}}]},"12":{"loc":{"start":{"line":21,"column":2},"end":{"line":24,"column":null}},"type":"if","locations":[{"start":{"line":21,"column":2},"end":{"line":24,"column":null}}]},"13":{"loc":{"start":{"line":26,"column":2},"end":{"line":31,"column":null}},"type":"if","locations":[{"start":{"line":26,"column":2},"end":{"line":31,"column":null}}]},"14":{"loc":{"start":{"line":34,"column":2},"end":{"line":37,"column":null}},"type":"if","locations":[{"start":{"line":34,"column":2},"end":{"line":37,"column":null}}]}},"s":{"0":1,"1":1,"2":1,"3":1,"4":1,"5":1,"6":1,"7":1,"8":1,"9":1,"10":1,"11":1,"12":0,"13":0,"14":1,"15":0,"16":0,"17":1,"18":1,"19":0,"20":0,"21":1,"22":1,"23":1,"24":1,"25":1,"26":1},"f":{"0":1},"b":{"0":[1,0],"1":[1,0],"2":[1,0],"3":[1,1],"4":[0,0],"5":[0,0],"6":[0,0],"7":[0,0],"8":[0,0],"9":[0,0],"10":[0,0],"11":[0,0],"12":[0],"13":[0],"14":[0]}}
,"/Users/eddvar/Documents/amplify-cli/packages/amplify-util-uibuilder/src/commands/generateComponents.ts": {"path":"/Users/eddvar/Documents/amplify-cli/packages/amplify-util-uibuilder/src/commands/generateComponents.ts","statementMap":{"0":{"start":{"line":3,"column":0},"end":{"line":3,"column":22}},"1":{"start":{"line":4,"column":0},"end":{"line":4,"column":55}},"2":{"start":{"line":6,"column":0},"end":{"line":6,"column":49}},"3":{"start":{"line":7,"column":0},"end":{"line":7,"column":null}},"4":{"start":{"line":24,"column":19},"end":{"line":121,"column":1}},"5":{"start":{"line":25,"column":2},"end":{"line":27,"column":null}},"6":{"start":{"line":26,"column":4},"end":{"line":26,"column":11}},"7":{"start":{"line":28,"column":18},"end":{"line":28,"column":25}},"8":{"start":{"line":29,"column":2},"end":{"line":120,"column":null}},"9":{"start":{"line":30,"column":25},"end":{"line":30,"column":73}},"10":{"start":{"line":31,"column":70},"end":{"line":36,"column":6}},"11":{"start":{"line":38,"column":37},"end":{"line":38,"column":128}},"12":{"start":{"line":40,"column":4},"end":{"line":43,"column":null}},"13":{"start":{"line":40,"column":99},"end":{"line":40,"column":121}},"14":{"start":{"line":41,"column":6},"end":{"line":41,"column":78}},"15":{"start":{"line":42,"column":6},"end":{"line":42,"column":13}},"16":{"start":{"line":44,"column":4},"end":{"line":44,"column":49}},"17":{"start":{"line":46,"column":29},"end":{"line":55,"column":6}},"18":{"start":{"line":57,"column":46},"end":{"line":57,"column":48}},"19":{"start":{"line":58,"column":58},"end":{"line":58,"column":60}},"20":{"start":{"line":59,"column":28},"end":{"line":59,"column":33}},"21":{"start":{"line":60,"column":42},"end":{"line":60,"column":44}},"22":{"start":{"line":61,"column":23},"end":{"line":61,"column":103}},"23":{"start":{"line":63,"column":4},"end":{"line":90,"column":7}},"24":{"start":{"line":64,"column":6},"end":{"line":89,"column":9}},"25":{"start":{"line":65,"column":8},"end":{"line":88,"column":null}},"26":{"start":{"line":66,"column":10},"end":{"line":66,"column":48}},"27":{"start":{"line":67,"column":10},"end":{"line":69,"column":null}},"28":{"start":{"line":68,"column":12},"end":{"line":68,"column":37}},"29":{"start":{"line":71,"column":31},"end":{"line":71,"column":44}},"30":{"start":{"line":76,"column":10},"end":{"line":86,"column":null}},"31":{"start":{"line":84,"column":12},"end":{"line":84,"column":81}},"32":{"start":{"line":85,"column":12},"end":{"line":85,"column":19}},"33":{"start":{"line":87,"column":10},"end":{"line":87,"column":54}},"34":{"start":{"line":92,"column":4},"end":{"line":92,"column":66}},"35":{"start":{"line":94,"column":4},"end":{"line":94,"column":96}},"36":{"start":{"line":96,"column":4},"end":{"line":100,"column":null}},"37":{"start":{"line":97,"column":6},"end":{"line":97,"column":97}},"38":{"start":{"line":99,"column":6},"end":{"line":99,"column":47}},"39":{"start":{"line":102,"column":34},"end":{"line":105,"column":6}},"40":{"start":{"line":103,"column":57},"end":{"line":103,"column":81}},"41":{"start":{"line":103,"column":102},"end":{"line":103,"column":116}},"42":{"start":{"line":104,"column":47},"end":{"line":104,"column":66}},"43":{"start":{"line":104,"column":82},"end":{"line":104,"column":91}},"44":{"start":{"line":106,"column":4},"end":{"line":112,"column":null}},"45":{"start":{"line":107,"column":6},"end":{"line":111,"column":8}},"46":{"start":{"line":114,"column":4},"end":{"line":114,"column":35}},"47":{"start":{"line":116,"column":4},"end":{"line":116,"column":59}},"48":{"start":{"line":118,"column":4},"end":{"line":118,"column":21}},"49":{"start":{"line":119,"column":4},"end":{"line":119,"column":49}},"50":{"start":{"line":24,"column":13},"end":{"line":24,"column":19}}},"fnMap":{"0":{"name":"(anonymous_1)","decl":{"start":{"line":24,"column":19},"end":{"line":24,"column":24}},"loc":{"start":{"line":24,"column":100},"end":{"line":121,"column":1}}},"1":{"name":"(anonymous_2)","decl":{"start":{"line":40,"column":88},"end":{"line":40,"column":89}},"loc":{"start":{"line":40,"column":99},"end":{"line":40,"column":121}}},"2":{"name":"(anonymous_3)","decl":{"start":{"line":63,"column":45},"end":{"line":63,"column":46}},"loc":{"start":{"line":63,"column":64},"end":{"line":90,"column":5}}},"3":{"name":"(anonymous_4)","decl":{"start":{"line":64,"column":22},"end":{"line":64,"column":23}},"loc":{"start":{"line":64,"column":33},"end":{"line":89,"column":7}}},"4":{"name":"(anonymous_5)","decl":{"start":{"line":103,"column":42},"end":{"line":103,"column":43}},"loc":{"start":{"line":103,"column":57},"end":{"line":103,"column":81}}},"5":{"name":"(anonymous_6)","decl":{"start":{"line":103,"column":87},"end":{"line":103,"column":88}},"loc":{"start":{"line":103,"column":102},"end":{"line":103,"column":116}}},"6":{"name":"(anonymous_7)","decl":{"start":{"line":104,"column":37},"end":{"line":104,"column":38}},"loc":{"start":{"line":104,"column":47},"end":{"line":104,"column":66}}},"7":{"name":"(anonymous_8)","decl":{"start":{"line":104,"column":72},"end":{"line":104,"column":73}},"loc":{"start":{"line":104,"column":82},"end":{"line":104,"column":91}}}},"branchMap":{"0":{"loc":{"start":{"line":25,"column":2},"end":{"line":27,"column":null}},"type":"if","locations":[{"start":{"line":25,"column":2},"end":{"line":27,"column":null}}]},"1":{"loc":{"start":{"line":35,"column":6},"end":{"line":35,"column":98}},"type":"cond-expr","locations":[{"start":{"line":35,"column":40},"end":{"line":35,"column":69}},{"start":{"line":35,"column":72},"end":{"line":35,"column":98}}]},"2":{"loc":{"start":{"line":38,"column":37},"end":{"line":38,"column":128}},"type":"binary-expr","locations":[{"start":{"line":38,"column":37},"end":{"line":38,"column":48}},{"start":{"line":38,"column":52},"end":{"line":38,"column":92}},{"start":{"line":38,"column":96},"end":{"line":38,"column":128}}]},"3":{"loc":{"start":{"line":40,"column":4},"end":{"line":43,"column":null}},"type":"if","locations":[{"start":{"line":40,"column":4},"end":{"line":43,"column":null}}]},"4":{"loc":{"start":{"line":40,"column":8},"end":{"line":40,"column":122}},"type":"binary-expr","locations":[{"start":{"line":40,"column":8},"end":{"line":40,"column":32}},{"start":{"line":40,"column":36},"end":{"line":40,"column":122}}]},"5":{"loc":{"start":{"line":53,"column":8},"end":{"line":53,"column":82}},"type":"binary-expr","locations":[{"start":{"line":53,"column":8},"end":{"line":53,"column":47}},{"start":{"line":53,"column":51},"end":{"line":53,"column":82}}]},"6":{"loc":{"start":{"line":61,"column":23},"end":{"line":61,"column":103}},"type":"cond-expr","locations":[{"start":{"line":61,"column":44},"end":{"line":61,"column":83}},{"start":{"line":61,"column":86},"end":{"line":61,"column":103}}]},"7":{"loc":{"start":{"line":61,"column":23},"end":{"line":61,"column":41}},"type":"cond-expr","locations":[{"start":{"line":61,"column":33},"end":{"line":61,"column":35}},{"start":{"line":61,"column":23},"end":{"line":61,"column":41}}]},"8":{"loc":{"start":{"line":61,"column":23},"end":{"line":61,"column":35}},"type":"binary-expr","locations":[{"start":{"line":61,"column":23},"end":{"line":61,"column":35}},{"start":{"line":61,"column":23},"end":{"line":61,"column":35}}]},"9":{"loc":{"start":{"line":65,"column":8},"end":{"line":88,"column":null}},"type":"if","locations":[{"start":{"line":65,"column":8},"end":{"line":88,"column":null}},{"start":{"line":70,"column":15},"end":{"line":88,"column":null}}]},"10":{"loc":{"start":{"line":67,"column":10},"end":{"line":69,"column":null}},"type":"if","locations":[{"start":{"line":67,"column":10},"end":{"line":69,"column":null}}]},"11":{"loc":{"start":{"line":76,"column":10},"end":{"line":86,"column":null}},"type":"if","locations":[{"start":{"line":76,"column":10},"end":{"line":86,"column":null}}]},"12":{"loc":{"start":{"line":77,"column":12},"end":{"line":81,"column":61}},"type":"binary-expr","locations":[{"start":{"line":77,"column":12},"end":{"line":77,"column":38}},{"start":{"line":78,"column":12},"end":{"line":78,"column":27}},{"start":{"line":79,"column":12},"end":{"line":79,"column":22}},{"start":{"line":80,"column":12},"end":{"line":80,"column":36}},{"start":{"line":81,"column":12},"end":{"line":81,"column":61}}]},"13":{"loc":{"start":{"line":96,"column":4},"end":{"line":100,"column":null}},"type":"if","locations":[{"start":{"line":96,"column":4},"end":{"line":100,"column":null}},{"start":{"line":98,"column":11},"end":{"line":100,"column":null}}]},"14":{"loc":{"start":{"line":106,"column":4},"end":{"line":112,"column":null}},"type":"if","locations":[{"start":{"line":106,"column":4},"end":{"line":112,"column":null}}]}},"s":{"0":2,"1":2,"2":2,"3":2,"4":2,"5":1,"6":0,"7":1,"8":1,"9":1,"10":1,"11":1,"12":1,"13":1,"14":0,"15":0,"16":1,"17":1,"18":1,"19":1,"20":1,"21":1,"22":1,"23":1,"24":3,"25":6,"26":3,"27":3,"28":1,"29":3,"30":3,"31":0,"32":0,"33":3,"34":1,"35":1,"36":1,"37":1,"38":0,"39":1,"40":2,"41":0,"42":2,"43":0,"44":1,"45":0,"46":1,"47":1,"48":0,"49":0,"50":2},"f":{"0":1,"1":1,"2":3,"3":6,"4":2,"5":0,"6":2,"7":0},"b":{"0":[0],"1":[1,0],"2":[1,0,0],"3":[0],"4":[1,1],"5":[1,1],"6":[0,1],"7":[1,0],"8":[1,1],"9":[3,3],"10":[1],"11":[0],"12":[3,0,0,0,0],"13":[1,0],"14":[0]}}
,"/Users/eddvar/Documents/amplify-cli/packages/amplify-util-uibuilder/src/commands/help.ts": {"path":"/Users/eddvar/Documents/amplify-cli/packages/amplify-util-uibuilder/src/commands/help.ts","statementMap":{"0":{"start":{"line":1,"column":0},"end":{"line":1,"column":55}},"1":{"start":{"line":6,"column":19},"end":{"line":8,"column":1}},"2":{"start":{"line":7,"column":2},"end":{"line":7,"column":81}},"3":{"start":{"line":6,"column":13},"end":{"line":6,"column":19}}},"fnMap":{"0":{"name":"(anonymous_0)","decl":{"start":{"line":6,"column":19},"end":{"line":6,"column":28}},"loc":{"start":{"line":6,"column":30},"end":{"line":8,"column":1}}}},"branchMap":{},"s":{"0":1,"1":1,"2":1,"3":1},"f":{"0":1},"b":{}}
,"/Users/eddvar/Documents/amplify-cli/packages/amplify-util-uibuilder/src/commands/version.ts": {"path":"/Users/eddvar/Documents/amplify-cli/packages/amplify-util-uibuilder/src/commands/version.ts","statementMap":{"0":{"start":{"line":1,"column":0},"end":{"line":1,"column":55}},"1":{"start":{"line":2,"column":0},"end":{"line":2,"column":24}},"2":{"start":{"line":7,"column":19},"end":{"line":9,"column":1}},"3":{"start":{"line":8,"column":2},"end":{"line":8,"column":89}},"4":{"start":{"line":8,"column":77},"end":{"line":8,"column":78}},"5":{"start":{"line":7,"column":13},"end":{"line":7,"column":19}}},"fnMap":{"0":{"name":"(anonymous_7)","decl":{"start":{"line":7,"column":19},"end":{"line":7,"column":24}},"loc":{"start":{"line":7,"column":45},"end":{"line":9,"column":1}}},"1":{"name":"(anonymous_8)","decl":{"start":{"line":8,"column":77},"end":{"line":8,"column":78}},"loc":{"start":{"line":8,"column":77},"end":{"line":8,"column":78}}}},"branchMap":{},"s":{"0":1,"1":1,"2":1,"3":1,"4":1,"5":1},"f":{"0":1,"1":1},"b":{}}
,"/Users/eddvar/Documents/amplify-cli/packages/amplify-util-uibuilder/src/commands/utils/codegenResources.ts": {"path":"/Users/eddvar/Documents/amplify-cli/packages/amplify-util-uibuilder/src/commands/utils/codegenResources.ts","statementMap":{"0":{"start":{"line":3,"column":0},"end":{"line":3,"column":null}},"1":{"start":{"line":16,"column":0},"end":{"line":16,"column":null}},"2":{"start":{"line":28,"column":0},"end":{"line":28,"column":55}},"3":{"start":{"line":30,"column":0},"end":{"line":30,"column":74}},"4":{"start":{"line":33,"column":15},"end":{"line":38,"column":2}},"5":{"start":{"line":43,"column":40},"end":{"line":57,"column":1}},"6":{"start":{"line":44,"column":34},"end":{"line":44,"column":69}},"7":{"start":{"line":45,"column":26},"end":{"line":46,"column":null}},"8":{"start":{"line":46,"column":36},"end":{"line":46,"column":105}},"9":{"start":{"line":49,"column":24},"end":{"line":49,"column":47}},"10":{"start":{"line":51,"column":26},"end":{"line":53,"column":4}},"11":{"start":{"line":55,"column":2},"end":{"line":55,"column":49}},"12":{"start":{"line":56,"column":2},"end":{"line":56,"column":16}},"13":{"start":{"line":43,"column":13},"end":{"line":43,"column":40}},"14":{"start":{"line":62,"column":36},"end":{"line":93,"column":1}},"15":{"start":{"line":67,"column":34},"end":{"line":67,"column":69}},"16":{"start":{"line":68,"column":26},"end":{"line":75,"column":null}},"17":{"start":{"line":70,"column":6},"end":{"line":70,"column":null}},"18":{"start":{"line":78,"column":24},"end":{"line":78,"column":47}},"19":{"start":{"line":80,"column":26},"end":{"line":82,"column":4}},"20":{"start":{"line":84,"column":2},"end":{"line":92,"column":null}},"21":{"start":{"line":85,"column":4},"end":{"line":85,"column":51}},"22":{"start":{"line":86,"column":4},"end":{"line":86,"column":18}},"23":{"start":{"line":88,"column":4},"end":{"line":88,"column":21}},"24":{"start":{"line":89,"column":4},"end":{"line":89,"column":56}},"25":{"start":{"line":90,"column":4},"end":{"line":90,"column":51}},"26":{"start":{"line":91,"column":4},"end":{"line":91,"column":12}},"27":{"start":{"line":62,"column":13},"end":{"line":62,"column":36}},"28":{"start":{"line":98,"column":35},"end":{"line":125,"column":1}},"29":{"start":{"line":99,"column":34},"end":{"line":99,"column":69}},"30":{"start":{"line":100,"column":26},"end":{"line":107,"column":null}},"31":{"start":{"line":102,"column":6},"end":{"line":102,"column":null}},"32":{"start":{"line":110,"column":24},"end":{"line":110,"column":47}},"33":{"start":{"line":112,"column":26},"end":{"line":114,"column":4}},"34":{"start":{"line":116,"column":2},"end":{"line":124,"column":null}},"35":{"start":{"line":117,"column":4},"end":{"line":117,"column":51}},"36":{"start":{"line":118,"column":4},"end":{"line":118,"column":18}},"37":{"start":{"line":120,"column":4},"end":{"line":120,"column":21}},"38":{"start":{"line":121,"column":4},"end":{"line":121,"column":55}},"39":{"start":{"line":122,"column":4},"end":{"line":122,"column":51}},"40":{"start":{"line":123,"column":4},"end":{"line":123,"column":12}},"41":{"start":{"line":98,"column":13},"end":{"line":98,"column":35}},"42":{"start":{"line":130,"column":49},"end":{"line":157,"column":1}},"43":{"start":{"line":131,"column":34},"end":{"line":131,"column":69}},"44":{"start":{"line":132,"column":26},"end":{"line":139,"column":null}},"45":{"start":{"line":134,"column":6},"end":{"line":134,"column":null}},"46":{"start":{"line":142,"column":24},"end":{"line":142,"column":47}},"47":{"start":{"line":144,"column":26},"end":{"line":146,"column":4}},"48":{"start":{"line":148,"column":2},"end":{"line":156,"column":null}},"49":{"start":{"line":149,"column":4},"end":{"line":151,"column":null}},"50":{"start":{"line":150,"column":6},"end":{"line":150,"column":54}},"51":{"start":{"line":153,"column":4},"end":{"line":153,"column":21}},"52":{"start":{"line":154,"column":4},"end":{"line":154,"column":61}},"53":{"start":{"line":155,"column":4},"end":{"line":155,"column":12}},"54":{"start":{"line":130,"column":13},"end":{"line":130,"column":49}},"55":{"start":{"line":167,"column":48},"end":{"line":200,"column":1}},"56":{"start":{"line":168,"column":34},"end":{"line":168,"column":69}},"57":{"start":{"line":169,"column":26},"end":{"line":170,"column":null}},"58":{"start":{"line":170,"column":35},"end":{"line":170,"column":86}},"59":{"start":{"line":173,"column":24},"end":{"line":173,"column":47}},"60":{"start":{"line":175,"column":26},"end":{"line":177,"column":4}},"61":{"start":{"line":179,"column":16},"end":{"line":179,"column":43}},"62":{"start":{"line":181,"column":2},"end":{"line":185,"column":null}},"63":{"start":{"line":182,"column":4},"end":{"line":182,"column":28}},"64":{"start":{"line":183,"column":4},"end":{"line":183,"column":27}},"65":{"start":{"line":184,"column":4},"end":{"line":184,"column":29}},"66":{"start":{"line":187,"column":2},"end":{"line":189,"column":null}},"67":{"start":{"line":188,"column":4},"end":{"line":188,"column":27}},"68":{"start":{"line":191,"column":2},"end":{"line":199,"column":null}},"69":{"start":{"line":192,"column":4},"end":{"line":194,"column":null}},"70":{"start":{"line":193,"column":6},"end":{"line":193,"column":57}},"71":{"start":{"line":196,"column":4},"end":{"line":196,"column":21}},"72":{"start":{"line":197,"column":4},"end":{"line":197,"column":61}},"73":{"start":{"line":198,"column":4},"end":{"line":198,"column":12}},"74":{"start":{"line":167,"column":13},"end":{"line":167,"column":48}},"75":{"start":{"line":206,"column":36},"end":{"line":219,"column":1}},"76":{"start":{"line":207,"column":2},"end":{"line":218,"column":null}},"77":{"start":{"line":208,"column":24},"end":{"line":208,"column":131}},"78":{"start":{"line":210,"column":4},"end":{"line":213,"column":null}},"79":{"start":{"line":211,"column":6},"end":{"line":211,"column":46}},"80":{"start":{"line":212,"column":6},"end":{"line":212,"column":23}},"81":{"start":{"line":214,"column":4},"end":{"line":214,"column":76}},"82":{"start":{"line":216,"column":4},"end":{"line":216,"column":32}},"83":{"start":{"line":217,"column":4},"end":{"line":217,"column":21}},"84":{"start":{"line":206,"column":13},"end":{"line":206,"column":36}},"85":{"start":{"line":224,"column":33},"end":{"line":241,"column":1}},"86":{"start":{"line":225,"column":20},"end":{"line":233,"column":4}},"87":{"start":{"line":225,"column":78},"end":{"line":233,"column":4}},"88":{"start":{"line":235,"column":32},"end":{"line":235,"column":34}},"89":{"start":{"line":237,"column":2},"end":{"line":239,"column":5}},"90":{"start":{"line":238,"column":4},"end":{"line":238,"column":63}},"91":{"start":{"line":238,"column":26},"end":{"line":238,"column":61}},"92":{"start":{"line":240,"column":2},"end":{"line":240,"column":17}},"93":{"start":{"line":224,"column":13},"end":{"line":224,"column":33}}},"fnMap":{"0":{"name":"(anonymous_0)","decl":{"start":{"line":43,"column":40},"end":{"line":43,"column":41}},"loc":{"start":{"line":43,"column":138},"end":{"line":57,"column":1}}},"1":{"name":"(anonymous_1)","decl":{"start":{"line":46,"column":4},"end":{"line":46,"column":5}},"loc":{"start":{"line":46,"column":36},"end":{"line":46,"column":105}}},"2":{"name":"(anonymous_2)","decl":{"start":{"line":62,"column":36},"end":{"line":62,"column":null}},"loc":{"start":{"line":66,"column":17},"end":{"line":93,"column":1}}},"3":{"name":"(anonymous_3)","decl":{"start":{"line":69,"column":4},"end":{"line":69,"column":5}},"loc":{"start":{"line":70,"column":6},"end":{"line":70,"column":null}}},"4":{"name":"(anonymous_4)","decl":{"start":{"line":98,"column":35},"end":{"line":98,"column":36}},"loc":{"start":{"line":98,"column":123},"end":{"line":125,"column":1}}},"5":{"name":"(anonymous_5)","decl":{"start":{"line":101,"column":4},"end":{"line":101,"column":5}},"loc":{"start":{"line":102,"column":6},"end":{"line":102,"column":null}}},"6":{"name":"(anonymous_6)","decl":{"start":{"line":130,"column":49},"end":{"line":130,"column":50}},"loc":{"start":{"line":130,"column":104},"end":{"line":157,"column":1}}},"7":{"name":"(anonymous_7)","decl":{"start":{"line":133,"column":4},"end":{"line":133,"column":5}},"loc":{"start":{"line":134,"column":6},"end":{"line":134,"column":null}}},"8":{"name":"(anonymous_8)","decl":{"start":{"line":167,"column":48},"end":{"line":167,"column":49}},"loc":{"start":{"line":167,"column":118},"end":{"line":200,"column":1}}},"9":{"name":"(anonymous_9)","decl":{"start":{"line":170,"column":4},"end":{"line":170,"column":5}},"loc":{"start":{"line":170,"column":35},"end":{"line":170,"column":86}}},"10":{"name":"(anonymous_10)","decl":{"start":{"line":206,"column":36},"end":{"line":206,"column":41}},"loc":{"start":{"line":206,"column":106},"end":{"line":219,"column":1}}},"11":{"name":"(anonymous_11)","decl":{"start":{"line":224,"column":33},"end":{"line":224,"column":34}},"loc":{"start":{"line":224,"column":107},"end":{"line":241,"column":1}}},"12":{"name":"(anonymous_12)","decl":{"start":{"line":225,"column":20},"end":{"line":225,"column":21}},"loc":{"start":{"line":225,"column":78},"end":{"line":233,"column":4}}},"13":{"name":"(anonymous_13)","decl":{"start":{"line":237,"column":35},"end":{"line":237,"column":36}},"loc":{"start":{"line":237,"column":51},"end":{"line":239,"column":3}}},"14":{"name":"(anonymous_14)","decl":{"start":{"line":238,"column":16},"end":{"line":238,"column":17}},"loc":{"start":{"line":238,"column":26},"end":{"line":238,"column":61}}}},"branchMap":{"0":{"loc":{"start":{"line":149,"column":4},"end":{"line":151,"column":null}},"type":"if","locations":[{"start":{"line":149,"column":4},"end":{"line":151,"column":null}}]},"1":{"loc":{"start":{"line":181,"column":2},"end":{"line":185,"column":null}},"type":"if","locations":[{"start":{"line":181,"column":2},"end":{"line":185,"column":null}}]},"2":{"loc":{"start":{"line":187,"column":2},"end":{"line":189,"column":null}},"type":"if","locations":[{"start":{"line":187,"column":2},"end":{"line":189,"column":null}}]},"3":{"loc":{"start":{"line":192,"column":4},"end":{"line":194,"column":null}},"type":"if","locations":[{"start":{"line":192,"column":4},"end":{"line":194,"column":null}}]},"4":{"loc":{"start":{"line":210,"column":4},"end":{"line":213,"column":null}},"type":"if","locations":[{"start":{"line":210,"column":4},"end":{"line":213,"column":null}}]},"5":{"loc":{"start":{"line":226,"column":20},"end":{"line":226,"column":67}},"type":"cond-expr","locations":[{"start":{"line":226,"column":40},"end":{"line":226,"column":52}},{"start":{"line":226,"column":55},"end":{"line":226,"column":67}}]}},"s":{"0":8,"1":8,"2":8,"3":8,"4":8,"5":8,"6":1,"7":1,"8":0,"9":1,"10":1,"11":1,"12":1,"13":8,"14":8,"15":2,"16":2,"17":0,"18":2,"19":2,"20":2,"21":2,"22":2,"23":0,"24":0,"25":0,"26":0,"27":8,"28":8,"29":1,"30":1,"31":0,"32":1,"33":1,"34":1,"35":1,"36":1,"37":0,"38":0,"39":0,"40":0,"41":8,"42":8,"43":2,"44":2,"45":0,"46":2,"47":2,"48":2,"49":2,"50":1,"51":0,"52":0,"53":0,"54":8,"55":8,"56":3,"57":3,"58":0,"59":3,"60":3,"61":3,"62":3,"63":1,"64":1,"65":1,"66":3,"67":1,"68":3,"69":3,"70":2,"71":0,"72":0,"73":0,"74":8,"75":8,"76":3,"77":3,"78":2,"79":1,"80":1,"81":1,"82":1,"83":1,"84":8,"85":8,"86":5,"87":4,"88":5,"89":5,"90":2,"91":4,"92":5,"93":8},"f":{"0":1,"1":0,"2":2,"3":0,"4":1,"5":0,"6":2,"7":0,"8":3,"9":0,"10":3,"11":5,"12":4,"13":2,"14":4},"b":{"0":[1],"1":[1],"2":[1],"3":[2],"4":[1],"5":[2,2]}}
,"/Users/eddvar/Documents/amplify-cli/packages/amplify-util-uibuilder/src/commands/utils/detachedFormCleanup.ts": {"path":"/Users/eddvar/Documents/amplify-cli/packages/amplify-util-uibuilder/src/commands/utils/detachedFormCleanup.ts","statementMap":{"0":{"start":{"line":4,"column":0},"end":{"line":4,"column":55}},"1":{"start":{"line":5,"column":0},"end":{"line":5,"column":40}},"2":{"start":{"line":10,"column":39},"end":{"line":12,"column":1}},"3":{"start":{"line":11,"column":2},"end":{"line":11,"column":113}},"4":{"start":{"line":10,"column":13},"end":{"line":10,"column":39}},"5":{"start":{"line":19,"column":38},"end":{"line":29,"column":1}},"6":{"start":{"line":20,"column":47},"end":{"line":20,"column":57}},"7":{"start":{"line":22,"column":2},"end":{"line":24,"column":null}},"8":{"start":{"line":23,"column":4},"end":{"line":23,"column":16}},"9":{"start":{"line":28,"column":2},"end":{"line":28,"column":79}},"10":{"start":{"line":28,"column":52},"end":{"line":28,"column":77}},"11":{"start":{"line":19,"column":13},"end":{"line":19,"column":38}},"12":{"start":{"line":34,"column":28},"end":{"line":37,"column":1}},"13":{"start":{"line":35,"column":2},"end":{"line":35,"column":28}},"14":{"start":{"line":35,"column":15},"end":{"line":35,"column":28}},"15":{"start":{"line":36,"column":2},"end":{"line":36,"column":36}},"16":{"start":{"line":34,"column":13},"end":{"line":34,"column":28}},"17":{"start":{"line":39,"column":35},"end":{"line":52,"column":1}},"18":{"start":{"line":40,"column":21},"end":{"line":48,"column":3}},"19":{"start":{"line":41,"column":4},"end":{"line":47,"column":null}},"20":{"start":{"line":43,"column":6},"end":{"line":43,"column":40}},"21":{"start":{"line":44,"column":6},"end":{"line":44,"column":77}},"22":{"start":{"line":46,"column":6},"end":{"line":46,"column":83}},"23":{"start":{"line":49,"column":2},"end":{"line":51,"column":null}},"24":{"start":{"line":50,"column":4},"end":{"line":50,"column":34}},"25":{"start":{"line":39,"column":13},"end":{"line":39,"column":35}},"26":{"start":{"line":55,"column":16},"end":{"line":55,"column":69}},"27":{"start":{"line":55,"column":40},"end":{"line":55,"column":69}}},"fnMap":{"0":{"name":"(anonymous_1)","decl":{"start":{"line":10,"column":39},"end":{"line":10,"column":40}},"loc":{"start":{"line":10,"column":107},"end":{"line":12,"column":1}}},"1":{"name":"(anonymous_2)","decl":{"start":{"line":19,"column":38},"end":{"line":19,"column":39}},"loc":{"start":{"line":19,"column":81},"end":{"line":29,"column":1}}},"2":{"name":"(anonymous_3)","decl":{"start":{"line":28,"column":35},"end":{"line":28,"column":36}},"loc":{"start":{"line":28,"column":52},"end":{"line":28,"column":77}}},"3":{"name":"(anonymous_4)","decl":{"start":{"line":34,"column":28},"end":{"line":34,"column":29}},"loc":{"start":{"line":34,"column":87},"end":{"line":37,"column":1}}},"4":{"name":"(anonymous_5)","decl":{"start":{"line":39,"column":35},"end":{"line":39,"column":40}},"loc":{"start":{"line":39,"column":126},"end":{"line":52,"column":1}}},"5":{"name":"(anonymous_6)","decl":{"start":{"line":40,"column":21},"end":{"line":40,"column":26}},"loc":{"start":{"line":40,"column":74},"end":{"line":48,"column":3}}},"6":{"name":"(anonymous_7)","decl":{"start":{"line":55,"column":16},"end":{"line":55,"column":17}},"loc":{"start":{"line":55,"column":40},"end":{"line":55,"column":69}}}},"branchMap":{"0":{"loc":{"start":{"line":11,"column":9},"end":{"line":11,"column":112}},"type":"binary-expr","locations":[{"start":{"line":11,"column":9},"end":{"line":11,"column":59}},{"start":{"line":11,"column":63},"end":{"line":11,"column":112}}]},"1":{"loc":{"start":{"line":22,"column":2},"end":{"line":24,"column":null}},"type":"if","locations":[{"start":{"line":22,"column":2},"end":{"line":24,"column":null}}]},"2":{"loc":{"start":{"line":35,"column":2},"end":{"line":35,"column":28}},"type":"if","locations":[{"start":{"line":35,"column":2},"end":{"line":35,"column":28}}]}},"s":{"0":7,"1":7,"2":7,"3":3,"4":7,"5":7,"6":3,"7":3,"8":1,"9":2,"10":1,"11":7,"12":7,"13":2,"14":1,"15":1,"16":7,"17":7,"18":1,"19":1,"20":1,"21":1,"22":0,"23":1,"24":1,"25":7,"26":7,"27":3},"f":{"0":3,"1":3,"2":1,"3":2,"4":1,"5":1,"6":3},"b":{"0":[3,2],"1":[1],"2":[1]}}
,"/Users/eddvar/Documents/amplify-cli/packages/amplify-util-uibuilder/src/commands/utils/environmentHelpers.ts": {"path":"/Users/eddvar/Documents/amplify-cli/packages/amplify-util-uibuilder/src/commands/utils/environmentHelpers.ts","statementMap":{"0":{"start":{"line":1,"column":0},"end":{"line":1,"column":73}},"1":{"start":{"line":2,"column":0},"end":{"line":2,"column":44}},"2":{"start":{"line":7,"column":26},"end":{"line":10,"column":1}},"3":{"start":{"line":8,"column":15},"end":{"line":8,"column":35}},"4":{"start":{"line":9,"column":2},"end":{"line":9,"column":82}},"5":{"start":{"line":7,"column":13},"end":{"line":7,"column":26}},"6":{"start":{"line":15,"column":28},"end":{"line":18,"column":1}},"7":{"start":{"line":16,"column":15},"end":{"line":16,"column":37}},"8":{"start":{"line":17,"column":2},"end":{"line":17,"column":58}},"9":{"start":{"line":15,"column":13},"end":{"line":15,"column":28}},"10":{"start":{"line":23,"column":24},"end":{"line":32,"column":1}},"11":{"start":{"line":24,"column":24},"end":{"line":24,"column":77}},"12":{"start":{"line":26,"column":2},"end":{"line":30,"column":null}},"13":{"start":{"line":27,"column":4},"end":{"line":29,"column":6}},"14":{"start":{"line":31,"column":2},"end":{"line":31,"column":23}},"15":{"start":{"line":23,"column":13},"end":{"line":23,"column":24}}},"fnMap":{"0":{"name":"(anonymous_0)","decl":{"start":{"line":7,"column":26},"end":{"line":7,"column":27}},"loc":{"start":{"line":7,"column":76},"end":{"line":10,"column":1}}},"1":{"name":"(anonymous_1)","decl":{"start":{"line":15,"column":28},"end":{"line":15,"column":51}},"loc":{"start":{"line":15,"column":53},"end":{"line":18,"column":1}}},"2":{"name":"(anonymous_2)","decl":{"start":{"line":23,"column":24},"end":{"line":23,"column":25}},"loc":{"start":{"line":23,"column":72},"end":{"line":32,"column":1}}}},"branchMap":{"0":{"loc":{"start":{"line":9,"column":9},"end":{"line":9,"column":81}},"type":"binary-expr","locations":[{"start":{"line":9,"column":9},"end":{"line":9,"column":16}},{"start":{"line":9,"column":20},"end":{"line":9,"column":41}},{"start":{"line":9,"column":45},"end":{"line":9,"column":81}}]},"1":{"loc":{"start":{"line":9,"column":20},"end":{"line":9,"column":41}},"type":"cond-expr","locations":[{"start":{"line":9,"column":24},"end":{"line":9,"column":26}},{"start":{"line":9,"column":20},"end":{"line":9,"column":41}}]},"2":{"loc":{"start":{"line":9,"column":20},"end":{"line":9,"column":26}},"type":"binary-expr","locations":[{"start":{"line":9,"column":20},"end":{"line":9,"column":26}},{"start":{"line":9,"column":20},"end":{"line":9,"column":26}}]},"3":{"loc":{"start":{"line":17,"column":9},"end":{"line":17,"column":57}},"type":"cond-expr","locations":[{"start":{"line":17,"column":43},"end":{"line":17,"column":45}},{"start":{"line":17,"column":43},"end":{"line":17,"column":57}}]},"4":{"loc":{"start":{"line":17,"column":9},"end":{"line":17,"column":45}},"type":"binary-expr","locations":[{"start":{"line":17,"column":9},"end":{"line":17,"column":45}},{"start":{"line":17,"column":43},"end":{"line":17,"column":45}}]},"5":{"loc":{"start":{"line":17,"column":9},"end":{"line":17,"column":43}},"type":"cond-expr","locations":[{"start":{"line":17,"column":24},"end":{"line":17,"column":26}},{"start":{"line":17,"column":24},"end":{"line":17,"column":43}}]},"6":{"loc":{"start":{"line":17,"column":9},"end":{"line":17,"column":26}},"type":"binary-expr","locations":[{"start":{"line":17,"column":9},"end":{"line":17,"column":26}},{"start":{"line":17,"column":24},"end":{"line":17,"column":26}}]},"7":{"loc":{"start":{"line":17,"column":9},"end":{"line":17,"column":24}},"type":"cond-expr","locations":[{"start":{"line":17,"column":13},"end":{"line":17,"column":15}},{"start":{"line":17,"column":9},"end":{"line":17,"column":24}}]},"8":{"loc":{"start":{"line":17,"column":9},"end":{"line":17,"column":15}},"type":"binary-expr","locations":[{"start":{"line":17,"column":9},"end":{"line":17,"column":15}},{"start":{"line":17,"column":9},"end":{"line":17,"column":15}}]},"9":{"loc":{"start":{"line":24,"column":24},"end":{"line":24,"column":77}},"type":"binary-expr","locations":[{"start":{"line":24,"column":24},"end":{"line":24,"column":29}},{"start":{"line":24,"column":33},"end":{"line":24,"column":59}},{"start":{"line":24,"column":63},"end":{"line":24,"column":77}}]},"10":{"loc":{"start":{"line":26,"column":2},"end":{"line":30,"column":null}},"type":"if","locations":[{"start":{"line":26,"column":2},"end":{"line":30,"column":null}}]}},"s":{"0":10,"1":10,"2":10,"3":9,"4":9,"5":10,"6":10,"7":2,"8":2,"9":10,"10":10,"11":11,"12":11,"13":1,"14":10,"15":10},"f":{"0":9,"1":2,"2":11},"b":{"0":[9,8,0],"1":[0,8],"2":[8,8],"3":[1,1],"4":[2,2],"5":[1,1],"6":[2,2],"7":[0,2],"8":[2,2],"9":[11,10,1],"10":[1]}}
,"/Users/eddvar/Documents/amplify-cli/packages/amplify-util-uibuilder/src/commands/utils/extractArgs.ts": {"path":"/Users/eddvar/Documents/amplify-cli/packages/amplify-util-uibuilder/src/commands/utils/extractArgs.ts","statementMap":{"0":{"start":{"line":3,"column":27},"end":{"line":25,"column":1}},"1":{"start":{"line":4,"column":2},"end":{"line":6,"column":null}},"2":{"start":{"line":5,"column":4},"end":{"line":5,"column":31}},"3":{"start":{"line":8,"column":26},"end":{"line":8,"column":63}},"4":{"start":{"line":9,"column":16},"end":{"line":9,"column":51}},"5":{"start":{"line":10,"column":21},"end":{"line":10,"column":61}},"6":{"start":{"line":11,"column":17},"end":{"line":11,"column":53}},"7":{"start":{"line":12,"column":27},"end":{"line":12,"column":73}},"8":{"start":{"line":13,"column":24},"end":{"line":13,"column":67}},"9":{"start":{"line":14,"column":21},"end":{"line":14,"column":61}},"10":{"start":{"line":16,"column":2},"end":{"line":24,"column":4}},"11":{"start":{"line":3,"column":13},"end":{"line":3,"column":27}}},"fnMap":{"0":{"name":"(anonymous_0)","decl":{"start":{"line":3,"column":27},"end":{"line":3,"column":28}},"loc":{"start":{"line":3,"column":51},"end":{"line":25,"column":1}}}},"branchMap":{"0":{"loc":{"start":{"line":4,"column":2},"end":{"line":6,"column":null}},"type":"if","locations":[{"start":{"line":4,"column":2},"end":{"line":6,"column":null}}]},"1":{"loc":{"start":{"line":8,"column":26},"end":{"line":8,"column":63}},"type":"binary-expr","locations":[{"start":{"line":8,"column":26},"end":{"line":8,"column":55}},{"start":{"line":8,"column":59},"end":{"line":8,"column":63}}]},"2":{"loc":{"start":{"line":9,"column":16},"end":{"line":9,"column":51}},"type":"binary-expr","locations":[{"start":{"line":9,"column":16},"end":{"line":9,"column":43}},{"start":{"line":9,"column":47},"end":{"line":9,"column":51}}]},"3":{"loc":{"start":{"line":10,"column":21},"end":{"line":10,"column":61}},"type":"binary-expr","locations":[{"start":{"line":10,"column":21},"end":{"line":10,"column":53}},{"start":{"line":10,"column":57},"end":{"line":10,"column":61}}]},"4":{"loc":{"start":{"line":11,"column":17},"end":{"line":11,"column":53}},"type":"binary-expr","locations":[{"start":{"line":11,"column":17},"end":{"line":11,"column":45}},{"start":{"line":11,"column":49},"end":{"line":11,"column":53}}]},"5":{"loc":{"start":{"line":12,"column":27},"end":{"line":12,"column":73}},"type":"binary-expr","locations":[{"start":{"line":12,"column":27},"end":{"line":12,"column":65}},{"start":{"line":12,"column":69},"end":{"line":12,"column":73}}]},"6":{"loc":{"start":{"line":13,"column":24},"end":{"line":13,"column":67}},"type":"binary-expr","locations":[{"start":{"line":13,"column":24},"end":{"line":13,"column":59}},{"start":{"line":13,"column":63},"end":{"line":13,"column":67}}]},"7":{"loc":{"start":{"line":14,"column":21},"end":{"line":14,"column":61}},"type":"binary-expr","locations":[{"start":{"line":14,"column":21},"end":{"line":14,"column":53}},{"start":{"line":14,"column":57},"end":{"line":14,"column":61}}]}},"s":{"0":12,"1":44,"2":9,"3":44,"4":44,"5":44,"6":44,"7":44,"8":44,"9":44,"10":44,"11":12},"f":{"0":44},"b":{"0":[9],"1":[44,13],"2":[44,14],"3":[44,44],"4":[44,44],"5":[44,40],"6":[44,44],"7":[44,44]}}
,"/Users/eddvar/Documents/amplify-cli/packages/amplify-util-uibuilder/src/commands/utils/featureFlags.ts": {"path":"/Users/eddvar/Documents/amplify-cli/packages/amplify-util-uibuilder/src/commands/utils/featureFlags.ts","statementMap":{"0":{"start":{"line":2,"column":0},"end":{"line":2,"column":88}},"1":{"start":{"line":3,"column":0},"end":{"line":3,"column":55}},"2":{"start":{"line":10,"column":46},"end":{"line":11,"column":83}},"3":{"start":{"line":11,"column":2},"end":{"line":11,"column":83}},"4":{"start":{"line":12,"column":29},"end":{"line":12,"column":106}},"5":{"start":{"line":12,"column":43},"end":{"line":12,"column":106}},"6":{"start":{"line":18,"column":37},"end":{"line":33,"column":1}},"7":{"start":{"line":19,"column":2},"end":{"line":21,"column":null}},"8":{"start":{"line":20,"column":4},"end":{"line":20,"column":13}},"9":{"start":{"line":23,"column":2},"end":{"line":25,"column":null}},"10":{"start":{"line":24,"column":4},"end":{"line":24,"column":51}},"11":{"start":{"line":27,"column":29},"end":{"line":27,"column":51}},"12":{"start":{"line":28,"column":2},"end":{"line":30,"column":null}},"13":{"start":{"line":29,"column":4},"end":{"line":29,"column":95}},"14":{"start":{"line":32,"column":2},"end":{"line":32,"column":28}},"15":{"start":{"line":18,"column":13},"end":{"line":18,"column":37}},"16":{"start":{"line":38,"column":41},"end":{"line":38,"column":127}},"17":{"start":{"line":38,"column":56},"end":{"line":38,"column":127}},"18":{"start":{"line":43,"column":47},"end":{"line":61,"column":1}},"19":{"start":{"line":44,"column":22},"end":{"line":44,"column":68}},"20":{"start":{"line":46,"column":17},"end":{"line":49,"column":4}},"21":{"start":{"line":52,"column":2},"end":{"line":52,"column":60}},"22":{"start":{"line":53,"column":2},"end":{"line":53,"column":47}},"23":{"start":{"line":54,"column":2},"end":{"line":54,"column":36}},"24":{"start":{"line":56,"column":2},"end":{"line":60,"column":4}}},"fnMap":{"0":{"name":"(anonymous_0)","decl":{"start":{"line":10,"column":46},"end":{"line":10,"column":58}},"loc":{"start":{"line":11,"column":2},"end":{"line":11,"column":83}}},"1":{"name":"(anonymous_1)","decl":{"start":{"line":12,"column":29},"end":{"line":12,"column":40}},"loc":{"start":{"line":12,"column":43},"end":{"line":12,"column":106}}},"2":{"name":"(anonymous_2)","decl":{"start":{"line":18,"column":37},"end":{"line":18,"column":42}},"loc":{"start":{"line":18,"column":65},"end":{"line":33,"column":1}}},"3":{"name":"(anonymous_3)","decl":{"start":{"line":38,"column":41},"end":{"line":38,"column":53}},"loc":{"start":{"line":38,"column":56},"end":{"line":38,"column":127}}},"4":{"name":"(anonymous_4)","decl":{"start":{"line":43,"column":47},"end":{"line":43,"column":52}},"loc":{"start":{"line":43,"column":73},"end":{"line":61,"column":1}}}},"branchMap":{"0":{"loc":{"start":{"line":19,"column":2},"end":{"line":21,"column":null}},"type":"if","locations":[{"start":{"line":19,"column":2},"end":{"line":21,"column":null}}]},"1":{"loc":{"start":{"line":23,"column":2},"end":{"line":25,"column":null}},"type":"if","locations":[{"start":{"line":23,"column":2},"end":{"line":25,"column":null}}]},"2":{"loc":{"start":{"line":28,"column":2},"end":{"line":30,"column":null}},"type":"if","locations":[{"start":{"line":28,"column":2},"end":{"line":30,"column":null}}]},"3":{"loc":{"start":{"line":28,"column":6},"end":{"line":28,"column":58}},"type":"binary-expr","locations":[{"start":{"line":28,"column":6},"end":{"line":28,"column":30}},{"start":{"line":28,"column":34},"end":{"line":28,"column":58}}]},"4":{"loc":{"start":{"line":38,"column":56},"end":{"line":38,"column":127}},"type":"binary-expr","locations":[{"start":{"line":38,"column":56},"end":{"line":38,"column":95}},{"start":{"line":38,"column":99},"end":{"line":38,"column":127}}]},"5":{"loc":{"start":{"line":44,"column":22},"end":{"line":44,"column":68}},"type":"cond-expr","locations":[{"start":{"line":44,"column":51},"end":{"line":44,"column":55}},{"start":{"line":44,"column":55},"end":{"line":44,"column":68}}]},"6":{"loc":{"start":{"line":44,"column":22},"end":{"line":44,"column":55}},"type":"binary-expr","locations":[{"start":{"line":44,"column":22},"end":{"line":44,"column":55}},{"start":{"line":44,"column":51},"end":{"line":44,"column":55}}]}},"s":{"0":3,"1":3,"2":3,"3":0,"4":3,"5":0,"6":3,"7":0,"8":0,"9":0,"10":0,"11":0,"12":0,"13":0,"14":0,"15":3,"16":3,"17":0,"18":3,"19":0,"20":0,"21":0,"22":0,"23":0,"24":0},"f":{"0":0,"1":0,"2":0,"3":0,"4":0},"b":{"0":[0],"1":[0],"2":[0],"3":[0,0],"4":[0,0],"5":[0,0],"6":[0,0]}}
,"/Users/eddvar/Documents/amplify-cli/packages/amplify-util-uibuilder/src/commands/utils/getUiBuilderComponentsPath.ts": {"path":"/Users/eddvar/Documents/amplify-cli/packages/amplify-util-uibuilder/src/commands/utils/getUiBuilderComponentsPath.ts","statementMap":{"0":{"start":{"line":1,"column":0},"end":{"line":1,"column":24}},"1":{"start":{"line":2,"column":0},"end":{"line":2,"column":26}},"2":{"start":{"line":4,"column":0},"end":{"line":4,"column":44}},"3":{"start":{"line":10,"column":42},"end":{"line":21,"column":1}},"4":{"start":{"line":11,"column":15},"end":{"line":11,"column":35}},"5":{"start":{"line":12,"column":17},"end":{"line":12,"column":102}},"6":{"start":{"line":13,"column":34},"end":{"line":13,"column":87}},"7":{"start":{"line":15,"column":2},"end":{"line":18,"column":null}},"8":{"start":{"line":17,"column":4},"end":{"line":17,"column":43}},"9":{"start":{"line":20,"column":2},"end":{"line":20,"column":33}},"10":{"start":{"line":10,"column":13},"end":{"line":10,"column":42}}},"fnMap":{"0":{"name":"(anonymous_1)","decl":{"start":{"line":10,"column":42},"end":{"line":10,"column":43}},"loc":{"start":{"line":10,"column":74},"end":{"line":21,"column":1}}}},"branchMap":{"0":{"loc":{"start":{"line":12,"column":17},"end":{"line":12,"column":102}},"type":"cond-expr","locations":[{"start":{"line":12,"column":31},"end":{"line":12,"column":42}},{"start":{"line":12,"column":45},"end":{"line":12,"column":102}}]},"1":{"loc":{"start":{"line":15,"column":2},"end":{"line":18,"column":null}},"type":"if","locations":[{"start":{"line":15,"column":2},"end":{"line":18,"column":null}}]}},"s":{"0":8,"1":8,"2":8,"3":8,"4":22,"5":22,"6":22,"7":22,"8":0,"9":22,"10":8},"f":{"0":22},"b":{"0":[0,22],"1":[0]}}
,"/Users/eddvar/Documents/amplify-cli/packages/amplify-util-uibuilder/src/commands/utils/index.ts": {"path":"/Users/eddvar/Documents/amplify-cli/packages/amplify-util-uibuilder/src/commands/utils/index.ts","statementMap":{"0":{"start":{"line":1,"column":0},"end":{"line":1,"column":35}},"1":{"start":{"line":2,"column":0},"end":{"line":2,"column":37}},"2":{"start":{"line":3,"column":0},"end":{"line":3,"column":30}},"3":{"start":{"line":4,"column":0},"end":{"line":4,"column":45}},"4":{"start":{"line":5,"column":0},"end":{"line":5,"column":40}},"5":{"start":{"line":6,"column":0},"end":{"line":6,"column":41}},"6":{"start":{"line":7,"column":0},"end":{"line":7,"column":49}},"7":{"start":{"line":8,"column":0},"end":{"line":8,"column":38}}},"fnMap":{},"branchMap":{},"s":{"0":7,"1":7,"2":7,"3":7,"4":7,"5":7,"6":7,"7":7},"f":{},"b":{}}
,"/Users/eddvar/Documents/amplify-cli/packages/amplify-util-uibuilder/src/commands/utils/notifyMissingPackages.ts": {"path":"/Users/eddvar/Documents/amplify-cli/packages/amplify-util-uibuilder/src/commands/utils/notifyMissingPackages.ts","statementMap":{"0":{"start":{"line":1,"column":0},"end":{"line":1,"column":95}},"1":{"start":{"line":2,"column":0},"end":{"line":2,"column":55}},"2":{"start":{"line":3,"column":0},"end":{"line":3,"column":26}},"3":{"start":{"line":4,"column":0},"end":{"line":4,"column":24}},"4":{"start":{"line":5,"column":0},"end":{"line":5,"column":47}},"5":{"start":{"line":7,"column":0},"end":{"line":7,"column":80}},"6":{"start":{"line":8,"column":0},"end":{"line":8,"column":44}},"7":{"start":{"line":10,"column":32},"end":{"line":10,"column":123}},"8":{"start":{"line":10,"column":60},"end":{"line":10,"column":123}},"9":{"start":{"line":16,"column":37},"end":{"line":46,"column":1}},"10":{"start":{"line":17,"column":15},"end":{"line":17,"column":35}},"11":{"start":{"line":18,"column":27},"end":{"line":18,"column":85}},"12":{"start":{"line":19,"column":2},"end":{"line":22,"column":null}},"13":{"start":{"line":20,"column":4},"end":{"line":20,"column":98}},"14":{"start":{"line":21,"column":4},"end":{"line":21,"column":11}},"15":{"start":{"line":23,"column":23},"end":{"line":23,"column":63}},"16":{"start":{"line":24,"column":26},"end":{"line":24,"column":89}},"17":{"start":{"line":25,"column":2},"end":{"line":28,"column":null}},"18":{"start":{"line":26,"column":4},"end":{"line":26,"column":85}},"19":{"start":{"line":27,"column":4},"end":{"line":27,"column":11}},"20":{"start":{"line":29,"column":22},"end":{"line":29,"column":108}},"21":{"start":{"line":30,"column":2},"end":{"line":45,"column":5}},"22":{"start":{"line":31,"column":31},"end":{"line":31,"column":104}},"23":{"start":{"line":32,"column":4},"end":{"line":44,"column":null}},"24":{"start":{"line":33,"column":6},"end":{"line":35,"column":8}},"25":{"start":{"line":36,"column":11},"end":{"line":44,"column":null}},"26":{"start":{"line":37,"column":6},"end":{"line":43,"column":8}},"27":{"start":{"line":16,"column":13},"end":{"line":16,"column":37}}},"fnMap":{"0":{"name":"(anonymous_1)","decl":{"start":{"line":10,"column":32},"end":{"line":10,"column":57}},"loc":{"start":{"line":10,"column":60},"end":{"line":10,"column":123}}},"1":{"name":"(anonymous_2)","decl":{"start":{"line":16,"column":37},"end":{"line":16,"column":38}},"loc":{"start":{"line":16,"column":67},"end":{"line":46,"column":1}}},"2":{"name":"(anonymous_3)","decl":{"start":{"line":30,"column":36},"end":{"line":30,"column":37}},"loc":{"start":{"line":30,"column":59},"end":{"line":45,"column":3}}}},"branchMap":{"0":{"loc":{"start":{"line":18,"column":27},"end":{"line":18,"column":85}},"type":"cond-expr","locations":[{"start":{"line":18,"column":48},"end":{"line":18,"column":52}},{"start":{"line":18,"column":52},"end":{"line":18,"column":85}}]},"1":{"loc":{"start":{"line":18,"column":27},"end":{"line":18,"column":52}},"type":"binary-expr","locations":[{"start":{"line":18,"column":27},"end":{"line":18,"column":52}},{"start":{"line":18,"column":48},"end":{"line":18,"column":52}}]},"2":{"loc":{"start":{"line":19,"column":2},"end":{"line":22,"column":null}},"type":"if","locations":[{"start":{"line":19,"column":2},"end":{"line":22,"column":null}}]},"3":{"loc":{"start":{"line":25,"column":2},"end":{"line":28,"column":null}},"type":"if","locations":[{"start":{"line":25,"column":2},"end":{"line":28,"column":null}}]},"4":{"loc":{"start":{"line":32,"column":4},"end":{"line":44,"column":null}},"type":"if","locations":[{"start":{"line":32,"column":4},"end":{"line":44,"column":null}},{"start":{"line":36,"column":11},"end":{"line":44,"column":null}}]},"5":{"loc":{"start":{"line":36,"column":11},"end":{"line":44,"column":null}},"type":"if","locations":[{"start":{"line":36,"column":11},"end":{"line":44,"column":null}}]}},"s":{"0":8,"1":8,"2":8,"3":8,"4":8,"5":8,"6":8,"7":8,"8":2,"9":8,"10":4,"11":4,"12":4,"13":1,"14":1,"15":3,"16":3,"17":3,"18":1,"19":1,"20":2,"21":2,"22":4,"23":4,"24":3,"25":1,"26":0,"27":8},"f":{"0":2,"1":4,"2":4},"b":{"0":[4,0],"1":[4,4],"2":[1],"3":[1],"4":[3,1],"5":[0]}}
,"/Users/eddvar/Documents/amplify-cli/packages/amplify-util-uibuilder/src/commands/utils/shouldRenderComponents.ts": {"path":"/Users/eddvar/Documents/amplify-cli/packages/amplify-util-uibuilder/src/commands/utils/shouldRenderComponents.ts","statementMap":{"0":{"start":{"line":2,"column":0},"end":{"line":2,"column":73}},"1":{"start":{"line":3,"column":0},"end":{"line":3,"column":55}},"2":{"start":{"line":4,"column":0},"end":{"line":4,"column":52}},"3":{"start":{"line":5,"column":0},"end":{"line":5,"column":48}},"4":{"start":{"line":10,"column":38},"end":{"line":48,"column":1}},"5":{"start":{"line":11,"column":24},"end":{"line":11,"column":55}},"6":{"start":{"line":13,"column":2},"end":{"line":16,"column":null}},"7":{"start":{"line":14,"column":4},"end":{"line":14,"column":86}},"8":{"start":{"line":15,"column":4},"end":{"line":15,"column":16}},"9":{"start":{"line":17,"column":2},"end":{"line":20,"column":null}},"10":{"start":{"line":18,"column":4},"end":{"line":18,"column":78}},"11":{"start":{"line":19,"column":4},"end":{"line":19,"column":17}},"12":{"start":{"line":22,"column":2},"end":{"line":25,"column":null}},"13":{"start":{"line":23,"column":4},"end":{"line":23,"column":100}},"14":{"start":{"line":24,"column":4},"end":{"line":24,"column":17}},"15":{"start":{"line":27,"column":2},"end":{"line":30,"column":null}},"16":{"start":{"line":28,"column":4},"end":{"line":28,"column":94}},"17":{"start":{"line":29,"column":4},"end":{"line":29,"column":17}},"18":{"start":{"line":32,"column":2},"end":{"line":35,"column":null}},"19":{"start":{"line":33,"column":4},"end":{"line":33,"column":109}},"20":{"start":{"line":34,"column":4},"end":{"line":34,"column":17}},"21":{"start":{"line":37,"column":2},"end":{"line":40,"column":null}},"22":{"start":{"line":38,"column":4},"end":{"line":38,"column":111}},"23":{"start":{"line":39,"column":4},"end":{"line":39,"column":17}},"24":{"start":{"line":42,"column":2},"end":{"line":45,"column":null}},"25":{"start":{"line":43,"column":4},"end":{"line":43,"column":96}},"26":{"start":{"line":44,"column":4},"end":{"line":44,"column":17}},"27":{"start":{"line":47,"column":2},"end":{"line":47,"column":14}},"28":{"start":{"line":10,"column":13},"end":{"line":10,"column":38}}},"fnMap":{"0":{"name":"(anonymous_0)","decl":{"start":{"line":10,"column":38},"end":{"line":10,"column":43}},"loc":{"start":{"line":10,"column":86},"end":{"line":48,"column":1}}}},"branchMap":{"0":{"loc":{"start":{"line":13,"column":2},"end":{"line":16,"column":null}},"type":"if","locations":[{"start":{"line":13,"column":2},"end":{"line":16,"column":null}}]},"1":{"loc":{"start":{"line":17,"column":2},"end":{"line":20,"column":null}},"type":"if","locations":[{"start":{"line":17,"column":2},"end":{"line":20,"column":null}}]},"2":{"loc":{"start":{"line":17,"column":6},"end":{"line":17,"column":45}},"type":"cond-expr","locations":[{"start":{"line":17,"column":29},"end":{"line":17,"column":32}},{"start":{"line":17,"column":29},"end":{"line":17,"column":45}}]},"3":{"loc":{"start":{"line":17,"column":6},"end":{"line":17,"column":32}},"type":"binary-expr","locations":[{"start":{"line":17,"column":6},"end":{"line":17,"column":32}},{"start":{"line":17,"column":29},"end":{"line":17,"column":32}}]},"4":{"loc":{"start":{"line":17,"column":6},"end":{"line":17,"column":29}},"type":"cond-expr","locations":[{"start":{"line":17,"column":20},"end":{"line":17,"column":22}},{"start":{"line":17,"column":20},"end":{"line":17,"column":29}}]},"5":{"loc":{"start":{"line":17,"column":6},"end":{"line":17,"column":22}},"type":"binary-expr","locations":[{"start":{"line":17,"column":6},"end":{"line":17,"column":22}},{"start":{"line":17,"column":20},"end":{"line":17,"column":22}}]},"6":{"loc":{"start":{"line":17,"column":6},"end":{"line":17,"column":20}},"type":"cond-expr","locations":[{"start":{"line":17,"column":13},"end":{"line":17,"column":15}},{"start":{"line":17,"column":6},"end":{"line":17,"column":20}}]},"7":{"loc":{"start":{"line":17,"column":6},"end":{"line":17,"column":15}},"type":"binary-expr","locations":[{"start":{"line":17,"column":6},"end":{"line":17,"column":15}},{"start":{"line":17,"column":6},"end":{"line":17,"column":15}}]},"8":{"loc":{"start":{"line":22,"column":2},"end":{"line":25,"column":null}},"type":"if","locations":[{"start":{"line":22,"column":2},"end":{"line":25,"column":null}}]},"9":{"loc":{"start":{"line":27,"column":2},"end":{"line":30,"column":null}},"type":"if","locations":[{"start":{"line":27,"column":2},"end":{"line":30,"column":null}}]},"10":{"loc":{"start":{"line":32,"column":2},"end":{"line":35,"column":null}},"type":"if","locations":[{"start":{"line":32,"column":2},"end":{"line":35,"column":null}}]},"11":{"loc":{"start":{"line":37,"column":2},"end":{"line":40,"column":null}},"type":"if","locations":[{"start":{"line":37,"column":2},"end":{"line":40,"column":null}}]},"12":{"loc":{"start":{"line":42,"column":2},"end":{"line":45,"column":null}},"type":"if","locations":[{"start":{"line":42,"column":2},"end":{"line":45,"column":null}}]}},"s":{"0":8,"1":8,"2":8,"3":8,"4":8,"5":5,"6":5,"7":0,"8":0,"9":5,"10":4,"11":4,"12":1,"13":0,"14":0,"15":1,"16":0,"17":0,"18":1,"19":0,"20":0,"21":1,"22":0,"23":0,"24":1,"25":0,"26":0,"27":1,"28":8},"f":{"0":5},"b":{"0":[0],"1":[4],"2":[0,5],"3":[5,5],"4":[0,5],"5":[5,5],"6":[0,5],"7":[5,5],"8":[0],"9":[0],"10":[0],"11":[0],"12":[0]}}
,"/Users/eddvar/Documents/amplify-cli/packages/amplify-util-uibuilder/src/commands/utils/syncAmplifyUiBuilderComponents.ts": {"path":"/Users/eddvar/Documents/amplify-cli/packages/amplify-util-uibuilder/src/commands/utils/syncAmplifyUiBuilderComponents.ts","statementMap":{"0":{"start":{"line":1,"column":0},"end":{"line":1,"column":55}},"1":{"start":{"line":3,"column":0},"end":{"line":3,"column":140}},"2":{"start":{"line":4,"column":0},"end":{"line":4,"column":124}},"3":{"start":{"line":5,"column":0},"end":{"line":5,"column":74}},"4":{"start":{"line":25,"column":43},"end":{"line":47,"column":1}},"5":{"start":{"line":30,"column":27},"end":{"line":39,"column":4}},"6":{"start":{"line":31,"column":4},"end":{"line":38,"column":null}},"7":{"start":{"line":32,"column":24},"end":{"line":32,"column":77}},"8":{"start":{"line":33,"column":6},"end":{"line":33,"column":58}},"9":{"start":{"line":35,"column":6},"end":{"line":35,"column":64}},"10":{"start":{"line":36,"column":6},"end":{"line":36,"column":23}},"11":{"start":{"line":37,"column":6},"end":{"line":37,"column":74}},"12":{"start":{"line":41,"column":2},"end":{"line":45,"column":4}},"13":{"start":{"line":42,"column":53},"end":{"line":42,"column":84}},"14":{"start":{"line":46,"column":2},"end":{"line":46,"column":26}},"15":{"start":{"line":25,"column":13},"end":{"line":25,"column":43}},"16":{"start":{"line":53,"column":39},"end":{"line":72,"column":1}},"17":{"start":{"line":54,"column":2},"end":{"line":56,"column":null}},"18":{"start":{"line":55,"column":4},"end":{"line":55,"column":43}},"19":{"start":{"line":57,"column":23},"end":{"line":66,"column":4}},"20":{"start":{"line":58,"column":4},"end":{"line":65,"column":null}},"21":{"start":{"line":59,"column":20},"end":{"line":59,"column":57}},"22":{"start":{"line":60,"column":6},"end":{"line":60,"column":54}},"23":{"start":{"line":62,"column":6},"end":{"line":62,"column":64}},"24":{"start":{"line":63,"column":6},"end":{"line":63,"column":23}},"25":{"start":{"line":64,"column":6},"end":{"line":64,"column":74}},"26":{"start":{"line":68,"column":2},"end":{"line":70,"column":4}},"27":{"start":{"line":69,"column":49},"end":{"line":69,"column":80}},"28":{"start":{"line":71,"column":2},"end":{"line":71,"column":22}},"29":{"start":{"line":53,"column":13},"end":{"line":53,"column":39}},"30":{"start":{"line":77,"column":29},"end":{"line":87,"column":1}},"31":{"start":{"line":78,"column":2},"end":{"line":86,"column":null}},"32":{"start":{"line":79,"column":18},"end":{"line":79,"column":114}},"33":{"start":{"line":80,"column":4},"end":{"line":80,"column":87}},"34":{"start":{"line":81,"column":4},"end":{"line":81,"column":52}},"35":{"start":{"line":83,"column":4},"end":{"line":83,"column":60}},"36":{"start":{"line":84,"column":4},"end":{"line":84,"column":21}},"37":{"start":{"line":85,"column":4},"end":{"line":85,"column":74}},"38":{"start":{"line":92,"column":38},"end":{"line":136,"column":1}},"39":{"start":{"line":99,"column":66},"end":{"line":99,"column":68}},"40":{"start":{"line":100,"column":2},"end":{"line":106,"column":null}},"41":{"start":{"line":101,"column":4},"end":{"line":105,"column":7}},"42":{"start":{"line":102,"column":6},"end":{"line":104,"column":null}},"43":{"start":{"line":103,"column":8},"end":{"line":103,"column":55}},"44":{"start":{"line":107,"column":22},"end":{"line":121,"column":3}},"45":{"start":{"line":108,"column":4},"end":{"line":120,"column":null}},"46":{"start":{"line":109,"column":19},"end":{"line":109,"column":67}},"47":{"start":{"line":110,"column":6},"end":{"line":110,"column":53}},"48":{"start":{"line":112,"column":6},"end":{"line":112,"column":64}},"49":{"start":{"line":113,"column":6},"end":{"line":113,"column":23}},"50":{"start":{"line":114,"column":6},"end":{"line":119,"column":8}},"51":{"start":{"line":122,"column":22},"end":{"line":127,"column":4}},"52":{"start":{"line":123,"column":4},"end":{"line":125,"column":null}},"53":{"start":{"line":124,"column":6},"end":{"line":124,"column":76}},"54":{"start":{"line":126,"column":4},"end":{"line":126,"column":31}},"55":{"start":{"line":130,"column":2},"end":{"line":130,"column":68}},"56":{"start":{"line":132,"column":2},"end":{"line":134,"column":4}},"57":{"start":{"line":133,"column":48},"end":{"line":133,"column":79}},"58":{"start":{"line":135,"column":2},"end":{"line":135,"column":21}},"59":{"start":{"line":92,"column":13},"end":{"line":92,"column":38}}},"fnMap":{"0":{"name":"(anonymous_0)","decl":{"start":{"line":25,"column":43},"end":{"line":25,"column":null}},"loc":{"start":{"line":29,"column":40},"end":{"line":47,"column":1}}},"1":{"name":"(anonymous_1)","decl":{"start":{"line":30,"column":82},"end":{"line":30,"column":83}},"loc":{"start":{"line":30,"column":93},"end":{"line":39,"column":3}}},"2":{"name":"(anonymous_2)","decl":{"start":{"line":42,"column":41},"end":{"line":42,"column":42}},"loc":{"start":{"line":42,"column":53},"end":{"line":42,"column":84}}},"3":{"name":"(anonymous_3)","decl":{"start":{"line":53,"column":39},"end":{"line":53,"column":40}},"loc":{"start":{"line":53,"column":116},"end":{"line":72,"column":1}}},"4":{"name":"(anonymous_4)","decl":{"start":{"line":57,"column":70},"end":{"line":57,"column":71}},"loc":{"start":{"line":57,"column":81},"end":{"line":66,"column":3}}},"5":{"name":"(anonymous_5)","decl":{"start":{"line":69,"column":37},"end":{"line":69,"column":38}},"loc":{"start":{"line":69,"column":49},"end":{"line":69,"column":80}}},"6":{"name":"(anonymous_6)","decl":{"start":{"line":77,"column":29},"end":{"line":77,"column":30}},"loc":{"start":{"line":77,"column":83},"end":{"line":87,"column":1}}},"7":{"name":"(anonymous_7)","decl":{"start":{"line":92,"column":38},"end":{"line":92,"column":null}},"loc":{"start":{"line":98,"column":35},"end":{"line":136,"column":1}}},"8":{"name":"(anonymous_8)","decl":{"start":{"line":101,"column":46},"end":{"line":101,"column":47}},"loc":{"start":{"line":101,"column":64},"end":{"line":105,"column":5}}},"9":{"name":"(anonymous_9)","decl":{"start":{"line":107,"column":22},"end":{"line":107,"column":23}},"loc":{"start":{"line":107,"column":74},"end":{"line":121,"column":3}}},"10":{"name":"(anonymous_10)","decl":{"start":{"line":122,"column":38},"end":{"line":122,"column":39}},"loc":{"start":{"line":122,"column":61},"end":{"line":127,"column":3}}},"11":{"name":"(anonymous_11)","decl":{"start":{"line":133,"column":36},"end":{"line":133,"column":37}},"loc":{"start":{"line":133,"column":48},"end":{"line":133,"column":79}}}},"branchMap":{"0":{"loc":{"start":{"line":54,"column":2},"end":{"line":56,"column":null}},"type":"if","locations":[{"start":{"line":54,"column":2},"end":{"line":56,"column":null}}]},"1":{"loc":{"start":{"line":100,"column":2},"end":{"line":106,"column":null}},"type":"if","locations":[{"start":{"line":100,"column":2},"end":{"line":106,"column":null}}]},"2":{"loc":{"start":{"line":100,"column":6},"end":{"line":100,"column":69}},"type":"binary-expr","locations":[{"start":{"line":100,"column":6},"end":{"line":100,"column":48}},{"start":{"line":100,"column":52},"end":{"line":100,"column":69}}]},"3":{"loc":{"start":{"line":100,"column":6},"end":{"line":100,"column":32}},"type":"cond-expr","locations":[{"start":{"line":100,"column":16},"end":{"line":100,"column":18}},{"start":{"line":100,"column":6},"end":{"line":100,"column":32}}]},"4":{"loc":{"start":{"line":100,"column":6},"end":{"line":100,"column":18}},"type":"binary-expr","locations":[{"start":{"line":100,"column":6},"end":{"line":100,"column":18}},{"start":{"line":100,"column":6},"end":{"line":100,"column":18}}]},"5":{"loc":{"start":{"line":102,"column":6},"end":{"line":104,"column":null}},"type":"if","locations":[{"start":{"line":102,"column":6},"end":{"line":104,"column":null}}]},"6":{"loc":{"start":{"line":102,"column":10},"end":{"line":102,"column":61}},"type":"binary-expr","locations":[{"start":{"line":102,"column":10},"end":{"line":102,"column":39}},{"start":{"line":102,"column":43},"end":{"line":102,"column":61}}]},"7":{"loc":{"start":{"line":123,"column":4},"end":{"line":125,"column":null}},"type":"if","locations":[{"start":{"line":123,"column":4},"end":{"line":125,"column":null}}]},"8":{"loc":{"start":{"line":123,"column":8},"end":{"line":123,"column":75}},"type":"binary-expr","locations":[{"start":{"line":123,"column":8},"end":{"line":123,"column":24}},{"start":{"line":123,"column":28},"end":{"line":123,"column":75}}]},"9":{"loc":{"start":{"line":123,"column":8},"end":{"line":123,"column":24}},"type":"cond-expr","locations":[{"start":{"line":123,"column":14},"end":{"line":123,"column":16}},{"start":{"line":123,"column":8},"end":{"line":123,"column":24}}]},"10":{"loc":{"start":{"line":123,"column":8},"end":{"line":123,"column":16}},"type":"binary-expr","locations":[{"start":{"line":123,"column":8},"end":{"line":123,"column":16}},{"start":{"line":123,"column":8},"end":{"line":123,"column":16}}]},"11":{"loc":{"start":{"line":123,"column":28},"end":{"line":123,"column":59}},"type":"cond-expr","locations":[{"start":{"line":123,"column":43},"end":{"line":123,"column":45}},{"start":{"line":123,"column":43},"end":{"line":123,"column":59}}]},"12":{"loc":{"start":{"line":123,"column":28},"end":{"line":123,"column":45}},"type":"binary-expr","locations":[{"start":{"line":123,"column":28},"end":{"line":123,"column":45}},{"start":{"line":123,"column":43},"end":{"line":123,"column":45}}]},"13":{"loc":{"start":{"line":124,"column":6},"end":{"line":124,"column":75}},"type":"cond-expr","locations":[{"start":{"line":124,"column":44},"end":{"line":124,"column":46}},{"start":{"line":124,"column":44},"end":{"line":124,"column":75}}]},"14":{"loc":{"start":{"line":124,"column":6},"end":{"line":124,"column":46}},"type":"binary-expr","locations":[{"start":{"line":124,"column":6},"end":{"line":124,"column":46}},{"start":{"line":124,"column":44},"end":{"line":124,"column":46}}]}},"s":{"0":7,"1":7,"2":7,"3":7,"4":7,"5":4,"6":4,"7":4,"8":2,"9":2,"10":2,"11":2,"12":4,"13":4,"14":4,"15":7,"16":7,"17":5,"18":3,"19":2,"20":4,"21":4,"22":2,"23":2,"24":2,"25":2,"26":2,"27":4,"28":2,"29":7,"30":7,"31":3,"32":3,"33":2,"34":2,"35":1,"36":1,"37":1,"38":7,"39":5,"40":5,"41":2,"42":6,"43":2,"44":5,"45":8,"46":8,"47":6,"48":2,"49":2,"50":2,"51":5,"52":4,"53":0,"54":4,"55":5,"56":5,"57":8,"58":5,"59":7},"f":{"0":4,"1":4,"2":4,"3":5,"4":4,"5":4,"6":3,"7":5,"8":6,"9":8,"10":4,"11":8},"b":{"0":[3],"1":[2],"2":[5,3],"3":[2,3],"4":[5,5],"5":[2],"6":[6,4],"7":[0],"8":[4,0],"9":[0,4],"10":[4,4],"11":[0,0],"12":[0,0],"13":[0,0],"14":[0,0]}}
,"/Users/eddvar/Documents/amplify-cli/packages/amplify-util-uibuilder/src/event-handlers/handle-PostEnvAdd.ts": {"path":"/Users/eddvar/Documents/amplify-cli/packages/amplify-util-uibuilder/src/event-handlers/handle-PostEnvAdd.ts","statementMap":{"0":{"start":{"line":2,"column":0},"end":{"line":2,"column":55}},"1":{"start":{"line":3,"column":0},"end":{"line":3,"column":83}},"2":{"start":{"line":9,"column":19},"end":{"line":16,"column":1}},"3":{"start":{"line":10,"column":2},"end":{"line":15,"column":null}},"4":{"start":{"line":11,"column":4},"end":{"line":11,"column":42}},"5":{"start":{"line":14,"column":4},"end":{"line":14,"column":21}},"6":{"start":{"line":9,"column":13},"end":{"line":9,"column":19}}},"fnMap":{"0":{"name":"(anonymous_0)","decl":{"start":{"line":9,"column":19},"end":{"line":9,"column":24}},"loc":{"start":{"line":9,"column":64},"end":{"line":16,"column":1}}}},"branchMap":{},"s":{"0":0,"1":0,"2":0,"3":0,"4":0,"5":0,"6":0},"f":{"0":0},"b":{}}
,"/Users/eddvar/Documents/amplify-cli/packages/amplify-util-uibuilder/src/event-handlers/handle-PostPull.ts": {"path":"/Users/eddvar/Documents/amplify-cli/packages/amplify-util-uibuilder/src/event-handlers/handle-PostPull.ts","statementMap":{"0":{"start":{"line":2,"column":0},"end":{"line":2,"column":55}},"1":{"start":{"line":3,"column":0},"end":{"line":3,"column":75}},"2":{"start":{"line":8,"column":19},"end":{"line":15,"column":1}},"3":{"start":{"line":9,"column":2},"end":{"line":14,"column":null}},"4":{"start":{"line":10,"column":4},"end":{"line":10,"column":50}},"5":{"start":{"line":13,"column":4},"end":{"line":13,"column":21}},"6":{"start":{"line":8,"column":13},"end":{"line":8,"column":19}}},"fnMap":{"0":{"name":"(anonymous_0)","decl":{"start":{"line":8,"column":19},"end":{"line":8,"column":24}},"loc":{"start":{"line":8,"column":64},"end":{"line":15,"column":1}}}},"branchMap":{},"s":{"0":1,"1":1,"2":1,"3":1,"4":1,"5":0,"6":1},"f":{"0":1},"b":{}}
,"/Users/eddvar/Documents/amplify-cli/packages/amplify-util-uibuilder/src/event-handlers/handle-PostPush.ts": {"path":"/Users/eddvar/Documents/amplify-cli/packages/amplify-util-uibuilder/src/event-handlers/handle-PostPush.ts","statementMap":{"0":{"start":{"line":2,"column":0},"end":{"line":2,"column":55}},"1":{"start":{"line":3,"column":0},"end":{"line":3,"column":75}},"2":{"start":{"line":8,"column":19},"end":{"line":15,"column":1}},"3":{"start":{"line":9,"column":2},"end":{"line":14,"column":null}},"4":{"start":{"line":10,"column":4},"end":{"line":10,"column":50}},"5":{"start":{"line":13,"column":4},"end":{"line":13,"column":21}},"6":{"start":{"line":8,"column":13},"end":{"line":8,"column":19}}},"fnMap":{"0":{"name":"(anonymous_0)","decl":{"start":{"line":8,"column":19},"end":{"line":8,"column":24}},"loc":{"start":{"line":8,"column":64},"end":{"line":15,"column":1}}}},"branchMap":{},"s":{"0":1,"1":1,"2":1,"3":1,"4":1,"5":0,"6":1},"f":{"0":1},"b":{}}
,"/Users/eddvar/Documents/amplify-cli/packages/amplify-util-uibuilder/src/event-handlers/handle-PrePush.ts": {"path":"/Users/eddvar/Documents/amplify-cli/packages/amplify-util-uibuilder/src/event-handlers/handle-PrePush.ts","statementMap":{"0":{"start":{"line":2,"column":0},"end":{"line":2,"column":55}},"1":{"start":{"line":3,"column":0},"end":{"line":3,"column":57}},"2":{"start":{"line":8,"column":19},"end":{"line":15,"column":1}},"3":{"start":{"line":9,"column":2},"end":{"line":14,"column":null}},"4":{"start":{"line":10,"column":4},"end":{"line":10,"column":34}},"5":{"start":{"line":13,"column":4},"end":{"line":13,"column":21}},"6":{"start":{"line":8,"column":13},"end":{"line":8,"column":19}}},"fnMap":{"0":{"name":"(anonymous_0)","decl":{"start":{"line":8,"column":19},"end":{"line":8,"column":24}},"loc":{"start":{"line":8,"column":64},"end":{"line":15,"column":1}}}},"branchMap":{},"s":{"0":0,"1":0,"2":0,"3":0,"4":0,"5":0,"6":0},"f":{"0":0},"b":{}}
,"/Users/eddvar/Documents/amplify-cli/packages/amplify-util-uibuilder/src/utils/prePushHandler.ts": {"path":"/Users/eddvar/Documents/amplify-cli/packages/amplify-util-uibuilder/src/utils/prePushHandler.ts","statementMap":{"0":{"start":{"line":2,"column":0},"end":{"line":2,"column":55}},"1":{"start":{"line":4,"column":0},"end":{"line":4,"column":49}},"2":{"start":{"line":5,"column":0},"end":{"line":5,"column":108}},"3":{"start":{"line":11,"column":30},"end":{"line":30,"column":1}},"4":{"start":{"line":12,"column":2},"end":{"line":14,"column":null}},"5":{"start":{"line":13,"column":4},"end":{"line":13,"column":11}},"6":{"start":{"line":15,"column":23},"end":{"line":15,"column":71}},"7":{"start":{"line":16,"column":37},"end":{"line":23,"column":134}},"8":{"start":{"line":25,"column":2},"end":{"line":28,"column":null}},"9":{"start":{"line":26,"column":4},"end":{"line":26,"column":44}},"10":{"start":{"line":27,"column":4},"end":{"line":27,"column":11}},"11":{"start":{"line":29,"column":2},"end":{"line":29,"column":54}},"12":{"start":{"line":11,"column":13},"end":{"line":11,"column":30}},"13":{"start":{"line":32,"column":34},"end":{"line":51,"column":1}},"14":{"start":{"line":33,"column":21},"end":{"line":33,"column":61}},"15":{"start":{"line":34,"column":40},"end":{"line":34,"column":42}},"16":{"start":{"line":36,"column":2},"end":{"line":42,"column":5}},"17":{"start":{"line":39,"column":4},"end":{"line":41,"column":null}},"18":{"start":{"line":40,"column":6},"end":{"line":40,"column":42}},"19":{"start":{"line":44,"column":2},"end":{"line":50,"column":null}},"20":{"start":{"line":45,"column":4},"end":{"line":49,"column":6}}},"fnMap":{"0":{"name":"(anonymous_0)","decl":{"start":{"line":11,"column":30},"end":{"line":11,"column":35}},"loc":{"start":{"line":11,"column":75},"end":{"line":30,"column":1}}},"1":{"name":"(anonymous_1)","decl":{"start":{"line":32,"column":34},"end":{"line":32,"column":35}},"loc":{"start":{"line":32,"column":134},"end":{"line":51,"column":1}}},"2":{"name":"(anonymous_2)","decl":{"start":{"line":36,"column":31},"end":{"line":36,"column":32}},"loc":{"start":{"line":36,"column":40},"end":{"line":42,"column":3}}}},"branchMap":{"0":{"loc":{"start":{"line":12,"column":2},"end":{"line":14,"column":null}},"type":"if","locations":[{"start":{"line":12,"column":2},"end":{"line":14,"column":null}}]},"1":{"loc":{"start":{"line":25,"column":2},"end":{"line":28,"column":null}},"type":"if","locations":[{"start":{"line":25,"column":2},"end":{"line":28,"column":null}}]},"2":{"loc":{"start":{"line":39,"column":4},"end":{"line":41,"column":null}},"type":"if","locations":[{"start":{"line":39,"column":4},"end":{"line":41,"column":null}}]},"3":{"loc":{"start":{"line":39,"column":8},"end":{"line":39,"column":81}},"type":"binary-expr","locations":[{"start":{"line":39,"column":8},"end":{"line":39,"column":49}},{"start":{"line":39,"column":53},"end":{"line":39,"column":81}}]},"4":{"loc":{"start":{"line":44,"column":2},"end":{"line":50,"column":null}},"type":"if","locations":[{"start":{"line":44,"column":2},"end":{"line":50,"column":null}}]},"5":{"loc":{"start":{"line":47,"column":8},"end":{"line":47,"column":null}},"type":"cond-expr","locations":[{"start":{"line":47,"column":43},"end":{"line":47,"column":45}},{"start":{"line":47,"column":48},"end":{"line":47,"column":null}}]}},"s":{"0":1,"1":1,"2":1,"3":1,"4":2,"5":0,"6":2,"7":2,"8":2,"9":1,"10":1,"11":1,"12":1,"13":1,"14":1,"15":1,"16":1,"17":2,"18":2,"19":1,"20":1},"f":{"0":2,"1":1,"2":2},"b":{"0":[0],"1":[1],"2":[2],"3":[2,2],"4":[1],"5":[0,1]}}
}
