TN:
SF:src/index.ts
FN:9,(anonymous_1)
FN:20,(anonymous_2)
FNF:2
FNH:0
FNDA:0,(anonymous_1)
FNDA:0,(anonymous_2)
DA:2,0
DA:9,0
DA:10,0
DA:11,0
DA:13,0
DA:14,0
DA:20,0
DA:21,0
DA:22,0
DA:24,0
DA:25,0
LF:11
LH:0
BRDA:11,0,0,0
BRDA:11,0,1,0
BRF:2
BRH:0
end_of_record
TN:
SF:src/clients/amplify-studio-client.ts
FN:20,(anonymous_2)
FN:36,(anonymous_3)
FN:78,(anonymous_4)
FN:102,(anonymous_5)
FN:116,(anonymous_6)
FN:138,(anonymous_7)
FN:165,(anonymous_8)
FN:190,(anonymous_9)
FN:214,(anonymous_10)
FN:231,(anonymous_11)
FN:242,(anonymous_12)
FN:63,(anonymous_13)
FNF:12
FNH:9
FNDA:8,(anonymous_2)
FNDA:8,(anonymous_3)
FNDA:8,(anonymous_4)
FNDA:8,(anonymous_5)
FNDA:8,(anonymous_6)
FNDA:4,(anonymous_7)
FNDA:2,(anonymous_8)
FNDA:4,(anonymous_9)
FNDA:1,(anonymous_10)
FNDA:0,(anonymous_11)
FNDA:0,(anonymous_12)
FNDA:0,(anonymous_13)
DA:1,9
DA:4,9
DA:5,9
DA:6,9
DA:7,9
DA:20,9
DA:21,8
DA:22,8
DA:23,0
DA:26,8
DA:27,0
DA:30,8
DA:36,9
DA:37,8
DA:38,8
DA:39,4
DA:42,8
DA:43,4
DA:46,8
DA:52,9
DA:53,8
DA:54,8
DA:55,8
DA:56,8
DA:58,8
DA:63,9
DA:64,0
DA:65,0
DA:66,0
DA:70,0
DA:71,0
DA:79,8
DA:80,8
DA:81,8
DA:87,8
DA:89,8
DA:90,8
DA:91,8
DA:93,0
DA:96,8
DA:103,8
DA:104,8
DA:105,8
DA:106,8
DA:107,8
DA:116,8
DA:117,8
DA:118,8
DA:119,8
DA:120,8
DA:126,8
DA:131,0
DA:138,8
DA:139,4
DA:140,4
DA:141,4
DA:143,4
DA:144,4
DA:145,4
DA:152,4
DA:153,4
DA:155,4
DA:156,4
DA:158,0
DA:165,8
DA:166,2
DA:167,2
DA:169,2
DA:171,2
DA:172,2
DA:173,2
DA:180,2
DA:181,2
DA:183,2
DA:184,2
DA:186,0
DA:190,8
DA:191,4
DA:192,4
DA:193,4
DA:195,4
DA:196,4
DA:197,4
DA:204,4
DA:205,4
DA:207,4
DA:208,4
DA:210,0
DA:214,8
DA:215,1
DA:216,1
DA:217,1
DA:218,1
DA:225,1
DA:227,0
DA:231,8
DA:232,0
DA:233,0
DA:234,0
DA:235,0
DA:237,0
DA:238,0
DA:242,8
DA:243,0
DA:244,0
DA:245,0
DA:246,0
DA:253,0
DA:255,0
LF:109
LH:84
BRDA:22,0,0,0
BRDA:26,1,0,0
BRDA:38,2,0,4
BRDA:42,3,0,4
BRDA:89,4,0,8
BRDA:89,4,1,0
BRDA:117,5,0,8
BRDA:117,5,1,8
BRDA:118,6,0,8
BRDA:118,6,1,8
BRDA:127,7,0,0
BRDA:127,7,1,8
BRDA:127,8,0,8
BRDA:127,8,1,8
BRDA:128,9,0,0
BRDA:128,9,1,8
BRDA:128,10,0,8
BRDA:128,10,1,8
BRDA:139,11,0,4
BRDA:139,11,1,2
BRDA:140,12,0,4
BRDA:140,12,1,4
BRDA:166,13,0,2
BRDA:166,13,1,2
BRDA:167,14,0,2
BRDA:167,14,1,2
BRDA:191,15,0,4
BRDA:191,15,1,4
BRDA:192,16,0,4
BRDA:192,16,1,4
BRDA:215,17,0,1
BRDA:215,17,1,0
BRDA:216,18,0,1
BRDA:216,18,1,0
BRDA:232,19,0,0
BRDA:232,19,1,0
BRDA:233,20,0,0
BRDA:233,20,1,0
BRDA:244,21,0,0
BRDA:244,21,1,0
BRDA:245,22,0,0
BRDA:245,22,1,0
BRF:42
BRH:27
end_of_record
TN:
SF:src/clients/index.ts
FN:1,(anonymous_1)
FNF:1
FNH:1
FNDA:9,(anonymous_1)
DA:1,18
LF:1
LH:1
BRF:0
BRH:0
end_of_record
TN:
SF:src/commands/cloneComponentsFromEnv.ts
FN:9,(anonymous_0)
FNF:1
FNH:1
FNDA:1,(anonymous_0)
DA:1,1
DA:3,1
DA:4,1
DA:9,1
DA:10,1
DA:11,1
DA:12,1
DA:13,1
DA:14,1
DA:15,1
DA:17,1
DA:21,1
DA:22,0
DA:23,0
DA:26,1
DA:27,0
DA:30,0
DA:33,1
DA:34,1
DA:35,0
DA:36,0
DA:38,1
DA:46,1
DA:47,1
DA:50,1
LF:25
LH:19
BRDA:12,0,0,1
BRDA:12,0,1,0
BRDA:13,1,0,1
BRDA:13,1,1,0
BRDA:14,2,0,1
BRDA:14,2,1,0
BRDA:14,3,0,1
BRDA:14,3,1,1
BRDA:14,4,0,0
BRDA:14,4,1,0
BRDA:14,5,0,0
BRDA:14,5,1,0
BRDA:14,6,0,0
BRDA:14,6,1,0
BRDA:14,7,0,0
BRDA:14,7,1,0
BRDA:14,8,0,0
BRDA:14,8,1,0
BRDA:14,9,0,0
BRDA:14,9,1,0
BRDA:14,10,0,0
BRDA:14,10,1,0
BRDA:14,11,0,0
BRDA:14,11,1,0
BRDA:21,12,0,0
BRDA:26,13,0,0
BRDA:34,14,0,0
BRF:27
BRH:5
end_of_record
TN:
SF:src/commands/generateComponents.ts
FN:24,(anonymous_1)
FN:40,(anonymous_2)
FN:63,(anonymous_3)
FN:64,(anonymous_4)
FN:103,(anonymous_5)
FN:103,(anonymous_6)
FN:104,(anonymous_7)
FN:104,(anonymous_8)
FNF:8
FNH:6
FNDA:1,(anonymous_1)
FNDA:1,(anonymous_2)
FNDA:3,(anonymous_3)
FNDA:6,(anonymous_4)
FNDA:2,(anonymous_5)
FNDA:0,(anonymous_6)
FNDA:2,(anonymous_7)
FNDA:0,(anonymous_8)
DA:3,2
DA:4,2
DA:6,2
DA:7,2
DA:24,2
DA:25,1
DA:26,0
DA:28,1
DA:29,1
DA:30,1
DA:31,1
DA:38,1
DA:40,1
DA:41,0
DA:42,0
DA:44,1
DA:46,1
DA:57,1
DA:58,1
DA:59,1
DA:60,1
DA:61,1
DA:63,1
DA:64,3
DA:65,6
DA:66,3
DA:67,3
DA:68,1
DA:71,3
DA:76,3
DA:84,0
DA:85,0
DA:87,3
DA:92,1
DA:94,1
DA:96,1
DA:97,1
DA:99,0
DA:102,1
DA:103,2
DA:104,2
DA:106,1
DA:107,0
DA:114,1
DA:116,1
DA:118,0
DA:119,0
LF:47
LH:38
BRDA:25,0,0,0
BRDA:35,1,0,1
BRDA:35,1,1,0
BRDA:38,2,0,1
BRDA:38,2,1,0
BRDA:38,2,2,0
BRDA:40,3,0,0
BRDA:40,4,0,1
BRDA:40,4,1,1
BRDA:53,5,0,1
BRDA:53,5,1,1
BRDA:61,6,0,0
BRDA:61,6,1,1
BRDA:61,7,0,1
BRDA:61,7,1,0
BRDA:61,8,0,1
BRDA:61,8,1,1
BRDA:65,9,0,3
BRDA:65,9,1,3
BRDA:67,10,0,1
BRDA:76,11,0,0
BRDA:77,12,0,3
BRDA:77,12,1,0
BRDA:77,12,2,0
BRDA:77,12,3,0
BRDA:77,12,4,0
BRDA:96,13,0,1
BRDA:96,13,1,0
BRDA:106,14,0,0
BRF:29
BRH:15
end_of_record
TN:
SF:src/commands/help.ts
FN:6,(anonymous_0)
FNF:1
FNH:1
FNDA:1,(anonymous_0)
DA:1,1
DA:6,1
DA:7,1
LF:3
LH:3
BRF:0
BRH:0
end_of_record
TN:
SF:src/commands/version.ts
FN:7,(anonymous_7)
FN:8,(anonymous_8)
FNF:2
FNH:2
FNDA:1,(anonymous_7)
FNDA:1,(anonymous_8)
DA:1,1
DA:2,1
DA:7,1
DA:8,1
LF:4
LH:4
BRF:0
BRH:0
end_of_record
TN:
SF:src/commands/utils/codegenResources.ts
FN:43,(anonymous_0)
FN:46,(anonymous_1)
FN:62,(anonymous_2)
FN:69,(anonymous_3)
FN:98,(anonymous_4)
FN:101,(anonymous_5)
FN:130,(anonymous_6)
FN:133,(anonymous_7)
FN:167,(anonymous_8)
FN:170,(anonymous_9)
FN:206,(anonymous_10)
FN:224,(anonymous_11)
FN:225,(anonymous_12)
FN:237,(anonymous_13)
FN:238,(anonymous_14)
FNF:15
FNH:10
FNDA:1,(anonymous_0)
FNDA:0,(anonymous_1)
FNDA:2,(anonymous_2)
FNDA:0,(anonymous_3)
FNDA:1,(anonymous_4)
FNDA:0,(anonymous_5)
FNDA:2,(anonymous_6)
FNDA:0,(anonymous_7)
FNDA:3,(anonymous_8)
FNDA:0,(anonymous_9)
FNDA:3,(anonymous_10)
FNDA:5,(anonymous_11)
FNDA:4,(anonymous_12)
FNDA:2,(anonymous_13)
FNDA:4,(anonymous_14)
DA:3,8
DA:16,8
DA:28,8
DA:30,8
DA:33,8
DA:43,8
DA:44,1
DA:45,1
DA:46,0
DA:49,1
DA:51,1
DA:55,1
DA:56,1
DA:62,8
DA:67,2
DA:68,2
DA:70,0
DA:78,2
DA:80,2
DA:84,2
DA:85,2
DA:86,2
DA:88,0
DA:89,0
DA:90,0
DA:91,0
DA:98,8
DA:99,1
DA:100,1
DA:102,0
DA:110,1
DA:112,1
DA:116,1
DA:117,1
DA:118,1
DA:120,0
DA:121,0
DA:122,0
DA:123,0
DA:130,8
DA:131,2
DA:132,2
DA:134,0
DA:142,2
DA:144,2
DA:148,2
DA:149,2
DA:150,1
DA:153,0
DA:154,0
DA:155,0
DA:167,8
DA:168,3
DA:169,3
DA:170,0
DA:173,3
DA:175,3
DA:179,3
DA:181,3
DA:182,1
DA:183,1
DA:184,1
DA:187,3
DA:188,1
DA:191,3
DA:192,3
DA:193,2
DA:196,0
DA:197,0
DA:198,0
DA:206,8
DA:207,3
DA:208,3
DA:210,2
DA:211,1
DA:212,1
DA:214,1
DA:216,1
DA:217,1
DA:224,8
DA:225,5
DA:235,5
DA:237,5
DA:238,4
DA:240,5
LF:85
LH:66
BRDA:149,0,0,1
BRDA:181,1,0,1
BRDA:187,2,0,1
BRDA:192,3,0,2
BRDA:210,4,0,1
BRDA:226,5,0,2
BRDA:226,5,1,2
BRF:7
BRH:7
end_of_record
TN:
SF:src/commands/utils/detachedFormCleanup.ts
FN:10,(anonymous_1)
FN:19,(anonymous_2)
FN:28,(anonymous_3)
FN:34,(anonymous_4)
FN:39,(anonymous_5)
FN:40,(anonymous_6)
FN:55,(anonymous_7)
FNF:7
FNH:7
FNDA:3,(anonymous_1)
FNDA:3,(anonymous_2)
FNDA:1,(anonymous_3)
FNDA:2,(anonymous_4)
FNDA:1,(anonymous_5)
FNDA:1,(anonymous_6)
FNDA:3,(anonymous_7)
DA:4,7
DA:5,7
DA:10,7
DA:11,3
DA:19,7
DA:20,3
DA:22,3
DA:23,1
DA:28,2
DA:34,7
DA:35,2
DA:36,1
DA:39,7
DA:40,1
DA:41,1
DA:43,1
DA:44,1
DA:46,0
DA:49,1
DA:50,1
DA:55,7
LF:21
LH:20
BRDA:11,0,0,3
BRDA:11,0,1,2
BRDA:22,1,0,1
BRDA:35,2,0,1
BRF:4
BRH:4
end_of_record
TN:
SF:src/commands/utils/environmentHelpers.ts
FN:7,(anonymous_0)
FN:15,(anonymous_1)
FN:23,(anonymous_2)
FNF:3
FNH:3
FNDA:9,(anonymous_0)
FNDA:2,(anonymous_1)
FNDA:11,(anonymous_2)
DA:1,10
DA:2,10
DA:7,10
DA:8,9
DA:9,9
DA:15,10
DA:16,2
DA:17,2
DA:23,10
DA:24,11
DA:26,11
DA:27,1
DA:31,10
LF:13
LH:13
BRDA:9,0,0,9
BRDA:9,0,1,8
BRDA:9,0,2,0
BRDA:9,1,0,0
BRDA:9,1,1,8
BRDA:9,2,0,8
BRDA:9,2,1,8
BRDA:17,3,0,1
BRDA:17,3,1,1
BRDA:17,4,0,2
BRDA:17,4,1,2
BRDA:17,5,0,1
BRDA:17,5,1,1
BRDA:17,6,0,2
BRDA:17,6,1,2
BRDA:17,7,0,0
BRDA:17,7,1,2
BRDA:17,8,0,2
BRDA:17,8,1,2
BRDA:24,9,0,11
BRDA:24,9,1,10
BRDA:24,9,2,1
BRDA:26,10,0,1
BRF:23
BRH:20
end_of_record
TN:
SF:src/commands/utils/extractArgs.ts
FN:3,(anonymous_0)
FNF:1
FNH:1
FNDA:44,(anonymous_0)
DA:3,12
DA:4,44
DA:5,9
DA:8,44
DA:9,44
DA:10,44
DA:11,44
DA:12,44
DA:13,44
DA:14,44
DA:16,44
LF:11
LH:11
BRDA:4,0,0,9
BRDA:8,1,0,44
BRDA:8,1,1,13
BRDA:9,2,0,44
BRDA:9,2,1,14
BRDA:10,3,0,44
BRDA:10,3,1,44
BRDA:11,4,0,44
BRDA:11,4,1,44
BRDA:12,5,0,44
BRDA:12,5,1,40
BRDA:13,6,0,44
BRDA:13,6,1,44
BRDA:14,7,0,44
BRDA:14,7,1,44
BRF:15
BRH:15
end_of_record
TN:
SF:src/commands/utils/featureFlags.ts
FN:10,(anonymous_0)
FN:12,(anonymous_1)
FN:18,(anonymous_2)
FN:38,(anonymous_3)
FN:43,(anonymous_4)
FNF:5
FNH:0
FNDA:0,(anonymous_0)
FNDA:0,(anonymous_1)
FNDA:0,(anonymous_2)
FNDA:0,(anonymous_3)
FNDA:0,(anonymous_4)
DA:2,3
DA:3,3
DA:10,3
DA:11,0
DA:12,3
DA:18,3
DA:19,0
DA:20,0
DA:23,0
DA:24,0
DA:27,0
DA:28,0
DA:29,0
DA:32,0
DA:38,3
DA:43,3
DA:44,0
DA:46,0
DA:52,0
DA:53,0
DA:54,0
DA:56,0
LF:22
LH:7
BRDA:19,0,0,0
BRDA:23,1,0,0
BRDA:28,2,0,0
BRDA:28,3,0,0
BRDA:28,3,1,0
BRDA:38,4,0,0
BRDA:38,4,1,0
BRDA:44,5,0,0
BRDA:44,5,1,0
BRDA:44,6,0,0
BRDA:44,6,1,0
BRF:11
BRH:0
end_of_record
TN:
SF:src/commands/utils/getUiBuilderComponentsPath.ts
FN:10,(anonymous_1)
FNF:1
FNH:1
FNDA:22,(anonymous_1)
DA:1,8
DA:2,8
DA:4,8
DA:10,8
DA:11,22
DA:12,22
DA:13,22
DA:15,22
DA:17,0
DA:20,22
LF:10
LH:9
BRDA:12,0,0,0
BRDA:12,0,1,22
BRDA:15,1,0,0
BRF:3
BRH:1
end_of_record
TN:
SF:src/commands/utils/index.ts
FNF:0
FNH:0
DA:1,7
DA:2,7
DA:3,7
DA:4,7
DA:5,7
DA:6,7
DA:7,7
DA:8,7
LF:8
LH:8
BRF:0
BRH:0
end_of_record
TN:
SF:src/commands/utils/notifyMissingPackages.ts
FN:10,(anonymous_1)
FN:16,(anonymous_2)
FN:30,(anonymous_3)
FNF:3
FNH:3
FNDA:2,(anonymous_1)
FNDA:4,(anonymous_2)
FNDA:4,(anonymous_3)
DA:1,8
DA:2,8
DA:3,8
DA:4,8
DA:5,8
DA:7,8
DA:8,8
DA:10,8
DA:16,8
DA:17,4
DA:18,4
DA:19,4
DA:20,1
DA:21,1
DA:23,3
DA:24,3
DA:25,3
DA:26,1
DA:27,1
DA:29,2
DA:30,2
DA:31,4
DA:32,4
DA:33,3
DA:36,1
DA:37,0
LF:26
LH:25
BRDA:18,0,0,4
BRDA:18,0,1,0
BRDA:18,1,0,4
BRDA:18,1,1,4
BRDA:19,2,0,1
BRDA:25,3,0,1
BRDA:32,4,0,3
BRDA:32,4,1,1
BRDA:36,5,0,0
BRF:9
BRH:7
end_of_record
TN:
SF:src/commands/utils/shouldRenderComponents.ts
FN:10,(anonymous_0)
FNF:1
FNH:1
FNDA:5,(anonymous_0)
DA:2,8
DA:3,8
DA:4,8
DA:5,8
DA:10,8
DA:11,5
DA:13,5
DA:14,0
DA:15,0
DA:17,5
DA:18,4
DA:19,4
DA:22,1
DA:23,0
DA:24,0
DA:27,1
DA:28,0
DA:29,0
DA:32,1
DA:33,0
DA:34,0
DA:37,1
DA:38,0
DA:39,0
DA:42,1
DA:43,0
DA:44,0
DA:47,1
LF:28
LH:16
BRDA:13,0,0,0
BRDA:17,1,0,4
BRDA:17,2,0,0
BRDA:17,2,1,5
BRDA:17,3,0,5
BRDA:17,3,1,5
BRDA:17,4,0,0
BRDA:17,4,1,5
BRDA:17,5,0,5
BRDA:17,5,1,5
BRDA:17,6,0,0
BRDA:17,6,1,5
BRDA:17,7,0,5
BRDA:17,7,1,5
BRDA:22,8,0,0
BRDA:27,9,0,0
BRDA:32,10,0,0
BRDA:37,11,0,0
BRDA:42,12,0,0
BRF:19
BRH:10
end_of_record
TN:
SF:src/commands/utils/syncAmplifyUiBuilderComponents.ts
FN:25,(anonymous_0)
FN:30,(anonymous_1)
FN:42,(anonymous_2)
FN:53,(anonymous_3)
FN:57,(anonymous_4)
FN:69,(anonymous_5)
FN:77,(anonymous_6)
FN:92,(anonymous_7)
FN:101,(anonymous_8)
FN:107,(anonymous_9)
FN:122,(anonymous_10)
FN:133,(anonymous_11)
FNF:12
FNH:12
FNDA:4,(anonymous_0)
FNDA:4,(anonymous_1)
FNDA:4,(anonymous_2)
FNDA:5,(anonymous_3)
FNDA:4,(anonymous_4)
FNDA:4,(anonymous_5)
FNDA:3,(anonymous_6)
FNDA:5,(anonymous_7)
FNDA:6,(anonymous_8)
FNDA:8,(anonymous_9)
FNDA:4,(anonymous_10)
FNDA:8,(anonymous_11)
DA:1,7
DA:3,7
DA:4,7
DA:5,7
DA:25,7
DA:30,4
DA:31,4
DA:32,4
DA:33,2
DA:35,2
DA:36,2
DA:37,2
DA:41,4
DA:42,4
DA:46,4
DA:53,7
DA:54,5
DA:55,3
DA:57,2
DA:58,4
DA:59,4
DA:60,2
DA:62,2
DA:63,2
DA:64,2
DA:68,2
DA:69,4
DA:71,2
DA:77,7
DA:78,3
DA:79,3
DA:80,2
DA:81,2
DA:83,1
DA:84,1
DA:85,1
DA:92,7
DA:99,5
DA:100,5
DA:101,2
DA:102,6
DA:103,2
DA:107,5
DA:108,8
DA:109,8
DA:110,6
DA:112,2
DA:113,2
DA:114,2
DA:122,5
DA:123,4
DA:124,0
DA:126,4
DA:130,5
DA:132,5
DA:133,8
DA:135,5
LF:57
LH:56
BRDA:54,0,0,3
BRDA:100,1,0,2
BRDA:100,2,0,5
BRDA:100,2,1,3
BRDA:100,3,0,2
BRDA:100,3,1,3
BRDA:100,4,0,5
BRDA:100,4,1,5
BRDA:102,5,0,2
BRDA:102,6,0,6
BRDA:102,6,1,4
BRDA:123,7,0,0
BRDA:123,8,0,4
BRDA:123,8,1,0
BRDA:123,9,0,0
BRDA:123,9,1,4
BRDA:123,10,0,4
BRDA:123,10,1,4
BRDA:123,11,0,0
BRDA:123,11,1,0
BRDA:123,12,0,0
BRDA:123,12,1,0
BRDA:124,13,0,0
BRDA:124,13,1,0
BRDA:124,14,0,0
BRDA:124,14,1,0
BRF:26
BRH:15
end_of_record
TN:
SF:src/event-handlers/handle-PostEnvAdd.ts
FN:9,(anonymous_0)
FNF:1
FNH:0
FNDA:0,(anonymous_0)
DA:2,0
DA:3,0
DA:9,0
DA:10,0
DA:11,0
DA:14,0
LF:6
LH:0
BRF:0
BRH:0
end_of_record
TN:
SF:src/event-handlers/handle-PostPull.ts
FN:8,(anonymous_0)
FNF:1
FNH:1
FNDA:1,(anonymous_0)
DA:2,1
DA:3,1
DA:8,1
DA:9,1
DA:10,1
DA:13,0
LF:6
LH:5
BRF:0
BRH:0
end_of_record
TN:
SF:src/event-handlers/handle-PostPush.ts
FN:8,(anonymous_0)
FNF:1
FNH:1
FNDA:1,(anonymous_0)
DA:2,1
DA:3,1
DA:8,1
DA:9,1
DA:10,1
DA:13,0
LF:6
LH:5
BRF:0
BRH:0
end_of_record
TN:
SF:src/event-handlers/handle-PrePush.ts
FN:8,(anonymous_0)
FNF:1
FNH:0
FNDA:0,(anonymous_0)
DA:2,0
DA:3,0
DA:8,0
DA:9,0
DA:10,0
DA:13,0
LF:6
LH:0
BRF:0
BRH:0
end_of_record
TN:
SF:src/utils/prePushHandler.ts
FN:11,(anonymous_0)
FN:32,(anonymous_1)
FN:36,(anonymous_2)
FNF:3
FNH:3
FNDA:2,(anonymous_0)
FNDA:1,(anonymous_1)
FNDA:2,(anonymous_2)
DA:2,1
DA:4,1
DA:5,1
DA:11,1
DA:12,2
DA:13,0
DA:15,2
DA:16,2
DA:25,2
DA:26,1
DA:27,1
DA:29,1
DA:32,1
DA:33,1
DA:34,1
DA:36,1
DA:39,2
DA:40,2
DA:44,1
DA:45,1
LF:20
LH:19
BRDA:12,0,0,0
BRDA:25,1,0,1
BRDA:39,2,0,2
BRDA:39,3,0,2
BRDA:39,3,1,2
BRDA:44,4,0,1
BRDA:47,5,0,0
BRDA:47,5,1,1
BRF:8
BRH:6
end_of_record
