{"/Users/eddvar/Documents/amplify-cli/packages/amplify-util-mock/src/amplify-plugin-index.ts": {"path":"/Users/eddvar/Documents/amplify-cli/packages/amplify-util-mock/src/amplify-plugin-index.ts","statementMap":{"0":{"start":{"line":1,"column":0},"end":{"line":1,"column":29}},"1":{"start":{"line":3,"column":19},"end":{"line":3,"column":25}},"2":{"start":{"line":6,"column":22},"end":{"line":6,"column":105}},"3":{"start":{"line":7,"column":24},"end":{"line":7,"column":49}},"4":{"start":{"line":7,"column":48},"end":{"line":7,"column":49}},"5":{"start":{"line":8,"column":2},"end":{"line":8,"column":35}},"6":{"start":{"line":5,"column":0},"end":{"line":5,"column":7}},"7":{"start":{"line":12,"column":2},"end":{"line":12,"column":75}},"8":{"start":{"line":13,"column":2},"end":{"line":13,"column":52}},"9":{"start":{"line":11,"column":0},"end":{"line":11,"column":7}}},"fnMap":{"0":{"name":"executeAmplifyCommand","decl":{"start":{"line":5,"column":22},"end":{"line":5,"column":43}},"loc":{"start":{"line":5,"column":56},"end":{"line":9,"column":1}}},"1":{"name":"(anonymous_7)","decl":{"start":{"line":7,"column":48},"end":{"line":7,"column":49}},"loc":{"start":{"line":7,"column":48},"end":{"line":7,"column":49}}},"2":{"name":"handleAmplifyEvent","decl":{"start":{"line":11,"column":22},"end":{"line":11,"column":40}},"loc":{"start":{"line":11,"column":64},"end":{"line":14,"column":1}}}},"branchMap":{},"s":{"0":0,"1":0,"2":0,"3":0,"4":0,"5":0,"6":0,"7":0,"8":0,"9":0},"f":{"0":0,"1":0,"2":0},"b":{}}
,"/Users/eddvar/Documents/amplify-cli/packages/amplify-util-mock/src/index.ts": {"path":"/Users/eddvar/Documents/amplify-cli/packages/amplify-util-mock/src/index.ts","statementMap":{"0":{"start":{"line":1,"column":0},"end":{"line":1,"column":39}}},"fnMap":{},"branchMap":{},"s":{"0":0},"f":{},"b":{}}
,"/Users/eddvar/Documents/amplify-cli/packages/amplify-util-mock/src/mockAll.ts": {"path":"/Users/eddvar/Documents/amplify-cli/packages/amplify-util-mock/src/mockAll.ts","statementMap":{"0":{"start":{"line":1,"column":0},"end":{"line":1,"column":52}},"1":{"start":{"line":2,"column":0},"end":{"line":2,"column":51}},"2":{"start":{"line":4,"column":32},"end":{"line":4,"column":85}},"3":{"start":{"line":7,"column":20},"end":{"line":7,"column":61}},"4":{"start":{"line":8,"column":28},"end":{"line":9,"column":null}},"5":{"start":{"line":9,"column":18},"end":{"line":9,"column":88}},"6":{"start":{"line":11,"column":29},"end":{"line":12,"column":null}},"7":{"start":{"line":12,"column":18},"end":{"line":12,"column":89}},"8":{"start":{"line":14,"column":2},"end":{"line":44,"column":null}},"9":{"start":{"line":15,"column":4},"end":{"line":32,"column":null}},"10":{"start":{"line":16,"column":6},"end":{"line":31,"column":null}},"11":{"start":{"line":18,"column":8},"end":{"line":20,"column":10}},"12":{"start":{"line":21,"column":24},"end":{"line":21,"column":110}},"13":{"start":{"line":22,"column":8},"end":{"line":24,"column":null}},"14":{"start":{"line":23,"column":10},"end":{"line":23,"column":122}},"15":{"start":{"line":26,"column":8},"end":{"line":26,"column":102}},"16":{"start":{"line":27,"column":28},"end":{"line":27,"column":116}},"17":{"start":{"line":28,"column":8},"end":{"line":30,"column":null}},"18":{"start":{"line":29,"column":10},"end":{"line":29,"column":17}},"19":{"start":{"line":34,"column":27},"end":{"line":34,"column":29}},"20":{"start":{"line":35,"column":4},"end":{"line":37,"column":null}},"21":{"start":{"line":35,"column":38},"end":{"line":35,"column":61}},"22":{"start":{"line":36,"column":6},"end":{"line":36,"column":55}},"23":{"start":{"line":38,"column":4},"end":{"line":40,"column":null}},"24":{"start":{"line":38,"column":38},"end":{"line":38,"column":56}},"25":{"start":{"line":39,"column":6},"end":{"line":39,"column":50}},"26":{"start":{"line":41,"column":4},"end":{"line":41,"column":38}},"27":{"start":{"line":43,"column":4},"end":{"line":43,"column":72}},"28":{"start":{"line":6,"column":0},"end":{"line":6,"column":7}}},"fnMap":{"0":{"name":"mockAllCategories","decl":{"start":{"line":6,"column":22},"end":{"line":6,"column":39}},"loc":{"start":{"line":6,"column":52},"end":{"line":45,"column":1}}},"1":{"name":"(anonymous_1)","decl":{"start":{"line":9,"column":4},"end":{"line":9,"column":5}},"loc":{"start":{"line":9,"column":18},"end":{"line":9,"column":88}}},"2":{"name":"(anonymous_2)","decl":{"start":{"line":12,"column":4},"end":{"line":12,"column":5}},"loc":{"start":{"line":12,"column":18},"end":{"line":12,"column":89}}},"3":{"name":"(anonymous_3)","decl":{"start":{"line":35,"column":31},"end":{"line":35,"column":32}},"loc":{"start":{"line":35,"column":38},"end":{"line":35,"column":61}}},"4":{"name":"(anonymous_4)","decl":{"start":{"line":38,"column":31},"end":{"line":38,"column":32}},"loc":{"start":{"line":38,"column":38},"end":{"line":38,"column":56}}}},"branchMap":{"0":{"loc":{"start":{"line":9,"column":18},"end":{"line":9,"column":88}},"type":"binary-expr","locations":[{"start":{"line":9,"column":18},"end":{"line":9,"column":34}},{"start":{"line":9,"column":38},"end":{"line":9,"column":88}}]},"1":{"loc":{"start":{"line":12,"column":18},"end":{"line":12,"column":89}},"type":"binary-expr","locations":[{"start":{"line":12,"column":18},"end":{"line":12,"column":34}},{"start":{"line":12,"column":38},"end":{"line":12,"column":89}}]},"2":{"loc":{"start":{"line":14,"column":2},"end":{"line":44,"column":null}},"type":"if","locations":[{"start":{"line":14,"column":2},"end":{"line":44,"column":null}},{"start":{"line":42,"column":9},"end":{"line":44,"column":null}}]},"3":{"loc":{"start":{"line":15,"column":4},"end":{"line":32,"column":null}},"type":"if","locations":[{"start":{"line":15,"column":4},"end":{"line":32,"column":null}}]},"4":{"loc":{"start":{"line":22,"column":8},"end":{"line":24,"column":null}},"type":"if","locations":[{"start":{"line":22,"column":8},"end":{"line":24,"column":null}}]},"5":{"loc":{"start":{"line":28,"column":8},"end":{"line":30,"column":null}},"type":"if","locations":[{"start":{"line":28,"column":8},"end":{"line":30,"column":null}}]},"6":{"loc":{"start":{"line":35,"column":4},"end":{"line":37,"column":null}},"type":"if","locations":[{"start":{"line":35,"column":4},"end":{"line":37,"column":null}}]},"7":{"loc":{"start":{"line":38,"column":4},"end":{"line":40,"column":null}},"type":"if","locations":[{"start":{"line":38,"column":4},"end":{"line":40,"column":null}}]}},"s":{"0":0,"1":0,"2":0,"3":0,"4":0,"5":0,"6":0,"7":0,"8":0,"9":0,"10":0,"11":0,"12":0,"13":0,"14":0,"15":0,"16":0,"17":0,"18":0,"19":0,"20":0,"21":0,"22":0,"23":0,"24":0,"25":0,"26":0,"27":0,"28":0},"f":{"0":0,"1":0,"2":0,"3":0,"4":0},"b":{"0":[0,0],"1":[0,0],"2":[0,0],"3":[0],"4":[0],"5":[0],"6":[0],"7":[0]}}
,"/Users/eddvar/Documents/amplify-cli/packages/amplify-util-mock/src/CFNParser/appsync-resource-processor.ts": {"path":"/Users/eddvar/Documents/amplify-cli/packages/amplify-util-mock/src/CFNParser/appsync-resource-processor.ts","statementMap":{"0":{"start":{"line":1,"column":0},"end":{"line":1,"column":130}},"1":{"start":{"line":2,"column":0},"end":{"line":2,"column":null}},"2":{"start":{"line":9,"column":0},"end":{"line":9,"column":59}},"3":{"start":{"line":12,"column":0},"end":{"line":12,"column":23}},"4":{"start":{"line":14,"column":27},"end":{"line":20,"column":2}},"5":{"start":{"line":22,"column":42},"end":{"line":22,"column":94}},"6":{"start":{"line":29,"column":2},"end":{"line":80,"column":5}},"7":{"start":{"line":30,"column":35},"end":{"line":30,"column":43}},"8":{"start":{"line":31,"column":24},"end":{"line":31,"column":39}},"9":{"start":{"line":33,"column":4},"end":{"line":79,"column":null}},"10":{"start":{"line":35,"column":8},"end":{"line":35,"column":47}},"11":{"start":{"line":36,"column":8},"end":{"line":36,"column":14}},"12":{"start":{"line":38,"column":8},"end":{"line":44,"column":11}},"13":{"start":{"line":45,"column":8},"end":{"line":45,"column":14}},"14":{"start":{"line":47,"column":8},"end":{"line":47,"column":42}},"15":{"start":{"line":48,"column":8},"end":{"line":48,"column":14}},"16":{"start":{"line":50,"column":8},"end":{"line":56,"column":11}},"17":{"start":{"line":57,"column":8},"end":{"line":57,"column":14}},"18":{"start":{"line":59,"column":8},"end":{"line":63,"column":null}},"19":{"start":{"line":60,"column":10},"end":{"line":60,"column":64}},"20":{"start":{"line":62,"column":10},"end":{"line":62,"column":93}},"21":{"start":{"line":65,"column":8},"end":{"line":65,"column":14}},"22":{"start":{"line":67,"column":25},"end":{"line":67,"column":62}},"23":{"start":{"line":68,"column":8},"end":{"line":68,"column":51}},"24":{"start":{"line":69,"column":8},"end":{"line":69,"column":93}},"25":{"start":{"line":70,"column":8},"end":{"line":70,"column":115}},"26":{"start":{"line":71,"column":8},"end":{"line":71,"column":14}},"27":{"start":{"line":74,"column":8},"end":{"line":74,"column":89}},"28":{"start":{"line":75,"column":8},"end":{"line":75,"column":14}},"29":{"start":{"line":77,"column":8},"end":{"line":77,"column":78}},"30":{"start":{"line":78,"column":8},"end":{"line":78,"column":14}},"31":{"start":{"line":24,"column":0},"end":{"line":24,"column":16}},"32":{"start":{"line":83,"column":60},"end":{"line":100,"column":4}},"33":{"start":{"line":102,"column":2},"end":{"line":102,"column":70}},"34":{"start":{"line":103,"column":2},"end":{"line":108,"column":5}},"35":{"start":{"line":104,"column":4},"end":{"line":107,"column":7}},"36":{"start":{"line":109,"column":2},"end":{"line":114,"column":5}},"37":{"start":{"line":110,"column":4},"end":{"line":113,"column":7}},"38":{"start":{"line":116,"column":2},"end":{"line":118,"column":null}},"39":{"start":{"line":117,"column":4},"end":{"line":117,"column":77}},"40":{"start":{"line":120,"column":2},"end":{"line":120,"column":28}},"41":{"start":{"line":82,"column":0},"end":{"line":82,"column":16}},"42":{"start":{"line":123,"column":2},"end":{"line":123,"column":37}},"43":{"start":{"line":124,"column":2},"end":{"line":124,"column":33}},"44":{"start":{"line":125,"column":2},"end":{"line":125,"column":36}},"45":{"start":{"line":126,"column":2},"end":{"line":126,"column":40}},"46":{"start":{"line":128,"column":20},"end":{"line":128,"column":73}},"47":{"start":{"line":129,"column":20},"end":{"line":136,"column":4}},"48":{"start":{"line":138,"column":60},"end":{"line":150,"column":4}},"49":{"start":{"line":140,"column":28},"end":{"line":140,"column":132}},"50":{"start":{"line":141,"column":23},"end":{"line":141,"column":62}},"51":{"start":{"line":142,"column":28},"end":{"line":144,"column":63}},"52":{"start":{"line":145,"column":6},"end":{"line":147,"column":null}},"53":{"start":{"line":146,"column":8},"end":{"line":146,"column":76}},"54":{"start":{"line":148,"column":6},"end":{"line":148,"column":27}},"55":{"start":{"line":152,"column":26},"end":{"line":156,"column":null}},"56":{"start":{"line":158,"column":2},"end":{"line":158,"column":82}},"57":{"start":{"line":122,"column":0},"end":{"line":122,"column":16}},"58":{"start":{"line":165,"column":35},"end":{"line":165,"column":99}},"59":{"start":{"line":166,"column":2},"end":{"line":173,"column":5}},"60":{"start":{"line":167,"column":22},"end":{"line":167,"column":50}},"61":{"start":{"line":168,"column":37},"end":{"line":168,"column":119}},"62":{"start":{"line":169,"column":4},"end":{"line":172,"column":6}},"63":{"start":{"line":171,"column":70},"end":{"line":171,"column":116}},"64":{"start":{"line":174,"column":2},"end":{"line":174,"column":28}},"65":{"start":{"line":161,"column":0},"end":{"line":161,"column":16}},"66":{"start":{"line":178,"column":2},"end":{"line":178,"column":62}},"67":{"start":{"line":177,"column":0},"end":{"line":177,"column":16}}},"fnMap":{"0":{"name":"processApiResources","decl":{"start":{"line":24,"column":16},"end":{"line":24,"column":35}},"loc":{"start":{"line":27,"column":46},"end":{"line":81,"column":1}}},"1":{"name":"(anonymous_2)","decl":{"start":{"line":29,"column":35},"end":{"line":29,"column":36}},"loc":{"start":{"line":29,"column":48},"end":{"line":80,"column":3}}},"2":{"name":"processCloudFormationResults","decl":{"start":{"line":82,"column":16},"end":{"line":82,"column":44}},"loc":{"start":{"line":82,"column":71},"end":{"line":121,"column":1}}},"3":{"name":"(anonymous_4)","decl":{"start":{"line":103,"column":52},"end":{"line":103,"column":53}},"loc":{"start":{"line":103,"column":72},"end":{"line":108,"column":3}}},"4":{"name":"(anonymous_5)","decl":{"start":{"line":109,"column":60},"end":{"line":109,"column":61}},"loc":{"start":{"line":109,"column":80},"end":{"line":114,"column":3}}},"5":{"name":"processTransformerStacks","decl":{"start":{"line":122,"column":16},"end":{"line":122,"column":40}},"loc":{"start":{"line":122,"column":69},"end":{"line":159,"column":1}}},"6":{"name":"(anonymous_7)","decl":{"start":{"line":139,"column":36},"end":{"line":139,"column":37}},"loc":{"start":{"line":139,"column":85},"end":{"line":149,"column":5}}},"7":{"name":"configureSearchEnabledTables","decl":{"start":{"line":161,"column":16},"end":{"line":161,"column":44}},"loc":{"start":{"line":163,"column":51},"end":{"line":175,"column":1}}},"8":{"name":"(anonymous_9)","decl":{"start":{"line":166,"column":62},"end":{"line":166,"column":63}},"loc":{"start":{"line":166,"column":80},"end":{"line":173,"column":3}}},"9":{"name":"(anonymous_10)","decl":{"start":{"line":171,"column":56},"end":{"line":171,"column":57}},"loc":{"start":{"line":171,"column":70},"end":{"line":171,"column":116}}},"10":{"name":"searchableModelExists","decl":{"start":{"line":177,"column":16},"end":{"line":177,"column":37}},"loc":{"start":{"line":177,"column":61},"end":{"line":179,"column":1}}}},"branchMap":{"0":{"loc":{"start":{"line":33,"column":4},"end":{"line":79,"column":null}},"type":"switch","locations":[{"start":{"line":34,"column":6},"end":{"line":36,"column":14}},{"start":{"line":37,"column":6},"end":{"line":45,"column":14}},{"start":{"line":46,"column":6},"end":{"line":48,"column":14}},{"start":{"line":49,"column":6},"end":{"line":57,"column":14}},{"start":{"line":58,"column":6},"end":{"line":65,"column":14}},{"start":{"line":66,"column":6},"end":{"line":72,"column":null}},{"start":{"line":73,"column":6},"end":{"line":75,"column":14}},{"start":{"line":76,"column":6},"end":{"line":78,"column":14}}]},"1":{"loc":{"start":{"line":41,"column":12},"end":{"line":41,"column":137}},"type":"binary-expr","locations":[{"start":{"line":41,"column":12},"end":{"line":41,"column":49}},{"start":{"line":41,"column":53},"end":{"line":41,"column":137}}]},"2":{"loc":{"start":{"line":43,"column":12},"end":{"line":43,"column":139}},"type":"binary-expr","locations":[{"start":{"line":43,"column":12},"end":{"line":43,"column":50}},{"start":{"line":43,"column":54},"end":{"line":43,"column":139}}]},"3":{"loc":{"start":{"line":53,"column":12},"end":{"line":53,"column":137}},"type":"binary-expr","locations":[{"start":{"line":53,"column":12},"end":{"line":53,"column":49}},{"start":{"line":53,"column":53},"end":{"line":53,"column":137}}]},"4":{"loc":{"start":{"line":55,"column":12},"end":{"line":55,"column":139}},"type":"binary-expr","locations":[{"start":{"line":55,"column":12},"end":{"line":55,"column":50}},{"start":{"line":55,"column":54},"end":{"line":55,"column":139}}]},"5":{"loc":{"start":{"line":59,"column":8},"end":{"line":63,"column":null}},"type":"if","locations":[{"start":{"line":59,"column":8},"end":{"line":63,"column":null}},{"start":{"line":61,"column":15},"end":{"line":63,"column":null}}]},"6":{"loc":{"start":{"line":70,"column":66},"end":{"line":70,"column":114}},"type":"binary-expr","locations":[{"start":{"line":70,"column":66},"end":{"line":70,"column":108}},{"start":{"line":70,"column":112},"end":{"line":70,"column":114}}]},"7":{"loc":{"start":{"line":116,"column":2},"end":{"line":118,"column":null}},"type":"if","locations":[{"start":{"line":116,"column":2},"end":{"line":118,"column":null}}]},"8":{"loc":{"start":{"line":122,"column":58},"end":{"line":122,"column":69}},"type":"default-arg","locations":[{"start":{"line":122,"column":67},"end":{"line":122,"column":69}}]},"9":{"loc":{"start":{"line":142,"column":28},"end":{"line":144,"column":63}},"type":"cond-expr","locations":[{"start":{"line":143,"column":10},"end":{"line":143,"column":42}},{"start":{"line":144,"column":10},"end":{"line":144,"column":63}}]},"10":{"loc":{"start":{"line":145,"column":6},"end":{"line":147,"column":null}},"type":"if","locations":[{"start":{"line":145,"column":6},"end":{"line":147,"column":null}}]},"11":{"loc":{"start":{"line":145,"column":10},"end":{"line":145,"column":63}},"type":"binary-expr","locations":[{"start":{"line":145,"column":10},"end":{"line":145,"column":23}},{"start":{"line":145,"column":27},"end":{"line":145,"column":63}}]},"12":{"loc":{"start":{"line":165,"column":47},"end":{"line":165,"column":98}},"type":"cond-expr","locations":[{"start":{"line":165,"column":87},"end":{"line":165,"column":89}},{"start":{"line":165,"column":87},"end":{"line":165,"column":98}}]},"13":{"loc":{"start":{"line":165,"column":47},"end":{"line":165,"column":89}},"type":"binary-expr","locations":[{"start":{"line":165,"column":47},"end":{"line":165,"column":89}},{"start":{"line":165,"column":87},"end":{"line":165,"column":89}}]},"14":{"loc":{"start":{"line":165,"column":47},"end":{"line":165,"column":87}},"type":"cond-expr","locations":[{"start":{"line":165,"column":70},"end":{"line":165,"column":72}},{"start":{"line":165,"column":70},"end":{"line":165,"column":87}}]},"15":{"loc":{"start":{"line":165,"column":47},"end":{"line":165,"column":72}},"type":"binary-expr","locations":[{"start":{"line":165,"column":47},"end":{"line":165,"column":72}},{"start":{"line":165,"column":70},"end":{"line":165,"column":72}}]},"16":{"loc":{"start":{"line":165,"column":47},"end":{"line":165,"column":70}},"type":"cond-expr","locations":[{"start":{"line":165,"column":62},"end":{"line":165,"column":64}},{"start":{"line":165,"column":47},"end":{"line":165,"column":70}}]},"17":{"loc":{"start":{"line":165,"column":47},"end":{"line":165,"column":64}},"type":"binary-expr","locations":[{"start":{"line":165,"column":47},"end":{"line":165,"column":64}},{"start":{"line":165,"column":47},"end":{"line":165,"column":64}}]},"18":{"loc":{"start":{"line":166,"column":30},"end":{"line":173,"column":4}},"type":"cond-expr","locations":[{"start":{"line":166,"column":56},"end":{"line":166,"column":58}},{"start":{"line":166,"column":56},"end":{"line":173,"column":4}}]},"19":{"loc":{"start":{"line":166,"column":30},"end":{"line":166,"column":58}},"type":"binary-expr","locations":[{"start":{"line":166,"column":30},"end":{"line":166,"column":58}},{"start":{"line":166,"column":56},"end":{"line":166,"column":58}}]},"20":{"loc":{"start":{"line":166,"column":30},"end":{"line":166,"column":56}},"type":"cond-expr","locations":[{"start":{"line":166,"column":48},"end":{"line":166,"column":50}},{"start":{"line":166,"column":30},"end":{"line":166,"column":56}}]},"21":{"loc":{"start":{"line":166,"column":30},"end":{"line":166,"column":50}},"type":"binary-expr","locations":[{"start":{"line":166,"column":30},"end":{"line":166,"column":50}},{"start":{"line":166,"column":30},"end":{"line":166,"column":50}}]},"22":{"loc":{"start":{"line":167,"column":22},"end":{"line":167,"column":50}},"type":"cond-expr","locations":[{"start":{"line":167,"column":39},"end":{"line":167,"column":41}},{"start":{"line":167,"column":39},"end":{"line":167,"column":50}}]},"23":{"loc":{"start":{"line":167,"column":22},"end":{"line":167,"column":41}},"type":"binary-expr","locations":[{"start":{"line":167,"column":22},"end":{"line":167,"column":41}},{"start":{"line":167,"column":39},"end":{"line":167,"column":41}}]},"24":{"loc":{"start":{"line":167,"column":22},"end":{"line":167,"column":39}},"type":"cond-expr","locations":[{"start":{"line":167,"column":27},"end":{"line":167,"column":29}},{"start":{"line":167,"column":22},"end":{"line":167,"column":39}}]},"25":{"loc":{"start":{"line":167,"column":22},"end":{"line":167,"column":29}},"type":"binary-expr","locations":[{"start":{"line":167,"column":22},"end":{"line":167,"column":29}},{"start":{"line":167,"column":22},"end":{"line":167,"column":29}}]},"26":{"loc":{"start":{"line":171,"column":20},"end":{"line":171,"column":117}},"type":"cond-expr","locations":[{"start":{"line":171,"column":44},"end":{"line":171,"column":46}},{"start":{"line":171,"column":20},"end":{"line":171,"column":117}}]},"27":{"loc":{"start":{"line":171,"column":20},"end":{"line":171,"column":46}},"type":"binary-expr","locations":[{"start":{"line":171,"column":20},"end":{"line":171,"column":46}},{"start":{"line":171,"column":20},"end":{"line":171,"column":46}}]},"28":{"loc":{"start":{"line":171,"column":70},"end":{"line":171,"column":116}},"type":"cond-expr","locations":[{"start":{"line":171,"column":78},"end":{"line":171,"column":80}},{"start":{"line":171,"column":70},"end":{"line":171,"column":116}}]},"29":{"loc":{"start":{"line":171,"column":70},"end":{"line":171,"column":80}},"type":"binary-expr","locations":[{"start":{"line":171,"column":70},"end":{"line":171,"column":80}},{"start":{"line":171,"column":70},"end":{"line":171,"column":80}}]},"30":{"loc":{"start":{"line":178,"column":20},"end":{"line":178,"column":60}},"type":"cond-expr","locations":[{"start":{"line":178,"column":43},"end":{"line":178,"column":45}},{"start":{"line":178,"column":43},"end":{"line":178,"column":60}}]},"31":{"loc":{"start":{"line":178,"column":20},"end":{"line":178,"column":45}},"type":"binary-expr","locations":[{"start":{"line":178,"column":20},"end":{"line":178,"column":45}},{"start":{"line":178,"column":43},"end":{"line":178,"column":45}}]},"32":{"loc":{"start":{"line":178,"column":20},"end":{"line":178,"column":43}},"type":"cond-expr","locations":[{"start":{"line":178,"column":35},"end":{"line":178,"column":37}},{"start":{"line":178,"column":20},"end":{"line":178,"column":43}}]},"33":{"loc":{"start":{"line":178,"column":20},"end":{"line":178,"column":37}},"type":"binary-expr","locations":[{"start":{"line":178,"column":20},"end":{"line":178,"column":37}},{"start":{"line":178,"column":20},"end":{"line":178,"column":37}}]}},"s":{"0":1,"1":1,"2":1,"3":1,"4":1,"5":1,"6":0,"7":0,"8":0,"9":0,"10":0,"11":0,"12":0,"13":0,"14":0,"15":0,"16":0,"17":0,"18":0,"19":0,"20":0,"21":0,"22":0,"23":0,"24":0,"25":0,"26":0,"27":0,"28":0,"29":0,"30":0,"31":1,"32":0,"33":0,"34":0,"35":0,"36":0,"37":0,"38":0,"39":0,"40":0,"41":1,"42":0,"43":0,"44":0,"45":0,"46":0,"47":0,"48":0,"49":0,"50":0,"51":0,"52":0,"53":0,"54":0,"55":0,"56":0,"57":1,"58":0,"59":0,"60":0,"61":0,"62":0,"63":0,"64":0,"65":1,"66":0,"67":1},"f":{"0":0,"1":0,"2":0,"3":0,"4":0,"5":0,"6":0,"7":0,"8":0,"9":0,"10":0},"b":{"0":[0,0,0,0,0,0,0,0],"1":[0,0],"2":[0,0],"3":[0,0],"4":[0,0],"5":[0,0],"6":[0,0],"7":[0],"8":[0],"9":[0,0],"10":[0],"11":[0,0],"12":[0,0],"13":[0,0],"14":[0,0],"15":[0,0],"16":[0,0],"17":[0,0],"18":[0,0],"19":[0,0],"20":[0,0],"21":[0,0],"22":[0,0],"23":[0,0],"24":[0,0],"25":[0,0],"26":[0,0],"27":[0,0],"28":[0,0],"29":[0,0],"30":[0,0],"31":[0,0],"32":[0,0],"33":[0,0]}}
,"/Users/eddvar/Documents/amplify-cli/packages/amplify-util-mock/src/CFNParser/field-parser.ts": {"path":"/Users/eddvar/Documents/amplify-cli/packages/amplify-util-mock/src/CFNParser/field-parser.ts","statementMap":{"0":{"start":{"line":1,"column":0},"end":{"line":1,"column":39}},"1":{"start":{"line":4,"column":0},"end":{"line":4,"column":null}},"2":{"start":{"line":20,"column":29},"end":{"line":34,"column":2}},"3":{"start":{"line":37,"column":2},"end":{"line":37,"column":62}},"4":{"start":{"line":37,"column":50},"end":{"line":37,"column":62}},"5":{"start":{"line":40,"column":2},"end":{"line":40,"column":42}},"6":{"start":{"line":41,"column":2},"end":{"line":45,"column":null}},"7":{"start":{"line":42,"column":15},"end":{"line":42,"column":35}},"8":{"start":{"line":43,"column":20},"end":{"line":43,"column":28}},"9":{"start":{"line":44,"column":4},"end":{"line":44,"column":66}},"10":{"start":{"line":46,"column":2},"end":{"line":46,"column":74}},"11":{"start":{"line":36,"column":0},"end":{"line":36,"column":16}}},"fnMap":{"0":{"name":"parseValue","decl":{"start":{"line":36,"column":16},"end":{"line":36,"column":26}},"loc":{"start":{"line":36,"column":68},"end":{"line":47,"column":1}}}},"branchMap":{"0":{"loc":{"start":{"line":37,"column":2},"end":{"line":37,"column":62}},"type":"if","locations":[{"start":{"line":37,"column":2},"end":{"line":37,"column":62}}]},"1":{"loc":{"start":{"line":41,"column":2},"end":{"line":45,"column":null}},"type":"if","locations":[{"start":{"line":41,"column":2},"end":{"line":45,"column":null}}]},"2":{"loc":{"start":{"line":41,"column":6},"end":{"line":41,"column":127}},"type":"binary-expr","locations":[{"start":{"line":41,"column":6},"end":{"line":41,"column":25}},{"start":{"line":41,"column":29},"end":{"line":41,"column":59}},{"start":{"line":41,"column":63},"end":{"line":41,"column":127}}]}},"s":{"0":2,"1":2,"2":2,"3":5,"4":1,"5":4,"6":4,"7":4,"8":4,"9":4,"10":0,"11":2},"f":{"0":5},"b":{"0":[1],"1":[4],"2":[4,4,4]}}
,"/Users/eddvar/Documents/amplify-cli/packages/amplify-util-mock/src/CFNParser/import-model-table-resolver.ts": {"path":"/Users/eddvar/Documents/amplify-cli/packages/amplify-util-mock/src/CFNParser/import-model-table-resolver.ts","statementMap":{"0":{"start":{"line":1,"column":16},"end":{"line":1,"column":76}},"1":{"start":{"line":13,"column":40},"end":{"line":19,"column":1}},"2":{"start":{"line":14,"column":16},"end":{"line":14,"column":33}},"3":{"start":{"line":15,"column":2},"end":{"line":17,"column":null}},"4":{"start":{"line":16,"column":4},"end":{"line":16,"column":15}},"5":{"start":{"line":18,"column":2},"end":{"line":18,"column":69}},"6":{"start":{"line":13,"column":13},"end":{"line":13,"column":40}}},"fnMap":{"0":{"name":"(anonymous_0)","decl":{"start":{"line":13,"column":40},"end":{"line":13,"column":41}},"loc":{"start":{"line":13,"column":77},"end":{"line":19,"column":1}}}},"branchMap":{"0":{"loc":{"start":{"line":15,"column":2},"end":{"line":17,"column":null}},"type":"if","locations":[{"start":{"line":15,"column":2},"end":{"line":17,"column":null}}]}},"s":{"0":4,"1":4,"2":3,"3":3,"4":2,"5":1,"6":4},"f":{"0":3},"b":{"0":[2]}}
,"/Users/eddvar/Documents/amplify-cli/packages/amplify-util-mock/src/CFNParser/index.ts": {"path":"/Users/eddvar/Documents/amplify-cli/packages/amplify-util-mock/src/CFNParser/index.ts","statementMap":{"0":{"start":{"line":1,"column":0},"end":{"line":1,"column":9}},"1":{"start":{"line":1,"column":9},"end":{"line":1,"column":60}}},"fnMap":{"0":{"name":"(anonymous_0)","decl":{"start":{"line":1,"column":9},"end":{"line":1,"column":33}},"loc":{"start":{"line":1,"column":9},"end":{"line":1,"column":60}}}},"branchMap":{},"s":{"0":1,"1":1},"f":{"0":0},"b":{}}
,"/Users/eddvar/Documents/amplify-cli/packages/amplify-util-mock/src/CFNParser/intrinsic-functions.ts": {"path":"/Users/eddvar/Documents/amplify-cli/packages/amplify-util-mock/src/CFNParser/intrinsic-functions.ts","statementMap":{"0":{"start":{"line":2,"column":0},"end":{"line":2,"column":39}},"1":{"start":{"line":3,"column":0},"end":{"line":3,"column":73}},"2":{"start":{"line":6,"column":2},"end":{"line":8,"column":null}},"3":{"start":{"line":7,"column":4},"end":{"line":7,"column":104}},"4":{"start":{"line":9,"column":20},"end":{"line":9,"column":30}},"5":{"start":{"line":10,"column":16},"end":{"line":10,"column":104}},"6":{"start":{"line":10,"column":41},"end":{"line":10,"column":103}},"7":{"start":{"line":11,"column":2},"end":{"line":11,"column":31}},"8":{"start":{"line":5,"column":0},"end":{"line":5,"column":16}},"9":{"start":{"line":15,"column":2},"end":{"line":17,"column":null}},"10":{"start":{"line":16,"column":4},"end":{"line":16,"column":44}},"11":{"start":{"line":18,"column":2},"end":{"line":20,"column":null}},"12":{"start":{"line":19,"column":4},"end":{"line":19,"column":103}},"13":{"start":{"line":21,"column":22},"end":{"line":21,"column":32}},"14":{"start":{"line":22,"column":15},"end":{"line":22,"column":25}},"15":{"start":{"line":24,"column":2},"end":{"line":26,"column":null}},"16":{"start":{"line":25,"column":4},"end":{"line":25,"column":109}},"17":{"start":{"line":27,"column":2},"end":{"line":29,"column":null}},"18":{"start":{"line":28,"column":4},"end":{"line":28,"column":104}},"19":{"start":{"line":30,"column":20},"end":{"line":30,"column":22}},"20":{"start":{"line":31,"column":2},"end":{"line":38,"column":5}},"21":{"start":{"line":32,"column":4},"end":{"line":37,"column":7}},"22":{"start":{"line":40,"column":17},"end":{"line":43,"column":17}},"23":{"start":{"line":41,"column":19},"end":{"line":41,"column":58}},"24":{"start":{"line":42,"column":4},"end":{"line":42,"column":46}},"25":{"start":{"line":44,"column":2},"end":{"line":44,"column":16}},"26":{"start":{"line":14,"column":0},"end":{"line":14,"column":16}},"27":{"start":{"line":48,"column":2},"end":{"line":51,"column":5}},"28":{"start":{"line":49,"column":4},"end":{"line":49,"column":34}},"29":{"start":{"line":49,"column":19},"end":{"line":49,"column":34}},"30":{"start":{"line":50,"column":4},"end":{"line":50,"column":13}},"31":{"start":{"line":55,"column":2},"end":{"line":57,"column":null}},"32":{"start":{"line":56,"column":4},"end":{"line":56,"column":106}},"33":{"start":{"line":58,"column":23},"end":{"line":58,"column":33}},"34":{"start":{"line":59,"column":2},"end":{"line":61,"column":null}},"35":{"start":{"line":60,"column":4},"end":{"line":60,"column":60}},"36":{"start":{"line":62,"column":27},"end":{"line":62,"column":50}},"37":{"start":{"line":63,"column":24},"end":{"line":63,"column":34}},"38":{"start":{"line":64,"column":2},"end":{"line":75,"column":null}},"39":{"start":{"line":65,"column":22},"end":{"line":65,"column":46}},"40":{"start":{"line":67,"column":4},"end":{"line":72,"column":null}},"41":{"start":{"line":68,"column":6},"end":{"line":68,"column":59}},"42":{"start":{"line":71,"column":6},"end":{"line":71,"column":96}},"43":{"start":{"line":73,"column":9},"end":{"line":75,"column":null}},"44":{"start":{"line":74,"column":4},"end":{"line":74,"column":105}},"45":{"start":{"line":76,"column":2},"end":{"line":78,"column":null}},"46":{"start":{"line":77,"column":4},"end":{"line":77,"column":116}},"47":{"start":{"line":79,"column":27},"end":{"line":79,"column":86}},"48":{"start":{"line":80,"column":2},"end":{"line":82,"column":null}},"49":{"start":{"line":81,"column":4},"end":{"line":81,"column":92}},"50":{"start":{"line":83,"column":2},"end":{"line":83,"column":51}},"51":{"start":{"line":54,"column":0},"end":{"line":54,"column":16}},"52":{"start":{"line":87,"column":2},"end":{"line":89,"column":null}},"53":{"start":{"line":88,"column":4},"end":{"line":88,"column":105}},"54":{"start":{"line":90,"column":28},"end":{"line":90,"column":38}},"55":{"start":{"line":91,"column":22},"end":{"line":96,"column":4}},"56":{"start":{"line":97,"column":2},"end":{"line":97,"column":30}},"57":{"start":{"line":86,"column":0},"end":{"line":86,"column":16}},"58":{"start":{"line":102,"column":2},"end":{"line":108,"column":null}},"59":{"start":{"line":103,"column":4},"end":{"line":103,"column":18}},"60":{"start":{"line":104,"column":9},"end":{"line":108,"column":null}},"61":{"start":{"line":105,"column":4},"end":{"line":105,"column":35}},"62":{"start":{"line":107,"column":4},"end":{"line":107,"column":108}},"63":{"start":{"line":110,"column":2},"end":{"line":112,"column":null}},"64":{"start":{"line":111,"column":4},"end":{"line":111,"column":23}},"65":{"start":{"line":114,"column":2},"end":{"line":121,"column":null}},"66":{"start":{"line":115,"column":19},"end":{"line":115,"column":47}},"67":{"start":{"line":116,"column":19},"end":{"line":116,"column":77}},"68":{"start":{"line":116,"column":51},"end":{"line":116,"column":76}},"69":{"start":{"line":117,"column":4},"end":{"line":119,"column":null}},"70":{"start":{"line":118,"column":6},"end":{"line":118,"column":59}},"71":{"start":{"line":120,"column":4},"end":{"line":120,"column":26}},"72":{"start":{"line":122,"column":2},"end":{"line":122,"column":96}},"73":{"start":{"line":123,"column":2},"end":{"line":123,"column":13}},"74":{"start":{"line":100,"column":0},"end":{"line":100,"column":16}},"75":{"start":{"line":127,"column":2},"end":{"line":129,"column":null}},"76":{"start":{"line":128,"column":4},"end":{"line":128,"column":106}},"77":{"start":{"line":131,"column":16},"end":{"line":131,"column":40}},"78":{"start":{"line":132,"column":24},"end":{"line":132,"column":103}},"79":{"start":{"line":133,"column":2},"end":{"line":135,"column":null}},"80":{"start":{"line":134,"column":4},"end":{"line":134,"column":112}},"81":{"start":{"line":136,"column":2},"end":{"line":138,"column":null}},"82":{"start":{"line":137,"column":4},"end":{"line":137,"column":129}},"83":{"start":{"line":139,"column":2},"end":{"line":139,"column":44}},"84":{"start":{"line":126,"column":0},"end":{"line":126,"column":16}},"85":{"start":{"line":143,"column":2},"end":{"line":145,"column":null}},"86":{"start":{"line":144,"column":4},"end":{"line":144,"column":103}},"87":{"start":{"line":146,"column":20},"end":{"line":146,"column":42}},"88":{"start":{"line":147,"column":17},"end":{"line":147,"column":52}},"89":{"start":{"line":148,"column":2},"end":{"line":150,"column":null}},"90":{"start":{"line":149,"column":4},"end":{"line":149,"column":21}},"91":{"start":{"line":151,"column":2},"end":{"line":151,"column":73}},"92":{"start":{"line":142,"column":0},"end":{"line":142,"column":16}},"93":{"start":{"line":155,"column":2},"end":{"line":157,"column":null}},"94":{"start":{"line":156,"column":4},"end":{"line":156,"column":106}},"95":{"start":{"line":158,"column":14},"end":{"line":163,"column":4}},"96":{"start":{"line":164,"column":14},"end":{"line":169,"column":4}},"97":{"start":{"line":170,"column":2},"end":{"line":170,"column":20}},"98":{"start":{"line":154,"column":0},"end":{"line":154,"column":16}},"99":{"start":{"line":174,"column":2},"end":{"line":176,"column":null}},"100":{"start":{"line":175,"column":4},"end":{"line":175,"column":103}},"101":{"start":{"line":177,"column":2},"end":{"line":177,"column":79}},"102":{"start":{"line":173,"column":0},"end":{"line":173,"column":16}},"103":{"start":{"line":181,"column":2},"end":{"line":183,"column":null}},"104":{"start":{"line":182,"column":4},"end":{"line":182,"column":107}},"105":{"start":{"line":184,"column":2},"end":{"line":184,"column":115}},"106":{"start":{"line":184,"column":30},"end":{"line":184,"column":91}},"107":{"start":{"line":184,"column":108},"end":{"line":184,"column":113}},"108":{"start":{"line":180,"column":0},"end":{"line":180,"column":16}},"109":{"start":{"line":188,"column":2},"end":{"line":190,"column":null}},"110":{"start":{"line":189,"column":4},"end":{"line":189,"column":107}},"111":{"start":{"line":191,"column":2},"end":{"line":191,"column":114}},"112":{"start":{"line":191,"column":30},"end":{"line":191,"column":91}},"113":{"start":{"line":191,"column":107},"end":{"line":191,"column":112}},"114":{"start":{"line":187,"column":0},"end":{"line":187,"column":16}},"115":{"start":{"line":195,"column":2},"end":{"line":197,"column":null}},"116":{"start":{"line":196,"column":4},"end":{"line":196,"column":112}},"117":{"start":{"line":198,"column":14},"end":{"line":198,"column":79}},"118":{"start":{"line":199,"column":2},"end":{"line":199,"column":67}},"119":{"start":{"line":194,"column":0},"end":{"line":194,"column":16}},"120":{"start":{"line":203,"column":2},"end":{"line":205,"column":null}},"121":{"start":{"line":204,"column":4},"end":{"line":204,"column":98}},"122":{"start":{"line":206,"column":2},"end":{"line":208,"column":null}},"123":{"start":{"line":207,"column":4},"end":{"line":207,"column":70}},"124":{"start":{"line":209,"column":2},"end":{"line":209,"column":29}},"125":{"start":{"line":202,"column":0},"end":{"line":202,"column":16}}},"fnMap":{"0":{"name":"cfnJoin","decl":{"start":{"line":5,"column":16},"end":{"line":5,"column":23}},"loc":{"start":{"line":5,"column":137},"end":{"line":12,"column":1}}},"1":{"name":"(anonymous_1)","decl":{"start":{"line":10,"column":31},"end":{"line":10,"column":32}},"loc":{"start":{"line":10,"column":41},"end":{"line":10,"column":103}}},"2":{"name":"cfnSub","decl":{"start":{"line":14,"column":16},"end":{"line":14,"column":22}},"loc":{"start":{"line":14,"column":116},"end":{"line":45,"column":1}}},"3":{"name":"(anonymous_3)","decl":{"start":{"line":31,"column":31},"end":{"line":31,"column":32}},"loc":{"start":{"line":31,"column":48},"end":{"line":38,"column":3}}},"4":{"name":"(anonymous_4)","decl":{"start":{"line":40,"column":50},"end":{"line":40,"column":51}},"loc":{"start":{"line":40,"column":75},"end":{"line":43,"column":3}}},"5":{"name":"templateReplace","decl":{"start":{"line":47,"column":9},"end":{"line":47,"column":24}},"loc":{"start":{"line":47,"column":57},"end":{"line":52,"column":1}}},"6":{"name":"(anonymous_6)","decl":{"start":{"line":48,"column":40},"end":{"line":48,"column":41}},"loc":{"start":{"line":48,"column":49},"end":{"line":51,"column":3}}},"7":{"name":"cfnGetAtt","decl":{"start":{"line":54,"column":16},"end":{"line":54,"column":25}},"loc":{"start":{"line":54,"column":76},"end":{"line":84,"column":1}}},"8":{"name":"cfnSplit","decl":{"start":{"line":86,"column":16},"end":{"line":86,"column":24}},"loc":{"start":{"line":86,"column":118},"end":{"line":98,"column":1}}},"9":{"name":"cfnRef","decl":{"start":{"line":100,"column":16},"end":{"line":100,"column":22}},"loc":{"start":{"line":100,"column":95},"end":{"line":124,"column":1}}},"10":{"name":"(anonymous_10)","decl":{"start":{"line":116,"column":44},"end":{"line":116,"column":45}},"loc":{"start":{"line":116,"column":51},"end":{"line":116,"column":76}}},"11":{"name":"cfnSelect","decl":{"start":{"line":126,"column":16},"end":{"line":126,"column":25}},"loc":{"start":{"line":126,"column":89},"end":{"line":140,"column":1}}},"12":{"name":"cfnIf","decl":{"start":{"line":142,"column":16},"end":{"line":142,"column":21}},"loc":{"start":{"line":142,"column":115},"end":{"line":152,"column":1}}},"13":{"name":"cfnEquals","decl":{"start":{"line":154,"column":16},"end":{"line":154,"column":25}},"loc":{"start":{"line":154,"column":119},"end":{"line":171,"column":1}}},"14":{"name":"cfnNot","decl":{"start":{"line":173,"column":16},"end":{"line":173,"column":22}},"loc":{"start":{"line":173,"column":116},"end":{"line":178,"column":1}}},"15":{"name":"cfnAnd","decl":{"start":{"line":180,"column":16},"end":{"line":180,"column":22}},"loc":{"start":{"line":180,"column":116},"end":{"line":185,"column":1}}},"16":{"name":"(anonymous_16)","decl":{"start":{"line":184,"column":21},"end":{"line":184,"column":22}},"loc":{"start":{"line":184,"column":30},"end":{"line":184,"column":91}}},"17":{"name":"(anonymous_17)","decl":{"start":{"line":184,"column":99},"end":{"line":184,"column":100}},"loc":{"start":{"line":184,"column":108},"end":{"line":184,"column":113}}},"18":{"name":"cfnOr","decl":{"start":{"line":187,"column":16},"end":{"line":187,"column":21}},"loc":{"start":{"line":187,"column":115},"end":{"line":192,"column":1}}},"19":{"name":"(anonymous_19)","decl":{"start":{"line":191,"column":21},"end":{"line":191,"column":22}},"loc":{"start":{"line":191,"column":30},"end":{"line":191,"column":91}}},"20":{"name":"(anonymous_20)","decl":{"start":{"line":191,"column":98},"end":{"line":191,"column":99}},"loc":{"start":{"line":191,"column":107},"end":{"line":191,"column":112}}},"21":{"name":"cfnImportValue","decl":{"start":{"line":194,"column":16},"end":{"line":194,"column":30}},"loc":{"start":{"line":194,"column":124},"end":{"line":200,"column":1}}},"22":{"name":"cfnCondition","decl":{"start":{"line":202,"column":16},"end":{"line":202,"column":28}},"loc":{"start":{"line":202,"column":80},"end":{"line":210,"column":1}}}},"branchMap":{"0":{"loc":{"start":{"line":6,"column":2},"end":{"line":8,"column":null}},"type":"if","locations":[{"start":{"line":6,"column":2},"end":{"line":8,"column":null}}]},"1":{"loc":{"start":{"line":6,"column":8},"end":{"line":6,"column":83}},"type":"binary-expr","locations":[{"start":{"line":6,"column":8},"end":{"line":6,"column":30}},{"start":{"line":6,"column":34},"end":{"line":6,"column":54}},{"start":{"line":6,"column":58},"end":{"line":6,"column":83}}]},"2":{"loc":{"start":{"line":15,"column":2},"end":{"line":17,"column":null}},"type":"if","locations":[{"start":{"line":15,"column":2},"end":{"line":17,"column":null}}]},"3":{"loc":{"start":{"line":18,"column":2},"end":{"line":20,"column":null}},"type":"if","locations":[{"start":{"line":18,"column":2},"end":{"line":20,"column":null}}]},"4":{"loc":{"start":{"line":18,"column":6},"end":{"line":18,"column":53}},"type":"binary-expr","locations":[{"start":{"line":18,"column":6},"end":{"line":18,"column":29}},{"start":{"line":18,"column":33},"end":{"line":18,"column":53}}]},"5":{"loc":{"start":{"line":24,"column":2},"end":{"line":26,"column":null}},"type":"if","locations":[{"start":{"line":24,"column":2},"end":{"line":26,"column":null}}]},"6":{"loc":{"start":{"line":27,"column":2},"end":{"line":29,"column":null}},"type":"if","locations":[{"start":{"line":27,"column":2},"end":{"line":29,"column":null}}]},"7":{"loc":{"start":{"line":47,"column":43},"end":{"line":47,"column":57}},"type":"default-arg","locations":[{"start":{"line":47,"column":55},"end":{"line":47,"column":57}}]},"8":{"loc":{"start":{"line":49,"column":4},"end":{"line":49,"column":34}},"type":"if","locations":[{"start":{"line":49,"column":4},"end":{"line":49,"column":34}}]},"9":{"loc":{"start":{"line":55,"column":2},"end":{"line":57,"column":null}},"type":"if","locations":[{"start":{"line":55,"column":2},"end":{"line":57,"column":null}}]},"10":{"loc":{"start":{"line":55,"column":6},"end":{"line":55,"column":53}},"type":"binary-expr","locations":[{"start":{"line":55,"column":6},"end":{"line":55,"column":29}},{"start":{"line":55,"column":33},"end":{"line":55,"column":53}}]},"11":{"loc":{"start":{"line":59,"column":2},"end":{"line":61,"column":null}},"type":"if","locations":[{"start":{"line":59,"column":2},"end":{"line":61,"column":null}}]},"12":{"loc":{"start":{"line":64,"column":2},"end":{"line":75,"column":null}},"type":"if","locations":[{"start":{"line":64,"column":2},"end":{"line":75,"column":null}},{"start":{"line":73,"column":9},"end":{"line":75,"column":null}}]},"13":{"loc":{"start":{"line":67,"column":4},"end":{"line":72,"column":null}},"type":"if","locations":[{"start":{"line":67,"column":4},"end":{"line":72,"column":null}},{"start":{"line":69,"column":11},"end":{"line":72,"column":null}}]},"14":{"loc":{"start":{"line":67,"column":8},"end":{"line":67,"column":131}},"type":"binary-expr","locations":[{"start":{"line":67,"column":8},"end":{"line":67,"column":30}},{"start":{"line":67,"column":34},"end":{"line":67,"column":60}},{"start":{"line":67,"column":64},"end":{"line":67,"column":131}}]},"15":{"loc":{"start":{"line":73,"column":9},"end":{"line":75,"column":null}},"type":"if","locations":[{"start":{"line":73,"column":9},"end":{"line":75,"column":null}}]},"16":{"loc":{"start":{"line":76,"column":2},"end":{"line":78,"column":null}},"type":"if","locations":[{"start":{"line":76,"column":2},"end":{"line":78,"column":null}}]},"17":{"loc":{"start":{"line":80,"column":2},"end":{"line":82,"column":null}},"type":"if","locations":[{"start":{"line":80,"column":2},"end":{"line":82,"column":null}}]},"18":{"loc":{"start":{"line":87,"column":2},"end":{"line":89,"column":null}},"type":"if","locations":[{"start":{"line":87,"column":2},"end":{"line":89,"column":null}}]},"19":{"loc":{"start":{"line":87,"column":6},"end":{"line":87,"column":53}},"type":"binary-expr","locations":[{"start":{"line":87,"column":6},"end":{"line":87,"column":29}},{"start":{"line":87,"column":33},"end":{"line":87,"column":53}}]},"20":{"loc":{"start":{"line":102,"column":2},"end":{"line":108,"column":null}},"type":"if","locations":[{"start":{"line":102,"column":2},"end":{"line":108,"column":null}},{"start":{"line":104,"column":9},"end":{"line":108,"column":null}}]},"21":{"loc":{"start":{"line":104,"column":9},"end":{"line":108,"column":null}},"type":"if","locations":[{"start":{"line":104,"column":9},"end":{"line":108,"column":null}},{"start":{"line":106,"column":9},"end":{"line":108,"column":null}}]},"22":{"loc":{"start":{"line":104,"column":13},"end":{"line":104,"column":59}},"type":"binary-expr","locations":[{"start":{"line":104,"column":13},"end":{"line":104,"column":35}},{"start":{"line":104,"column":39},"end":{"line":104,"column":59}}]},"23":{"loc":{"start":{"line":110,"column":2},"end":{"line":112,"column":null}},"type":"if","locations":[{"start":{"line":110,"column":2},"end":{"line":112,"column":null}}]},"24":{"loc":{"start":{"line":114,"column":2},"end":{"line":121,"column":null}},"type":"if","locations":[{"start":{"line":114,"column":2},"end":{"line":121,"column":null}}]},"25":{"loc":{"start":{"line":115,"column":19},"end":{"line":115,"column":47}},"type":"cond-expr","locations":[{"start":{"line":115,"column":41},"end":{"line":115,"column":45}},{"start":{"line":115,"column":45},"end":{"line":115,"column":47}}]},"26":{"loc":{"start":{"line":115,"column":19},"end":{"line":115,"column":45}},"type":"binary-expr","locations":[{"start":{"line":115,"column":19},"end":{"line":115,"column":45}},{"start":{"line":115,"column":41},"end":{"line":115,"column":45}}]},"27":{"loc":{"start":{"line":115,"column":19},"end":{"line":115,"column":41}},"type":"cond-expr","locations":[{"start":{"line":115,"column":33},"end":{"line":115,"column":35}},{"start":{"line":115,"column":33},"end":{"line":115,"column":41}}]},"28":{"loc":{"start":{"line":115,"column":19},"end":{"line":115,"column":35}},"type":"binary-expr","locations":[{"start":{"line":115,"column":19},"end":{"line":115,"column":35}},{"start":{"line":115,"column":33},"end":{"line":115,"column":35}}]},"29":{"loc":{"start":{"line":117,"column":4},"end":{"line":119,"column":null}},"type":"if","locations":[{"start":{"line":117,"column":4},"end":{"line":119,"column":null}}]},"30":{"loc":{"start":{"line":127,"column":2},"end":{"line":129,"column":null}},"type":"if","locations":[{"start":{"line":127,"column":2},"end":{"line":129,"column":null}}]},"31":{"loc":{"start":{"line":127,"column":6},"end":{"line":127,"column":53}},"type":"binary-expr","locations":[{"start":{"line":127,"column":6},"end":{"line":127,"column":29}},{"start":{"line":127,"column":33},"end":{"line":127,"column":53}}]},"32":{"loc":{"start":{"line":132,"column":24},"end":{"line":132,"column":103}},"type":"cond-expr","locations":[{"start":{"line":132,"column":52},"end":{"line":132,"column":62}},{"start":{"line":132,"column":65},"end":{"line":132,"column":103}}]},"33":{"loc":{"start":{"line":133,"column":2},"end":{"line":135,"column":null}},"type":"if","locations":[{"start":{"line":133,"column":2},"end":{"line":135,"column":null}}]},"34":{"loc":{"start":{"line":136,"column":2},"end":{"line":138,"column":null}},"type":"if","locations":[{"start":{"line":136,"column":2},"end":{"line":138,"column":null}}]},"35":{"loc":{"start":{"line":143,"column":2},"end":{"line":145,"column":null}},"type":"if","locations":[{"start":{"line":143,"column":2},"end":{"line":145,"column":null}}]},"36":{"loc":{"start":{"line":143,"column":6},"end":{"line":143,"column":53}},"type":"binary-expr","locations":[{"start":{"line":143,"column":6},"end":{"line":143,"column":29}},{"start":{"line":143,"column":33},"end":{"line":143,"column":53}}]},"37":{"loc":{"start":{"line":147,"column":17},"end":{"line":147,"column":52}},"type":"cond-expr","locations":[{"start":{"line":147,"column":29},"end":{"line":147,"column":39}},{"start":{"line":147,"column":42},"end":{"line":147,"column":52}}]},"38":{"loc":{"start":{"line":148,"column":2},"end":{"line":150,"column":null}},"type":"if","locations":[{"start":{"line":148,"column":2},"end":{"line":150,"column":null}}]},"39":{"loc":{"start":{"line":148,"column":6},"end":{"line":148,"column":49}},"type":"binary-expr","locations":[{"start":{"line":148,"column":6},"end":{"line":148,"column":16}},{"start":{"line":148,"column":20},"end":{"line":148,"column":49}}]},"40":{"loc":{"start":{"line":155,"column":2},"end":{"line":157,"column":null}},"type":"if","locations":[{"start":{"line":155,"column":2},"end":{"line":157,"column":null}}]},"41":{"loc":{"start":{"line":155,"column":6},"end":{"line":155,"column":53}},"type":"binary-expr","locations":[{"start":{"line":155,"column":6},"end":{"line":155,"column":29}},{"start":{"line":155,"column":33},"end":{"line":155,"column":53}}]},"42":{"loc":{"start":{"line":174,"column":2},"end":{"line":176,"column":null}},"type":"if","locations":[{"start":{"line":174,"column":2},"end":{"line":176,"column":null}}]},"43":{"loc":{"start":{"line":174,"column":6},"end":{"line":174,"column":53}},"type":"binary-expr","locations":[{"start":{"line":174,"column":6},"end":{"line":174,"column":29}},{"start":{"line":174,"column":33},"end":{"line":174,"column":53}}]},"44":{"loc":{"start":{"line":181,"column":2},"end":{"line":183,"column":null}},"type":"if","locations":[{"start":{"line":181,"column":2},"end":{"line":183,"column":null}}]},"45":{"loc":{"start":{"line":181,"column":6},"end":{"line":181,"column":79}},"type":"binary-expr","locations":[{"start":{"line":181,"column":6},"end":{"line":181,"column":29}},{"start":{"line":181,"column":33},"end":{"line":181,"column":79}}]},"46":{"loc":{"start":{"line":181,"column":35},"end":{"line":181,"column":78}},"type":"binary-expr","locations":[{"start":{"line":181,"column":35},"end":{"line":181,"column":54}},{"start":{"line":181,"column":58},"end":{"line":181,"column":78}}]},"47":{"loc":{"start":{"line":188,"column":2},"end":{"line":190,"column":null}},"type":"if","locations":[{"start":{"line":188,"column":2},"end":{"line":190,"column":null}}]},"48":{"loc":{"start":{"line":188,"column":6},"end":{"line":188,"column":79}},"type":"binary-expr","locations":[{"start":{"line":188,"column":6},"end":{"line":188,"column":29}},{"start":{"line":188,"column":33},"end":{"line":188,"column":79}}]},"49":{"loc":{"start":{"line":188,"column":35},"end":{"line":188,"column":78}},"type":"binary-expr","locations":[{"start":{"line":188,"column":35},"end":{"line":188,"column":54}},{"start":{"line":188,"column":58},"end":{"line":188,"column":78}}]},"50":{"loc":{"start":{"line":195,"column":2},"end":{"line":197,"column":null}},"type":"if","locations":[{"start":{"line":195,"column":2},"end":{"line":197,"column":null}}]},"51":{"loc":{"start":{"line":195,"column":8},"end":{"line":195,"column":61}},"type":"binary-expr","locations":[{"start":{"line":195,"column":8},"end":{"line":195,"column":30}},{"start":{"line":195,"column":34},"end":{"line":195,"column":61}}]},"52":{"loc":{"start":{"line":199,"column":9},"end":{"line":199,"column":66}},"type":"cond-expr","locations":[{"start":{"line":199,"column":21},"end":{"line":199,"column":25}},{"start":{"line":199,"column":25},"end":{"line":199,"column":66}}]},"53":{"loc":{"start":{"line":199,"column":9},"end":{"line":199,"column":25}},"type":"binary-expr","locations":[{"start":{"line":199,"column":9},"end":{"line":199,"column":25}},{"start":{"line":199,"column":21},"end":{"line":199,"column":25}}]},"54":{"loc":{"start":{"line":203,"column":2},"end":{"line":205,"column":null}},"type":"if","locations":[{"start":{"line":203,"column":2},"end":{"line":205,"column":null}}]},"55":{"loc":{"start":{"line":206,"column":2},"end":{"line":208,"column":null}},"type":"if","locations":[{"start":{"line":206,"column":2},"end":{"line":208,"column":null}}]}},"s":{"0":3,"1":3,"2":3,"3":2,"4":1,"5":1,"6":3,"7":1,"8":3,"9":3,"10":0,"11":3,"12":0,"13":3,"14":3,"15":3,"16":0,"17":3,"18":2,"19":1,"20":1,"21":2,"22":1,"23":2,"24":2,"25":1,"26":3,"27":0,"28":0,"29":0,"30":0,"31":4,"32":0,"33":4,"34":4,"35":1,"36":3,"37":3,"38":3,"39":0,"40":0,"41":0,"42":0,"43":3,"44":0,"45":3,"46":2,"47":1,"48":1,"49":0,"50":1,"51":3,"52":2,"53":0,"54":2,"55":2,"56":2,"57":3,"58":6,"59":4,"60":2,"61":1,"62":1,"63":5,"64":2,"65":3,"66":3,"67":3,"68":3,"69":3,"70":1,"71":2,"72":0,"73":0,"74":3,"75":3,"76":0,"77":3,"78":3,"79":3,"80":1,"81":2,"82":0,"83":2,"84":3,"85":6,"86":0,"87":6,"88":6,"89":6,"90":2,"91":4,"92":3,"93":2,"94":0,"95":2,"96":2,"97":2,"98":3,"99":2,"100":0,"101":2,"102":3,"103":3,"104":0,"105":3,"106":12,"107":8,"108":3,"109":1,"110":0,"111":1,"112":4,"113":1,"114":3,"115":2,"116":0,"117":2,"118":2,"119":3,"120":3,"121":0,"122":3,"123":1,"124":2,"125":3},"f":{"0":3,"1":3,"2":3,"3":2,"4":2,"5":0,"6":0,"7":4,"8":2,"9":6,"10":3,"11":3,"12":6,"13":2,"14":2,"15":3,"16":12,"17":8,"18":1,"19":4,"20":1,"21":2,"22":3},"b":{"0":[2],"1":[3,3,1],"2":[0],"3":[0],"4":[3,0],"5":[0],"6":[2],"7":[0],"8":[0],"9":[0],"10":[4,0],"11":[1],"12":[0,3],"13":[0,0],"14":[0,0,0],"15":[0],"16":[2],"17":[0],"18":[0],"19":[2,0],"20":[4,2],"21":[1,1],"22":[2,2],"23":[2],"24":[3],"25":[3,0],"26":[3,3],"27":[0,3],"28":[3,3],"29":[1],"30":[0],"31":[3,0],"32":[0,3],"33":[1],"34":[0],"35":[0],"36":[6,0],"37":[4,2],"38":[2],"39":[6,3],"40":[0],"41":[2,0],"42":[0],"43":[2,0],"44":[0],"45":[3,0],"46":[0,0],"47":[0],"48":[1,0],"49":[0,0],"50":[0],"51":[2,2],"52":[1,1],"53":[2,2],"54":[0],"55":[1]}}
,"/Users/eddvar/Documents/amplify-cli/packages/amplify-util-mock/src/CFNParser/resource-processors/appsync.ts": {"path":"/Users/eddvar/Documents/amplify-cli/packages/amplify-util-mock/src/CFNParser/resource-processors/appsync.ts","statementMap":{"0":{"start":{"line":1,"column":0},"end":{"line":1,"column":45}},"1":{"start":{"line":4,"column":0},"end":{"line":4,"column":53}},"2":{"start":{"line":5,"column":0},"end":{"line":5,"column":55}},"3":{"start":{"line":8,"column":20},"end":{"line":8,"column":32}},"4":{"start":{"line":9,"column":15},"end":{"line":13,"column":4}},"5":{"start":{"line":10,"column":14},"end":{"line":10,"column":24}},"6":{"start":{"line":11,"column":4},"end":{"line":11,"column":35}},"7":{"start":{"line":12,"column":4},"end":{"line":12,"column":13}},"8":{"start":{"line":14,"column":33},"end":{"line":29,"column":4}},"9":{"start":{"line":31,"column":2},"end":{"line":33,"column":null}},"10":{"start":{"line":32,"column":4},"end":{"line":32,"column":99}},"11":{"start":{"line":35,"column":2},"end":{"line":37,"column":null}},"12":{"start":{"line":36,"column":4},"end":{"line":36,"column":63}},"13":{"start":{"line":38,"column":2},"end":{"line":38,"column":27}},"14":{"start":{"line":7,"column":0},"end":{"line":7,"column":16}},"15":{"start":{"line":54,"column":20},"end":{"line":54,"column":99}},"16":{"start":{"line":55,"column":19},"end":{"line":55,"column":43}},"17":{"start":{"line":56,"column":22},"end":{"line":59,"column":4}},"18":{"start":{"line":60,"column":2},"end":{"line":69,"column":null}},"19":{"start":{"line":61,"column":4},"end":{"line":68,"column":6}},"20":{"start":{"line":70,"column":2},"end":{"line":76,"column":null}},"21":{"start":{"line":71,"column":4},"end":{"line":75,"column":6}},"22":{"start":{"line":78,"column":2},"end":{"line":86,"column":null}},"23":{"start":{"line":79,"column":22},"end":{"line":79,"column":96}},"24":{"start":{"line":80,"column":4},"end":{"line":85,"column":6}},"25":{"start":{"line":88,"column":2},"end":{"line":98,"column":null}},"26":{"start":{"line":89,"column":4},"end":{"line":91,"column":null}},"27":{"start":{"line":90,"column":6},"end":{"line":90,"column":122}},"28":{"start":{"line":93,"column":4},"end":{"line":97,"column":6}},"29":{"start":{"line":100,"column":2},"end":{"line":100,"column":117}},"30":{"start":{"line":101,"column":2},"end":{"line":105,"column":4}},"31":{"start":{"line":49,"column":0},"end":{"line":49,"column":16}},"32":{"start":{"line":118,"column":16},"end":{"line":118,"column":37}},"33":{"start":{"line":119,"column":28},"end":{"line":144,"column":4}},"34":{"start":{"line":134,"column":12},"end":{"line":138,"column":14}},"35":{"start":{"line":145,"column":2},"end":{"line":145,"column":27}},"36":{"start":{"line":117,"column":0},"end":{"line":117,"column":16}},"37":{"start":{"line":154,"column":16},"end":{"line":154,"column":37}},"38":{"start":{"line":156,"column":14},"end":{"line":156,"column":100}},"39":{"start":{"line":157,"column":28},"end":{"line":162,"column":4}},"40":{"start":{"line":163,"column":2},"end":{"line":163,"column":27}},"41":{"start":{"line":152,"column":0},"end":{"line":152,"column":16}},"42":{"start":{"line":171,"column":49},"end":{"line":171,"column":77}},"43":{"start":{"line":172,"column":2},"end":{"line":180,"column":null}},"44":{"start":{"line":173,"column":4},"end":{"line":173,"column":79}},"45":{"start":{"line":174,"column":9},"end":{"line":180,"column":null}},"46":{"start":{"line":175,"column":4},"end":{"line":175,"column":99}},"47":{"start":{"line":177,"column":4},"end":{"line":179,"column":6}},"48":{"start":{"line":181,"column":2},"end":{"line":181,"column":16}},"49":{"start":{"line":170,"column":0},"end":{"line":170,"column":16}},"50":{"start":{"line":198,"column":37},"end":{"line":198,"column":45}},"51":{"start":{"line":199,"column":41},"end":{"line":201,"column":15}},"52":{"start":{"line":202,"column":42},"end":{"line":204,"column":15}},"53":{"start":{"line":205,"column":33},"end":{"line":205,"column":138}},"54":{"start":{"line":206,"column":34},"end":{"line":208,"column":15}},"55":{"start":{"line":213,"column":2},"end":{"line":220,"column":null}},"56":{"start":{"line":214,"column":4},"end":{"line":216,"column":null}},"57":{"start":{"line":215,"column":6},"end":{"line":215,"column":96}},"58":{"start":{"line":217,"column":4},"end":{"line":217,"column":98}},"59":{"start":{"line":217,"column":71},"end":{"line":217,"column":96}},"60":{"start":{"line":219,"column":4},"end":{"line":219,"column":71}},"61":{"start":{"line":222,"column":2},"end":{"line":234,"column":4}},"62":{"start":{"line":197,"column":0},"end":{"line":197,"column":16}},"63":{"start":{"line":248,"column":37},"end":{"line":248,"column":45}},"64":{"start":{"line":249,"column":41},"end":{"line":251,"column":15}},"65":{"start":{"line":252,"column":42},"end":{"line":254,"column":15}},"66":{"start":{"line":255,"column":33},"end":{"line":255,"column":138}},"67":{"start":{"line":256,"column":34},"end":{"line":258,"column":15}},"68":{"start":{"line":260,"column":25},"end":{"line":260,"column":74}},"69":{"start":{"line":261,"column":2},"end":{"line":270,"column":4}},"70":{"start":{"line":247,"column":0},"end":{"line":247,"column":16}}},"fnMap":{"0":{"name":"dynamoDBResourceHandler","decl":{"start":{"line":7,"column":16},"end":{"line":7,"column":39}},"loc":{"start":{"line":7,"column":62},"end":{"line":39,"column":1}}},"1":{"name":"(anonymous_1)","decl":{"start":{"line":9,"column":70},"end":{"line":9,"column":71}},"loc":{"start":{"line":9,"column":78},"end":{"line":13,"column":3}}},"2":{"name":"appSyncDataSourceHandler","decl":{"start":{"line":49,"column":16},"end":{"line":49,"column":40}},"loc":{"start":{"line":52,"column":40},"end":{"line":106,"column":1}}},"3":{"name":"appSyncAPIResourceHandler","decl":{"start":{"line":117,"column":16},"end":{"line":117,"column":41}},"loc":{"start":{"line":117,"column":104},"end":{"line":146,"column":1}}},"4":{"name":"(anonymous_4)","decl":{"start":{"line":133,"column":103},"end":{"line":133,"column":104}},"loc":{"start":{"line":133,"column":109},"end":{"line":139,"column":11}}},"5":{"name":"appSyncAPIKeyResourceHandler","decl":{"start":{"line":152,"column":16},"end":{"line":152,"column":44}},"loc":{"start":{"line":152,"column":44},"end":{"line":164,"column":1}}},"6":{"name":"appSyncSchemaHandler","decl":{"start":{"line":170,"column":16},"end":{"line":170,"column":36}},"loc":{"start":{"line":170,"column":99},"end":{"line":182,"column":1}}},"7":{"name":"appSyncResolverHandler","decl":{"start":{"line":197,"column":16},"end":{"line":197,"column":38}},"loc":{"start":{"line":197,"column":101},"end":{"line":235,"column":1}}},"8":{"name":"(anonymous_8)","decl":{"start":{"line":217,"column":64},"end":{"line":217,"column":65}},"loc":{"start":{"line":217,"column":71},"end":{"line":217,"column":96}}},"9":{"name":"appSyncFunctionHandler","decl":{"start":{"line":247,"column":16},"end":{"line":247,"column":38}},"loc":{"start":{"line":247,"column":101},"end":{"line":271,"column":1}}}},"branchMap":{"0":{"loc":{"start":{"line":9,"column":16},"end":{"line":9,"column":64}},"type":"binary-expr","locations":[{"start":{"line":9,"column":16},"end":{"line":9,"column":58}},{"start":{"line":9,"column":62},"end":{"line":9,"column":64}}]},"1":{"loc":{"start":{"line":26,"column":24},"end":{"line":26,"column":105}},"type":"binary-expr","locations":[{"start":{"line":26,"column":24},"end":{"line":26,"column":81}},{"start":{"line":26,"column":85},"end":{"line":26,"column":105}}]},"2":{"loc":{"start":{"line":26,"column":24},"end":{"line":26,"column":81}},"type":"cond-expr","locations":[{"start":{"line":26,"column":65},"end":{"line":26,"column":67}},{"start":{"line":26,"column":65},"end":{"line":26,"column":81}}]},"3":{"loc":{"start":{"line":26,"column":24},"end":{"line":26,"column":67}},"type":"binary-expr","locations":[{"start":{"line":26,"column":24},"end":{"line":26,"column":67}},{"start":{"line":26,"column":65},"end":{"line":26,"column":67}}]},"4":{"loc":{"start":{"line":26,"column":24},"end":{"line":26,"column":65}},"type":"cond-expr","locations":[{"start":{"line":26,"column":44},"end":{"line":26,"column":46}},{"start":{"line":26,"column":44},"end":{"line":26,"column":65}}]},"5":{"loc":{"start":{"line":26,"column":24},"end":{"line":26,"column":46}},"type":"binary-expr","locations":[{"start":{"line":26,"column":24},"end":{"line":26,"column":46}},{"start":{"line":26,"column":44},"end":{"line":26,"column":46}}]},"6":{"loc":{"start":{"line":26,"column":24},"end":{"line":26,"column":44}},"type":"cond-expr","locations":[{"start":{"line":26,"column":32},"end":{"line":26,"column":34}},{"start":{"line":26,"column":24},"end":{"line":26,"column":44}}]},"7":{"loc":{"start":{"line":26,"column":24},"end":{"line":26,"column":34}},"type":"binary-expr","locations":[{"start":{"line":26,"column":24},"end":{"line":26,"column":34}},{"start":{"line":26,"column":24},"end":{"line":26,"column":34}}]},"8":{"loc":{"start":{"line":31,"column":2},"end":{"line":33,"column":null}},"type":"if","locations":[{"start":{"line":31,"column":2},"end":{"line":33,"column":null}}]},"9":{"loc":{"start":{"line":35,"column":2},"end":{"line":37,"column":null}},"type":"if","locations":[{"start":{"line":35,"column":2},"end":{"line":37,"column":null}}]},"10":{"loc":{"start":{"line":54,"column":20},"end":{"line":54,"column":99}},"type":"binary-expr","locations":[{"start":{"line":54,"column":20},"end":{"line":54,"column":71}},{"start":{"line":54,"column":75},"end":{"line":54,"column":99}}]},"11":{"loc":{"start":{"line":54,"column":20},"end":{"line":54,"column":71}},"type":"cond-expr","locations":[{"start":{"line":54,"column":66},"end":{"line":54,"column":68}},{"start":{"line":54,"column":66},"end":{"line":54,"column":71}}]},"12":{"loc":{"start":{"line":54,"column":20},"end":{"line":54,"column":68}},"type":"binary-expr","locations":[{"start":{"line":54,"column":20},"end":{"line":54,"column":68}},{"start":{"line":54,"column":66},"end":{"line":54,"column":68}}]},"13":{"loc":{"start":{"line":54,"column":20},"end":{"line":54,"column":66}},"type":"cond-expr","locations":[{"start":{"line":54,"column":55},"end":{"line":54,"column":57}},{"start":{"line":54,"column":55},"end":{"line":54,"column":66}}]},"14":{"loc":{"start":{"line":54,"column":20},"end":{"line":54,"column":57}},"type":"binary-expr","locations":[{"start":{"line":54,"column":20},"end":{"line":54,"column":57}},{"start":{"line":54,"column":55},"end":{"line":54,"column":57}}]},"15":{"loc":{"start":{"line":54,"column":20},"end":{"line":54,"column":55}},"type":"cond-expr","locations":[{"start":{"line":54,"column":39},"end":{"line":54,"column":41}},{"start":{"line":54,"column":39},"end":{"line":54,"column":55}}]},"16":{"loc":{"start":{"line":54,"column":20},"end":{"line":54,"column":41}},"type":"binary-expr","locations":[{"start":{"line":54,"column":20},"end":{"line":54,"column":41}},{"start":{"line":54,"column":39},"end":{"line":54,"column":41}}]},"17":{"loc":{"start":{"line":60,"column":2},"end":{"line":69,"column":null}},"type":"if","locations":[{"start":{"line":60,"column":2},"end":{"line":69,"column":null}}]},"18":{"loc":{"start":{"line":70,"column":2},"end":{"line":76,"column":null}},"type":"if","locations":[{"start":{"line":70,"column":2},"end":{"line":76,"column":null}}]},"19":{"loc":{"start":{"line":78,"column":2},"end":{"line":86,"column":null}},"type":"if","locations":[{"start":{"line":78,"column":2},"end":{"line":86,"column":null}}]},"20":{"loc":{"start":{"line":88,"column":2},"end":{"line":98,"column":null}},"type":"if","locations":[{"start":{"line":88,"column":2},"end":{"line":98,"column":null}}]},"21":{"loc":{"start":{"line":89,"column":4},"end":{"line":91,"column":null}},"type":"if","locations":[{"start":{"line":89,"column":4},"end":{"line":91,"column":null}}]},"22":{"loc":{"start":{"line":121,"column":10},"end":{"line":121,"column":66}},"type":"binary-expr","locations":[{"start":{"line":121,"column":10},"end":{"line":121,"column":42}},{"start":{"line":121,"column":46},"end":{"line":121,"column":66}}]},"23":{"loc":{"start":{"line":124,"column":10},"end":{"line":124,"column":121}},"type":"cond-expr","locations":[{"start":{"line":124,"column":52},"end":{"line":124,"column":116}},{"start":{"line":124,"column":119},"end":{"line":124,"column":121}}]},"24":{"loc":{"start":{"line":125,"column":10},"end":{"line":125,"column":113}},"type":"cond-expr","locations":[{"start":{"line":125,"column":47},"end":{"line":125,"column":108}},{"start":{"line":125,"column":111},"end":{"line":125,"column":113}}]},"25":{"loc":{"start":{"line":131,"column":8},"end":{"line":143,"column":10}},"type":"cond-expr","locations":[{"start":{"line":132,"column":8},"end":{"line":140,"column":null}},{"start":{"line":141,"column":8},"end":{"line":143,"column":10}}]},"26":{"loc":{"start":{"line":136,"column":18},"end":{"line":136,"column":93}},"type":"cond-expr","locations":[{"start":{"line":136,"column":42},"end":{"line":136,"column":88}},{"start":{"line":136,"column":91},"end":{"line":136,"column":93}}]},"27":{"loc":{"start":{"line":137,"column":18},"end":{"line":137,"column":99}},"type":"cond-expr","locations":[{"start":{"line":137,"column":44},"end":{"line":137,"column":94}},{"start":{"line":137,"column":97},"end":{"line":137,"column":99}}]},"28":{"loc":{"start":{"line":172,"column":2},"end":{"line":180,"column":null}},"type":"if","locations":[{"start":{"line":172,"column":2},"end":{"line":180,"column":null}},{"start":{"line":174,"column":9},"end":{"line":180,"column":null}}]},"29":{"loc":{"start":{"line":172,"column":6},"end":{"line":172,"column":71}},"type":"binary-expr","locations":[{"start":{"line":172,"column":6},"end":{"line":172,"column":14}},{"start":{"line":172,"column":18},"end":{"line":172,"column":37}},{"start":{"line":172,"column":41},"end":{"line":172,"column":71}}]},"30":{"loc":{"start":{"line":174,"column":9},"end":{"line":180,"column":null}},"type":"if","locations":[{"start":{"line":174,"column":9},"end":{"line":180,"column":null}},{"start":{"line":176,"column":9},"end":{"line":180,"column":null}}]},"31":{"loc":{"start":{"line":174,"column":13},"end":{"line":174,"column":88}},"type":"binary-expr","locations":[{"start":{"line":174,"column":13},"end":{"line":174,"column":21}},{"start":{"line":174,"column":25},"end":{"line":174,"column":44}},{"start":{"line":174,"column":48},"end":{"line":174,"column":88}}]},"32":{"loc":{"start":{"line":199,"column":41},"end":{"line":201,"column":15}},"type":"cond-expr","locations":[{"start":{"line":200,"column":6},"end":{"line":200,"column":73}},{"start":{"line":201,"column":6},"end":{"line":201,"column":15}}]},"33":{"loc":{"start":{"line":202,"column":42},"end":{"line":204,"column":15}},"type":"cond-expr","locations":[{"start":{"line":203,"column":6},"end":{"line":203,"column":74}},{"start":{"line":204,"column":6},"end":{"line":204,"column":15}}]},"34":{"loc":{"start":{"line":205,"column":33},"end":{"line":205,"column":138}},"type":"cond-expr","locations":[{"start":{"line":205,"column":69},"end":{"line":205,"column":126}},{"start":{"line":205,"column":129},"end":{"line":205,"column":138}}]},"35":{"loc":{"start":{"line":206,"column":34},"end":{"line":208,"column":15}},"type":"cond-expr","locations":[{"start":{"line":207,"column":6},"end":{"line":207,"column":64}},{"start":{"line":208,"column":6},"end":{"line":208,"column":15}}]},"36":{"loc":{"start":{"line":213,"column":2},"end":{"line":220,"column":null}},"type":"if","locations":[{"start":{"line":213,"column":2},"end":{"line":220,"column":null}},{"start":{"line":218,"column":9},"end":{"line":220,"column":null}}]},"37":{"loc":{"start":{"line":214,"column":4},"end":{"line":216,"column":null}},"type":"if","locations":[{"start":{"line":214,"column":4},"end":{"line":216,"column":null}}]},"38":{"loc":{"start":{"line":217,"column":17},"end":{"line":217,"column":58}},"type":"binary-expr","locations":[{"start":{"line":217,"column":17},"end":{"line":217,"column":52}},{"start":{"line":217,"column":56},"end":{"line":217,"column":58}}]},"39":{"loc":{"start":{"line":232,"column":10},"end":{"line":232,"column":35}},"type":"binary-expr","locations":[{"start":{"line":232,"column":10},"end":{"line":232,"column":25}},{"start":{"line":232,"column":29},"end":{"line":232,"column":35}}]},"40":{"loc":{"start":{"line":249,"column":41},"end":{"line":251,"column":15}},"type":"cond-expr","locations":[{"start":{"line":250,"column":6},"end":{"line":250,"column":73}},{"start":{"line":251,"column":6},"end":{"line":251,"column":15}}]},"41":{"loc":{"start":{"line":252,"column":42},"end":{"line":254,"column":15}},"type":"cond-expr","locations":[{"start":{"line":253,"column":6},"end":{"line":253,"column":74}},{"start":{"line":254,"column":6},"end":{"line":254,"column":15}}]},"42":{"loc":{"start":{"line":255,"column":33},"end":{"line":255,"column":138}},"type":"cond-expr","locations":[{"start":{"line":255,"column":69},"end":{"line":255,"column":126}},{"start":{"line":255,"column":129},"end":{"line":255,"column":138}}]},"43":{"loc":{"start":{"line":256,"column":34},"end":{"line":258,"column":15}},"type":"cond-expr","locations":[{"start":{"line":257,"column":6},"end":{"line":257,"column":64}},{"start":{"line":258,"column":6},"end":{"line":258,"column":15}}]}},"s":{"0":1,"1":1,"2":1,"3":0,"4":0,"5":0,"6":0,"7":0,"8":0,"9":0,"10":0,"11":0,"12":0,"13":0,"14":1,"15":0,"16":0,"17":0,"18":0,"19":0,"20":0,"21":0,"22":0,"23":0,"24":0,"25":0,"26":0,"27":0,"28":0,"29":0,"30":0,"31":1,"32":0,"33":0,"34":0,"35":0,"36":1,"37":0,"38":0,"39":0,"40":0,"41":1,"42":0,"43":0,"44":0,"45":0,"46":0,"47":0,"48":0,"49":1,"50":0,"51":0,"52":0,"53":0,"54":0,"55":0,"56":0,"57":0,"58":0,"59":0,"60":0,"61":0,"62":1,"63":0,"64":0,"65":0,"66":0,"67":0,"68":0,"69":0,"70":1},"f":{"0":0,"1":0,"2":0,"3":0,"4":0,"5":0,"6":0,"7":0,"8":0,"9":0},"b":{"0":[0,0],"1":[0,0],"2":[0,0],"3":[0,0],"4":[0,0],"5":[0,0],"6":[0,0],"7":[0,0],"8":[0],"9":[0],"10":[0,0],"11":[0,0],"12":[0,0],"13":[0,0],"14":[0,0],"15":[0,0],"16":[0,0],"17":[0],"18":[0],"19":[0],"20":[0],"21":[0],"22":[0,0],"23":[0,0],"24":[0,0],"25":[0,0],"26":[0,0],"27":[0,0],"28":[0,0],"29":[0,0,0],"30":[0,0],"31":[0,0,0],"32":[0,0],"33":[0,0],"34":[0,0],"35":[0,0],"36":[0,0],"37":[0],"38":[0,0],"39":[0,0],"40":[0,0],"41":[0,0],"42":[0,0],"43":[0,0]}}
,"/Users/eddvar/Documents/amplify-cli/packages/amplify-util-mock/src/CFNParser/resource-processors/iam.ts": {"path":"/Users/eddvar/Documents/amplify-cli/packages/amplify-util-mock/src/CFNParser/resource-processors/iam.ts","statementMap":{"0":{"start":{"line":2,"column":28},"end":{"line":5,"column":4}},"1":{"start":{"line":6,"column":2},"end":{"line":6,"column":27}},"2":{"start":{"line":1,"column":0},"end":{"line":1,"column":16}},"3":{"start":{"line":10,"column":28},"end":{"line":15,"column":4}},"4":{"start":{"line":16,"column":2},"end":{"line":16,"column":27}},"5":{"start":{"line":9,"column":0},"end":{"line":9,"column":16}}},"fnMap":{"0":{"name":"iamPolicyResourceHandler","decl":{"start":{"line":1,"column":16},"end":{"line":1,"column":40}},"loc":{"start":{"line":1,"column":63},"end":{"line":7,"column":1}}},"1":{"name":"iamRoleResourceHandler","decl":{"start":{"line":9,"column":16},"end":{"line":9,"column":38}},"loc":{"start":{"line":9,"column":61},"end":{"line":17,"column":1}}}},"branchMap":{},"s":{"0":0,"1":0,"2":1,"3":0,"4":0,"5":1},"f":{"0":0,"1":0},"b":{}}
,"/Users/eddvar/Documents/amplify-cli/packages/amplify-util-mock/src/CFNParser/resource-processors/index.ts": {"path":"/Users/eddvar/Documents/amplify-cli/packages/amplify-util-mock/src/CFNParser/resource-processors/index.ts","statementMap":{"0":{"start":{"line":2,"column":0},"end":{"line":2,"column":75}},"1":{"start":{"line":5,"column":0},"end":{"line":5,"column":null}},"2":{"start":{"line":14,"column":0},"end":{"line":14,"column":73}},"3":{"start":{"line":15,"column":0},"end":{"line":15,"column":55}},"4":{"start":{"line":23,"column":84},"end":{"line":23,"column":86}},"5":{"start":{"line":25,"column":2},"end":{"line":27,"column":null}},"6":{"start":{"line":26,"column":4},"end":{"line":26,"column":50}},"7":{"start":{"line":28,"column":2},"end":{"line":28,"column":100}},"8":{"start":{"line":24,"column":0},"end":{"line":24,"column":16}},"9":{"start":{"line":32,"column":2},"end":{"line":32,"column":61}},"10":{"start":{"line":31,"column":0},"end":{"line":31,"column":16}},"11":{"start":{"line":36,"column":2},"end":{"line":36,"column":84}},"12":{"start":{"line":37,"column":2},"end":{"line":37,"column":83}},"13":{"start":{"line":38,"column":2},"end":{"line":38,"column":82}},"14":{"start":{"line":39,"column":2},"end":{"line":39,"column":78}},"15":{"start":{"line":40,"column":2},"end":{"line":40,"column":79}},"16":{"start":{"line":41,"column":2},"end":{"line":41,"column":83}},"17":{"start":{"line":42,"column":2},"end":{"line":42,"column":92}},"18":{"start":{"line":35,"column":0},"end":{"line":35,"column":16}},"19":{"start":{"line":46,"column":2},"end":{"line":46,"column":75}},"20":{"start":{"line":47,"column":2},"end":{"line":47,"column":71}},"21":{"start":{"line":45,"column":0},"end":{"line":45,"column":16}},"22":{"start":{"line":51,"column":2},"end":{"line":51,"column":77}},"23":{"start":{"line":52,"column":2},"end":{"line":52,"column":90}},"24":{"start":{"line":50,"column":0},"end":{"line":50,"column":16}},"25":{"start":{"line":56,"column":2},"end":{"line":56,"column":84}},"26":{"start":{"line":55,"column":0},"end":{"line":55,"column":16}}},"fnMap":{"0":{"name":"getResourceProcessorFor","decl":{"start":{"line":24,"column":16},"end":{"line":24,"column":39}},"loc":{"start":{"line":24,"column":60},"end":{"line":29,"column":1}}},"1":{"name":"registerResourceProcessors","decl":{"start":{"line":31,"column":16},"end":{"line":31,"column":42}},"loc":{"start":{"line":31,"column":117},"end":{"line":33,"column":1}}},"2":{"name":"registerAppSyncResourceProcessor","decl":{"start":{"line":35,"column":16},"end":{"line":35,"column":48}},"loc":{"start":{"line":35,"column":48},"end":{"line":43,"column":1}}},"3":{"name":"registerIAMResourceProcessor","decl":{"start":{"line":45,"column":16},"end":{"line":45,"column":44}},"loc":{"start":{"line":45,"column":44},"end":{"line":48,"column":1}}},"4":{"name":"registerLambdaResourceProcessor","decl":{"start":{"line":50,"column":16},"end":{"line":50,"column":47}},"loc":{"start":{"line":50,"column":47},"end":{"line":53,"column":1}}},"5":{"name":"registerOpenSearchResourceProcessor","decl":{"start":{"line":55,"column":16},"end":{"line":55,"column":51}},"loc":{"start":{"line":55,"column":51},"end":{"line":57,"column":1}}}},"branchMap":{"0":{"loc":{"start":{"line":25,"column":2},"end":{"line":27,"column":null}},"type":"if","locations":[{"start":{"line":25,"column":2},"end":{"line":27,"column":null}}]}},"s":{"0":1,"1":1,"2":1,"3":1,"4":1,"5":0,"6":0,"7":0,"8":1,"9":0,"10":1,"11":0,"12":0,"13":0,"14":0,"15":0,"16":0,"17":0,"18":1,"19":0,"20":0,"21":1,"22":0,"23":0,"24":1,"25":0,"26":1},"f":{"0":0,"1":0,"2":0,"3":0,"4":0,"5":0},"b":{"0":[0]}}
,"/Users/eddvar/Documents/amplify-cli/packages/amplify-util-mock/src/CFNParser/resource-processors/lambda.ts": {"path":"/Users/eddvar/Documents/amplify-cli/packages/amplify-util-mock/src/CFNParser/resource-processors/lambda.ts","statementMap":{"0":{"start":{"line":2,"column":0},"end":{"line":2,"column":45}},"1":{"start":{"line":16,"column":37},"end":{"line":40,"column":1}},"2":{"start":{"line":22,"column":23},"end":{"line":22,"column":95}},"3":{"start":{"line":23,"column":18},"end":{"line":23,"column":69}},"4":{"start":{"line":24,"column":21},"end":{"line":24,"column":107}},"5":{"start":{"line":25,"column":22},"end":{"line":30,"column":null}},"6":{"start":{"line":26,"column":33},"end":{"line":29,"column":6}},"7":{"start":{"line":32,"column":2},"end":{"line":39,"column":4}},"8":{"start":{"line":16,"column":13},"end":{"line":16,"column":37}},"9":{"start":{"line":42,"column":40},"end":{"line":59,"column":1}},"10":{"start":{"line":47,"column":28},"end":{"line":47,"column":81}},"11":{"start":{"line":48,"column":33},"end":{"line":48,"column":91}},"12":{"start":{"line":49,"column":31},"end":{"line":49,"column":87}},"13":{"start":{"line":50,"column":35},"end":{"line":50,"column":95}},"14":{"start":{"line":52,"column":2},"end":{"line":58,"column":4}},"15":{"start":{"line":42,"column":13},"end":{"line":42,"column":40}}},"fnMap":{"0":{"name":"(anonymous_0)","decl":{"start":{"line":16,"column":37},"end":{"line":16,"column":null}},"loc":{"start":{"line":20,"column":29},"end":{"line":40,"column":1}}},"1":{"name":"(anonymous_1)","decl":{"start":{"line":26,"column":4},"end":{"line":26,"column":5}},"loc":{"start":{"line":26,"column":33},"end":{"line":29,"column":6}}},"2":{"name":"(anonymous_2)","decl":{"start":{"line":42,"column":40},"end":{"line":42,"column":null}},"loc":{"start":{"line":46,"column":32},"end":{"line":59,"column":1}}}},"branchMap":{"0":{"loc":{"start":{"line":22,"column":34},"end":{"line":22,"column":82}},"type":"cond-expr","locations":[{"start":{"line":22,"column":66},"end":{"line":22,"column":70}},{"start":{"line":22,"column":70},"end":{"line":22,"column":82}}]},"1":{"loc":{"start":{"line":22,"column":34},"end":{"line":22,"column":70}},"type":"binary-expr","locations":[{"start":{"line":22,"column":34},"end":{"line":22,"column":70}},{"start":{"line":22,"column":66},"end":{"line":22,"column":70}}]},"2":{"loc":{"start":{"line":24,"column":21},"end":{"line":24,"column":107}},"type":"binary-expr","locations":[{"start":{"line":24,"column":21},"end":{"line":24,"column":101}},{"start":{"line":24,"column":105},"end":{"line":24,"column":107}}]},"3":{"loc":{"start":{"line":24,"column":21},"end":{"line":24,"column":101}},"type":"cond-expr","locations":[{"start":{"line":24,"column":90},"end":{"line":24,"column":92}},{"start":{"line":24,"column":90},"end":{"line":24,"column":101}}]},"4":{"loc":{"start":{"line":24,"column":21},"end":{"line":24,"column":92}},"type":"binary-expr","locations":[{"start":{"line":24,"column":21},"end":{"line":24,"column":92}},{"start":{"line":24,"column":90},"end":{"line":24,"column":92}}]},"5":{"loc":{"start":{"line":24,"column":22},"end":{"line":24,"column":90}},"type":"cond-expr","locations":[{"start":{"line":24,"column":42},"end":{"line":24,"column":44}},{"start":{"line":24,"column":42},"end":{"line":24,"column":90}}]},"6":{"loc":{"start":{"line":24,"column":22},"end":{"line":24,"column":44}},"type":"binary-expr","locations":[{"start":{"line":24,"column":22},"end":{"line":24,"column":44}},{"start":{"line":24,"column":42},"end":{"line":24,"column":44}}]},"7":{"loc":{"start":{"line":24,"column":22},"end":{"line":24,"column":42}},"type":"cond-expr","locations":[{"start":{"line":24,"column":30},"end":{"line":24,"column":32}},{"start":{"line":24,"column":22},"end":{"line":24,"column":42}}]},"8":{"loc":{"start":{"line":24,"column":22},"end":{"line":24,"column":32}},"type":"binary-expr","locations":[{"start":{"line":24,"column":22},"end":{"line":24,"column":32}},{"start":{"line":24,"column":22},"end":{"line":24,"column":32}}]}},"s":{"0":1,"1":1,"2":0,"3":0,"4":0,"5":0,"6":0,"7":0,"8":1,"9":1,"10":0,"11":0,"12":0,"1
[...]
:{"line":23,"column":34}},{"start":{"line":23,"column":20},"end":{"line":23,"column":34}}]},"14":{"loc":{"start":{"line":27,"column":20},"end":{"line":27,"column":66}},"type":"cond-expr","locations":[{"start":{"line":27,"column":28},"end":{"line":27,"column":50}},{"start":{"line":27,"column":53},"end":{"line":27,"column":66}}]},"15":{"loc":{"start":{"line":41,"column":52},"end":{"line":41,"column":78}},"type":"default-arg","locations":[{"start":{"line":41,"column":73},"end":{"line":41,"column":78}}]},"16":{"loc":{"start":{"line":43,"column":2},"end":{"line":45,"column":null}},"type":"if","locations":[{"start":{"line":43,"column":2},"end":{"line":45,"column":null}}]},"17":{"loc":{"start":{"line":43,"column":21},"end":{"line":43,"column":69}},"type":"cond-expr","locations":[{"start":{"line":43,"column":58},"end":{"line":43,"column":60}},{"start":{"line":43,"column":58},"end":{"line":43,"column":69}}]},"18":{"loc":{"start":{"line":43,"column":21},"end":{"line":43,"column":60}},"type":"binary-expr","locations":[{"start":{"line":43,"column":21},"end":{"line":43,"column":60}},{"start":{"line":43,"column":58},"end":{"line":43,"column":60}}]},"19":{"loc":{"start":{"line":43,"column":21},"end":{"line":43,"column":58}},"type":"cond-expr","locations":[{"start":{"line":43,"column":42},"end":{"line":43,"column":45}},{"start":{"line":43,"column":42},"end":{"line":43,"column":58}}]},"20":{"loc":{"start":{"line":43,"column":21},"end":{"line":43,"column":45}},"type":"binary-expr","locations":[{"start":{"line":43,"column":21},"end":{"line":43,"column":45}},{"start":{"line":43,"column":42},"end":{"line":43,"column":45}}]},"21":{"loc":{"start":{"line":43,"column":21},"end":{"line":43,"column":42}},"type":"cond-expr","locations":[{"start":{"line":43,"column":32},"end":{"line":43,"column":34}},{"start":{"line":43,"column":21},"end":{"line":43,"column":42}}]},"22":{"loc":{"start":{"line":43,"column":21},"end":{"line":43,"column":34}},"type":"binary-expr","locations":[{"start":{"line":43,"column":21},"end":{"line":43,"column":34}},{"start":{"line":43,"column":21},"end":{"line":43,"column":34}}]},"23":{"loc":{"start":{"line":46,"column":23},"end":{"line":46,"column":null}},"type":"cond-expr","locations":[{"start":{"line":46,"column":60},"end":{"line":46,"column":62}},{"start":{"line":46,"column":60},"end":{"line":46,"column":null}}]},"24":{"loc":{"start":{"line":46,"column":23},"end":{"line":46,"column":62}},"type":"binary-expr","locations":[{"start":{"line":46,"column":23},"end":{"line":46,"column":62}},{"start":{"line":46,"column":60},"end":{"line":46,"column":62}}]},"25":{"loc":{"start":{"line":46,"column":23},"end":{"line":46,"column":60}},"type":"cond-expr","locations":[{"start":{"line":46,"column":44},"end":{"line":46,"column":47}},{"start":{"line":46,"column":44},"end":{"line":46,"column":60}}]},"26":{"loc":{"start":{"line":46,"column":23},"end":{"line":46,"column":47}},"type":"binary-expr","locations":[{"start":{"line":46,"column":23},"end":{"line":46,"column":47}},{"start":{"line":46,"column":44},"end":{"line":46,"column":47}}]},"27":{"loc":{"start":{"line":46,"column":23},"end":{"line":46,"column":44}},"type":"cond-expr","locations":[{"start":{"line":46,"column":34},"end":{"line":46,"column":36}},{"start":{"line":46,"column":23},"end":{"line":46,"column":44}}]},"28":{"loc":{"start":{"line":46,"column":23},"end":{"line":46,"column":36}},"type":"binary-expr","locations":[{"start":{"line":46,"column":23},"end":{"line":46,"column":36}},{"start":{"line":46,"column":23},"end":{"line":46,"column":36}}]},"29":{"loc":{"start":{"line":53,"column":16},"end":{"line":53,"column":98}},"type":"cond-expr","locations":[{"start":{"line":53,"column":85},"end":{"line":53,"column":88}},{"start":{"line":53,"column":85},"end":{"line":53,"column":98}}]},"30":{"loc":{"start":{"line":53,"column":16},"end":{"line":53,"column":88}},"type":"binary-expr","locations":[{"start":{"line":53,"column":16},"end":{"line":53,"column":88}},{"start":{"line":53,"column":85},"end":{"line":53,"column":88}}]},"31":{"loc":{"start":{"line":53,"column":16},"end":{"line":53,"column":85}},"type":"cond-expr","locations":[{"start":{"line":53,"column":77},"end":{"line":53,"column":79}},{"start":{"line":53,"column":77},"end":{"line":53,"column":85}}]},"32":{"loc":{"start":{"line":53,"column":16},"end":{"line":53,"column":79}},"type":"binary-expr","locations":[{"start":{"line":53,"column":16},"end":{"line":53,"column":79}},{"start":{"line":53,"column":77},"end":{"line":53,"column":79}}]},"33":{"loc":{"start":{"line":53,"column":16},"end":{"line":53,"column":77}},"type":"cond-expr","locations":[{"start":{"line":53,"column":50},"end":{"line":53,"column":53}},{"start":{"line":53,"column":50},"end":{"line":53,"column":77}}]},"34":{"loc":{"start":{"line":53,"column":16},"end":{"line":53,"column":53}},"type":"binary-expr","locations":[{"start":{"line":53,"column":16},"end":{"line":53,"column":53}},{"start":{"line":53,"column":50},"end":{"line":53,"column":53}}]},"35":{"loc":{"start":{"line":53,"column":16},"end":{"line":53,"column":50}},"type":"cond-expr","locations":[{"start":{"line":53,"column":27},"end":{"line":53,"column":30}},{"start":{"line":53,"column":16},"end":{"line":53,"column":50}}]},"36":{"loc":{"start":{"line":53,"column":16},"end":{"line":53,"column":30}},"type":"binary-expr","locations":[{"start":{"line":53,"column":16},"end":{"line":53,"column":30}},{"start":{"line":53,"column":16},"end":{"line":53,"column":30}}]},"37":{"loc":{"start":{"line":55,"column":6},"end":{"line":66,"column":null}},"type":"if","locations":[{"start":{"line":55,"column":6},"end":{"line":66,"column":null}}]},"38":{"loc":{"start":{"line":56,"column":8},"end":{"line":65,"column":null}},"type":"switch","locations":[{"start":{"line":57,"column":10},"end":{"line":59,"column":18}},{"start":{"line":60,"column":10},"end":{"line":62,"column":18}},{"start":{"line":63,"column":10},"end":{"line":63,"column":18}}]},"39":{"loc":{"start":{"line":68,"column":6},"end":{"line":73,"column":null}},"type":"if","locations":[{"start":{"line":68,"column":6},"end":{"line":73,"column":null}}]},"40":{"loc":{"start":{"line":86,"column":2},"end":{"line":86,"column":111}},"type":"cond-expr","locations":[{"start":{"line":86,"column":105},"end":{"line":86,"column":109}},{"start":{"line":86,"column":109},"end":{"line":86,"column":111}}]},"41":{"loc":{"start":{"line":86,"column":2},"end":{"line":86,"column":109}},"type":"binary-expr","locations":[{"start":{"line":86,"column":2},"end":{"line":86,"column":109}},{"start":{"line":86,"column":105},"end":{"line":86,"column":109}}]}},"s":{"0":1,"1":1,"2":1,"3":1,"4":1,"5":0,"6":0,"7":0,"8":1,"9":1,"10":0,"11":0,"12":0,"13":0,"14":0,"15":0,"16":0,"17":0,"18":0,"19":1,"20":0,"21":0,"22":0,"23":0,"24":0,"25":0,"26":0,"27":0,"28":0,"29":0,"30":0,"31":0,"32":0,"33":0,"34":0,"35":0,"36":0,"37":0,"38":1,"39":0,"40":1,"41":0},"f":{"0":0,"1":0,"2":0,"3":0,"4":0,"5":0,"6":0,"7":0,"8":0},"b":{"0":[0],"1":[0,0],"2":[0,0],"3":[0,0],"4":[0,0],"5":[0,0],"6":[0,0],"7":[0,0],"8":[0,0],"9":[0,0],"10":[0,0],"11":[0,0],"12":[0,0],"13":[0,0],"14":[0,0],"15":[0],"16":[0],"17":[0,0],"18":[0,0],"19":[0,0],"20":[0,0],"21":[0,0],"22":[0,0],"23":[0,0],"24":[0,0],"25":[0,0],"26":[0,0],"27":[0,0],"28":[0,0],"29":[0,0],"30":[0,0],"31":[0,0],"32":[0,0],"33":[0,0],"34":[0,0],"35":[0,0],"36":[0,0],"37":[0],"38":[0,0,0],"39":[0],"40":[0,0],"41":[0,0]}}
,"/Users/eddvar/Documents/amplify-cli/packages/amplify-util-mock/src/utils/lambda/populate-lambda-mock-env-vars.ts": {"path":"/Users/eddvar/Documents/amplify-cli/packages/amplify-util-mock/src/utils/lambda/populate-lambda-mock-env-vars.ts","statementMap":{"0":{"start":{"line":1,"column":0},"end":{"line":1,"column":73}},"1":{"start":{"line":2,"column":0},"end":{"line":2,"column":29}},"2":{"start":{"line":3,"column":0},"end":{"line":3,"column":33}},"3":{"start":{"line":4,"column":0},"end":{"line":4,"column":104}},"4":{"start":{"line":12,"column":41},"end":{"line":21,"column":1}},"5":{"start":{"line":14,"column":2},"end":{"line":20,"column":74}},"6":{"start":{"line":17,"column":8},"end":{"line":17,"column":46}},"7":{"start":{"line":20,"column":25},"end":{"line":20,"column":42}},"8":{"start":{"line":12,"column":13},"end":{"line":12,"column":41}},"9":{"start":{"line":24,"column":26},"end":{"line":38,"column":1}},"10":{"start":{"line":25,"column":14},"end":{"line":25,"column":52}},"11":{"start":{"line":27,"column":2},"end":{"line":31,"column":null}},"12":{"start":{"line":28,"column":4},"end":{"line":28,"column":34}},"13":{"start":{"line":32,"column":24},"end":{"line":32,"column":74}},"14":{"start":{"line":33,"column":2},"end":{"line":37,"column":4}},"15":{"start":{"line":40,"column":26},"end":{"line":50,"column":2}},"16":{"start":{"line":40,"column":57},"end":{"line":50,"column":2}},"17":{"start":{"line":52,"column":27},"end":{"line":64,"column":1}},"18":{"start":{"line":53,"column":17},"end":{"line":53,"column":92}},"19":{"start":{"line":55,"column":21},"end":{"line":55,"column":97}},"20":{"start":{"line":57,"column":2},"end":{"line":63,"column":4}},"21":{"start":{"line":66,"column":24},"end":{"line":77,"column":1}},"22":{"start":{"line":67,"column":2},"end":{"line":75,"column":null}},"23":{"start":{"line":68,"column":19},"end":{"line":68,"column":128}},"24":{"start":{"line":69,"column":4},"end":{"line":71,"column":null}},"25":{"start":{"line":70,"column":6},"end":{"line":70,"column":25}},"26":{"start":{"line":72,"column":4},"end":{"line":72,"column":25}},"27":{"start":{"line":76,"column":2},"end":{"line":76,"column":19}}},"fnMap":{"0":{"name":"(anonymous_6)","decl":{"start":{"line":12,"column":41},"end":{"line":12,"column":46}},"loc":{"start":{"line":12,"column":128},"end":{"line":21,"column":1}}},"1":{"name":"(anonymous_7)","decl":{"start":{"line":16,"column":86},"end":{"line":16,"column":87}},"loc":{"start":{"line":17,"column":8},"end":{"line":17,"column":46}}},"2":{"name":"(anonymous_8)","decl":{"start":{"line":20,"column":11},"end":{"line":20,"column":12}},"loc":{"start":{"line":20,"column":25},"end":{"line":20,"column":42}}},"3":{"name":"(anonymous_9)","decl":{"start":{"line":24,"column":26},"end":{"line":24,"column":31}},"loc":{"start":{"line":24,"column":93},"end":{"line":38,"column":1}}},"4":{"name":"(anonymous_10)","decl":{"start":{"line":40,"column":26},"end":{"line":40,"column":53}},"loc":{"start":{"line":40,"column":57},"end":{"line":50,"column":2}}},"5":{"name":"(anonymous_11)","decl":{"start":{"line":52,"column":27},"end":{"line":52,"column":28}},"loc":{"start":{"line":52,"column":96},"end":{"line":64,"column":1}}},"6":{"name":"(anonymous_12)","decl":{"start":{"line":66,"column":24},"end":{"line":66,"column":25}},"loc":{"start":{"line":66,"column":93},"end":{"line":77,"column":1}}}},"branchMap":{"0":{"loc":{"start":{"line":53,"column":17},"end":{"line":53,"column":92}},"type":"binary-expr","locations":[{"start":{"line":53,"column":17},"end":{"line":53,"column":77}},{"start":{"line":53,"column":81},"end":{"line":53,"column":92}}]},"1":{"loc":{"start":{"line":53,"column":17},"end":{"line":53,"column":77}},"type":"cond-expr","locations":[{"start":{"line":53,"column":69},"end":{"line":53,"column":71}},{"start":{"line":53,"column":69},"end":{"line":53,"column":77}}]},"2":{"loc":{"start":{"line":53,"column":17},"end":{"line":53,"column":71}},"type":"binary-expr","locations":[{"start":{"line":53,"column":17},"end":{"line":53,"column":71}},{"start":{"line":53,"column":69},"end":{"line":53,"column":71}}]},"3":{"loc":{"start":{"line":53,"column":17},"end":{"line":53,"column":69}},"type":"cond-expr","locations":[{"start":{"line":53,"column":50},"end":{"line":53,"column":52}},{"start":{"line":53,"column":50},"end":{"line":53,"column":69}}]},"4":{"loc":{"start":{"line":53,"column":17},"end":{"line":53,"column":52}},"type":"binary-expr","locations":[{"start":{"line":53,"column":17},"end":{"line":53,"column":52}},{"start":{"line":53,"column":50},"end":{"line":53,"column":52}}]},"5":{"loc":{"start":{"line":53,"column":17},"end":{"line":53,"column":50}},"type":"cond-expr","locations":[{"start":{"line":53,"column":39},"end":{"line":53,"column":41}},{"start":{"line":53,"column":39},"end":{"line":53,"column":50}}]},"6":{"loc":{"start":{"line":53,"column":17},"end":{"line":53,"column":41}},"type":"binary-expr","locations":[{"start":{"line":53,"column":17},"end":{"line":53,"column":41}},{"start":{"line":53,"column":39},"end":{"line":53,"column":41}}]},"7":{"loc":{"start":{"line":69,"column":4},"end":{"line":71,"column":null}},"type":"if","locations":[{"start":{"line":69,"column":4},"end":{"line":71,"column":null}}]}},"s":{"0":1,"1":1,"2":1,"3":1,"4":1,"5":0,"6":0,"7":0,"8":1,"9":1,"10":0,"11":0,"12":0,"13":0,"14":0,"15":1,"16":0,"17":1,"18":0,"19":0,"20":0,"21":1,"22":0,"23":0,"24":0,"25":0,"26":0,"27":0},"f":{"0":0,"1":0,"2":0,"3":0,"4":0,"5":0,"6":0},"b":{"0":[0,0],"1":[0,0],"2":[0,0],"3":[0,0],"4":[0,0],"5":[0,0],"6":[0,0],"7":[0]}}
,"/Users/eddvar/Documents/amplify-cli/packages/amplify-util-mock/src/velocity/index.ts": {"path":"/Users/eddvar/Documents/amplify-cli/packages/amplify-util-mock/src/velocity/index.ts","statementMap":{"0":{"start":{"line":1,"column":0},"end":{"line":1,"column":26}},"1":{"start":{"line":4,"column":0},"end":{"line":4,"column":null}},"2":{"start":{"line":14,"column":23},"end":{"line":17,"column":5}},"3":{"start":{"line":38,"column":4},"end":{"line":38,"column":54}},"4":{"start":{"line":39,"column":4},"end":{"line":49,"column":7}},"5":{"start":{"line":52,"column":51},"end":{"line":52,"column":122}},"6":{"start":{"line":53,"column":25},"end":{"line":53,"column":102}},"7":{"start":{"line":54,"column":24},"end":{"line":54,"column":86}},"8":{"start":{"line":55,"column":4},"end":{"line":55,"column":81}},"9":{"start":{"line":34,"column":0},"end":{"line":34,"column":13}},"10":{"start":{"line":59,"column":27},"end":{"line":81,"column":1}},"11":{"start":{"line":66,"column":26},"end":{"line":79,"column":4}},"12":{"start":{"line":80,"column":2},"end":{"line":80,"column":15}},"13":{"start":{"line":59,"column":13},"end":{"line":59,"column":27}},"14":{"start":{"line":83,"column":31},"end":{"line":98,"column":1}},"15":{"start":{"line":84,"column":2},"end":{"line":97,"column":4}},"16":{"start":{"line":83,"column":13},"end":{"line":83,"column":31}},"17":{"start":{"line":100,"column":27},"end":{"line":114,"column":1}},"18":{"start":{"line":101,"column":20},"end":{"line":101,"column":28}},"19":{"start":{"line":102,"column":2},"end":{"line":104,"column":null}},"20":{"start":{"line":103,"column":4},"end":{"line":103,"column":103}},"21":{"start":{"line":105,"column":2},"end":{"line":113,"column":4}},"22":{"start":{"line":100,"column":13},"end":{"line":100,"column":27}}},"fnMap":{"0":{"name":"(anonymous_0)","decl":{"start":{"line":37,"column":2},"end":{"line":37,"column":14}},"loc":{"start":{"line":37,"column":52},"end":{"line":50,"column":3}}},"1":{"name":"(anonymous_1)","decl":{"start":{"line":51,"column":2},"end":{"line":51,"column":8}},"loc":{"start":{"line":51,"column":53},"end":{"line":56,"column":3}}},"2":{"name":"(anonymous_2)","decl":{"start":{"line":59,"column":27},"end":{"line":59,"column":null}},"loc":{"start":{"line":65,"column":14},"end":{"line":81,"column":1}}},"3":{"name":"(anonymous_3)","decl":{"start":{"line":83,"column":31},"end":{"line":83,"column":32}},"loc":{"start":{"line":83,"column":135},"end":{"line":98,"column":1}}},"4":{"name":"(anonymous_4)","decl":{"start":{"line":100,"column":27},"end":{"line":100,"column":28}},"loc":{"start":{"line":100,"column":100},"end":{"line":114,"column":1}}}},"branchMap":{"0":{"loc":{"start":{"line":53,"column":81},"end":{"line":53,"column":99}},"type":"cond-expr","locations":[{"start":{"line":53,"column":93},"end":{"line":53,"column":97}},{"start":{"line":53,"column":97},"end":{"line":53,"column":99}}]},"1":{"loc":{"start":{"line":53,"column":81},"end":{"line":53,"column":97}},"type":"binary-expr","locations":[{"start":{"line":53,"column":81},"end":{"line":53,"column":97}},{"start":{"line":53,"column":93},"end":{"line":53,"column":97}}]},"2":{"loc":{"start":{"line":63,"column":2},"end":{"line":63,"column":23}},"type":"default-arg","locations":[{"start":{"line":63,"column":21},"end":{"line":63,"column":23}}]},"3":{"loc":{"start":{"line":64,"column":2},"end":{"line":64,"column":35}},"type":"default-arg","locations":[{"start":{"line":64,"column":31},"end":{"line":64,"column":35}}]},"4":{"loc":{"start":{"line":83,"column":65},"end":{"line":83,"column":86}},"type":"default-arg","locations":[{"start":{"line":83,"column":84},"end":{"line":83,"column":86}}]},"5":{"loc":{"start":{"line":83,"column":88},"end":{"line":83,"column":121}},"type":"default-arg","locations":[{"start":{"line":83,"column":117},"end":{"line":83,"column":121}}]},"6":{"loc":{"start":{"line":102,"column":2},"end":{"line":104,"column":null}},"type":"if","locations":[{"start":{"line":102,"column":2},"end":{"line":104,"column":null}}]},"7":{"loc":{"start":{"line":102,"column":6},"end":{"line":102,"column":43}},"type":"cond-expr","locations":[{"start":{"line":102,"column":18},"end":{"line":102,"column":20}},{"start":{"line":102,"column":6},"end":{"line":102,"column":43}}]},"8":{"loc":{"start":{"line":102,"column":6},"end":{"line":102,"column":20}},"type":"binary-expr","locations":[{"start":{"line":102,"column":6},"end":{"line":102,"column":20}},{"start":{"line":102,"column":6},"end":{"line":102,"column":20}}]},"9":{"loc":{"start":{"line":103,"column":18},"end":{"line":103,"column":102}},"type":"cond-expr","locations":[{"start":{"line":103,"column":77},"end":{"line":103,"column":87}},{"start":{"line":103,"column":90},"end":{"line":103,"column":102}}]},"10":{"loc":{"start":{"line":109,"column":27},"end":{"line":109,"column":62}},"type":"cond-expr","locations":[{"start":{"line":109,"column":39},"end":{"line":109,"column":41}},{"start":{"line":109,"column":27},"end":{"line":109,"column":62}}]},"11":{"loc":{"start":{"line":109,"column":27},"end":{"line":109,"column":41}},"type":"binary-expr","locations":[{"start":{"line":109,"column":27},"end":{"line":109,"column":41}},{"start":{"line":109,"column":27},"end":{"line":109,"column":41}}]},"12":{"loc":{"start":{"line":110,"column":33},"end":{"line":110,"column":74}},"type":"cond-expr","locations":[{"start":{"line":110,"column":45},"end":{"line":110,"column":47}},{"start":{"line":110,"column":33},"end":{"line":110,"column":74}}]},"13":{"loc":{"start":{"line":110,"column":33},"end":{"line":110,"column":47}},"type":"binary-expr","locations":[{"start":{"line":110,"column":33},"end":{"line":110,"column":47}},{"start":{"line":110,"column":33},"end":{"line":110,"column":47}}]},"14":{"loc":{"start":{"line":111,"column":23},"end":{"line":111,"column":54}},"type":"cond-expr","locations":[{"start":{"line":111,"column":35},"end":{"line":111,"column":37}},{"start":{"line":111,"column":23},"end":{"line":111,"column":54}}]},"15":{"loc":{"start":{"line":111,"column":23},"end":{"line":111,"column":37}},"type":"binary-expr","locations":[{"start":{"line":111,"column":23},"end":{"line":111,"column":37}},{"start":{"line":111,"column":23},"end":{"line":111,"column":37}}]},"16":{"loc":{"start":{"line":112,"column":29},"end":{"line":112,"column":66}},"type":"cond-expr","locations":[{"start":{"line":112,"column":41},"end":{"line":112,"column":43}},{"start":{"line":112,"column":29},"end":{"line":112,"column":66}}]},"17":{"loc":{"start":{"line":112,"column":29},"end":{"line":112,"column":43}},"type":"binary-expr","locations":[{"start":{"line":112,"column":29},"end":{"line":112,"column":43}},{"start":{"line":112,"column":29},"end":{"line":112,"column":43}}]}},"s":{"0":5,"1":5,"2":5,"3":39,"4":39,"5":135,"6":135,"7":135,"8":135,"9":5,"10":5,"11":18,"12":18,"13":5,"14":5,"15":4,"16":5,"17":5,"18":4,"19":4,"20":2,"21":4,"22":5},"f":{"0":39,"1":135,"2":18,"3":4,"4":4},"b":{"0":[0,135],"1":[135,135],"2":[10],"3":[18],"4":[2],"5":[4],"6":[2],"7":[2,2],"8":[4,4],"9":[2,0],"10":[2,2],"11":[4,4],"12":[2,2],"13":[4,4],"14":[2,2],"15":[4,4],"16":[2,2],"17":[4,4]}}
}
