TN:
SF:src/index.ts
FN:7,(anonymous_1)
FN:9,(anonymous_2)
FN:42,(anonymous_3)
FN:43,(anonymous_4)
FN:45,(anonymous_5)
FNF:5
FNH:0
FNDA:0,(anonymous_1)
FNDA:0,(anonymous_2)
FNDA:0,(anonymous_3)
FNDA:0,(anonymous_4)
FNDA:0,(anonymous_5)
DA:2,0
DA:3,0
DA:4,0
DA:5,0
DA:7,0
DA:8,0
DA:10,0
DA:11,0
DA:12,0
DA:14,0
DA:42,0
DA:43,0
DA:46,0
LF:13
LH:0
BRDA:11,0,0,0
BRF:1
BRH:0
end_of_record
TN:
SF:src/utils/execute.ts
FN:7,(anonymous_7)
FN:11,(anonymous_8)
FN:14,(anonymous_9)
FN:17,(anonymous_10)
FN:24,(anonymous_11)
FN:29,(anonymous_12)
FN:58,(anonymous_13)
FN:59,(anonymous_14)
FN:79,(anonymous_15)
FN:82,(anonymous_16)
FNF:10
FNH:0
FNDA:0,(anonymous_7)
FNDA:0,(anonymous_8)
FNDA:0,(anonymous_9)
FNDA:0,(anonymous_10)
FNDA:0,(anonymous_11)
FNDA:0,(anonymous_12)
FNDA:0,(anonymous_13)
FNDA:0,(anonymous_14)
FNDA:0,(anonymous_15)
FNDA:0,(anonymous_16)
DA:1,0
DA:3,0
DA:4,0
DA:5,0
DA:7,0
DA:8,0
DA:9,0
DA:10,0
DA:12,0
DA:15,0
DA:16,0
DA:17,0
DA:18,0
DA:19,0
DA:22,0
DA:25,0
DA:29,0
DA:30,0
DA:31,0
DA:32,0
DA:33,0
DA:35,0
DA:37,0
DA:39,0
DA:40,0
DA:43,0
DA:44,0
DA:46,0
DA:58,0
DA:59,0
DA:60,0
DA:61,0
DA:63,0
DA:66,0
DA:67,0
DA:68,0
DA:69,0
DA:72,0
DA:79,0
DA:80,0
DA:81,0
DA:82,0
DA:83,0
DA:84,0
DA:85,0
DA:86,0
DA:90,0
DA:92,0
LF:48
LH:0
BRDA:16,0,0,0
BRDA:30,1,0,0
BRDA:30,1,1,0
BRDA:32,2,0,0
BRDA:39,3,0,0
BRDA:60,4,0,0
BRDA:60,4,1,0
BRDA:68,5,0,0
BRDA:68,6,0,0
BRDA:68,6,1,0
BRDA:84,7,0,0
BRDA:84,7,1,0
BRDA:84,8,0,0
BRDA:84,8,1,0
BRDA:85,9,0,0
BRF:15
BRH:0
end_of_record
TN:
SF:src/utils/executorPath.ts
FNF:0
FNH:0
DA:1,0
DA:4,0
LF:2
LH:0
BRF:0
BRH:0
end_of_record
TN:
SF:src/utils/invoke.ts
FN:5,(anonymous_6)
FN:16,(anonymous_7)
FN:17,(anonymous_8)
FN:27,(anonymous_9)
FNF:4
FNH:4
FNDA:15,(anonymous_6)
FNDA:15,(anonymous_7)
FNDA:29,(anonymous_8)
FNDA:16,(anonymous_9)
DA:1,1
DA:3,1
DA:5,1
DA:6,15
DA:11,15
DA:12,15
DA:13,15
DA:14,15
DA:16,15
DA:17,15
DA:18,29
DA:19,29
DA:20,17
DA:21,12
DA:22,2
DA:24,10
DA:27,15
DA:28,16
DA:30,15
DA:31,15
DA:32,15
LF:21
LH:21
BRDA:19,0,0,17
BRDA:19,0,1,12
BRDA:21,1,0,2
BRDA:21,1,1,10
BRF:4
BRH:4
end_of_record
TN:
SF:src/utils/legacyBuild.ts
FN:11,(anonymous_7)
FN:24,(anonymous_8)
FN:31,(anonymous_9)
FN:38,(anonymous_10)
FN:42,(anonymous_11)
FN:88,(anonymous_12)
FN:102,(anonymous_13)
FN:112,(anonymous_14)
FN:113,(anonymous_15)
FN:114,(anonymous_16)
FNF:10
FNH:7
FNDA:2,(anonymous_7)
FNDA:0,(anonymous_8)
FNDA:0,(anonymous_9)
FNDA:1,(anonymous_10)
FNDA:1,(anonymous_11)
FNDA:0,(anonymous_12)
FNDA:2,(anonymous_13)
FNDA:6,(anonymous_14)
FNDA:5,(anonymous_15)
FNDA:4,(anonymous_16)
DA:1,1
DA:2,1
DA:3,1
DA:4,1
DA:5,1
DA:6,1
DA:11,1
DA:12,2
DA:14,2
DA:15,1
DA:16,1
DA:17,0
DA:19,1
DA:21,1
DA:24,1
DA:25,0
DA:26,0
DA:27,0
DA:31,1
DA:32,0
DA:33,0
DA:35,0
DA:38,1
DA:39,1
DA:42,1
DA:43,1
DA:45,1
DA:48,1
DA:51,0
DA:52,0
DA:53,0
DA:54,0
DA:60,0
DA:61,0
DA:68,0
DA:69,0
DA:77,0
DA:88,1
DA:89,0
DA:90,0
DA:93,0
DA:95,0
DA:96,0
DA:99,0
DA:102,1
DA:103,2
DA:107,2
DA:108,1
DA:110,1
DA:112,6
DA:113,5
DA:114,4
DA:115,1
LF:53
LH:31
BRDA:12,0,0,0
BRDA:12,0,1,2
BRDA:14,1,0,1
BRDA:14,2,0,2
BRDA:14,2,1,2
BRDA:16,3,0,0
BRDA:26,4,0,0
BRDA:35,5,0,0
BRDA:35,5,1,0
BRDA:35,6,0,0
BRDA:35,6,1,0
BRDA:35,7,0,0
BRDA:35,7,1,0
BRDA:35,8,0,0
BRDA:35,8,1,0
BRDA:45,9,0,1
BRDA:60,10,0,0
BRDA:60,10,1,0
BRDA:68,11,0,0
BRDA:68,11,1,0
BRDA:68,12,0,0
BRDA:68,12,1,0
BRDA:68,13,0,0
BRDA:68,13,1,0
BRDA:89,14,0,0
BRDA:90,15,0,0
BRDA:90,15,1,0
BRDA:93,16,0,0
BRDA:93,16,1,0
BRDA:95,17,0,0
BRDA:107,18,0,1
BRDA:107,19,0,2
BRDA:107,19,1,2
BRF:33
BRH:8
end_of_record
TN:
SF:src/utils/legacyPackage.ts
FN:7,packageResource
FN:18,(anonymous_8)
FN:26,(anonymous_9)
FN:34,(anonymous_10)
FNF:4
FNH:0
FNDA:0,packageResource
FNDA:0,(anonymous_8)
FNDA:0,(anonymous_9)
FNDA:0,(anonymous_10)
DA:3,0
DA:4,0
DA:5,0
DA:7,0
DA:8,0
DA:9,0
DA:10,0
DA:11,0
DA:12,0
DA:13,0
DA:14,0
DA:15,0
DA:17,0
DA:18,0
DA:19,0
DA:20,0
DA:21,0
DA:25,0
DA:26,0
DA:27,0
DA:28,0
DA:34,0
DA:35,0
DA:36,0
DA:42,0
DA:46,0
DA:48,0
LF:27
LH:0
BRDA:8,0,0,0
BRDA:8,1,0,0
BRDA:8,1,1,0
BRDA:8,1,2,0
BRDA:9,2,0,0
BRDA:9,2,1,0
BRDA:10,3,0,0
BRDA:10,3,1,0
BRDA:12,4,0,0
BRDA:12,4,1,0
BRDA:20,5,0,0
BRDA:25,6,0,0
BRDA:27,7,0,0
BRDA:27,7,1,0
BRDA:35,8,0,0
BRF:15
BRH:0
end_of_record
